
===========================================================================
report_checks -unconstrained
============================================================================
Startpoint: _9195_ (rising edge-triggered flip-flop clocked by clk)
Endpoint: _9111_ (rising edge-triggered flip-flop clocked by clk)
Path Group: clk
Path Type: max

Fanout     Cap    Slew   Delay    Time   Description
-----------------------------------------------------------------------------
                          0.00    0.00   clock clk (rise edge)
                          0.00    0.00   clock source latency
                  0.21    0.15    0.15 ^ clk (in)
     1    0.05                           clk (net)
                  0.21    0.00    0.15 ^ clkbuf_0_clk/A (sky130_fd_sc_hd__clkbuf_16)
                  0.04    0.19    0.34 ^ clkbuf_0_clk/X (sky130_fd_sc_hd__clkbuf_16)
     2    0.02                           clknet_0_clk (net)
                  0.04    0.00    0.34 ^ clkbuf_1_1_0_clk/A (sky130_fd_sc_hd__clkbuf_2)
                  0.14    0.18    0.52 ^ clkbuf_1_1_0_clk/X (sky130_fd_sc_hd__clkbuf_2)
     2    0.03                           clknet_1_1_0_clk (net)
                  0.14    0.00    0.52 ^ clkbuf_2_2_0_clk/A (sky130_fd_sc_hd__clkbuf_2)
                  0.11    0.20    0.72 ^ clkbuf_2_2_0_clk/X (sky130_fd_sc_hd__clkbuf_2)
     2    0.02                           clknet_2_2_0_clk (net)
                  0.11    0.00    0.72 ^ clkbuf_3_5_0_clk/A (sky130_fd_sc_hd__clkbuf_2)
                  0.07    0.16    0.88 ^ clkbuf_3_5_0_clk/X (sky130_fd_sc_hd__clkbuf_2)
     2    0.01                           clknet_3_5_0_clk (net)
                  0.07    0.00    0.88 ^ clkbuf_4_10_0_clk/A (sky130_fd_sc_hd__clkbuf_2)
                  0.28    0.30    1.18 ^ clkbuf_4_10_0_clk/X (sky130_fd_sc_hd__clkbuf_2)
    13    0.05                           clknet_4_10_0_clk (net)
                  0.28    0.00    1.18 ^ _9195_/CLK (sky130_fd_sc_hd__dfxtp_2)
                  0.06    0.44    1.61 v _9195_/Q (sky130_fd_sc_hd__dfxtp_2)
     2    0.02                           P1[34] (net)
                  0.06    0.00    1.62 v _5806_/A (sky130_fd_sc_hd__clkbuf_2)
                  0.08    0.16    1.78 v _5806_/X (sky130_fd_sc_hd__clkbuf_2)
     5    0.02                           _0522_ (net)
                  0.08    0.00    1.78 v _5807_/A (sky130_fd_sc_hd__clkbuf_4)
                  0.08    0.21    1.99 v _5807_/X (sky130_fd_sc_hd__clkbuf_4)
     5    0.03                           _0523_ (net)
                  0.08    0.00    1.99 v _5810_/A1 (sky130_fd_sc_hd__a22o_1)
                  0.06    0.25    2.23 v _5810_/X (sky130_fd_sc_hd__a22o_1)
     2    0.01                           _0526_ (net)
                  0.06    0.00    2.23 v _5857_/A3 (sky130_fd_sc_hd__a32o_1)
                  0.07    0.30    2.54 v _5857_/X (sky130_fd_sc_hd__a32o_1)
     2    0.01                           _0573_ (net)
                  0.07    0.00    2.54 v _5858_/C (sky130_fd_sc_hd__and3_1)
                  0.06    0.23    2.76 v _5858_/X (sky130_fd_sc_hd__and3_1)
     2    0.01                           _0574_ (net)
                  0.06    0.00    2.76 v _5860_/A_N (sky130_fd_sc_hd__and2b_1)
                  0.10    0.25    3.01 ^ _5860_/X (sky130_fd_sc_hd__and2b_1)
     1    0.01                           _0576_ (net)
                  0.10    0.00    3.01 ^ _5861_/B (sky130_fd_sc_hd__xor2_2)
                  0.09    0.11    3.12 v _5861_/X (sky130_fd_sc_hd__xor2_2)
     2    0.01                           _0577_ (net)
                  0.09    0.00    3.12 v _5863_/A (sky130_fd_sc_hd__or3_1)
                  0.10    0.44    3.57 v _5863_/X (sky130_fd_sc_hd__or3_1)
     2    0.01                           _0579_ (net)
                  0.10    0.00    3.57 v _5898_/B (sky130_fd_sc_hd__and3b_1)
                  0.08    0.24    3.80 v _5898_/X (sky130_fd_sc_hd__and3b_1)
     2    0.01                           _0614_ (net)
                  0.08    0.00    3.80 v _5931_/A2 (sky130_fd_sc_hd__o211ai_4)
                  0.23    0.25    4.05 ^ _5931_/Y (sky130_fd_sc_hd__o211ai_4)
     5    0.02                           _0647_ (net)
                  0.23    0.00    4.05 ^ _5934_/C_N (sky130_fd_sc_hd__or4bb_4)
                  0.10    0.62    4.67 v _5934_/X (sky130_fd_sc_hd__or4bb_4)
     5    0.01                           _0650_ (net)
                  0.10    0.00    4.67 v _6047_/A (sky130_fd_sc_hd__or4_1)
                  0.10    0.59    5.26 v _6047_/X (sky130_fd_sc_hd__or4_1)
     2    0.01                           _0761_ (net)
                  0.10    0.00    5.26 v _6048_/A (sky130_fd_sc_hd__dlymetal6s2s_1)
                  0.10    0.23    5.50 v _6048_/X (sky130_fd_sc_hd__dlymetal6s2s_1)
     5    0.02                           _0762_ (net)
                  0.10    0.00    5.50 v _6049_/D (sky130_fd_sc_hd__and4bb_1)
                  0.06    0.26    5.75 v _6049_/X (sky130_fd_sc_hd__and4bb_1)
     2    0.01                           _0763_ (net)
                  0.06    0.00    5.75 v _6129_/D1 (sky130_fd_sc_hd__a2111o_1)
                  0.09    0.34    6.09 v _6129_/X (sky130_fd_sc_hd__a2111o_1)
     2    0.01                           _0841_ (net)
                  0.09    0.00    6.09 v _6217_/A1 (sky130_fd_sc_hd__a21o_1)
                  0.08    0.23    6.31 v _6217_/X (sky130_fd_sc_hd__a21o_1)
     4    0.01                           _0929_ (net)
                  0.08    0.00    6.31 v _6384_/A2 (sky130_fd_sc_hd__a311oi_2)
                  0.29    0.34    6.65 ^ _6384_/Y (sky130_fd_sc_hd__a311oi_2)
     2    0.01                           _1108_ (net)
                  0.29    0.00    6.65 ^ _6477_/A1 (sky130_fd_sc_hd__o21ai_1)
                  0.13    0.20    6.85 v _6477_/Y (sky130_fd_sc_hd__o21ai_1)
     3    0.01                           _1210_ (net)
                  0.13    0.00    6.85 v _6559_/A1 (sky130_fd_sc_hd__a21oi_2)
                  0.16    0.21    7.06 ^ _6559_/Y (sky130_fd_sc_hd__a21oi_2)
     3    0.01                           _1299_ (net)
                  0.16    0.00    7.06 ^ _6650_/A1 (sky130_fd_sc_hd__o21ai_1)
                  0.14    0.16    7.23 v _6650_/Y (sky130_fd_sc_hd__o21ai_1)
     3    0.01                           _1398_ (net)
                  0.14    0.00    7.23 v _7067_/A2 (sky130_fd_sc_hd__a211o_1)
                  0.08    0.38    7.61 v _7067_/X (sky130_fd_sc_hd__a211o_1)
     2    0.01                           _1852_ (net)
                  0.08    0.00    7.61 v _7554_/A1 (sky130_fd_sc_hd__a311o_2)
                  0.09    0.40    8.01 v _7554_/X (sky130_fd_sc_hd__a311o_2)
     2    0.02                           _2384_ (net)
                  0.09    0.00    8.01 v _7676_/A2 (sky130_fd_sc_hd__a21oi_4)
                  0.26    0.30    8.31 ^ _7676_/Y (sky130_fd_sc_hd__a21oi_4)
     4    0.03                           _2518_ (net)
                  0.26    0.00    8.31 ^ _8023_/A2 (sky130_fd_sc_hd__o311ai_4)
                  0.13    0.18    8.49 v _8023_/Y (sky130_fd_sc_hd__o311ai_4)
     3    0.02                           _2895_ (net)
                  0.13    0.00    8.49 v _8127_/A2 (sky130_fd_sc_hd__a311oi_4)
                  0.37    0.43    8.92 ^ _8127_/Y (sky130_fd_sc_hd__a311oi_4)
     4    0.02                           _3009_ (net)
                  0.37    0.00    8.92 ^ _8428_/A2 (sky130_fd_sc_hd__o311ai_4)
                  0.11    0.16    9.08 v _8428_/Y (sky130_fd_sc_hd__o311ai_4)
     3    0.01                           _3336_ (net)
                  0.11    0.00    9.08 v _8650_/A1 (sky130_fd_sc_hd__a2111o_1)
                  0.12    0.48    9.56 v _8650_/X (sky130_fd_sc_hd__a2111o_1)
     3    0.02                           _3577_ (net)
                  0.12    0.00    9.56 v _8774_/A1 (sky130_fd_sc_hd__a22oi_4)
                  0.25    0.30    9.86 ^ _8774_/Y (sky130_fd_sc_hd__a22oi_4)
     4    0.03                           _3712_ (net)
                  0.25    0.00    9.86 ^ _8971_/A1 (sky130_fd_sc_hd__a31oi_4)
                  0.12    0.16   10.02 v _8971_/Y (sky130_fd_sc_hd__a31oi_4)
     3    0.02                           _3924_ (net)
                  0.12    0.00   10.02 v _9021_/A2 (sky130_fd_sc_hd__o41a_1)
                  0.12    0.52   10.54 v _9021_/X (sky130_fd_sc_hd__o41a_1)
     3    0.01                           _3976_ (net)
                  0.12    0.00   10.54 v _9048_/A2 (sky130_fd_sc_hd__o31ai_2)
                  0.29    0.34   10.88 ^ _9048_/Y (sky130_fd_sc_hd__o31ai_2)
     2    0.01                           _4004_ (net)
                  0.29    0.00   10.88 ^ _9049_/B (sky130_fd_sc_hd__xor2_1)
                  0.18    0.23   11.11 ^ _9049_/X (sky130_fd_sc_hd__xor2_1)
     1    0.01                           _0074_ (net)
                  0.18    0.00   11.11 ^ _9111_/D (sky130_fd_sc_hd__dfxtp_2)
                                 11.11   data arrival time

                         10.00   10.00   clock clk (rise edge)
                          0.00   10.00   clock source latency
                  0.21    0.14   10.14 ^ clk (in)
     1    0.05                           clk (net)
                  0.21    0.00   10.14 ^ clkbuf_0_clk/A (sky130_fd_sc_hd__clkbuf_16)
                  0.04    0.17   10.31 ^ clkbuf_0_clk/X (sky130_fd_sc_hd__clkbuf_16)
     2    0.02                           clknet_0_clk (net)
                  0.04    0.00   10.31 ^ clkbuf_1_0_0_clk/A (sky130_fd_sc_hd__clkbuf_2)
                  0.16    0.18   10.49 ^ clkbuf_1_0_0_clk/X (sky130_fd_sc_hd__clkbuf_2)
     2    0.03                           clknet_1_0_0_clk (net)
                  0.16    0.00   10.49 ^ clkbuf_2_0_0_clk/A (sky130_fd_sc_hd__clkbuf_2)
                  0.08    0.16   10.65 ^ clkbuf_2_0_0_clk/X (sky130_fd_sc_hd__clkbuf_2)
     2    0.01                           clknet_2_0_0_clk (net)
                  0.08    0.00   10.65 ^ clkbuf_3_0_0_clk/A (sky130_fd_sc_hd__clkbuf_2)
                  0.06    0.12   10.77 ^ clkbuf_3_0_0_clk/X (sky130_fd_sc_hd__clkbuf_2)
     2    0.01                           clknet_3_0_0_clk (net)
                  0.06    0.00   10.77 ^ clkbuf_4_1_0_clk/A (sky130_fd_sc_hd__clkbuf_2)
                  0.27    0.25   11.02 ^ clkbuf_4_1_0_clk/X (sky130_fd_sc_hd__clkbuf_2)
    15    0.05                           clknet_4_1_0_clk (net)
                  0.27    0.00   11.02 ^ _9111_/CLK (sky130_fd_sc_hd__dfxtp_2)
                         -0.25   10.77   clock uncertainty
                          0.03   10.80   clock reconvergence pessimism
                         -0.05   10.75   library setup time
                                 10.75   data required time
-----------------------------------------------------------------------------
                                 10.75   data required time
                                -11.11   data arrival time
-----------------------------------------------------------------------------
                                 -0.36   slack (VIOLATED)



===========================================================================
report_checks --slack_max -0.01
============================================================================
Startpoint: _9195_ (rising edge-triggered flip-flop clocked by clk)
Endpoint: _9111_ (rising edge-triggered flip-flop clocked by clk)
Path Group: clk
Path Type: max

Fanout     Cap    Slew   Delay    Time   Description
-----------------------------------------------------------------------------
                          0.00    0.00   clock clk (rise edge)
                          0.00    0.00   clock source latency
                  0.21    0.15    0.15 ^ clk (in)
     1    0.05                           clk (net)
                  0.21    0.00    0.15 ^ clkbuf_0_clk/A (sky130_fd_sc_hd__clkbuf_16)
                  0.04    0.19    0.34 ^ clkbuf_0_clk/X (sky130_fd_sc_hd__clkbuf_16)
     2    0.02                           clknet_0_clk (net)
                  0.04    0.00    0.34 ^ clkbuf_1_1_0_clk/A (sky130_fd_sc_hd__clkbuf_2)
                  0.14    0.18    0.52 ^ clkbuf_1_1_0_clk/X (sky130_fd_sc_hd__clkbuf_2)
     2    0.03                           clknet_1_1_0_clk (net)
                  0.14    0.00    0.52 ^ clkbuf_2_2_0_clk/A (sky130_fd_sc_hd__clkbuf_2)
                  0.11    0.20    0.72 ^ clkbuf_2_2_0_clk/X (sky130_fd_sc_hd__clkbuf_2)
     2    0.02                           clknet_2_2_0_clk (net)
                  0.11    0.00    0.72 ^ clkbuf_3_5_0_clk/A (sky130_fd_sc_hd__clkbuf_2)
                  0.07    0.16    0.88 ^ clkbuf_3_5_0_clk/X (sky130_fd_sc_hd__clkbuf_2)
     2    0.01                           clknet_3_5_0_clk (net)
                  0.07    0.00    0.88 ^ clkbuf_4_10_0_clk/A (sky130_fd_sc_hd__clkbuf_2)
                  0.28    0.30    1.18 ^ clkbuf_4_10_0_clk/X (sky130_fd_sc_hd__clkbuf_2)
    13    0.05                           clknet_4_10_0_clk (net)
                  0.28    0.00    1.18 ^ _9195_/CLK (sky130_fd_sc_hd__dfxtp_2)
                  0.06    0.44    1.61 v _9195_/Q (sky130_fd_sc_hd__dfxtp_2)
     2    0.02                           P1[34] (net)
                  0.06    0.00    1.62 v _5806_/A (sky130_fd_sc_hd__clkbuf_2)
                  0.08    0.16    1.78 v _5806_/X (sky130_fd_sc_hd__clkbuf_2)
     5    0.02                           _0522_ (net)
                  0.08    0.00    1.78 v _5807_/A (sky130_fd_sc_hd__clkbuf_4)
                  0.08    0.21    1.99 v _5807_/X (sky130_fd_sc_hd__clkbuf_4)
     5    0.03                           _0523_ (net)
                  0.08    0.00    1.99 v _5810_/A1 (sky130_fd_sc_hd__a22o_1)
                  0.06    0.25    2.23 v _5810_/X (sky130_fd_sc_hd__a22o_1)
     2    0.01                           _0526_ (net)
                  0.06    0.00    2.23 v _5857_/A3 (sky130_fd_sc_hd__a32o_1)
                  0.07    0.30    2.54 v _5857_/X (sky130_fd_sc_hd__a32o_1)
     2    0.01                           _0573_ (net)
                  0.07    0.00    2.54 v _5858_/C (sky130_fd_sc_hd__and3_1)
                  0.06    0.23    2.76 v _5858_/X (sky130_fd_sc_hd__and3_1)
     2    0.01                           _0574_ (net)
                  0.06    0.00    2.76 v _5860_/A_N (sky130_fd_sc_hd__and2b_1)
                  0.10    0.25    3.01 ^ _5860_/X (sky130_fd_sc_hd__and2b_1)
     1    0.01                           _0576_ (net)
                  0.10    0.00    3.01 ^ _5861_/B (sky130_fd_sc_hd__xor2_2)
                  0.09    0.11    3.12 v _5861_/X (sky130_fd_sc_hd__xor2_2)
     2    0.01                           _0577_ (net)
                  0.09    0.00    3.12 v _5863_/A (sky130_fd_sc_hd__or3_1)
                  0.10    0.44    3.57 v _5863_/X (sky130_fd_sc_hd__or3_1)
     2    0.01                           _0579_ (net)
                  0.10    0.00    3.57 v _5898_/B (sky130_fd_sc_hd__and3b_1)
                  0.08    0.24    3.80 v _5898_/X (sky130_fd_sc_hd__and3b_1)
     2    0.01                           _0614_ (net)
                  0.08    0.00    3.80 v _5931_/A2 (sky130_fd_sc_hd__o211ai_4)
                  0.23    0.25    4.05 ^ _5931_/Y (sky130_fd_sc_hd__o211ai_4)
     5    0.02                           _0647_ (net)
                  0.23    0.00    4.05 ^ _5934_/C_N (sky130_fd_sc_hd__or4bb_4)
                  0.10    0.62    4.67 v _5934_/X (sky130_fd_sc_hd__or4bb_4)
     5    0.01                           _0650_ (net)
                  0.10    0.00    4.67 v _6047_/A (sky130_fd_sc_hd__or4_1)
                  0.10    0.59    5.26 v _6047_/X (sky130_fd_sc_hd__or4_1)
     2    0.01                           _0761_ (net)
                  0.10    0.00    5.26 v _6048_/A (sky130_fd_sc_hd__dlymetal6s2s_1)
                  0.10    0.23    5.50 v _6048_/X (sky130_fd_sc_hd__dlymetal6s2s_1)
     5    0.02                           _0762_ (net)
                  0.10    0.00    5.50 v _6049_/D (sky130_fd_sc_hd__and4bb_1)
                  0.06    0.26    5.75 v _6049_/X (sky130_fd_sc_hd__and4bb_1)
     2    0.01                           _0763_ (net)
                  0.06    0.00    5.75 v _6129_/D1 (sky130_fd_sc_hd__a2111o_1)
                  0.09    0.34    6.09 v _6129_/X (sky130_fd_sc_hd__a2111o_1)
     2    0.01                           _0841_ (net)
                  0.09    0.00    6.09 v _6217_/A1 (sky130_fd_sc_hd__a21o_1)
                  0.08    0.23    6.31 v _6217_/X (sky130_fd_sc_hd__a21o_1)
     4    0.01                           _0929_ (net)
                  0.08    0.00    6.31 v _6384_/A2 (sky130_fd_sc_hd__a311oi_2)
                  0.29    0.34    6.65 ^ _6384_/Y (sky130_fd_sc_hd__a311oi_2)
     2    0.01                           _1108_ (net)
                  0.29    0.00    6.65 ^ _6477_/A1 (sky130_fd_sc_hd__o21ai_1)
                  0.13    0.20    6.85 v _6477_/Y (sky130_fd_sc_hd__o21ai_1)
     3    0.01                           _1210_ (net)
                  0.13    0.00    6.85 v _6559_/A1 (sky130_fd_sc_hd__a21oi_2)
                  0.16    0.21    7.06 ^ _6559_/Y (sky130_fd_sc_hd__a21oi_2)
     3    0.01                           _1299_ (net)
                  0.16    0.00    7.06 ^ _6650_/A1 (sky130_fd_sc_hd__o21ai_1)
                  0.14    0.16    7.23 v _6650_/Y (sky130_fd_sc_hd__o21ai_1)
     3    0.01                           _1398_ (net)
                  0.14    0.00    7.23 v _7067_/A2 (sky130_fd_sc_hd__a211o_1)
                  0.08    0.38    7.61 v _7067_/X (sky130_fd_sc_hd__a211o_1)
     2    0.01                           _1852_ (net)
                  0.08    0.00    7.61 v _7554_/A1 (sky130_fd_sc_hd__a311o_2)
                  0.09    0.40    8.01 v _7554_/X (sky130_fd_sc_hd__a311o_2)
     2    0.02                           _2384_ (net)
                  0.09    0.00    8.01 v _7676_/A2 (sky130_fd_sc_hd__a21oi_4)
                  0.26    0.30    8.31 ^ _7676_/Y (sky130_fd_sc_hd__a21oi_4)
     4    0.03                           _2518_ (net)
                  0.26    0.00    8.31 ^ _8023_/A2 (sky130_fd_sc_hd__o311ai_4)
                  0.13    0.18    8.49 v _8023_/Y (sky130_fd_sc_hd__o311ai_4)
     3    0.02                           _2895_ (net)
                  0.13    0.00    8.49 v _8127_/A2 (sky130_fd_sc_hd__a311oi_4)
                  0.37    0.43    8.92 ^ _8127_/Y (sky130_fd_sc_hd__a311oi_4)
     4    0.02                           _3009_ (net)
                  0.37    0.00    8.92 ^ _8428_/A2 (sky130_fd_sc_hd__o311ai_4)
                  0.11    0.16    9.08 v _8428_/Y (sky130_fd_sc_hd__o311ai_4)
     3    0.01                           _3336_ (net)
                  0.11    0.00    9.08 v _8650_/A1 (sky130_fd_sc_hd__a2111o_1)
                  0.12    0.48    9.56 v _8650_/X (sky130_fd_sc_hd__a2111o_1)
     3    0.02                           _3577_ (net)
                  0.12    0.00    9.56 v _8774_/A1 (sky130_fd_sc_hd__a22oi_4)
                  0.25    0.30    9.86 ^ _8774_/Y (sky130_fd_sc_hd__a22oi_4)
     4    0.03                           _3712_ (net)
                  0.25    0.00    9.86 ^ _8971_/A1 (sky130_fd_sc_hd__a31oi_4)
                  0.12    0.16   10.02 v _8971_/Y (sky130_fd_sc_hd__a31oi_4)
     3    0.02                           _3924_ (net)
                  0.12    0.00   10.02 v _9021_/A2 (sky130_fd_sc_hd__o41a_1)
                  0.12    0.52   10.54 v _9021_/X (sky130_fd_sc_hd__o41a_1)
     3    0.01                           _3976_ (net)
                  0.12    0.00   10.54 v _9048_/A2 (sky130_fd_sc_hd__o31ai_2)
                  0.29    0.34   10.88 ^ _9048_/Y (sky130_fd_sc_hd__o31ai_2)
     2    0.01                           _4004_ (net)
                  0.29    0.00   10.88 ^ _9049_/B (sky130_fd_sc_hd__xor2_1)
                  0.18    0.23   11.11 ^ _9049_/X (sky130_fd_sc_hd__xor2_1)
     1    0.01                           _0074_ (net)
                  0.18    0.00   11.11 ^ _9111_/D (sky130_fd_sc_hd__dfxtp_2)
                                 11.11   data arrival time

                         10.00   10.00   clock clk (rise edge)
                          0.00   10.00   clock source latency
                  0.21    0.14   10.14 ^ clk (in)
     1    0.05                           clk (net)
                  0.21    0.00   10.14 ^ clkbuf_0_clk/A (sky130_fd_sc_hd__clkbuf_16)
                  0.04    0.17   10.31 ^ clkbuf_0_clk/X (sky130_fd_sc_hd__clkbuf_16)
     2    0.02                           clknet_0_clk (net)
                  0.04    0.00   10.31 ^ clkbuf_1_0_0_clk/A (sky130_fd_sc_hd__clkbuf_2)
                  0.16    0.18   10.49 ^ clkbuf_1_0_0_clk/X (sky130_fd_sc_hd__clkbuf_2)
     2    0.03                           clknet_1_0_0_clk (net)
                  0.16    0.00   10.49 ^ clkbuf_2_0_0_clk/A (sky130_fd_sc_hd__clkbuf_2)
                  0.08    0.16   10.65 ^ clkbuf_2_0_0_clk/X (sky130_fd_sc_hd__clkbuf_2)
     2    0.01                           clknet_2_0_0_clk (net)
                  0.08    0.00   10.65 ^ clkbuf_3_0_0_clk/A (sky130_fd_sc_hd__clkbuf_2)
                  0.06    0.12   10.77 ^ clkbuf_3_0_0_clk/X (sky130_fd_sc_hd__clkbuf_2)
     2    0.01                           clknet_3_0_0_clk (net)
                  0.06    0.00   10.77 ^ clkbuf_4_1_0_clk/A (sky130_fd_sc_hd__clkbuf_2)
                  0.27    0.25   11.02 ^ clkbuf_4_1_0_clk/X (sky130_fd_sc_hd__clkbuf_2)
    15    0.05                           clknet_4_1_0_clk (net)
                  0.27    0.00   11.02 ^ _9111_/CLK (sky130_fd_sc_hd__dfxtp_2)
                         -0.25   10.77   clock uncertainty
                          0.03   10.80   clock reconvergence pessimism
                         -0.05   10.75   library setup time
                                 10.75   data required time
-----------------------------------------------------------------------------
                                 10.75   data required time
                                -11.11   data arrival time
-----------------------------------------------------------------------------
                                 -0.36   slack (VIOLATED)


