
===========================================================================
 report_power
============================================================================


======================= Slowest Corner =================================

Group                  Internal  Switching    Leakage      Total
                          Power      Power      Power      Power
----------------------------------------------------------------
Sequential             1.14e-03   7.07e-04   2.40e-06   1.84e-03   6.6%
Combinational          1.02e-02   1.57e-02   2.15e-05   2.59e-02  93.4%
Macro                  0.00e+00   0.00e+00   0.00e+00   0.00e+00   0.0%
Pad                    0.00e+00   0.00e+00   0.00e+00   0.00e+00   0.0%
----------------------------------------------------------------
Total                  1.13e-02   1.64e-02   2.39e-05   2.77e-02 100.0%
                          40.8%      59.1%       0.1%

======================= Typical Corner ===================================

Group                  Internal  Switching    Leakage      Total
                          Power      Power      Power      Power
----------------------------------------------------------------
Sequential             1.42e-03   8.98e-04   1.35e-09   2.32e-03   6.7%
Combinational          1.24e-02   2.00e-02   3.61e-08   3.24e-02  93.3%
Macro                  0.00e+00   0.00e+00   0.00e+00   0.00e+00   0.0%
Pad                    0.00e+00   0.00e+00   0.00e+00   0.00e+00   0.0%
----------------------------------------------------------------
Total                  1.38e-02   2.09e-02   3.75e-08   3.47e-02 100.0%
                          39.9%      60.1%       0.0%


======================= Fastest Corner =================================

Group                  Internal  Switching    Leakage      Total
                          Power      Power      Power      Power
----------------------------------------------------------------
Sequential             1.64e-03   1.06e-03   2.61e-09   2.70e-03   6.8%
Combinational          1.35e-02   2.36e-02   5.06e-08   3.70e-02  93.2%
Macro                  0.00e+00   0.00e+00   0.00e+00   0.00e+00   0.0%
Pad                    0.00e+00   0.00e+00   0.00e+00   0.00e+00   0.0%
----------------------------------------------------------------
Total                  1.51e-02   2.46e-02   5.32e-08   3.97e-02 100.0%
                          38.0%      62.0%       0.0%
