
===========================================================================
 report_clock_skew
============================================================================

======================== Slowest Corner ==================================

Clock clk
Latency      CRPR       Skew
_9102_/CLK ^
   2.27
_9142_/CLK ^
   1.72     -0.09       0.46


======================= Typical Corner ===================================

Clock clk
Latency      CRPR       Skew
_9102_/CLK ^
   1.32
_9142_/CLK ^
   0.99     -0.05       0.28


======================= Fastest Corner ===================================

Clock clk
Latency      CRPR       Skew
_9102_/CLK ^
   0.92
_9142_/CLK ^
   0.68     -0.03       0.20

