
===========================================================================
report_checks -path_delay max (Setup)
============================================================================
Startpoint: _9197_ (rising edge-triggered flip-flop clocked by clk)
Endpoint: _9111_ (rising edge-triggered flip-flop clocked by clk)
Path Group: clk
Path Type: max

Fanout     Cap    Slew   Delay    Time   Description
-----------------------------------------------------------------------------
                          0.00    0.00   clock clk (rise edge)
                          0.00    0.00   clock source latency
                  0.21    0.16    0.16 ^ clk (in)
     1    0.05                           clk (net)
                  0.21    0.00    0.16 ^ clkbuf_0_clk/A (sky130_fd_sc_hd__clkbuf_16)
                  0.04    0.19    0.34 ^ clkbuf_0_clk/X (sky130_fd_sc_hd__clkbuf_16)
     2    0.02                           clknet_0_clk (net)
                  0.04    0.00    0.34 ^ clkbuf_1_1_0_clk/A (sky130_fd_sc_hd__clkbuf_2)
                  0.14    0.18    0.52 ^ clkbuf_1_1_0_clk/X (sky130_fd_sc_hd__clkbuf_2)
     2    0.02                           clknet_1_1_0_clk (net)
                  0.14    0.00    0.52 ^ clkbuf_2_2_0_clk/A (sky130_fd_sc_hd__clkbuf_2)
                  0.11    0.19    0.72 ^ clkbuf_2_2_0_clk/X (sky130_fd_sc_hd__clkbuf_2)
     2    0.02                           clknet_2_2_0_clk (net)
                  0.11    0.00    0.72 ^ clkbuf_3_5_0_clk/A (sky130_fd_sc_hd__clkbuf_2)
                  0.07    0.16    0.87 ^ clkbuf_3_5_0_clk/X (sky130_fd_sc_hd__clkbuf_2)
     2    0.01                           clknet_3_5_0_clk (net)
                  0.07    0.00    0.87 ^ clkbuf_4_11_0_clk/A (sky130_fd_sc_hd__clkbuf_2)
                  0.21    0.24    1.12 ^ clkbuf_4_11_0_clk/X (sky130_fd_sc_hd__clkbuf_2)
     9    0.04                           clknet_4_11_0_clk (net)
                  0.21    0.00    1.12 ^ _9197_/CLK (sky130_fd_sc_hd__dfxtp_4)
                  0.12    0.47    1.59 ^ _9197_/Q (sky130_fd_sc_hd__dfxtp_4)
     3    0.04                           P1[36] (net)
                  0.12    0.00    1.59 ^ _5793_/A (sky130_fd_sc_hd__clkbuf_2)
                  0.13    0.21    1.80 ^ _5793_/X (sky130_fd_sc_hd__clkbuf_2)
     5    0.02                           _0509_ (net)
                  0.13    0.00    1.80 ^ _5794_/A (sky130_fd_sc_hd__buf_2)
                  0.18    0.25    2.05 ^ _5794_/X (sky130_fd_sc_hd__buf_2)
     5    0.04                           _0510_ (net)
                  0.18    0.00    2.05 ^ _5795_/A (sky130_fd_sc_hd__buf_2)
                  0.14    0.23    2.28 ^ _5795_/X (sky130_fd_sc_hd__buf_2)
     5    0.03                           _0511_ (net)
                  0.14    0.00    2.28 ^ _5796_/A (sky130_fd_sc_hd__clkbuf_4)
                  0.14    0.25    2.53 ^ _5796_/X (sky130_fd_sc_hd__clkbuf_4)
     5    0.05                           _0512_ (net)
                  0.14    0.00    2.53 ^ _5798_/C (sky130_fd_sc_hd__and4_2)
                  0.14    0.34    2.87 ^ _5798_/X (sky130_fd_sc_hd__and4_2)
     3    0.02                           _0514_ (net)
                  0.14    0.00    2.87 ^ _5833_/B (sky130_fd_sc_hd__nor2_1)
                  0.06    0.09    2.96 v _5833_/Y (sky130_fd_sc_hd__nor2_1)
     2    0.01                           _0549_ (net)
                  0.06    0.00    2.96 v _5835_/A (sky130_fd_sc_hd__and2_1)
                  0.05    0.16    3.12 v _5835_/X (sky130_fd_sc_hd__and2_1)
     2    0.01                           _0551_ (net)
                  0.05    0.00    3.12 v _5863_/C (sky130_fd_sc_hd__or3_1)
                  0.09    0.35    3.46 v _5863_/X (sky130_fd_sc_hd__or3_1)
     2    0.01                           _0579_ (net)
                  0.09    0.00    3.46 v _5898_/B (sky130_fd_sc_hd__and3b_1)
                  0.07    0.23    3.69 v _5898_/X (sky130_fd_sc_hd__and3b_1)
     2    0.01                           _0614_ (net)
                  0.07    0.00    3.69 v _5931_/A2 (sky130_fd_sc_hd__o211ai_4)
                  0.21    0.23    3.92 ^ _5931_/Y (sky130_fd_sc_hd__o211ai_4)
     5    0.02                           _0647_ (net)
                  0.21    0.00    3.92 ^ _5934_/C_N (sky130_fd_sc_hd__or4bb_4)
                  0.10    0.62    4.54 v _5934_/X (sky130_fd_sc_hd__or4bb_4)
     5    0.01                           _0650_ (net)
                  0.10    0.00    4.54 v _6047_/A (sky130_fd_sc_hd__or4_1)
                  0.09    0.58    5.11 v _6047_/X (sky130_fd_sc_hd__or4_1)
     2    0.00                           _0761_ (net)
                  0.09    0.00    5.11 v _6048_/A (sky130_fd_sc_hd__dlymetal6s2s_1)
                  0.09    0.21    5.33 v _6048_/X (sky130_fd_sc_hd__dlymetal6s2s_1)
     5    0.01                           _0762_ (net)
                  0.09    0.00    5.33 v _6049_/D (sky130_fd_sc_hd__and4bb_1)
                  0.06    0.25    5.57 v _6049_/X (sky130_fd_sc_hd__and4bb_1)
     2    0.01                           _0763_ (net)
                  0.06    0.00    5.57 v _6129_/D1 (sky130_fd_sc_hd__a2111o_1)
                  0.07    0.32    5.89 v _6129_/X (sky130_fd_sc_hd__a2111o_1)
     2    0.01                           _0841_ (net)
                  0.07    0.00    5.89 v _6217_/A1 (sky130_fd_sc_hd__a21o_1)
                  0.08    0.22    6.11 v _6217_/X (sky130_fd_sc_hd__a21o_1)
     4    0.01                           _0929_ (net)
                  0.08    0.00    6.11 v _6384_/A2 (sky130_fd_sc_hd__a311oi_2)
                  0.25    0.31    6.42 ^ _6384_/Y (sky130_fd_sc_hd__a311oi_2)
     2    0.01                           _1108_ (net)
                  0.25    0.00    6.42 ^ _6477_/A1 (sky130_fd_sc_hd__o21ai_1)
                  0.11    0.17    6.59 v _6477_/Y (sky130_fd_sc_hd__o21ai_1)
     3    0.01                           _1210_ (net)
                  0.11    0.00    6.59 v _6559_/A1 (sky130_fd_sc_hd__a21oi_2)
                  0.15    0.19    6.78 ^ _6559_/Y (sky130_fd_sc_hd__a21oi_2)
     3    0.01                           _1299_ (net)
                  0.15    0.00    6.78 ^ _6650_/A1 (sky130_fd_sc_hd__o21ai_1)
                  0.11    0.14    6.92 v _6650_/Y (sky130_fd_sc_hd__o21ai_1)
     3    0.01                           _1398_ (net)
                  0.11    0.00    6.92 v _7067_/A2 (sky130_fd_sc_hd__a211o_1)
                  0.08    0.37    7.29 v _7067_/X (sky130_fd_sc_hd__a211o_1)
     2    0.01                           _1852_ (net)
                  0.08    0.00    7.29 v _7554_/A1 (sky130_fd_sc_hd__a311o_2)
                  0.09    0.40    7.69 v _7554_/X (sky130_fd_sc_hd__a311o_2)
     2    0.02                           _2384_ (net)
                  0.09    0.00    7.69 v _7676_/A2 (sky130_fd_sc_hd__a21oi_4)
                  0.25    0.29    7.98 ^ _7676_/Y (sky130_fd_sc_hd__a21oi_4)
     4    0.03                           _2518_ (net)
                  0.25    0.00    7.98 ^ _8023_/A2 (sky130_fd_sc_hd__o311ai_4)
                  0.12    0.17    8.14 v _8023_/Y (sky130_fd_sc_hd__o311ai_4)
     3    0.02                           _2895_ (net)
                  0.12    0.00    8.15 v _8127_/A2 (sky130_fd_sc_hd__a311oi_4)
                  0.36    0.42    8.57 ^ _8127_/Y (sky130_fd_sc_hd__a311oi_4)
     4    0.02                           _3009_ (net)
                  0.36    0.00    8.57 ^ _8428_/A2 (sky130_fd_sc_hd__o311ai_4)
                  0.10    0.15    8.72 v _8428_/Y (sky130_fd_sc_hd__o311ai_4)
     3    0.01                           _3336_ (net)
                  0.10    0.00    8.72 v _8650_/A1 (sky130_fd_sc_hd__a2111o_1)
                  0.11    0.46    9.18 v _8650_/X (sky130_fd_sc_hd__a2111o_1)
     3    0.01                           _3577_ (net)
                  0.11    0.00    9.18 v _8774_/A1 (sky130_fd_sc_hd__a22oi_4)
                  0.23    0.28    9.46 ^ _8774_/Y (sky130_fd_sc_hd__a22oi_4)
     4    0.02                           _3712_ (net)
                  0.23    0.00    9.46 ^ _8971_/A1 (sky130_fd_sc_hd__a31oi_4)
                  0.11    0.15    9.61 v _8971_/Y (sky130_fd_sc_hd__a31oi_4)
     3    0.01                           _3924_ (net)
                  0.11    0.00    9.61 v _9021_/A2 (sky130_fd_sc_hd__o41a_1)
                  0.11    0.51   10.11 v _9021_/X (sky130_fd_sc_hd__o41a_1)
     3    0.01                           _3976_ (net)
                  0.11    0.00   10.11 v _9048_/A2 (sky130_fd_sc_hd__o31ai_2)
                  0.27    0.31   10.43 ^ _9048_/Y (sky130_fd_sc_hd__o31ai_2)
     2    0.01                           _4004_ (net)
                  0.27    0.00   10.43 ^ _9049_/B (sky130_fd_sc_hd__xor2_1)
                  0.17    0.23   10.66 ^ _9049_/X (sky130_fd_sc_hd__xor2_1)
     1    0.01                           _0074_ (net)
                  0.17    0.00   10.66 ^ _9111_/D (sky130_fd_sc_hd__dfxtp_2)
                                 10.66   data arrival time

                         10.00   10.00   clock clk (rise edge)
                          0.00   10.00   clock source latency
                  0.21    0.14   10.14 ^ clk (in)
     1    0.05                           clk (net)
                  0.21    0.00   10.14 ^ clkbuf_0_clk/A (sky130_fd_sc_hd__clkbuf_16)
                  0.04    0.17   10.31 ^ clkbuf_0_clk/X (sky130_fd_sc_hd__clkbuf_16)
     2    0.02                           clknet_0_clk (net)
                  0.04    0.00   10.31 ^ clkbuf_1_0_0_clk/A (sky130_fd_sc_hd__clkbuf_2)
                  0.13    0.16   10.47 ^ clkbuf_1_0_0_clk/X (sky130_fd_sc_hd__clkbuf_2)
     2    0.02                           clknet_1_0_0_clk (net)
                  0.13    0.00   10.47 ^ clkbuf_2_0_0_clk/A (sky130_fd_sc_hd__clkbuf_2)
                  0.08    0.15   10.62 ^ clkbuf_2_0_0_clk/X (sky130_fd_sc_hd__clkbuf_2)
     2    0.01                           clknet_2_0_0_clk (net)
                  0.08    0.00   10.62 ^ clkbuf_3_0_0_clk/A (sky130_fd_sc_hd__clkbuf_2)
                  0.05    0.11   10.73 ^ clkbuf_3_0_0_clk/X (sky130_fd_sc_hd__clkbuf_2)
     2    0.01                           clknet_3_0_0_clk (net)
                  0.05    0.00   10.73 ^ clkbuf_4_1_0_clk/A (sky130_fd_sc_hd__clkbuf_2)
                  0.25    0.24   10.97 ^ clkbuf_4_1_0_clk/X (sky130_fd_sc_hd__clkbuf_2)
    15    0.05                           clknet_4_1_0_clk (net)
                  0.25    0.00   10.97 ^ _9111_/CLK (sky130_fd_sc_hd__dfxtp_2)
                         -0.25   10.72   clock uncertainty
                          0.03   10.75   clock reconvergence pessimism
                         -0.06   10.69   library setup time
                                 10.69   data required time
-----------------------------------------------------------------------------
                                 10.69   data required time
                                -10.66   data arrival time
-----------------------------------------------------------------------------
                                  0.04   slack (MET)


Startpoint: _9197_ (rising edge-triggered flip-flop clocked by clk)
Endpoint: _9112_ (rising edge-triggered flip-flop clocked by clk)
Path Group: clk
Path Type: max

Fanout     Cap    Slew   Delay    Time   Description
-----------------------------------------------------------------------------
                          0.00    0.00   clock clk (rise edge)
                          0.00    0.00   clock source latency
                  0.21    0.16    0.16 ^ clk (in)
     1    0.05                           clk (net)
                  0.21    0.00    0.16 ^ clkbuf_0_clk/A (sky130_fd_sc_hd__clkbuf_16)
                  0.04    0.19    0.34 ^ clkbuf_0_clk/X (sky130_fd_sc_hd__clkbuf_16)
     2    0.02                           clknet_0_clk (net)
                  0.04    0.00    0.34 ^ clkbuf_1_1_0_clk/A (sky130_fd_sc_hd__clkbuf_2)
                  0.14    0.18    0.52 ^ clkbuf_1_1_0_clk/X (sky130_fd_sc_hd__clkbuf_2)
     2    0.02                           clknet_1_1_0_clk (net)
                  0.14    0.00    0.52 ^ clkbuf_2_2_0_clk/A (sky130_fd_sc_hd__clkbuf_2)
                  0.11    0.19    0.72 ^ clkbuf_2_2_0_clk/X (sky130_fd_sc_hd__clkbuf_2)
     2    0.02                           clknet_2_2_0_clk (net)
                  0.11    0.00    0.72 ^ clkbuf_3_5_0_clk/A (sky130_fd_sc_hd__clkbuf_2)
                  0.07    0.16    0.87 ^ clkbuf_3_5_0_clk/X (sky130_fd_sc_hd__clkbuf_2)
     2    0.01                           clknet_3_5_0_clk (net)
                  0.07    0.00    0.87 ^ clkbuf_4_11_0_clk/A (sky130_fd_sc_hd__clkbuf_2)
                  0.21    0.24    1.12 ^ clkbuf_4_11_0_clk/X (sky130_fd_sc_hd__clkbuf_2)
     9    0.04                           clknet_4_11_0_clk (net)
                  0.21    0.00    1.12 ^ _9197_/CLK (sky130_fd_sc_hd__dfxtp_4)
                  0.12    0.47    1.59 ^ _9197_/Q (sky130_fd_sc_hd__dfxtp_4)
     3    0.04                           P1[36] (net)
                  0.12    0.00    1.59 ^ _5793_/A (sky130_fd_sc_hd__clkbuf_2)
                  0.13    0.21    1.80 ^ _5793_/X (sky130_fd_sc_hd__clkbuf_2)
     5    0.02                           _0509_ (net)
                  0.13    0.00    1.80 ^ _5794_/A (sky130_fd_sc_hd__buf_2)
                  0.18    0.25    2.05 ^ _5794_/X (sky130_fd_sc_hd__buf_2)
     5    0.04                           _0510_ (net)
                  0.18    0.00    2.05 ^ _5795_/A (sky130_fd_sc_hd__buf_2)
                  0.14    0.23    2.28 ^ _5795_/X (sky130_fd_sc_hd__buf_2)
     5    0.03                           _0511_ (net)
                  0.14    0.00    2.28 ^ _5796_/A (sky130_fd_sc_hd__clkbuf_4)
                  0.14    0.25    2.53 ^ _5796_/X (sky130_fd_sc_hd__clkbuf_4)
     5    0.05                           _0512_ (net)
                  0.14    0.00    2.53 ^ _5798_/C (sky130_fd_sc_hd__and4_2)
                  0.14    0.34    2.87 ^ _5798_/X (sky130_fd_sc_hd__and4_2)
     3    0.02                           _0514_ (net)
                  0.14    0.00    2.87 ^ _5833_/B (sky130_fd_sc_hd__nor2_1)
                  0.06    0.09    2.96 v _5833_/Y (sky130_fd_sc_hd__nor2_1)
     2    0.01                           _0549_ (net)
                  0.06    0.00    2.96 v _5835_/A (sky130_fd_sc_hd__and2_1)
                  0.05    0.16    3.12 v _5835_/X (sky130_fd_sc_hd__and2_1)
     2    0.01                           _0551_ (net)
                  0.05    0.00    3.12 v _5863_/C (sky130_fd_sc_hd__or3_1)
                  0.09    0.35    3.46 v _5863_/X (sky130_fd_sc_hd__or3_1)
     2    0.01                           _0579_ (net)
                  0.09    0.00    3.46 v _5898_/B (sky130_fd_sc_hd__and3b_1)
                  0.07    0.23    3.69 v _5898_/X (sky130_fd_sc_hd__and3b_1)
     2    0.01                           _0614_ (net)
                  0.07    0.00    3.69 v _5931_/A2 (sky130_fd_sc_hd__o211ai_4)
                  0.21    0.23    3.92 ^ _5931_/Y (sky130_fd_sc_hd__o211ai_4)
     5    0.02                           _0647_ (net)
                  0.21    0.00    3.92 ^ _5934_/C_N (sky130_fd_sc_hd__or4bb_4)
                  0.10    0.62    4.54 v _5934_/X (sky130_fd_sc_hd__or4bb_4)
     5    0.01                           _0650_ (net)
                  0.10    0.00    4.54 v _6047_/A (sky130_fd_sc_hd__or4_1)
                  0.09    0.58    5.11 v _6047_/X (sky130_fd_sc_hd__or4_1)
     2    0.00                           _0761_ (net)
                  0.09    0.00    5.11 v _6048_/A (sky130_fd_sc_hd__dlymetal6s2s_1)
                  0.09    0.21    5.33 v _6048_/X (sky130_fd_sc_hd__dlymetal6s2s_1)
     5    0.01                           _0762_ (net)
                  0.09    0.00    5.33 v _6049_/D (sky130_fd_sc_hd__and4bb_1)
                  0.06    0.25    5.57 v _6049_/X (sky130_fd_sc_hd__and4bb_1)
     2    0.01                           _0763_ (net)
                  0.06    0.00    5.57 v _6129_/D1 (sky130_fd_sc_hd__a2111o_1)
                  0.07    0.32    5.89 v _6129_/X (sky130_fd_sc_hd__a2111o_1)
     2    0.01                           _0841_ (net)
                  0.07    0.00    5.89 v _6217_/A1 (sky130_fd_sc_hd__a21o_1)
                  0.08    0.22    6.11 v _6217_/X (sky130_fd_sc_hd__a21o_1)
     4    0.01                           _0929_ (net)
                  0.08    0.00    6.11 v _6384_/A2 (sky130_fd_sc_hd__a311oi_2)
                  0.25    0.31    6.42 ^ _6384_/Y (sky130_fd_sc_hd__a311oi_2)
     2    0.01                           _1108_ (net)
                  0.25    0.00    6.42 ^ _6477_/A1 (sky130_fd_sc_hd__o21ai_1)
                  0.11    0.17    6.59 v _6477_/Y (sky130_fd_sc_hd__o21ai_1)
     3    0.01                           _1210_ (net)
                  0.11    0.00    6.59 v _6559_/A1 (sky130_fd_sc_hd__a21oi_2)
                  0.15    0.19    6.78 ^ _6559_/Y (sky130_fd_sc_hd__a21oi_2)
     3    0.01                           _1299_ (net)
                  0.15    0.00    6.78 ^ _6650_/A1 (sky130_fd_sc_hd__o21ai_1)
                  0.11    0.14    6.92 v _6650_/Y (sky130_fd_sc_hd__o21ai_1)
     3    0.01                           _1398_ (net)
                  0.11    0.00    6.92 v _7067_/A2 (sky130_fd_sc_hd__a211o_1)
                  0.08    0.37    7.29 v _7067_/X (sky130_fd_sc_hd__a211o_1)
     2    0.01                           _1852_ (net)
                  0.08    0.00    7.29 v _7554_/A1 (sky130_fd_sc_hd__a311o_2)
                  0.09    0.40    7.69 v _7554_/X (sky130_fd_sc_hd__a311o_2)
     2    0.02                           _2384_ (net)
                  0.09    0.00    7.69 v _7676_/A2 (sky130_fd_sc_hd__a21oi_4)
                  0.25    0.29    7.98 ^ _7676_/Y (sky130_fd_sc_hd__a21oi_4)
     4    0.03                           _2518_ (net)
                  0.25    0.00    7.98 ^ _8023_/A2 (sky130_fd_sc_hd__o311ai_4)
                  0.12    0.17    8.14 v _8023_/Y (sky130_fd_sc_hd__o311ai_4)
     3    0.02                           _2895_ (net)
                  0.12    0.00    8.15 v _8127_/A2 (sky130_fd_sc_hd__a311oi_4)
                  0.36    0.42    8.57 ^ _8127_/Y (sky130_fd_sc_hd__a311oi_4)
     4    0.02                           _3009_ (net)
                  0.36    0.00    8.57 ^ _8428_/A2 (sky130_fd_sc_hd__o311ai_4)
                  0.10    0.15    8.72 v _8428_/Y (sky130_fd_sc_hd__o311ai_4)
     3    0.01                           _3336_ (net)
                  0.10    0.00    8.72 v _8650_/A1 (sky130_fd_sc_hd__a2111o_1)
                  0.11    0.46    9.18 v _8650_/X (sky130_fd_sc_hd__a2111o_1)
     3    0.01                           _3577_ (net)
                  0.11    0.00    9.18 v _8774_/A1 (sky130_fd_sc_hd__a22oi_4)
                  0.23    0.28    9.46 ^ _8774_/Y (sky130_fd_sc_hd__a22oi_4)
     4    0.02                           _3712_ (net)
                  0.23    0.00    9.46 ^ _8971_/A1 (sky130_fd_sc_hd__a31oi_4)
                  0.11    0.15    9.61 v _8971_/Y (sky130_fd_sc_hd__a31oi_4)
     3    0.01                           _3924_ (net)
                  0.11    0.00    9.61 v _9021_/A2 (sky130_fd_sc_hd__o41a_1)
                  0.11    0.51   10.11 v _9021_/X (sky130_fd_sc_hd__o41a_1)
     3    0.01                           _3976_ (net)
                  0.11    0.00   10.11 v _9048_/A2 (sky130_fd_sc_hd__o31ai_2)
                  0.27    0.31   10.43 ^ _9048_/Y (sky130_fd_sc_hd__o31ai_2)
     2    0.01                           _4004_ (net)
                  0.27    0.00   10.43 ^ _9051_/A2 (sky130_fd_sc_hd__a21bo_1)
                  0.05    0.17   10.60 ^ _9051_/X (sky130_fd_sc_hd__a21bo_1)
     1    0.00                           _0075_ (net)
                  0.05    0.00   10.60 ^ _9112_/D (sky130_fd_sc_hd__dfxtp_2)
                                 10.60   data arrival time

                         10.00   10.00   clock clk (rise edge)
                          0.00   10.00   clock source latency
                  0.21    0.14   10.14 ^ clk (in)
     1    0.05                           clk (net)
                  0.21    0.00   10.14 ^ clkbuf_0_clk/A (sky130_fd_sc_hd__clkbuf_16)
                  0.04    0.17   10.31 ^ clkbuf_0_clk/X (sky130_fd_sc_hd__clkbuf_16)
     2    0.02                           clknet_0_clk (net)
                  0.04    0.00   10.31 ^ clkbuf_1_0_0_clk/A (sky130_fd_sc_hd__clkbuf_2)
                  0.13    0.16   10.47 ^ clkbuf_1_0_0_clk/X (sky130_fd_sc_hd__clkbuf_2)
     2    0.02                           clknet_1_0_0_clk (net)
                  0.13    0.00   10.47 ^ clkbuf_2_0_0_clk/A (sky130_fd_sc_hd__clkbuf_2)
                  0.08    0.15   10.62 ^ clkbuf_2_0_0_clk/X (sky130_fd_sc_hd__clkbuf_2)
     2    0.01                           clknet_2_0_0_clk (net)
                  0.08    0.00   10.62 ^ clkbuf_3_0_0_clk/A (sky130_fd_sc_hd__clkbuf_2)
                  0.05    0.11   10.73 ^ clkbuf_3_0_0_clk/X (sky130_fd_sc_hd__clkbuf_2)
     2    0.01                           clknet_3_0_0_clk (net)
                  0.05    0.00   10.73 ^ clkbuf_4_1_0_clk/A (sky130_fd_sc_hd__clkbuf_2)
                  0.25    0.24   10.97 ^ clkbuf_4_1_0_clk/X (sky130_fd_sc_hd__clkbuf_2)
    15    0.05                           clknet_4_1_0_clk (net)
                  0.25    0.00   10.97 ^ _9112_/CLK (sky130_fd_sc_hd__dfxtp_2)
                         -0.25   10.72   clock uncertainty
                          0.03   10.75   clock reconvergence pessimism
                         -0.03   10.72   library setup time
                                 10.72   data required time
-----------------------------------------------------------------------------
                                 10.72   data required time
                                -10.60   data arrival time
-----------------------------------------------------------------------------
                                  0.12   slack (MET)


Startpoint: _9197_ (rising edge-triggered flip-flop clocked by clk)
Endpoint: _9110_ (rising edge-triggered flip-flop clocked by clk)
Path Group: clk
Path Type: max

Fanout     Cap    Slew   Delay    Time   Description
-----------------------------------------------------------------------------
                          0.00    0.00   clock clk (rise edge)
                          0.00    0.00   clock source latency
                  0.21    0.16    0.16 ^ clk (in)
     1    0.05                           clk (net)
                  0.21    0.00    0.16 ^ clkbuf_0_clk/A (sky130_fd_sc_hd__clkbuf_16)
                  0.04    0.19    0.34 ^ clkbuf_0_clk/X (sky130_fd_sc_hd__clkbuf_16)
     2    0.02                           clknet_0_clk (net)
                  0.04    0.00    0.34 ^ clkbuf_1_1_0_clk/A (sky130_fd_sc_hd__clkbuf_2)
                  0.14    0.18    0.52 ^ clkbuf_1_1_0_clk/X (sky130_fd_sc_hd__clkbuf_2)
     2    0.02                           clknet_1_1_0_clk (net)
                  0.14    0.00    0.52 ^ clkbuf_2_2_0_clk/A (sky130_fd_sc_hd__clkbuf_2)
                  0.11    0.19    0.72 ^ clkbuf_2_2_0_clk/X (sky130_fd_sc_hd__clkbuf_2)
     2    0.02                           clknet_2_2_0_clk (net)
                  0.11    0.00    0.72 ^ clkbuf_3_5_0_clk/A (sky130_fd_sc_hd__clkbuf_2)
                  0.07    0.16    0.87 ^ clkbuf_3_5_0_clk/X (sky130_fd_sc_hd__clkbuf_2)
     2    0.01                           clknet_3_5_0_clk (net)
                  0.07    0.00    0.87 ^ clkbuf_4_11_0_clk/A (sky130_fd_sc_hd__clkbuf_2)
                  0.21    0.24    1.12 ^ clkbuf_4_11_0_clk/X (sky130_fd_sc_hd__clkbuf_2)
     9    0.04                           clknet_4_11_0_clk (net)
                  0.21    0.00    1.12 ^ _9197_/CLK (sky130_fd_sc_hd__dfxtp_4)
                  0.12    0.47    1.59 ^ _9197_/Q (sky130_fd_sc_hd__dfxtp_4)
     3    0.04                           P1[36] (net)
                  0.12    0.00    1.59 ^ _5793_/A (sky130_fd_sc_hd__clkbuf_2)
                  0.13    0.21    1.80 ^ _5793_/X (sky130_fd_sc_hd__clkbuf_2)
     5    0.02                           _0509_ (net)
                  0.13    0.00    1.80 ^ _5794_/A (sky130_fd_sc_hd__buf_2)
                  0.18    0.25    2.05 ^ _5794_/X (sky130_fd_sc_hd__buf_2)
     5    0.04                           _0510_ (net)
                  0.18    0.00    2.05 ^ _5795_/A (sky130_fd_sc_hd__buf_2)
                  0.14    0.23    2.28 ^ _5795_/X (sky130_fd_sc_hd__buf_2)
     5    0.03                           _0511_ (net)
                  0.14    0.00    2.28 ^ _5796_/A (sky130_fd_sc_hd__clkbuf_4)
                  0.14    0.25    2.53 ^ _5796_/X (sky130_fd_sc_hd__clkbuf_4)
     5    0.05                           _0512_ (net)
                  0.14    0.00    2.53 ^ _5798_/C (sky130_fd_sc_hd__and4_2)
                  0.14    0.34    2.87 ^ _5798_/X (sky130_fd_sc_hd__and4_2)
     3    0.02                           _0514_ (net)
                  0.14    0.00    2.87 ^ _5833_/B (sky130_fd_sc_hd__nor2_1)
                  0.06    0.09    2.96 v _5833_/Y (sky130_fd_sc_hd__nor2_1)
     2    0.01                           _0549_ (net)
                  0.06    0.00    2.96 v _5835_/A (sky130_fd_sc_hd__and2_1)
                  0.05    0.16    3.12 v _5835_/X (sky130_fd_sc_hd__and2_1)
     2    0.01                           _0551_ (net)
                  0.05    0.00    3.12 v _5863_/C (sky130_fd_sc_hd__or3_1)
                  0.09    0.35    3.46 v _5863_/X (sky130_fd_sc_hd__or3_1)
     2    0.01                           _0579_ (net)
                  0.09    0.00    3.46 v _5898_/B (sky130_fd_sc_hd__and3b_1)
                  0.07    0.23    3.69 v _5898_/X (sky130_fd_sc_hd__and3b_1)
     2    0.01                           _0614_ (net)
                  0.07    0.00    3.69 v _5931_/A2 (sky130_fd_sc_hd__o211ai_4)
                  0.21    0.23    3.92 ^ _5931_/Y (sky130_fd_sc_hd__o211ai_4)
     5    0.02                           _0647_ (net)
                  0.21    0.00    3.92 ^ _5934_/C_N (sky130_fd_sc_hd__or4bb_4)
                  0.10    0.62    4.54 v _5934_/X (sky130_fd_sc_hd__or4bb_4)
     5    0.01                           _0650_ (net)
                  0.10    0.00    4.54 v _6047_/A (sky130_fd_sc_hd__or4_1)
                  0.09    0.58    5.11 v _6047_/X (sky130_fd_sc_hd__or4_1)
     2    0.00                           _0761_ (net)
                  0.09    0.00    5.11 v _6048_/A (sky130_fd_sc_hd__dlymetal6s2s_1)
                  0.09    0.21    5.33 v _6048_/X (sky130_fd_sc_hd__dlymetal6s2s_1)
     5    0.01                           _0762_ (net)
                  0.09    0.00    5.33 v _6049_/D (sky130_fd_sc_hd__and4bb_1)
                  0.06    0.25    5.57 v _6049_/X (sky130_fd_sc_hd__and4bb_1)
     2    0.01                           _0763_ (net)
                  0.06    0.00    5.57 v _6129_/D1 (sky130_fd_sc_hd__a2111o_1)
                  0.07    0.32    5.89 v _6129_/X (sky130_fd_sc_hd__a2111o_1)
     2    0.01                           _0841_ (net)
                  0.07    0.00    5.89 v _6217_/A1 (sky130_fd_sc_hd__a21o_1)
                  0.08    0.22    6.11 v _6217_/X (sky130_fd_sc_hd__a21o_1)
     4    0.01                           _0929_ (net)
                  0.08    0.00    6.11 v _6384_/A2 (sky130_fd_sc_hd__a311oi_2)
                  0.25    0.31    6.42 ^ _6384_/Y (sky130_fd_sc_hd__a311oi_2)
     2    0.01                           _1108_ (net)
                  0.25    0.00    6.42 ^ _6477_/A1 (sky130_fd_sc_hd__o21ai_1)
                  0.11    0.17    6.59 v _6477_/Y (sky130_fd_sc_hd__o21ai_1)
     3    0.01                           _1210_ (net)
                  0.11    0.00    6.59 v _6559_/A1 (sky130_fd_sc_hd__a21oi_2)
                  0.15    0.19    6.78 ^ _6559_/Y (sky130_fd_sc_hd__a21oi_2)
     3    0.01                           _1299_ (net)
                  0.15    0.00    6.78 ^ _6650_/A1 (sky130_fd_sc_hd__o21ai_1)
                  0.11    0.14    6.92 v _6650_/Y (sky130_fd_sc_hd__o21ai_1)
     3    0.01                           _1398_ (net)
                  0.11    0.00    6.92 v _7067_/A2 (sky130_fd_sc_hd__a211o_1)
                  0.08    0.37    7.29 v _7067_/X (sky130_fd_sc_hd__a211o_1)
     2    0.01                           _1852_ (net)
                  0.08    0.00    7.29 v _7554_/A1 (sky130_fd_sc_hd__a311o_2)
                  0.09    0.40    7.69 v _7554_/X (sky130_fd_sc_hd__a311o_2)
     2    0.02                           _2384_ (net)
                  0.09    0.00    7.69 v _7676_/A2 (sky130_fd_sc_hd__a21oi_4)
                  0.25    0.29    7.98 ^ _7676_/Y (sky130_fd_sc_hd__a21oi_4)
     4    0.03                           _2518_ (net)
                  0.25    0.00    7.98 ^ _8023_/A2 (sky130_fd_sc_hd__o311ai_4)
                  0.12    0.17    8.14 v _8023_/Y (sky130_fd_sc_hd__o311ai_4)
     3    0.02                           _2895_ (net)
                  0.12    0.00    8.15 v _8127_/A2 (sky130_fd_sc_hd__a311oi_4)
                  0.36    0.42    8.57 ^ _8127_/Y (sky130_fd_sc_hd__a311oi_4)
     4    0.02                           _3009_ (net)
                  0.36    0.00    8.57 ^ _8428_/A2 (sky130_fd_sc_hd__o311ai_4)
                  0.10    0.15    8.72 v _8428_/Y (sky130_fd_sc_hd__o311ai_4)
     3    0.01                           _3336_ (net)
                  0.10    0.00    8.72 v _8650_/A1 (sky130_fd_sc_hd__a2111o_1)
                  0.11    0.46    9.18 v _8650_/X (sky130_fd_sc_hd__a2111o_1)
     3    0.01                           _3577_ (net)
                  0.11    0.00    9.18 v _8774_/A1 (sky130_fd_sc_hd__a22oi_4)
                  0.23    0.28    9.46 ^ _8774_/Y (sky130_fd_sc_hd__a22oi_4)
     4    0.02                           _3712_ (net)
                  0.23    0.00    9.46 ^ _8971_/A1 (sky130_fd_sc_hd__a31oi_4)
                  0.11    0.15    9.61 v _8971_/Y (sky130_fd_sc_hd__a31oi_4)
     3    0.01                           _3924_ (net)
                  0.11    0.00    9.61 v _9021_/A2 (sky130_fd_sc_hd__o41a_1)
                  0.11    0.51   10.11 v _9021_/X (sky130_fd_sc_hd__o41a_1)
     3    0.01                           _3976_ (net)
                  0.11    0.00   10.11 v _9039_/A2 (sky130_fd_sc_hd__o21ai_1)
                  0.15    0.18   10.30 ^ _9039_/Y (sky130_fd_sc_hd__o21ai_1)
     1    0.01                           _3995_ (net)
                  0.15    0.00   10.30 ^ _9040_/B (sky130_fd_sc_hd__xnor2_1)
                  0.20    0.18   10.47 ^ _9040_/Y (sky130_fd_sc_hd__xnor2_1)
     1    0.01                           _0073_ (net)
                  0.20    0.00   10.47 ^ _9110_/D (sky130_fd_sc_hd__dfxtp_1)
                                 10.47   data arrival time

                         10.00   10.00   clock clk (rise edge)
                          0.00   10.00   clock source latency
                  0.21    0.14   10.14 ^ clk (in)
     1    0.05                           clk (net)
                  0.21    0.00   10.14 ^ clkbuf_0_clk/A (sky130_fd_sc_hd__clkbuf_16)
                  0.04    0.17   10.31 ^ clkbuf_0_clk/X (sky130_fd_sc_hd__clkbuf_16)
     2    0.02                           clknet_0_clk (net)
                  0.04    0.00   10.31 ^ clkbuf_1_0_0_clk/A (sky130_fd_sc_hd__clkbuf_2)
                  0.13    0.16   10.47 ^ clkbuf_1_0_0_clk/X (sky130_fd_sc_hd__clkbuf_2)
     2    0.02                           clknet_1_0_0_clk (net)
                  0.13    0.00   10.47 ^ clkbuf_2_0_0_clk/A (sky130_fd_sc_hd__clkbuf_2)
                  0.08    0.15   10.62 ^ clkbuf_2_0_0_clk/X (sky130_fd_sc_hd__clkbuf_2)
     2    0.01                           clknet_2_0_0_clk (net)
                  0.08    0.00   10.62 ^ clkbuf_3_0_0_clk/A (sky130_fd_sc_hd__clkbuf_2)
                  0.05    0.11   10.73 ^ clkbuf_3_0_0_clk/X (sky130_fd_sc_hd__clkbuf_2)
     2    0.01                           clknet_3_0_0_clk (net)
                  0.05    0.00   10.73 ^ clkbuf_4_1_0_clk/A (sky130_fd_sc_hd__clkbuf_2)
                  0.25    0.24   10.97 ^ clkbuf_4_1_0_clk/X (sky130_fd_sc_hd__clkbuf_2)
    15    0.05                           clknet_4_1_0_clk (net)
                  0.25    0.00   10.97 ^ _9110_/CLK (sky130_fd_sc_hd__dfxtp_1)
                         -0.25   10.72   clock uncertainty
                          0.03   10.75   clock reconvergence pessimism
                         -0.06   10.69   library setup time
                                 10.69   data required time
-----------------------------------------------------------------------------
                                 10.69   data required time
                                -10.47   data arrival time
-----------------------------------------------------------------------------
                                  0.22   slack (MET)


Startpoint: _9197_ (rising edge-triggered flip-flop clocked by clk)
Endpoint: _9109_ (rising edge-triggered flip-flop clocked by clk)
Path Group: clk
Path Type: max

Fanout     Cap    Slew   Delay    Time   Description
-----------------------------------------------------------------------------
                          0.00    0.00   clock clk (rise edge)
                          0.00    0.00   clock source latency
                  0.21    0.16    0.16 ^ clk (in)
     1    0.05                           clk (net)
                  0.21    0.00    0.16 ^ clkbuf_0_clk/A (sky130_fd_sc_hd__clkbuf_16)
                  0.04    0.19    0.34 ^ clkbuf_0_clk/X (sky130_fd_sc_hd__clkbuf_16)
     2    0.02                           clknet_0_clk (net)
                  0.04    0.00    0.34 ^ clkbuf_1_1_0_clk/A (sky130_fd_sc_hd__clkbuf_2)
                  0.14    0.18    0.52 ^ clkbuf_1_1_0_clk/X (sky130_fd_sc_hd__clkbuf_2)
     2    0.02                           clknet_1_1_0_clk (net)
                  0.14    0.00    0.52 ^ clkbuf_2_2_0_clk/A (sky130_fd_sc_hd__clkbuf_2)
                  0.11    0.19    0.72 ^ clkbuf_2_2_0_clk/X (sky130_fd_sc_hd__clkbuf_2)
     2    0.02                           clknet_2_2_0_clk (net)
                  0.11    0.00    0.72 ^ clkbuf_3_5_0_clk/A (sky130_fd_sc_hd__clkbuf_2)
                  0.07    0.16    0.87 ^ clkbuf_3_5_0_clk/X (sky130_fd_sc_hd__clkbuf_2)
     2    0.01                           clknet_3_5_0_clk (net)
                  0.07    0.00    0.87 ^ clkbuf_4_11_0_clk/A (sky130_fd_sc_hd__clkbuf_2)
                  0.21    0.24    1.12 ^ clkbuf_4_11_0_clk/X (sky130_fd_sc_hd__clkbuf_2)
     9    0.04                           clknet_4_11_0_clk (net)
                  0.21    0.00    1.12 ^ _9197_/CLK (sky130_fd_sc_hd__dfxtp_4)
                  0.12    0.47    1.59 ^ _9197_/Q (sky130_fd_sc_hd__dfxtp_4)
     3    0.04                           P1[36] (net)
                  0.12    0.00    1.59 ^ _5793_/A (sky130_fd_sc_hd__clkbuf_2)
                  0.13    0.21    1.80 ^ _5793_/X (sky130_fd_sc_hd__clkbuf_2)
     5    0.02                           _0509_ (net)
                  0.13    0.00    1.80 ^ _5794_/A (sky130_fd_sc_hd__buf_2)
                  0.18    0.25    2.05 ^ _5794_/X (sky130_fd_sc_hd__buf_2)
     5    0.04                           _0510_ (net)
                  0.18    0.00    2.05 ^ _5795_/A (sky130_fd_sc_hd__buf_2)
                  0.14    0.23    2.28 ^ _5795_/X (sky130_fd_sc_hd__buf_2)
     5    0.03                           _0511_ (net)
                  0.14    0.00    2.28 ^ _5796_/A (sky130_fd_sc_hd__clkbuf_4)
                  0.14    0.25    2.53 ^ _5796_/X (sky130_fd_sc_hd__clkbuf_4)
     5    0.05                           _0512_ (net)
                  0.14    0.00    2.53 ^ _5798_/C (sky130_fd_sc_hd__and4_2)
                  0.14    0.34    2.87 ^ _5798_/X (sky130_fd_sc_hd__and4_2)
     3    0.02                           _0514_ (net)
                  0.14    0.00    2.87 ^ _5833_/B (sky130_fd_sc_hd__nor2_1)
                  0.06    0.09    2.96 v _5833_/Y (sky130_fd_sc_hd__nor2_1)
     2    0.01                           _0549_ (net)
                  0.06    0.00    2.96 v _5835_/A (sky130_fd_sc_hd__and2_1)
                  0.05    0.16    3.12 v _5835_/X (sky130_fd_sc_hd__and2_1)
     2    0.01                           _0551_ (net)
                  0.05    0.00    3.12 v _5863_/C (sky130_fd_sc_hd__or3_1)
                  0.09    0.35    3.46 v _5863_/X (sky130_fd_sc_hd__or3_1)
     2    0.01                           _0579_ (net)
                  0.09    0.00    3.46 v _5898_/B (sky130_fd_sc_hd__and3b_1)
                  0.07    0.23    3.69 v _5898_/X (sky130_fd_sc_hd__and3b_1)
     2    0.01                           _0614_ (net)
                  0.07    0.00    3.69 v _5931_/A2 (sky130_fd_sc_hd__o211ai_4)
                  0.21    0.23    3.92 ^ _5931_/Y (sky130_fd_sc_hd__o211ai_4)
     5    0.02                           _0647_ (net)
                  0.21    0.00    3.92 ^ _5934_/C_N (sky130_fd_sc_hd__or4bb_4)
                  0.10    0.62    4.54 v _5934_/X (sky130_fd_sc_hd__or4bb_4)
     5    0.01                           _0650_ (net)
                  0.10    0.00    4.54 v _6047_/A (sky130_fd_sc_hd__or4_1)
                  0.09    0.58    5.11 v _6047_/X (sky130_fd_sc_hd__or4_1)
     2    0.00                           _0761_ (net)
                  0.09    0.00    5.11 v _6048_/A (sky130_fd_sc_hd__dlymetal6s2s_1)
                  0.09    0.21    5.33 v _6048_/X (sky130_fd_sc_hd__dlymetal6s2s_1)
     5    0.01                           _0762_ (net)
                  0.09    0.00    5.33 v _6049_/D (sky130_fd_sc_hd__and4bb_1)
                  0.06    0.25    5.57 v _6049_/X (sky130_fd_sc_hd__and4bb_1)
     2    0.01                           _0763_ (net)
                  0.06    0.00    5.57 v _6129_/D1 (sky130_fd_sc_hd__a2111o_1)
                  0.07    0.32    5.89 v _6129_/X (sky130_fd_sc_hd__a2111o_1)
     2    0.01                           _0841_ (net)
                  0.07    0.00    5.89 v _6217_/A1 (sky130_fd_sc_hd__a21o_1)
                  0.08    0.22    6.11 v _6217_/X (sky130_fd_sc_hd__a21o_1)
     4    0.01                           _0929_ (net)
                  0.08    0.00    6.11 v _6384_/A2 (sky130_fd_sc_hd__a311oi_2)
                  0.25    0.31    6.42 ^ _6384_/Y (sky130_fd_sc_hd__a311oi_2)
     2    0.01                           _1108_ (net)
                  0.25    0.00    6.42 ^ _6477_/A1 (sky130_fd_sc_hd__o21ai_1)
                  0.11    0.17    6.59 v _6477_/Y (sky130_fd_sc_hd__o21ai_1)
     3    0.01                           _1210_ (net)
                  0.11    0.00    6.59 v _6559_/A1 (sky130_fd_sc_hd__a21oi_2)
                  0.15    0.19    6.78 ^ _6559_/Y (sky130_fd_sc_hd__a21oi_2)
     3    0.01                           _1299_ (net)
                  0.15    0.00    6.78 ^ _6650_/A1 (sky130_fd_sc_hd__o21ai_1)
                  0.11    0.14    6.92 v _6650_/Y (sky130_fd_sc_hd__o21ai_1)
     3    0.01                           _1398_ (net)
                  0.11    0.00    6.92 v _7067_/A2 (sky130_fd_sc_hd__a211o_1)
                  0.08    0.37    7.29 v _7067_/X (sky130_fd_sc_hd__a211o_1)
     2    0.01                           _1852_ (net)
                  0.08    0.00    7.29 v _7554_/A1 (sky130_fd_sc_hd__a311o_2)
                  0.09    0.40    7.69 v _7554_/X (sky130_fd_sc_hd__a311o_2)
     2    0.02                           _2384_ (net)
                  0.09    0.00    7.69 v _7676_/A2 (sky130_fd_sc_hd__a21oi_4)
                  0.25    0.29    7.98 ^ _7676_/Y (sky130_fd_sc_hd__a21oi_4)
     4    0.03                           _2518_ (net)
                  0.25    0.00    7.98 ^ _8023_/A2 (sky130_fd_sc_hd__o311ai_4)
                  0.12    0.17    8.14 v _8023_/Y (sky130_fd_sc_hd__o311ai_4)
     3    0.02                           _2895_ (net)
                  0.12    0.00    8.15 v _8127_/A2 (sky130_fd_sc_hd__a311oi_4)
                  0.36    0.42    8.57 ^ _8127_/Y (sky130_fd_sc_hd__a311oi_4)
     4    0.02                           _3009_ (net)
                  0.36    0.00    8.57 ^ _8428_/A2 (sky130_fd_sc_hd__o311ai_4)
                  0.10    0.15    8.72 v _8428_/Y (sky130_fd_sc_hd__o311ai_4)
     3    0.01                           _3336_ (net)
                  0.10    0.00    8.72 v _8650_/A1 (sky130_fd_sc_hd__a2111o_1)
                  0.11    0.46    9.18 v _8650_/X (sky130_fd_sc_hd__a2111o_1)
     3    0.01                           _3577_ (net)
                  0.11    0.00    9.18 v _8774_/A1 (sky130_fd_sc_hd__a22oi_4)
                  0.23    0.28    9.46 ^ _8774_/Y (sky130_fd_sc_hd__a22oi_4)
     4    0.02                           _3712_ (net)
                  0.23    0.00    9.46 ^ _8971_/A1 (sky130_fd_sc_hd__a31oi_4)
                  0.11    0.15    9.61 v _8971_/Y (sky130_fd_sc_hd__a31oi_4)
     3    0.01                           _3924_ (net)
                  0.11    0.00    9.61 v _9021_/A2 (sky130_fd_sc_hd__o41a_1)
                  0.11    0.51   10.11 v _9021_/X (sky130_fd_sc_hd__o41a_1)
     3    0.01                           _3976_ (net)
                  0.11    0.00   10.11 v _9022_/B (sky130_fd_sc_hd__xor2_1)
                  0.07    0.18   10.29 v _9022_/X (sky130_fd_sc_hd__xor2_1)
     1    0.00                           _0072_ (net)
                  0.07    0.00   10.29 v _9109_/D (sky130_fd_sc_hd__dfxtp_1)
                                 10.29   data arrival time

                         10.00   10.00   clock clk (rise edge)
                          0.00   10.00   clock source latency
                  0.21    0.14   10.14 ^ clk (in)
     1    0.05                           clk (net)
                  0.21    0.00   10.14 ^ clkbuf_0_clk/A (sky130_fd_sc_hd__clkbuf_16)
                  0.04    0.17   10.31 ^ clkbuf_0_clk/X (sky130_fd_sc_hd__clkbuf_16)
     2    0.02                           clknet_0_clk (net)
                  0.04    0.00   10.31 ^ clkbuf_1_0_0_clk/A (sky130_fd_sc_hd__clkbuf_2)
                  0.13    0.16   10.47 ^ clkbuf_1_0_0_clk/X (sky130_fd_sc_hd__clkbuf_2)
     2    0.02                           clknet_1_0_0_clk (net)
                  0.13    0.00   10.47 ^ clkbuf_2_0_0_clk/A (sky130_fd_sc_hd__clkbuf_2)
                  0.08    0.15   10.62 ^ clkbuf_2_0_0_clk/X (sky130_fd_sc_hd__clkbuf_2)
     2    0.01                           clknet_2_0_0_clk (net)
                  0.08    0.00   10.62 ^ clkbuf_3_0_0_clk/A (sky130_fd_sc_hd__clkbuf_2)
                  0.05    0.11   10.73 ^ clkbuf_3_0_0_clk/X (sky130_fd_sc_hd__clkbuf_2)
     2    0.01                           clknet_3_0_0_clk (net)
                  0.05    0.00   10.73 ^ clkbuf_4_1_0_clk/A (sky130_fd_sc_hd__clkbuf_2)
                  0.25    0.24   10.97 ^ clkbuf_4_1_0_clk/X (sky130_fd_sc_hd__clkbuf_2)
    15    0.05                           clknet_4_1_0_clk (net)
                  0.25    0.00   10.97 ^ _9109_/CLK (sky130_fd_sc_hd__dfxtp_1)
                         -0.25   10.72   clock uncertainty
                          0.03   10.75   clock reconvergence pessimism
                         -0.07   10.68   library setup time
                                 10.68   data required time
-----------------------------------------------------------------------------
                                 10.68   data required time
                                -10.29   data arrival time
-----------------------------------------------------------------------------
                                  0.39   slack (MET)


Startpoint: _9197_ (rising edge-triggered flip-flop clocked by clk)
Endpoint: _9105_ (rising edge-triggered flip-flop clocked by clk)
Path Group: clk
Path Type: max

Fanout     Cap    Slew   Delay    Time   Description
-----------------------------------------------------------------------------
                          0.00    0.00   clock clk (rise edge)
                          0.00    0.00   clock source latency
                  0.21    0.16    0.16 ^ clk (in)
     1    0.05                           clk (net)
                  0.21    0.00    0.16 ^ clkbuf_0_clk/A (sky130_fd_sc_hd__clkbuf_16)
                  0.04    0.19    0.34 ^ clkbuf_0_clk/X (sky130_fd_sc_hd__clkbuf_16)
     2    0.02                           clknet_0_clk (net)
                  0.04    0.00    0.34 ^ clkbuf_1_1_0_clk/A (sky130_fd_sc_hd__clkbuf_2)
                  0.14    0.18    0.52 ^ clkbuf_1_1_0_clk/X (sky130_fd_sc_hd__clkbuf_2)
     2    0.02                           clknet_1_1_0_clk (net)
                  0.14    0.00    0.52 ^ clkbuf_2_2_0_clk/A (sky130_fd_sc_hd__clkbuf_2)
                  0.11    0.19    0.72 ^ clkbuf_2_2_0_clk/X (sky130_fd_sc_hd__clkbuf_2)
     2    0.02                           clknet_2_2_0_clk (net)
                  0.11    0.00    0.72 ^ clkbuf_3_5_0_clk/A (sky130_fd_sc_hd__clkbuf_2)
                  0.07    0.16    0.87 ^ clkbuf_3_5_0_clk/X (sky130_fd_sc_hd__clkbuf_2)
     2    0.01                           clknet_3_5_0_clk (net)
                  0.07    0.00    0.87 ^ clkbuf_4_11_0_clk/A (sky130_fd_sc_hd__clkbuf_2)
                  0.21    0.24    1.12 ^ clkbuf_4_11_0_clk/X (sky130_fd_sc_hd__clkbuf_2)
     9    0.04                           clknet_4_11_0_clk (net)
                  0.21    0.00    1.12 ^ _9197_/CLK (sky130_fd_sc_hd__dfxtp_4)
                  0.12    0.47    1.59 ^ _9197_/Q (sky130_fd_sc_hd__dfxtp_4)
     3    0.04                           P1[36] (net)
                  0.12    0.00    1.59 ^ _5793_/A (sky130_fd_sc_hd__clkbuf_2)
                  0.13    0.21    1.80 ^ _5793_/X (sky130_fd_sc_hd__clkbuf_2)
     5    0.02                           _0509_ (net)
                  0.13    0.00    1.80 ^ _5794_/A (sky130_fd_sc_hd__buf_2)
                  0.18    0.25    2.05 ^ _5794_/X (sky130_fd_sc_hd__buf_2)
     5    0.04                           _0510_ (net)
                  0.18    0.00    2.05 ^ _5795_/A (sky130_fd_sc_hd__buf_2)
                  0.14    0.23    2.28 ^ _5795_/X (sky130_fd_sc_hd__buf_2)
     5    0.03                           _0511_ (net)
                  0.14    0.00    2.28 ^ _5796_/A (sky130_fd_sc_hd__clkbuf_4)
                  0.14    0.25    2.53 ^ _5796_/X (sky130_fd_sc_hd__clkbuf_4)
     5    0.05                           _0512_ (net)
                  0.14    0.00    2.53 ^ _5798_/C (sky130_fd_sc_hd__and4_2)
                  0.14    0.34    2.87 ^ _5798_/X (sky130_fd_sc_hd__and4_2)
     3    0.02                           _0514_ (net)
                  0.14    0.00    2.87 ^ _5833_/B (sky130_fd_sc_hd__nor2_1)
                  0.06    0.09    2.96 v _5833_/Y (sky130_fd_sc_hd__nor2_1)
     2    0.01                           _0549_ (net)
                  0.06    0.00    2.96 v _5835_/A (sky130_fd_sc_hd__and2_1)
                  0.05    0.16    3.12 v _5835_/X (sky130_fd_sc_hd__and2_1)
     2    0.01                           _0551_ (net)
                  0.05    0.00    3.12 v _5863_/C (sky130_fd_sc_hd__or3_1)
                  0.09    0.35    3.46 v _5863_/X (sky130_fd_sc_hd__or3_1)
     2    0.01                           _0579_ (net)
                  0.09    0.00    3.46 v _5898_/B (sky130_fd_sc_hd__and3b_1)
                  0.07    0.23    3.69 v _5898_/X (sky130_fd_sc_hd__and3b_1)
     2    0.01                           _0614_ (net)
                  0.07    0.00    3.69 v _5931_/A2 (sky130_fd_sc_hd__o211ai_4)
                  0.21    0.23    3.92 ^ _5931_/Y (sky130_fd_sc_hd__o211ai_4)
     5    0.02                           _0647_ (net)
                  0.21    0.00    3.92 ^ _5934_/C_N (sky130_fd_sc_hd__or4bb_4)
                  0.10    0.62    4.54 v _5934_/X (sky130_fd_sc_hd__or4bb_4)
     5    0.01                           _0650_ (net)
                  0.10    0.00    4.54 v _6047_/A (sky130_fd_sc_hd__or4_1)
                  0.09    0.58    5.11 v _6047_/X (sky130_fd_sc_hd__or4_1)
     2    0.00                           _0761_ (net)
                  0.09    0.00    5.11 v _6048_/A (sky130_fd_sc_hd__dlymetal6s2s_1)
                  0.09    0.21    5.33 v _6048_/X (sky130_fd_sc_hd__dlymetal6s2s_1)
     5    0.01                           _0762_ (net)
                  0.09    0.00    5.33 v _6049_/D (sky130_fd_sc_hd__and4bb_1)
                  0.06    0.25    5.57 v _6049_/X (sky130_fd_sc_hd__and4bb_1)
     2    0.01                           _0763_ (net)
                  0.06    0.00    5.57 v _6129_/D1 (sky130_fd_sc_hd__a2111o_1)
                  0.07    0.32    5.89 v _6129_/X (sky130_fd_sc_hd__a2111o_1)
     2    0.01                           _0841_ (net)
                  0.07    0.00    5.89 v _6217_/A1 (sky130_fd_sc_hd__a21o_1)
                  0.08    0.22    6.11 v _6217_/X (sky130_fd_sc_hd__a21o_1)
     4    0.01                           _0929_ (net)
                  0.08    0.00    6.11 v _6384_/A2 (sky130_fd_sc_hd__a311oi_2)
                  0.25    0.31    6.42 ^ _6384_/Y (sky130_fd_sc_hd__a311oi_2)
     2    0.01                           _1108_ (net)
                  0.25    0.00    6.42 ^ _6477_/A1 (sky130_fd_sc_hd__o21ai_1)
                  0.11    0.17    6.59 v _6477_/Y (sky130_fd_sc_hd__o21ai_1)
     3    0.01                           _1210_ (net)
                  0.11    0.00    6.59 v _6559_/A1 (sky130_fd_sc_hd__a21oi_2)
                  0.15    0.19    6.78 ^ _6559_/Y (sky130_fd_sc_hd__a21oi_2)
     3    0.01                           _1299_ (net)
                  0.15    0.00    6.78 ^ _6650_/A1 (sky130_fd_sc_hd__o21ai_1)
                  0.11    0.14    6.92 v _6650_/Y (sky130_fd_sc_hd__o21ai_1)
     3    0.01                           _1398_ (net)
                  0.11    0.00    6.92 v _7067_/A2 (sky130_fd_sc_hd__a211o_1)
                  0.08    0.37    7.29 v _7067_/X (sky130_fd_sc_hd__a211o_1)
     2    0.01                           _1852_ (net)
                  0.08    0.00    7.29 v _7554_/A1 (sky130_fd_sc_hd__a311o_2)
                  0.09    0.40    7.69 v _7554_/X (sky130_fd_sc_hd__a311o_2)
     2    0.02                           _2384_ (net)
                  0.09    0.00    7.69 v _7676_/A2 (sky130_fd_sc_hd__a21oi_4)
                  0.25    0.29    7.98 ^ _7676_/Y (sky130_fd_sc_hd__a21oi_4)
     4    0.03                           _2518_ (net)
                  0.25    0.00    7.98 ^ _8023_/A2 (sky130_fd_sc_hd__o311ai_4)
                  0.12    0.17    8.14 v _8023_/Y (sky130_fd_sc_hd__o311ai_4)
     3    0.02                           _2895_ (net)
                  0.12    0.00    8.15 v _8127_/A2 (sky130_fd_sc_hd__a311oi_4)
                  0.36    0.42    8.57 ^ _8127_/Y (sky130_fd_sc_hd__a311oi_4)
     4    0.02                           _3009_ (net)
                  0.36    0.00    8.57 ^ _8428_/A2 (sky130_fd_sc_hd__o311ai_4)
                  0.10    0.15    8.72 v _8428_/Y (sky130_fd_sc_hd__o311ai_4)
     3    0.01                           _3336_ (net)
                  0.10    0.00    8.72 v _8650_/A1 (sky130_fd_sc_hd__a2111o_1)
                  0.11    0.46    9.18 v _8650_/X (sky130_fd_sc_hd__a2111o_1)
     3    0.01                           _3577_ (net)
                  0.11    0.00    9.18 v _8774_/A1 (sky130_fd_sc_hd__a22oi_4)
                  0.23    0.28    9.46 ^ _8774_/Y (sky130_fd_sc_hd__a22oi_4)
     4    0.02                           _3712_ (net)
                  0.23    0.00    9.46 ^ _8882_/A1 (sky130_fd_sc_hd__a21o_1)
                  0.06    0.17    9.63 ^ _8882_/X (sky130_fd_sc_hd__a21o_1)
     2    0.01                           _3828_ (net)
                  0.06    0.00    9.63 ^ _8884_/B (sky130_fd_sc_hd__nand2_1)
                  0.05    0.07    9.69 v _8884_/Y (sky130_fd_sc_hd__nand2_1)
     2    0.00                           _3831_ (net)
                  0.05    0.00    9.69 v _8885_/B (sky130_fd_sc_hd__and2_1)
                  0.03    0.16    9.85 v _8885_/X (sky130_fd_sc_hd__and2_1)
     1    0.00                           _3832_ (net)
                  0.03    0.00    9.85 v _8886_/A (sky130_fd_sc_hd__clkbuf_1)
                  0.03    0.09    9.94 v _8886_/X (sky130_fd_sc_hd__clkbuf_1)
     1    0.00                           _0068_ (net)
                  0.03    0.00    9.94 v _9105_/D (sky130_fd_sc_hd__dfxtp_2)
                                  9.94   data arrival time

                         10.00   10.00   clock clk (rise edge)
                          0.00   10.00   clock source latency
                  0.21    0.14   10.14 ^ clk (in)
     1    0.05                           clk (net)
                  0.21    0.00   10.14 ^ clkbuf_0_clk/A (sky130_fd_sc_hd__clkbuf_16)
                  0.04    0.17   10.31 ^ clkbuf_0_clk/X (sky130_fd_sc_hd__clkbuf_16)
     2    0.02                           clknet_0_clk (net)
                  0.04    0.00   10.31 ^ clkbuf_1_0_0_clk/A (sky130_fd_sc_hd__clkbuf_2)
                  0.13    0.16   10.47 ^ clkbuf_1_0_0_clk/X (sky130_fd_sc_hd__clkbuf_2)
     2    0.02                           clknet_1_0_0_clk (net)
                  0.13    0.00   10.47 ^ clkbuf_2_1_0_clk/A (sky130_fd_sc_hd__clkbuf_2)
                  0.10    0.16   10.63 ^ clkbuf_2_1_0_clk/X (sky130_fd_sc_hd__clkbuf_2)
     2    0.02                           clknet_2_1_0_clk (net)
                  0.10    0.00   10.63 ^ clkbuf_3_3_0_clk/A (sky130_fd_sc_hd__clkbuf_2)
                  0.07    0.14   10.77 ^ clkbuf_3_3_0_clk/X (sky130_fd_sc_hd__clkbuf_2)
     2    0.01                           clknet_3_3_0_clk (net)
                  0.07    0.00   10.77 ^ clkbuf_4_6_0_clk/A (sky130_fd_sc_hd__clkbuf_2)
                  0.17    0.19   10.96 ^ clkbuf_4_6_0_clk/X (sky130_fd_sc_hd__clkbuf_2)
     4    0.03                           clknet_4_6_0_clk (net)
                  0.17    0.00   10.96 ^ _9105_/CLK (sky130_fd_sc_hd__dfxtp_2)
                         -0.25   10.71   clock uncertainty
                          0.03   10.75   clock reconvergence pessimism
                         -0.08   10.67   library setup time
                                 10.67   data required time
-----------------------------------------------------------------------------
                                 10.67   data required time
                                 -9.94   data arrival time
-----------------------------------------------------------------------------
                                  0.73   slack (MET)


