
24. Printing statistics.

=== MULTI_32bit ===

   Number of wires:               4650
   Number of wire bits:           4743
   Number of public wires:         132
   Number of public wire bits:     225
   Number of memories:               0
   Number of memory bits:            0
   Number of processes:              0
   Number of cells:               4677
     sky130_fd_sc_hd__a2111o_2       2
     sky130_fd_sc_hd__a211o_2       57
     sky130_fd_sc_hd__a211oi_2      40
     sky130_fd_sc_hd__a21bo_2       25
     sky130_fd_sc_hd__a21boi_2       5
     sky130_fd_sc_hd__a21o_2       126
     sky130_fd_sc_hd__a21oi_2      286
     sky130_fd_sc_hd__a221o_2      119
     sky130_fd_sc_hd__a221oi_2       3
     sky130_fd_sc_hd__a22o_2        44
     sky130_fd_sc_hd__a22oi_2      118
     sky130_fd_sc_hd__a2bb2o_2      12
     sky130_fd_sc_hd__a311o_2        1
     sky130_fd_sc_hd__a311oi_2       4
     sky130_fd_sc_hd__a31o_2        71
     sky130_fd_sc_hd__a31oi_2       19
     sky130_fd_sc_hd__a32o_2         3
     sky130_fd_sc_hd__and2_2       131
     sky130_fd_sc_hd__and2b_2       79
     sky130_fd_sc_hd__and3_2       122
     sky130_fd_sc_hd__and3b_2        4
     sky130_fd_sc_hd__and4_2       127
     sky130_fd_sc_hd__and4b_2        8
     sky130_fd_sc_hd__and4bb_2       9
     sky130_fd_sc_hd__buf_1        787
     sky130_fd_sc_hd__dfxtp_2      159
     sky130_fd_sc_hd__inv_2         90
     sky130_fd_sc_hd__mux2_2       140
     sky130_fd_sc_hd__nand2_2      383
     sky130_fd_sc_hd__nand2b_2       2
     sky130_fd_sc_hd__nand3_2       81
     sky130_fd_sc_hd__nand3b_2       1
     sky130_fd_sc_hd__nand4_2        7
     sky130_fd_sc_hd__nor2_2       319
     sky130_fd_sc_hd__nor2b_2        1
     sky130_fd_sc_hd__nor3_2        37
     sky130_fd_sc_hd__nor3b_2       16
     sky130_fd_sc_hd__nor4_2         5
     sky130_fd_sc_hd__o211a_2       43
     sky130_fd_sc_hd__o211ai_2      37
     sky130_fd_sc_hd__o21a_2        83
     sky130_fd_sc_hd__o21ai_2       65
     sky130_fd_sc_hd__o21ba_2      104
     sky130_fd_sc_hd__o21bai_2      16
     sky130_fd_sc_hd__o221a_2       51
     sky130_fd_sc_hd__o221ai_2       1
     sky130_fd_sc_hd__o22a_2        14
     sky130_fd_sc_hd__o22ai_2        3
     sky130_fd_sc_hd__o2bb2a_2      23
     sky130_fd_sc_hd__o311a_2        2
     sky130_fd_sc_hd__o311ai_2       2
     sky130_fd_sc_hd__o31a_2         8
     sky130_fd_sc_hd__o31ai_2        2
     sky130_fd_sc_hd__o32a_2         5
     sky130_fd_sc_hd__o41a_2         1
     sky130_fd_sc_hd__or2_2        174
     sky130_fd_sc_hd__or2b_2        67
     sky130_fd_sc_hd__or3_2         55
     sky130_fd_sc_hd__or3b_2        13
     sky130_fd_sc_hd__or4_2          9
     sky130_fd_sc_hd__or4bb_2        7
     sky130_fd_sc_hd__xnor2_2      366
     sky130_fd_sc_hd__xor2_2        83

   Chip area for module '\MULTI_32bit': 42066.595200

