
===========================================================================
report_checks -unconstrained
============================================================================
Startpoint: _9197_ (rising edge-triggered flip-flop clocked by clk)
Endpoint: _9111_ (rising edge-triggered flip-flop clocked by clk)
Path Group: clk
Path Type: max

Fanout     Cap    Slew   Delay    Time   Description
-----------------------------------------------------------------------------
                  0.15    0.00    0.00   clock clk (rise edge)
                          0.00    0.00   clock network delay (ideal)
                  0.15    0.00    0.00 ^ _9197_/CLK (sky130_fd_sc_hd__dfxtp_2)
                  0.20    0.49    0.49 ^ _9197_/Q (sky130_fd_sc_hd__dfxtp_2)
     3    0.04                           P1[36] (net)
                  0.20    0.00    0.50 ^ _5793_/A (sky130_fd_sc_hd__buf_1)
                  0.28    0.29    0.79 ^ _5793_/X (sky130_fd_sc_hd__buf_1)
     5    0.02                           _0509_ (net)
                  0.28    0.00    0.79 ^ _5794_/A (sky130_fd_sc_hd__buf_1)
                  0.46    0.44    1.22 ^ _5794_/X (sky130_fd_sc_hd__buf_1)
     5    0.04                           _0510_ (net)
                  0.46    0.00    1.22 ^ _5795_/A (sky130_fd_sc_hd__buf_1)
                  0.28    0.32    1.54 ^ _5795_/X (sky130_fd_sc_hd__buf_1)
     5    0.02                           _0511_ (net)
                  0.28    0.00    1.54 ^ _5796_/A (sky130_fd_sc_hd__buf_1)
                  0.57    0.52    2.06 ^ _5796_/X (sky130_fd_sc_hd__buf_1)
     5    0.05                           _0512_ (net)
                  0.57    0.00    2.06 ^ _5798_/C (sky130_fd_sc_hd__and4_2)
                  0.15    0.43    2.49 ^ _5798_/X (sky130_fd_sc_hd__and4_2)
     3    0.02                           _0514_ (net)
                  0.15    0.00    2.49 ^ _5833_/B (sky130_fd_sc_hd__nor2_2)
                  0.05    0.07    2.56 v _5833_/Y (sky130_fd_sc_hd__nor2_2)
     2    0.01                           _0549_ (net)
                  0.05    0.00    2.56 v _5835_/A (sky130_fd_sc_hd__and2_2)
                  0.04    0.18    2.74 v _5835_/X (sky130_fd_sc_hd__and2_2)
     2    0.00                           _0551_ (net)
                  0.04    0.00    2.74 v _5863_/C (sky130_fd_sc_hd__or3_2)
                  0.08    0.43    3.18 v _5863_/X (sky130_fd_sc_hd__or3_2)
     2    0.00                           _0579_ (net)
                  0.08    0.00    3.18 v _5898_/B (sky130_fd_sc_hd__and3b_2)
                  0.05    0.23    3.41 v _5898_/X (sky130_fd_sc_hd__and3b_2)
     2    0.01                           _0614_ (net)
                  0.05    0.00    3.41 v _5931_/A2 (sky130_fd_sc_hd__o211ai_2)
                  0.27    0.26    3.67 ^ _5931_/Y (sky130_fd_sc_hd__o211ai_2)
     5    0.02                           _0647_ (net)
                  0.27    0.00    3.67 ^ _5934_/C_N (sky130_fd_sc_hd__or4bb_2)
                  0.14    0.75    4.43 v _5934_/X (sky130_fd_sc_hd__or4bb_2)
     5    0.02                           _0650_ (net)
                  0.14    0.00    4.43 v _6047_/A (sky130_fd_sc_hd__or4_2)
                  0.11    0.74    5.17 v _6047_/X (sky130_fd_sc_hd__or4_2)
     2    0.01                           _0761_ (net)
                  0.11    0.00    5.17 v _6048_/A (sky130_fd_sc_hd__buf_1)
                  0.11    0.19    5.36 v _6048_/X (sky130_fd_sc_hd__buf_1)
     5    0.02                           _0762_ (net)
                  0.11    0.00    5.36 v _6049_/D (sky130_fd_sc_hd__and4bb_2)
                  0.05    0.29    5.65 v _6049_/X (sky130_fd_sc_hd__and4bb_2)
     2    0.01                           _0763_ (net)
                  0.05    0.00    5.65 v _6129_/D1 (sky130_fd_sc_hd__a2111o_2)
                  0.08    0.38    6.03 v _6129_/X (sky130_fd_sc_hd__a2111o_2)
     2    0.01                           _0841_ (net)
                  0.08    0.00    6.03 v _6217_/A1 (sky130_fd_sc_hd__a21o_2)
                  0.07    0.25    6.27 v _6217_/X (sky130_fd_sc_hd__a21o_2)
     4    0.02                           _0929_ (net)
                  0.07    0.00    6.27 v _6384_/A2 (sky130_fd_sc_hd__a311oi_2)
                  0.29    0.33    6.61 ^ _6384_/Y (sky130_fd_sc_hd__a311oi_2)
     2    0.01                           _1108_ (net)
                  0.29    0.00    6.61 ^ _6477_/A1 (sky130_fd_sc_hd__o21ai_2)
                  0.08    0.13    6.74 v _6477_/Y (sky130_fd_sc_hd__o21ai_2)
     3    0.01                           _1210_ (net)
                  0.08    0.00    6.74 v _6559_/A1 (sky130_fd_sc_hd__a21oi_2)
                  0.19    0.22    6.95 ^ _6559_/Y (sky130_fd_sc_hd__a21oi_2)
     3    0.01                           _1299_ (net)
                  0.19    0.00    6.95 ^ _6650_/A1 (sky130_fd_sc_hd__o21ai_2)
                  0.07    0.11    7.06 v _6650_/Y (sky130_fd_sc_hd__o21ai_2)
     3    0.01                           _1398_ (net)
                  0.07    0.00    7.06 v _7067_/A2 (sky130_fd_sc_hd__a211o_2)
                  0.07    0.39    7.45 v _7067_/X (sky130_fd_sc_hd__a211o_2)
     2    0.01                           _1852_ (net)
                  0.07    0.00    7.45 v _7554_/A1 (sky130_fd_sc_hd__a311o_2)
                  0.08    0.38    7.83 v _7554_/X (sky130_fd_sc_hd__a311o_2)
     2    0.01                           _2384_ (net)
                  0.08    0.00    7.83 v _7676_/A2 (sky130_fd_sc_hd__a21oi_2)
                  0.32    0.33    8.16 ^ _7676_/Y (sky130_fd_sc_hd__a21oi_2)
     4    0.03                           _2518_ (net)
                  0.32    0.00    8.16 ^ _8023_/A2 (sky130_fd_sc_hd__o311ai_2)
                  0.15    0.21    8.38 v _8023_/Y (sky130_fd_sc_hd__o311ai_2)
     3    0.02                           _2895_ (net)
                  0.15    0.00    8.38 v _8127_/A2 (sky130_fd_sc_hd__a311oi_2)
                  0.44    0.50    8.87 ^ _8127_/Y (sky130_fd_sc_hd__a311oi_2)
     4    0.02                           _3009_ (net)
                  0.44    0.00    8.87 ^ _8428_/A2 (sky130_fd_sc_hd__o311ai_2)
                  0.12    0.19    9.06 v _8428_/Y (sky130_fd_sc_hd__o311ai_2)
     3    0.01                           _3336_ (net)
                  0.12    0.00    9.06 v _8650_/A1 (sky130_fd_sc_hd__a2111o_2)
                  0.08    0.49    9.55 v _8650_/X (sky130_fd_sc_hd__a2111o_2)
     3    0.01                           _3577_ (net)
                  0.08    0.00    9.55 v _8774_/A1 (sky130_fd_sc_hd__a22oi_2)
                  0.32    0.33    9.88 ^ _8774_/Y (sky130_fd_sc_hd__a22oi_2)
     4    0.02                           _3712_ (net)
                  0.32    0.00    9.88 ^ _8971_/A1 (sky130_fd_sc_hd__a31oi_2)
                  0.17    0.23   10.11 v _8971_/Y (sky130_fd_sc_hd__a31oi_2)
     3    0.02                           _3924_ (net)
                  0.17    0.00   10.11 v _9021_/A2 (sky130_fd_sc_hd__o41a_2)
                  0.10    0.60   10.71 v _9021_/X (sky130_fd_sc_hd__o41a_2)
     3    0.02                           _3976_ (net)
                  0.10    0.00   10.71 v _9048_/A2 (sky130_fd_sc_hd__o31ai_2)
                  0.32    0.36   11.07 ^ _9048_/Y (sky130_fd_sc_hd__o31ai_2)
     2    0.01                           _4004_ (net)
                  0.32    0.00   11.07 ^ _9049_/B (sky130_fd_sc_hd__xor2_2)
                  0.12    0.19   11.25 ^ _9049_/X (sky130_fd_sc_hd__xor2_2)
     1    0.01                           _0074_ (net)
                  0.12    0.00   11.25 ^ _9111_/D (sky130_fd_sc_hd__dfxtp_2)
                                 11.25   data arrival time

                  0.15   10.00   10.00   clock clk (rise edge)
                          0.00   10.00   clock network delay (ideal)
                         -0.25    9.75   clock uncertainty
                          0.00    9.75   clock reconvergence pessimism
                                  9.75 ^ _9111_/CLK (sky130_fd_sc_hd__dfxtp_2)
                         -0.06    9.69   library setup time
                                  9.69   data required time
-----------------------------------------------------------------------------
                                  9.69   data required time
                                -11.25   data arrival time
-----------------------------------------------------------------------------
                                 -1.57   slack (VIOLATED)



===========================================================================
report_checks --slack_max -0.01
============================================================================
Startpoint: _9197_ (rising edge-triggered flip-flop clocked by clk)
Endpoint: _9111_ (rising edge-triggered flip-flop clocked by clk)
Path Group: clk
Path Type: max

Fanout     Cap    Slew   Delay    Time   Description
-----------------------------------------------------------------------------
                  0.15    0.00    0.00   clock clk (rise edge)
                          0.00    0.00   clock network delay (ideal)
                  0.15    0.00    0.00 ^ _9197_/CLK (sky130_fd_sc_hd__dfxtp_2)
                  0.20    0.49    0.49 ^ _9197_/Q (sky130_fd_sc_hd__dfxtp_2)
     3    0.04                           P1[36] (net)
                  0.20    0.00    0.50 ^ _5793_/A (sky130_fd_sc_hd__buf_1)
                  0.28    0.29    0.79 ^ _5793_/X (sky130_fd_sc_hd__buf_1)
     5    0.02                           _0509_ (net)
                  0.28    0.00    0.79 ^ _5794_/A (sky130_fd_sc_hd__buf_1)
                  0.46    0.44    1.22 ^ _5794_/X (sky130_fd_sc_hd__buf_1)
     5    0.04                           _0510_ (net)
                  0.46    0.00    1.22 ^ _5795_/A (sky130_fd_sc_hd__buf_1)
                  0.28    0.32    1.54 ^ _5795_/X (sky130_fd_sc_hd__buf_1)
     5    0.02                           _0511_ (net)
                  0.28    0.00    1.54 ^ _5796_/A (sky130_fd_sc_hd__buf_1)
                  0.57    0.52    2.06 ^ _5796_/X (sky130_fd_sc_hd__buf_1)
     5    0.05                           _0512_ (net)
                  0.57    0.00    2.06 ^ _5798_/C (sky130_fd_sc_hd__and4_2)
                  0.15    0.43    2.49 ^ _5798_/X (sky130_fd_sc_hd__and4_2)
     3    0.02                           _0514_ (net)
                  0.15    0.00    2.49 ^ _5833_/B (sky130_fd_sc_hd__nor2_2)
                  0.05    0.07    2.56 v _5833_/Y (sky130_fd_sc_hd__nor2_2)
     2    0.01                           _0549_ (net)
                  0.05    0.00    2.56 v _5835_/A (sky130_fd_sc_hd__and2_2)
                  0.04    0.18    2.74 v _5835_/X (sky130_fd_sc_hd__and2_2)
     2    0.00                           _0551_ (net)
                  0.04    0.00    2.74 v _5863_/C (sky130_fd_sc_hd__or3_2)
                  0.08    0.43    3.18 v _5863_/X (sky130_fd_sc_hd__or3_2)
     2    0.00                           _0579_ (net)
                  0.08    0.00    3.18 v _5898_/B (sky130_fd_sc_hd__and3b_2)
                  0.05    0.23    3.41 v _5898_/X (sky130_fd_sc_hd__and3b_2)
     2    0.01                           _0614_ (net)
                  0.05    0.00    3.41 v _5931_/A2 (sky130_fd_sc_hd__o211ai_2)
                  0.27    0.26    3.67 ^ _5931_/Y (sky130_fd_sc_hd__o211ai_2)
     5    0.02                           _0647_ (net)
                  0.27    0.00    3.67 ^ _5934_/C_N (sky130_fd_sc_hd__or4bb_2)
                  0.14    0.75    4.43 v _5934_/X (sky130_fd_sc_hd__or4bb_2)
     5    0.02                           _0650_ (net)
                  0.14    0.00    4.43 v _6047_/A (sky130_fd_sc_hd__or4_2)
                  0.11    0.74    5.17 v _6047_/X (sky130_fd_sc_hd__or4_2)
     2    0.01                           _0761_ (net)
                  0.11    0.00    5.17 v _6048_/A (sky130_fd_sc_hd__buf_1)
                  0.11    0.19    5.36 v _6048_/X (sky130_fd_sc_hd__buf_1)
     5    0.02                           _0762_ (net)
                  0.11    0.00    5.36 v _6049_/D (sky130_fd_sc_hd__and4bb_2)
                  0.05    0.29    5.65 v _6049_/X (sky130_fd_sc_hd__and4bb_2)
     2    0.01                           _0763_ (net)
                  0.05    0.00    5.65 v _6129_/D1 (sky130_fd_sc_hd__a2111o_2)
                  0.08    0.38    6.03 v _6129_/X (sky130_fd_sc_hd__a2111o_2)
     2    0.01                           _0841_ (net)
                  0.08    0.00    6.03 v _6217_/A1 (sky130_fd_sc_hd__a21o_2)
                  0.07    0.25    6.27 v _6217_/X (sky130_fd_sc_hd__a21o_2)
     4    0.02                           _0929_ (net)
                  0.07    0.00    6.27 v _6384_/A2 (sky130_fd_sc_hd__a311oi_2)
                  0.29    0.33    6.61 ^ _6384_/Y (sky130_fd_sc_hd__a311oi_2)
     2    0.01                           _1108_ (net)
                  0.29    0.00    6.61 ^ _6477_/A1 (sky130_fd_sc_hd__o21ai_2)
                  0.08    0.13    6.74 v _6477_/Y (sky130_fd_sc_hd__o21ai_2)
     3    0.01                           _1210_ (net)
                  0.08    0.00    6.74 v _6559_/A1 (sky130_fd_sc_hd__a21oi_2)
                  0.19    0.22    6.95 ^ _6559_/Y (sky130_fd_sc_hd__a21oi_2)
     3    0.01                           _1299_ (net)
                  0.19    0.00    6.95 ^ _6650_/A1 (sky130_fd_sc_hd__o21ai_2)
                  0.07    0.11    7.06 v _6650_/Y (sky130_fd_sc_hd__o21ai_2)
     3    0.01                           _1398_ (net)
                  0.07    0.00    7.06 v _7067_/A2 (sky130_fd_sc_hd__a211o_2)
                  0.07    0.39    7.45 v _7067_/X (sky130_fd_sc_hd__a211o_2)
     2    0.01                           _1852_ (net)
                  0.07    0.00    7.45 v _7554_/A1 (sky130_fd_sc_hd__a311o_2)
                  0.08    0.38    7.83 v _7554_/X (sky130_fd_sc_hd__a311o_2)
     2    0.01                           _2384_ (net)
                  0.08    0.00    7.83 v _7676_/A2 (sky130_fd_sc_hd__a21oi_2)
                  0.32    0.33    8.16 ^ _7676_/Y (sky130_fd_sc_hd__a21oi_2)
     4    0.03                           _2518_ (net)
                  0.32    0.00    8.16 ^ _8023_/A2 (sky130_fd_sc_hd__o311ai_2)
                  0.15    0.21    8.38 v _8023_/Y (sky130_fd_sc_hd__o311ai_2)
     3    0.02                           _2895_ (net)
                  0.15    0.00    8.38 v _8127_/A2 (sky130_fd_sc_hd__a311oi_2)
                  0.44    0.50    8.87 ^ _8127_/Y (sky130_fd_sc_hd__a311oi_2)
     4    0.02                           _3009_ (net)
                  0.44    0.00    8.87 ^ _8428_/A2 (sky130_fd_sc_hd__o311ai_2)
                  0.12    0.19    9.06 v _8428_/Y (sky130_fd_sc_hd__o311ai_2)
     3    0.01                           _3336_ (net)
                  0.12    0.00    9.06 v _8650_/A1 (sky130_fd_sc_hd__a2111o_2)
                  0.08    0.49    9.55 v _8650_/X (sky130_fd_sc_hd__a2111o_2)
     3    0.01                           _3577_ (net)
                  0.08    0.00    9.55 v _8774_/A1 (sky130_fd_sc_hd__a22oi_2)
                  0.32    0.33    9.88 ^ _8774_/Y (sky130_fd_sc_hd__a22oi_2)
     4    0.02                           _3712_ (net)
                  0.32    0.00    9.88 ^ _8971_/A1 (sky130_fd_sc_hd__a31oi_2)
                  0.17    0.23   10.11 v _8971_/Y (sky130_fd_sc_hd__a31oi_2)
     3    0.02                           _3924_ (net)
                  0.17    0.00   10.11 v _9021_/A2 (sky130_fd_sc_hd__o41a_2)
                  0.10    0.60   10.71 v _9021_/X (sky130_fd_sc_hd__o41a_2)
     3    0.02                           _3976_ (net)
                  0.10    0.00   10.71 v _9048_/A2 (sky130_fd_sc_hd__o31ai_2)
                  0.32    0.36   11.07 ^ _9048_/Y (sky130_fd_sc_hd__o31ai_2)
     2    0.01                           _4004_ (net)
                  0.32    0.00   11.07 ^ _9049_/B (sky130_fd_sc_hd__xor2_2)
                  0.12    0.19   11.25 ^ _9049_/X (sky130_fd_sc_hd__xor2_2)
     1    0.01                           _0074_ (net)
                  0.12    0.00   11.25 ^ _9111_/D (sky130_fd_sc_hd__dfxtp_2)
                                 11.25   data arrival time

                  0.15   10.00   10.00   clock clk (rise edge)
                          0.00   10.00   clock network delay (ideal)
                         -0.25    9.75   clock uncertainty
                          0.00    9.75   clock reconvergence pessimism
                                  9.75 ^ _9111_/CLK (sky130_fd_sc_hd__dfxtp_2)
                         -0.06    9.69   library setup time
                                  9.69   data required time
-----------------------------------------------------------------------------
                                  9.69   data required time
                                -11.25   data arrival time
-----------------------------------------------------------------------------
                                 -1.57   slack (VIOLATED)


