
===========================================================================
report_checks -path_delay min (Hold)
============================================================================
Startpoint: _9190_ (rising edge-triggered flip-flop clocked by clk)
Endpoint: _9118_ (rising edge-triggered flip-flop clocked by clk)
Path Group: clk
Path Type: min

Fanout     Cap    Slew   Delay    Time   Description
-----------------------------------------------------------------------------
                          0.00    0.00   clock clk (rise edge)
                          0.00    0.00   clock source latency
                  0.21    0.14    0.14 ^ clk (in)
     1    0.05                           clk (net)
                  0.21    0.00    0.14 ^ clkbuf_0_clk/A (sky130_fd_sc_hd__clkbuf_16)
                  0.04    0.17    0.31 ^ clkbuf_0_clk/X (sky130_fd_sc_hd__clkbuf_16)
     2    0.02                           clknet_0_clk (net)
                  0.04    0.00    0.31 ^ clkbuf_1_0_0_clk/A (sky130_fd_sc_hd__clkbuf_2)
                  0.12    0.15    0.46 ^ clkbuf_1_0_0_clk/X (sky130_fd_sc_hd__clkbuf_2)
     2    0.02                           clknet_1_0_0_clk (net)
                  0.12    0.00    0.46 ^ clkbuf_2_1_0_clk/A (sky130_fd_sc_hd__clkbuf_2)
                  0.10    0.16    0.62 ^ clkbuf_2_1_0_clk/X (sky130_fd_sc_hd__clkbuf_2)
     2    0.02                           clknet_2_1_0_clk (net)
                  0.10    0.00    0.62 ^ clkbuf_3_2_0_clk/A (sky130_fd_sc_hd__clkbuf_2)
                  0.07    0.14    0.76 ^ clkbuf_3_2_0_clk/X (sky130_fd_sc_hd__clkbuf_2)
     2    0.01                           clknet_3_2_0_clk (net)
                  0.07    0.00    0.76 ^ clkbuf_4_4_0_clk/A (sky130_fd_sc_hd__clkbuf_2)
                  0.20    0.21    0.97 ^ clkbuf_4_4_0_clk/X (sky130_fd_sc_hd__clkbuf_2)
     8    0.04                           clknet_4_4_0_clk (net)
                  0.20    0.00    0.98 ^ _9190_/CLK (sky130_fd_sc_hd__dfxtp_1)
                  0.05    0.35    1.32 v _9190_/Q (sky130_fd_sc_hd__dfxtp_1)
     1    0.01                           P1[29] (net)
                  0.05    0.00    1.32 v _9118_/D (sky130_fd_sc_hd__dfxtp_1)
                                  1.32   data arrival time

                          0.00    0.00   clock clk (rise edge)
                          0.00    0.00   clock source latency
                  0.21    0.16    0.16 ^ clk (in)
     1    0.05                           clk (net)
                  0.21    0.00    0.16 ^ clkbuf_0_clk/A (sky130_fd_sc_hd__clkbuf_16)
                  0.04    0.19    0.35 ^ clkbuf_0_clk/X (sky130_fd_sc_hd__clkbuf_16)
     2    0.02                           clknet_0_clk (net)
                  0.04    0.00    0.35 ^ clkbuf_1_0_0_clk/A (sky130_fd_sc_hd__clkbuf_2)
                  0.12    0.16    0.51 ^ clkbuf_1_0_0_clk/X (sky130_fd_sc_hd__clkbuf_2)
     2    0.02                           clknet_1_0_0_clk (net)
                  0.12    0.00    0.51 ^ clkbuf_2_0_0_clk/A (sky130_fd_sc_hd__clkbuf_2)
                  0.10    0.18    0.69 ^ clkbuf_2_0_0_clk/X (sky130_fd_sc_hd__clkbuf_2)
     2    0.02                           clknet_2_0_0_clk (net)
                  0.10    0.00    0.69 ^ clkbuf_3_0_0_clk/A (sky130_fd_sc_hd__clkbuf_2)
                  0.07    0.15    0.85 ^ clkbuf_3_0_0_clk/X (sky130_fd_sc_hd__clkbuf_2)
     2    0.01                           clknet_3_0_0_clk (net)
                  0.07    0.00    0.85 ^ clkbuf_4_1_0_clk/A (sky130_fd_sc_hd__clkbuf_2)
                  0.26    0.28    1.12 ^ clkbuf_4_1_0_clk/X (sky130_fd_sc_hd__clkbuf_2)
    15    0.05                           clknet_4_1_0_clk (net)
                  0.26    0.00    1.12 ^ _9118_/CLK (sky130_fd_sc_hd__dfxtp_1)
                          0.25    1.37   clock uncertainty
                         -0.05    1.32   clock reconvergence pessimism
                         -0.01    1.32   library hold time
                                  1.32   data required time
-----------------------------------------------------------------------------
                                  1.32   data required time
                                 -1.32   data arrival time
-----------------------------------------------------------------------------
                                  0.00   slack (MET)


Startpoint: _9224_ (rising edge-triggered flip-flop clocked by clk)
Endpoint: _9160_ (rising edge-triggered flip-flop clocked by clk)
Path Group: clk
Path Type: min

Fanout     Cap    Slew   Delay    Time   Description
-----------------------------------------------------------------------------
                          0.00    0.00   clock clk (rise edge)
                          0.00    0.00   clock source latency
                  0.21    0.14    0.14 ^ clk (in)
     1    0.05                           clk (net)
                  0.21    0.00    0.14 ^ clkbuf_0_clk/A (sky130_fd_sc_hd__clkbuf_16)
                  0.04    0.17    0.31 ^ clkbuf_0_clk/X (sky130_fd_sc_hd__clkbuf_16)
     2    0.02                           clknet_0_clk (net)
                  0.04    0.00    0.31 ^ clkbuf_1_1_0_clk/A (sky130_fd_sc_hd__clkbuf_2)
                  0.11    0.14    0.46 ^ clkbuf_1_1_0_clk/X (sky130_fd_sc_hd__clkbuf_2)
     2    0.02                           clknet_1_1_0_clk (net)
                  0.11    0.00    0.46 ^ clkbuf_2_2_0_clk/A (sky130_fd_sc_hd__clkbuf_2)
                  0.11    0.17    0.62 ^ clkbuf_2_2_0_clk/X (sky130_fd_sc_hd__clkbuf_2)
     2    0.02                           clknet_2_2_0_clk (net)
                  0.11    0.00    0.62 ^ clkbuf_3_5_0_clk/A (sky130_fd_sc_hd__clkbuf_2)
                  0.07    0.14    0.76 ^ clkbuf_3_5_0_clk/X (sky130_fd_sc_hd__clkbuf_2)
     2    0.01                           clknet_3_5_0_clk (net)
                  0.07    0.00    0.76 ^ clkbuf_4_11_0_clk/A (sky130_fd_sc_hd__clkbuf_2)
                  0.20    0.22    0.98 ^ clkbuf_4_11_0_clk/X (sky130_fd_sc_hd__clkbuf_2)
     9    0.04                           clknet_4_11_0_clk (net)
                  0.20    0.00    0.98 ^ _9224_/CLK (sky130_fd_sc_hd__dfxtp_1)
                  0.10    0.39    1.37 v _9224_/Q (sky130_fd_sc_hd__dfxtp_1)
     1    0.02                           P3[0] (net)
                  0.10    0.00    1.37 v _9160_/D (sky130_fd_sc_hd__dfxtp_1)
                                  1.37   data arrival time

                          0.00    0.00   clock clk (rise edge)
                          0.00    0.00   clock source latency
                  0.21    0.16    0.16 ^ clk (in)
     1    0.05                           clk (net)
                  0.21    0.00    0.16 ^ clkbuf_0_clk/A (sky130_fd_sc_hd__clkbuf_16)
                  0.04    0.19    0.35 ^ clkbuf_0_clk/X (sky130_fd_sc_hd__clkbuf_16)
     2    0.02                           clknet_0_clk (net)
                  0.04    0.00    0.35 ^ clkbuf_1_1_0_clk/A (sky130_fd_sc_hd__clkbuf_2)
                  0.11    0.16    0.50 ^ clkbuf_1_1_0_clk/X (sky130_fd_sc_hd__clkbuf_2)
     2    0.02                           clknet_1_1_0_clk (net)
                  0.11    0.00    0.50 ^ clkbuf_2_3_0_clk/A (sky130_fd_sc_hd__clkbuf_2)
                  0.09    0.17    0.67 ^ clkbuf_2_3_0_clk/X (sky130_fd_sc_hd__clkbuf_2)
     2    0.02                           clknet_2_3_0_clk (net)
                  0.09    0.00    0.68 ^ clkbuf_3_7_0_clk/A (sky130_fd_sc_hd__clkbuf_2)
                  0.09    0.16    0.84 ^ clkbuf_3_7_0_clk/X (sky130_fd_sc_hd__clkbuf_2)
     2    0.02                           clknet_3_7_0_clk (net)
                  0.09    0.00    0.84 ^ clkbuf_4_14_0_clk/A (sky130_fd_sc_hd__clkbuf_2)
                  0.32    0.33    1.16 ^ clkbuf_4_14_0_clk/X (sky130_fd_sc_hd__clkbuf_2)
     9    0.06                           clknet_4_14_0_clk (net)
                  0.32    0.00    1.16 ^ _9160_/CLK (sky130_fd_sc_hd__dfxtp_1)
                          0.25    1.41   clock uncertainty
                         -0.05    1.37   clock reconvergence pessimism
                         -0.02    1.35   library hold time
                                  1.35   data required time
-----------------------------------------------------------------------------
                                  1.35   data required time
                                 -1.37   data arrival time
-----------------------------------------------------------------------------
                                  0.02   slack (MET)


Startpoint: _9221_ (rising edge-triggered flip-flop clocked by clk)
Endpoint: _9126_ (rising edge-triggered flip-flop clocked by clk)
Path Group: clk
Path Type: min

Fanout     Cap    Slew   Delay    Time   Description
-----------------------------------------------------------------------------
                          0.00    0.00   clock clk (rise edge)
                          0.00    0.00   clock source latency
                  0.21    0.14    0.14 ^ clk (in)
     1    0.05                           clk (net)
                  0.21    0.00    0.14 ^ clkbuf_0_clk/A (sky130_fd_sc_hd__clkbuf_16)
                  0.04    0.17    0.31 ^ clkbuf_0_clk/X (sky130_fd_sc_hd__clkbuf_16)
     2    0.02                           clknet_0_clk (net)
                  0.04    0.00    0.31 ^ clkbuf_1_0_0_clk/A (sky130_fd_sc_hd__clkbuf_2)
                  0.12    0.15    0.46 ^ clkbuf_1_0_0_clk/X (sky130_fd_sc_hd__clkbuf_2)
     2    0.02                           clknet_1_0_0_clk (net)
                  0.12    0.00    0.46 ^ clkbuf_2_0_0_clk/A (sky130_fd_sc_hd__clkbuf_2)
                  0.10    0.16    0.63 ^ clkbuf_2_0_0_clk/X (sky130_fd_sc_hd__clkbuf_2)
     2    0.02                           clknet_2_0_0_clk (net)
                  0.10    0.00    0.63 ^ clkbuf_3_1_0_clk/A (sky130_fd_sc_hd__clkbuf_2)
                  0.09    0.15    0.78 ^ clkbuf_3_1_0_clk/X (sky130_fd_sc_hd__clkbuf_2)
     2    0.01                           clknet_3_1_0_clk (net)
                  0.09    0.00    0.78 ^ clkbuf_4_3_0_clk/A (sky130_fd_sc_hd__clkbuf_2)
                  0.22    0.23    1.01 ^ clkbuf_4_3_0_clk/X (sky130_fd_sc_hd__clkbuf_2)
    10    0.04                           clknet_4_3_0_clk (net)
                  0.22    0.00    1.01 ^ _9221_/CLK (sky130_fd_sc_hd__dfxtp_1)
                  0.02    0.33    1.34 v _9221_/Q (sky130_fd_sc_hd__dfxtp_1)
     1    0.00                           P1[60] (net)
                  0.02    0.00    1.34 v _9126_/D (sky130_fd_sc_hd__dfxtp_1)
                                  1.34   data arrival time

                          0.00    0.00   clock clk (rise edge)
                          0.00    0.00   clock source latency
                  0.21    0.16    0.16 ^ clk (in)
     1    0.05                           clk (net)
                  0.21    0.00    0.16 ^ clkbuf_0_clk/A (sky130_fd_sc_hd__clkbuf_16)
                  0.04    0.19    0.35 ^ clkbuf_0_clk/X (sky130_fd_sc_hd__clkbuf_16)
     2    0.02                           clknet_0_clk (net)
                  0.04    0.00    0.35 ^ clkbuf_1_0_0_clk/A (sky130_fd_sc_hd__clkbuf_2)
                  0.12    0.16    0.51 ^ clkbuf_1_0_0_clk/X (sky130_fd_sc_hd__clkbuf_2)
     2    0.02                           clknet_1_0_0_clk (net)
                  0.12    0.00    0.51 ^ clkbuf_2_0_0_clk/A (sky130_fd_sc_hd__clkbuf_2)
                  0.10    0.18    0.69 ^ clkbuf_2_0_0_clk/X (sky130_fd_sc_hd__clkbuf_2)
     2    0.02                           clknet_2_0_0_clk (net)
                  0.10    0.00    0.69 ^ clkbuf_3_0_0_clk/A (sky130_fd_sc_hd__clkbuf_2)
                  0.07    0.15    0.85 ^ clkbuf_3_0_0_clk/X (sky130_fd_sc_hd__clkbuf_2)
     2    0.01                           clknet_3_0_0_clk (net)
                  0.07    0.00    0.85 ^ clkbuf_4_1_0_clk/A (sky130_fd_sc_hd__clkbuf_2)
                  0.26    0.28    1.12 ^ clkbuf_4_1_0_clk/X (sky130_fd_sc_hd__clkbuf_2)
    15    0.05                           clknet_4_1_0_clk (net)
                  0.26    0.00    1.12 ^ _9126_/CLK (sky130_fd_sc_hd__dfxtp_1)
                          0.25    1.37   clock uncertainty
                         -0.07    1.31   clock reconvergence pessimism
                          0.00    1.31   library hold time
                                  1.31   data required time
-----------------------------------------------------------------------------
                                  1.31   data required time
                                 -1.34   data arrival time
-----------------------------------------------------------------------------
                                  0.03   slack (MET)


Startpoint: _9188_ (rising edge-triggered flip-flop clocked by clk)
Endpoint: _9116_ (rising edge-triggered flip-flop clocked by clk)
Path Group: clk
Path Type: min

Fanout     Cap    Slew   Delay    Time   Description
-----------------------------------------------------------------------------
                          0.00    0.00   clock clk (rise edge)
                          0.00    0.00   clock source latency
                  0.21    0.14    0.14 ^ clk (in)
     1    0.05                           clk (net)
                  0.21    0.00    0.14 ^ clkbuf_0_clk/A (sky130_fd_sc_hd__clkbuf_16)
                  0.04    0.17    0.31 ^ clkbuf_0_clk/X (sky130_fd_sc_hd__clkbuf_16)
     2    0.02                           clknet_0_clk (net)
                  0.04    0.00    0.31 ^ clkbuf_1_0_0_clk/A (sky130_fd_sc_hd__clkbuf_2)
                  0.12    0.15    0.46 ^ clkbuf_1_0_0_clk/X (sky130_fd_sc_hd__clkbuf_2)
     2    0.02                           clknet_1_0_0_clk (net)
                  0.12    0.00    0.46 ^ clkbuf_2_1_0_clk/A (sky130_fd_sc_hd__clkbuf_2)
                  0.10    0.16    0.62 ^ clkbuf_2_1_0_clk/X (sky130_fd_sc_hd__clkbuf_2)
     2    0.02                           clknet_2_1_0_clk (net)
                  0.10    0.00    0.62 ^ clkbuf_3_3_0_clk/A (sky130_fd_sc_hd__clkbuf_2)
                  0.07    0.14    0.76 ^ clkbuf_3_3_0_clk/X (sky130_fd_sc_hd__clkbuf_2)
     2    0.01                           clknet_3_3_0_clk (net)
                  0.07    0.00    0.76 ^ clkbuf_4_7_0_clk/A (sky130_fd_sc_hd__clkbuf_2)
                  0.18    0.20    0.96 ^ clkbuf_4_7_0_clk/X (sky130_fd_sc_hd__clkbuf_2)
     6    0.03                           clknet_4_7_0_clk (net)
                  0.18    0.00    0.96 ^ _9188_/CLK (sky130_fd_sc_hd__dfxtp_1)
                  0.02    0.32    1.28 v _9188_/Q (sky130_fd_sc_hd__dfxtp_1)
     1    0.00                           P1[27] (net)
                  0.02    0.00    1.28 v _9116_/D (sky130_fd_sc_hd__dfxtp_2)
                                  1.28   data arrival time

                          0.00    0.00   clock clk (rise edge)
                          0.00    0.00   clock source latency
                  0.21    0.16    0.16 ^ clk (in)
     1    0.05                           clk (net)
                  0.21    0.00    0.16 ^ clkbuf_0_clk/A (sky130_fd_sc_hd__clkbuf_16)
                  0.04    0.19    0.35 ^ clkbuf_0_clk/X (sky130_fd_sc_hd__clkbuf_16)
     2    0.02                           clknet_0_clk (net)
                  0.04    0.00    0.35 ^ clkbuf_1_0_0_clk/A (sky130_fd_sc_hd__clkbuf_2)
                  0.12    0.16    0.51 ^ clkbuf_1_0_0_clk/X (sky130_fd_sc_hd__clkbuf_2)
     2    0.02                           clknet_1_0_0_clk (net)
                  0.12    0.00    0.51 ^ clkbuf_2_1_0_clk/A (sky130_fd_sc_hd__clkbuf_2)
                  0.10    0.18    0.69 ^ clkbuf_2_1_0_clk/X (sky130_fd_sc_hd__clkbuf_2)
     2    0.02                           clknet_2_1_0_clk (net)
                  0.10    0.00    0.69 ^ clkbuf_3_3_0_clk/A (sky130_fd_sc_hd__clkbuf_2)
                  0.07    0.15    0.84 ^ clkbuf_3_3_0_clk/X (sky130_fd_sc_hd__clkbuf_2)
     2    0.01                           clknet_3_3_0_clk (net)
                  0.07    0.00    0.84 ^ clkbuf_4_6_0_clk/A (sky130_fd_sc_hd__clkbuf_2)
                  0.17    0.21    1.05 ^ clkbuf_4_6_0_clk/X (sky130_fd_sc_hd__clkbuf_2)
     4    0.03                           clknet_4_6_0_clk (net)
                  0.17    0.00    1.05 ^ _9116_/CLK (sky130_fd_sc_hd__dfxtp_2)
                          0.25    1.30   clock uncertainty
                         -0.08    1.22   clock reconvergence pessimism
                         -0.01    1.21   library hold time
                                  1.21   data required time
-----------------------------------------------------------------------------
                                  1.21   data required time
                                 -1.28   data arrival time
-----------------------------------------------------------------------------
                                  0.06   slack (MET)


Startpoint: _9186_ (rising edge-triggered flip-flop clocked by clk)
Endpoint: _9114_ (rising edge-triggered flip-flop clocked by clk)
Path Group: clk
Path Type: min

Fanout     Cap    Slew   Delay    Time   Description
-----------------------------------------------------------------------------
                          0.00    0.00   clock clk (rise edge)
                          0.00    0.00   clock source latency
                  0.21    0.14    0.14 ^ clk (in)
     1    0.05                           clk (net)
                  0.21    0.00    0.14 ^ clkbuf_0_clk/A (sky130_fd_sc_hd__clkbuf_16)
                  0.04    0.17    0.31 ^ clkbuf_0_clk/X (sky130_fd_sc_hd__clkbuf_16)
     2    0.02                           clknet_0_clk (net)
                  0.04    0.00    0.31 ^ clkbuf_1_0_0_clk/A (sky130_fd_sc_hd__clkbuf_2)
                  0.12    0.15    0.46 ^ clkbuf_1_0_0_clk/X (sky130_fd_sc_hd__clkbuf_2)
     2    0.02                           clknet_1_0_0_clk (net)
                  0.12    0.00    0.46 ^ clkbuf_2_1_0_clk/A (sky130_fd_sc_hd__clkbuf_2)
                  0.10    0.16    0.62 ^ clkbuf_2_1_0_clk/X (sky130_fd_sc_hd__clkbuf_2)
     2    0.02                           clknet_2_1_0_clk (net)
                  0.10    0.00    0.62 ^ clkbuf_3_2_0_clk/A (sky130_fd_sc_hd__clkbuf_2)
                  0.07    0.14    0.76 ^ clkbuf_3_2_0_clk/X (sky130_fd_sc_hd__clkbuf_2)
     2    0.01                           clknet_3_2_0_clk (net)
                  0.07    0.00    0.76 ^ clkbuf_4_5_0_clk/A (sky130_fd_sc_hd__clkbuf_2)
                  0.19    0.20    0.97 ^ clkbuf_4_5_0_clk/X (sky130_fd_sc_hd__clkbuf_2)
     9    0.03                           clknet_4_5_0_clk (net)
                  0.19    0.00    0.97 ^ _9186_/CLK (sky130_fd_sc_hd__dfxtp_1)
                  0.02    0.32    1.29 v _9186_/Q (sky130_fd_sc_hd__dfxtp_1)
     1    0.00                           P1[25] (net)
                  0.02    0.00    1.29 v _9114_/D (sky130_fd_sc_hd__dfxtp_2)
                                  1.29   data arrival time

                          0.00    0.00   clock clk (rise edge)
                          0.00    0.00   clock source latency
                  0.21    0.16    0.16 ^ clk (in)
     1    0.05                           clk (net)
                  0.21    0.00    0.16 ^ clkbuf_0_clk/A (sky130_fd_sc_hd__clkbuf_16)
                  0.04    0.19    0.35 ^ clkbuf_0_clk/X (sky130_fd_sc_hd__clkbuf_16)
     2    0.02                           clknet_0_clk (net)
                  0.04    0.00    0.35 ^ clkbuf_1_0_0_clk/A (sky130_fd_sc_hd__clkbuf_2)
                  0.12    0.16    0.51 ^ clkbuf_1_0_0_clk/X (sky130_fd_sc_hd__clkbuf_2)
     2    0.02                           clknet_1_0_0_clk (net)
                  0.12    0.00    0.51 ^ clkbuf_2_1_0_clk/A (sky130_fd_sc_hd__clkbuf_2)
                  0.10    0.18    0.69 ^ clkbuf_2_1_0_clk/X (sky130_fd_sc_hd__clkbuf_2)
     2    0.02                           clknet_2_1_0_clk (net)
                  0.10    0.00    0.69 ^ clkbuf_3_2_0_clk/A (sky130_fd_sc_hd__clkbuf_2)
                  0.07    0.15    0.84 ^ clkbuf_3_2_0_clk/X (sky130_fd_sc_hd__clkbuf_2)
     2    0.01                           clknet_3_2_0_clk (net)
                  0.07    0.00    0.84 ^ clkbuf_4_5_0_clk/A (sky130_fd_sc_hd__clkbuf_2)
                  0.19    0.23    1.07 ^ clkbuf_4_5_0_clk/X (sky130_fd_sc_hd__clkbuf_2)
     9    0.03                           clknet_4_5_0_clk (net)
                  0.19    0.00    1.07 ^ _9114_/CLK (sky130_fd_sc_hd__dfxtp_2)
                          0.25    1.32   clock uncertainty
                         -0.10    1.22   clock reconvergence pessimism
                         -0.01    1.21   library hold time
                                  1.21   data required time
-----------------------------------------------------------------------------
                                  1.21   data required time
                                 -1.29   data arrival time
-----------------------------------------------------------------------------
                                  0.07   slack (MET)


