
===========================================================================
report_checks -unconstrained
============================================================================
Startpoint: _9195_ (rising edge-triggered flip-flop clocked by clk)
Endpoint: _9111_ (rising edge-triggered flip-flop clocked by clk)
Path Group: clk
Path Type: max

Fanout     Cap    Slew   Delay    Time   Description
-----------------------------------------------------------------------------
                          0.00    0.00   clock clk (rise edge)
                          0.00    0.00   clock source latency
                  0.21    0.16    0.16 ^ clk (in)
     1    0.05                           clk (net)
                  0.21    0.00    0.16 ^ clkbuf_0_clk/A (sky130_fd_sc_hd__clkbuf_16)
                  0.04    0.19    0.34 ^ clkbuf_0_clk/X (sky130_fd_sc_hd__clkbuf_16)
     2    0.02                           clknet_0_clk (net)
                  0.04    0.00    0.34 ^ clkbuf_1_1_0_clk/A (sky130_fd_sc_hd__clkbuf_2)
                  0.14    0.18    0.52 ^ clkbuf_1_1_0_clk/X (sky130_fd_sc_hd__clkbuf_2)
     2    0.02                           clknet_1_1_0_clk (net)
                  0.14    0.00    0.52 ^ clkbuf_2_2_0_clk/A (sky130_fd_sc_hd__clkbuf_2)
                  0.11    0.19    0.72 ^ clkbuf_2_2_0_clk/X (sky130_fd_sc_hd__clkbuf_2)
     2    0.02                           clknet_2_2_0_clk (net)
                  0.11    0.00    0.72 ^ clkbuf_3_5_0_clk/A (sky130_fd_sc_hd__clkbuf_2)
                  0.07    0.16    0.87 ^ clkbuf_3_5_0_clk/X (sky130_fd_sc_hd__clkbuf_2)
     2    0.01                           clknet_3_5_0_clk (net)
                  0.07    0.00    0.87 ^ clkbuf_4_10_0_clk/A (sky130_fd_sc_hd__clkbuf_2)
                  0.25    0.27    1.15 ^ clkbuf_4_10_0_clk/X (sky130_fd_sc_hd__clkbuf_2)
    13    0.05                           clknet_4_10_0_clk (net)
                  0.25    0.00    1.15 ^ _9195_/CLK (sky130_fd_sc_hd__dfxtp_1)
                  0.18    0.49    1.64 ^ _9195_/Q (sky130_fd_sc_hd__dfxtp_1)
     2    0.02                           P1[34] (net)
                  0.18    0.00    1.64 ^ _5806_/A (sky130_fd_sc_hd__dlymetal6s2s_1)
                  0.23    0.27    1.90 ^ _5806_/X (sky130_fd_sc_hd__dlymetal6s2s_1)
     5    0.02                           _0522_ (net)
                  0.23    0.00    1.90 ^ _5852_/A (sky130_fd_sc_hd__buf_2)
                  0.16    0.26    2.17 ^ _5852_/X (sky130_fd_sc_hd__buf_2)
     5    0.03                           _0568_ (net)
                  0.16    0.00    2.17 ^ _5853_/A2 (sky130_fd_sc_hd__a22oi_2)
                  0.07    0.12    2.29 v _5853_/Y (sky130_fd_sc_hd__a22oi_2)
     3    0.01                           _0569_ (net)
                  0.07    0.00    2.29 v _5854_/C (sky130_fd_sc_hd__or3_1)
                  0.08    0.34    2.64 v _5854_/X (sky130_fd_sc_hd__or3_1)
     2    0.01                           _0570_ (net)
                  0.08    0.00    2.64 v _5859_/A1 (sky130_fd_sc_hd__a21o_1)
                  0.05    0.19    2.83 v _5859_/X (sky130_fd_sc_hd__a21o_1)
     2    0.01                           _0575_ (net)
                  0.05    0.00    2.83 v _5860_/B (sky130_fd_sc_hd__and2b_1)
                  0.06    0.19    3.02 v _5860_/X (sky130_fd_sc_hd__and2b_1)
     1    0.01                           _0576_ (net)
                  0.06    0.00    3.02 v _5861_/B (sky130_fd_sc_hd__xor2_2)
                  0.09    0.18    3.19 v _5861_/X (sky130_fd_sc_hd__xor2_2)
     2    0.01                           _0577_ (net)
                  0.09    0.00    3.19 v _5863_/A (sky130_fd_sc_hd__or3_1)
                  0.08    0.41    3.61 v _5863_/X (sky130_fd_sc_hd__or3_1)
     2    0.00                           _0579_ (net)
                  0.08    0.00    3.61 v _5898_/B (sky130_fd_sc_hd__and3b_1)
                  0.07    0.22    3.83 v _5898_/X (sky130_fd_sc_hd__and3b_1)
     2    0.01                           _0614_ (net)
                  0.07    0.00    3.83 v _5931_/A2 (sky130_fd_sc_hd__o211ai_4)
                  0.21    0.23    4.06 ^ _5931_/Y (sky130_fd_sc_hd__o211ai_4)
     5    0.02                           _0647_ (net)
                  0.21    0.00    4.06 ^ _5934_/C_N (sky130_fd_sc_hd__or4bb_2)
                  0.13    0.73    4.78 v _5934_/X (sky130_fd_sc_hd__or4bb_2)
     5    0.01                           _0650_ (net)
                  0.13    0.00    4.78 v _6047_/A (sky130_fd_sc_hd__or4_1)
                  0.09    0.59    5.37 v _6047_/X (sky130_fd_sc_hd__or4_1)
     2    0.00                           _0761_ (net)
                  0.09    0.00    5.37 v _6048_/A (sky130_fd_sc_hd__dlymetal6s2s_1)
                  0.09    0.21    5.58 v _6048_/X (sky130_fd_sc_hd__dlymetal6s2s_1)
     5    0.01                           _0762_ (net)
                  0.09    0.00    5.58 v _6049_/D (sky130_fd_sc_hd__and4bb_1)
                  0.06    0.25    5.83 v _6049_/X (sky130_fd_sc_hd__and4bb_1)
     2    0.01                           _0763_ (net)
                  0.06    0.00    5.83 v _6129_/D1 (sky130_fd_sc_hd__a2111o_1)
                  0.07    0.32    6.15 v _6129_/X (sky130_fd_sc_hd__a2111o_1)
     2    0.01                           _0841_ (net)
                  0.07    0.00    6.15 v _6217_/A1 (sky130_fd_sc_hd__a21o_1)
                  0.08    0.22    6.37 v _6217_/X (sky130_fd_sc_hd__a21o_1)
     4    0.01                           _0929_ (net)
                  0.08    0.00    6.37 v _6384_/A2 (sky130_fd_sc_hd__a311oi_2)
                  0.25    0.31    6.67 ^ _6384_/Y (sky130_fd_sc_hd__a311oi_2)
     2    0.01                           _1108_ (net)
                  0.25    0.00    6.68 ^ _6477_/A1 (sky130_fd_sc_hd__o21ai_1)
                  0.10    0.16    6.83 v _6477_/Y (sky130_fd_sc_hd__o21ai_1)
     3    0.01                           _1210_ (net)
                  0.10    0.00    6.83 v _6559_/A1 (sky130_fd_sc_hd__a21oi_1)
                  0.22    0.23    7.07 ^ _6559_/Y (sky130_fd_sc_hd__a21oi_1)
     3    0.01                           _1299_ (net)
                  0.22    0.00    7.07 ^ _6650_/A1 (sky130_fd_sc_hd__o21ai_1)
                  0.11    0.16    7.23 v _6650_/Y (sky130_fd_sc_hd__o21ai_1)
     3    0.01                           _1398_ (net)
                  0.11    0.00    7.23 v _7067_/A2 (sky130_fd_sc_hd__a211o_1)
                  0.08    0.37    7.59 v _7067_/X (sky130_fd_sc_hd__a211o_1)
     2    0.01                           _1852_ (net)
                  0.08    0.00    7.59 v _7554_/A1 (sky130_fd_sc_hd__a311o_2)
                  0.09    0.40    7.99 v _7554_/X (sky130_fd_sc_hd__a311o_2)
     2    0.02                           _2384_ (net)
                  0.09    0.00    7.99 v _7676_/A2 (sky130_fd_sc_hd__a21oi_4)
                  0.25    0.29    8.28 ^ _7676_/Y (sky130_fd_sc_hd__a21oi_4)
     4    0.03                           _2518_ (net)
                  0.25    0.00    8.28 ^ _8023_/A2 (sky130_fd_sc_hd__o311ai_4)
                  0.12    0.17    8.45 v _8023_/Y (sky130_fd_sc_hd__o311ai_4)
     3    0.02                           _2895_ (net)
                  0.12    0.00    8.45 v _8127_/A2 (sky130_fd_sc_hd__a311oi_4)
                  0.36    0.42    8.87 ^ _8127_/Y (sky130_fd_sc_hd__a311oi_4)
     4    0.02                           _3009_ (net)
                  0.36    0.00    8.87 ^ _8428_/A2 (sky130_fd_sc_hd__o311ai_4)
                  0.10    0.15    9.02 v _8428_/Y (sky130_fd_sc_hd__o311ai_4)
     3    0.01                           _3336_ (net)
                  0.10    0.00    9.02 v _8650_/A1 (sky130_fd_sc_hd__a2111o_1)
                  0.11    0.46    9.48 v _8650_/X (sky130_fd_sc_hd__a2111o_1)
     3    0.01                           _3577_ (net)
                  0.11    0.00    9.48 v _8774_/A1 (sky130_fd_sc_hd__a22oi_4)
                  0.23    0.28    9.76 ^ _8774_/Y (sky130_fd_sc_hd__a22oi_4)
     4    0.02                           _3712_ (net)
                  0.23    0.00    9.76 ^ _8971_/A1 (sky130_fd_sc_hd__a31oi_4)
                  0.11    0.15    9.91 v _8971_/Y (sky130_fd_sc_hd__a31oi_4)
     3    0.01                           _3924_ (net)
                  0.11    0.00    9.91 v _9021_/A2 (sky130_fd_sc_hd__o41a_1)
                  0.11    0.51   10.42 v _9021_/X (sky130_fd_sc_hd__o41a_1)
     3    0.01                           _3976_ (net)
                  0.11    0.00   10.42 v _9048_/A2 (sky130_fd_sc_hd__o31ai_2)
                  0.27    0.31   10.73 ^ _9048_/Y (sky130_fd_sc_hd__o31ai_2)
     2    0.01                           _4004_ (net)
                  0.27    0.00   10.73 ^ _9049_/B (sky130_fd_sc_hd__xor2_1)
                  0.17    0.23   10.96 ^ _9049_/X (sky130_fd_sc_hd__xor2_1)
     1    0.01                           _0074_ (net)
                  0.17    0.00   10.96 ^ _9111_/D (sky130_fd_sc_hd__dfxtp_2)
                                 10.96   data arrival time

                         11.00   11.00   clock clk (rise edge)
                          0.00   11.00   clock source latency
                  0.21    0.14   11.14 ^ clk (in)
     1    0.05                           clk (net)
                  0.21    0.00   11.14 ^ clkbuf_0_clk/A (sky130_fd_sc_hd__clkbuf_16)
                  0.04    0.17   11.31 ^ clkbuf_0_clk/X (sky130_fd_sc_hd__clkbuf_16)
     2    0.02                           clknet_0_clk (net)
                  0.04    0.00   11.31 ^ clkbuf_1_0_0_clk/A (sky130_fd_sc_hd__clkbuf_2)
                  0.13    0.16   11.47 ^ clkbuf_1_0_0_clk/X (sky130_fd_sc_hd__clkbuf_2)
     2    0.02                           clknet_1_0_0_clk (net)
                  0.13    0.00   11.47 ^ clkbuf_2_0_0_clk/A (sky130_fd_sc_hd__clkbuf_2)
                  0.08    0.15   11.62 ^ clkbuf_2_0_0_clk/X (sky130_fd_sc_hd__clkbuf_2)
     2    0.01                           clknet_2_0_0_clk (net)
                  0.08    0.00   11.62 ^ clkbuf_3_0_0_clk/A (sky130_fd_sc_hd__clkbuf_2)
                  0.05    0.11   11.73 ^ clkbuf_3_0_0_clk/X (sky130_fd_sc_hd__clkbuf_2)
     2    0.01                           clknet_3_0_0_clk (net)
                  0.05    0.00   11.73 ^ clkbuf_4_1_0_clk/A (sky130_fd_sc_hd__clkbuf_2)
                  0.25    0.24   11.97 ^ clkbuf_4_1_0_clk/X (sky130_fd_sc_hd__clkbuf_2)
    15    0.05                           clknet_4_1_0_clk (net)
                  0.25    0.00   11.97 ^ _9111_/CLK (sky130_fd_sc_hd__dfxtp_2)
                         -0.25   11.72   clock uncertainty
                          0.03   11.75   clock reconvergence pessimism
                         -0.06   11.69   library setup time
                                 11.69   data required time
-----------------------------------------------------------------------------
                                 11.69   data required time
                                -10.96   data arrival time
-----------------------------------------------------------------------------
                                  0.73   slack (MET)



===========================================================================
report_checks --slack_max -0.01
============================================================================
No paths found.
