
===========================================================================
report_checks -unconstrained
============================================================================
Startpoint: _9165_ (rising edge-triggered flip-flop clocked by clk)
Endpoint: _9082_ (rising edge-triggered flip-flop clocked by clk)
Path Group: clk
Path Type: max

Fanout     Cap    Slew   Delay    Time   Description
-----------------------------------------------------------------------------
                  0.15    0.00    0.00   clock clk (rise edge)
                          0.00    0.00   clock network delay (ideal)
                  0.15    0.00    0.00 ^ _9165_/CLK (sky130_fd_sc_hd__dfxtp_2)
                  0.04    0.37    0.37 ^ _9165_/Q (sky130_fd_sc_hd__dfxtp_2)
     2    0.00                           P1[34] (net)
                  0.04    0.00    0.37 ^ _5786_/A (sky130_fd_sc_hd__buf_1)
                  0.17    0.17    0.54 ^ _5786_/X (sky130_fd_sc_hd__buf_1)
     5    0.01                           _0517_ (net)
                  0.17    0.00    0.55 ^ _5787_/A (sky130_fd_sc_hd__buf_1)
                  0.17    0.20    0.75 ^ _5787_/X (sky130_fd_sc_hd__buf_1)
     5    0.01                           _0518_ (net)
                  0.17    0.01    0.75 ^ _5829_/A2 (sky130_fd_sc_hd__a22oi_2)
                  0.10    0.13    0.88 v _5829_/Y (sky130_fd_sc_hd__a22oi_2)
     3    0.01                           _0560_ (net)
                  0.10    0.00    0.88 v _5830_/C (sky130_fd_sc_hd__or3_2)
                  0.08    0.45    1.33 v _5830_/X (sky130_fd_sc_hd__or3_2)
     2    0.00                           _0561_ (net)
                  0.08    0.00    1.33 v _5835_/A1 (sky130_fd_sc_hd__a21o_2)
                  0.04    0.21    1.54 v _5835_/X (sky130_fd_sc_hd__a21o_2)
     2    0.00                           _0566_ (net)
                  0.04    0.00    1.55 v _5836_/B (sky130_fd_sc_hd__and2b_2)
                  0.05    0.21    1.76 v _5836_/X (sky130_fd_sc_hd__and2b_2)
     1    0.01                           _0567_ (net)
                  0.06    0.01    1.77 v _5837_/B (sky130_fd_sc_hd__xor2_2)
                  0.06    0.15    1.92 v _5837_/X (sky130_fd_sc_hd__xor2_2)
     2    0.00                           _0568_ (net)
                  0.06    0.00    1.92 v _5839_/A (sky130_fd_sc_hd__or3_2)
                  0.08    0.50    2.42 v _5839_/X (sky130_fd_sc_hd__or3_2)
     2    0.00                           _0570_ (net)
                  0.08    0.00    2.42 v _5875_/B (sky130_fd_sc_hd__and3b_2)
                  0.05    0.23    2.65 v _5875_/X (sky130_fd_sc_hd__and3b_2)
     2    0.01                           _0606_ (net)
                  0.05    0.01    2.65 v _5912_/A2 (sky130_fd_sc_hd__o211ai_2)
                  0.21    0.21    2.86 ^ _5912_/Y (sky130_fd_sc_hd__o211ai_2)
     5    0.01                           _0643_ (net)
                  0.21    0.00    2.86 ^ _5915_/C_N (sky130_fd_sc_hd__or4bb_2)
                  0.14    0.73    3.60 v _5915_/X (sky130_fd_sc_hd__or4bb_2)
     5    0.01                           _0646_ (net)
                  0.14    0.00    3.60 v _6025_/A (sky130_fd_sc_hd__or4_2)
                  0.10    0.72    4.32 v _6025_/X (sky130_fd_sc_hd__or4_2)
     2    0.00                           _0754_ (net)
                  0.10    0.00    4.32 v _6027_/A (sky130_fd_sc_hd__buf_1)
                  0.11    0.18    4.50 v _6027_/X (sky130_fd_sc_hd__buf_1)
     5    0.02                           _0756_ (net)
                  0.11    0.00    4.51 v _6112_/A1 (sky130_fd_sc_hd__a2111o_2)
                  0.07    0.47    4.98 v _6112_/X (sky130_fd_sc_hd__a2111o_2)
     2    0.01                           _0839_ (net)
                  0.08    0.00    4.98 v _6190_/A1 (sky130_fd_sc_hd__a21o_2)
                  0.06    0.24    5.22 v _6190_/X (sky130_fd_sc_hd__a21o_2)
     4    0.01                           _0917_ (net)
                  0.06    0.01    5.23 v _6356_/A2 (sky130_fd_sc_hd__a311oi_2)
                  0.25    0.29    5.52 ^ _6356_/Y (sky130_fd_sc_hd__a311oi_2)
     2    0.01                           _1093_ (net)
                  0.25    0.01    5.53 ^ _6446_/A1 (sky130_fd_sc_hd__o21ai_2)
                  0.07    0.12    5.65 v _6446_/Y (sky130_fd_sc_hd__o21ai_2)
     3    0.01                           _1192_ (net)
                  0.07    0.01    5.65 v _6528_/A1 (sky130_fd_sc_hd__a21oi_2)
                  0.17    0.20    5.85 ^ _6528_/Y (sky130_fd_sc_hd__a21oi_2)
     3    0.01                           _1281_ (net)
                  0.17    0.01    5.86 ^ _6624_/A1 (sky130_fd_sc_hd__o21ai_2)
                  0.05    0.09    5.95 v _6624_/Y (sky130_fd_sc_hd__o21ai_2)
     3    0.01                           _1386_ (net)
                  0.05    0.00    5.96 v _7039_/A2 (sky130_fd_sc_hd__a211o_2)
                  0.06    0.36    6.31 v _7039_/X (sky130_fd_sc_hd__a211o_2)
     2    0.01                           _1838_ (net)
                  0.06    0.00    6.32 v _7528_/A1 (sky130_fd_sc_hd__a311o_2)
                  0.06    0.34    6.66 v _7528_/X (sky130_fd_sc_hd__a311o_2)
     2    0.01                           _2371_ (net)
                  0.07    0.01    6.67 v _7650_/A2 (sky130_fd_sc_hd__a21oi_2)
                  0.23    0.25    6.92 ^ _7650_/Y (sky130_fd_sc_hd__a21oi_2)
     4    0.02                           _2506_ (net)
                  0.23    0.01    6.93 ^ _7997_/A2 (sky130_fd_sc_hd__o311ai_2)
                  0.12    0.17    7.10 v _7997_/Y (sky130_fd_sc_hd__o311ai_2)
     3    0.01                           _2883_ (net)
                  0.12    0.01    7.10 v _8101_/A2 (sky130_fd_sc_hd__a311oi_2)
                  0.40    0.45    7.55 ^ _8101_/Y (sky130_fd_sc_hd__a311oi_2)
     4    0.02                           _2997_ (net)
                  0.40    0.01    7.56 ^ _8402_/A2 (sky130_fd_sc_hd__o311ai_2)
                  0.11    0.17    7.73 v _8402_/Y (sky130_fd_sc_hd__o311ai_2)
     3    0.01                           _3324_ (net)
                  0.11    0.00    7.74 v _8623_/A1 (sky130_fd_sc_hd__a2111o_2)
                  0.08    0.48    8.22 v _8623_/X (sky130_fd_sc_hd__a2111o_2)
     3    0.01                           _3564_ (net)
                  0.08    0.01    8.22 v _8746_/A1 (sky130_fd_sc_hd__a22oi_2)
                  0.29    0.29    8.52 ^ _8746_/Y (sky130_fd_sc_hd__a22oi_2)
     4    0.02                           _3697_ (net)
                  0.29    0.01    8.52 ^ _8942_/A1 (sky130_fd_sc_hd__a31oi_2)
                  0.14    0.19    8.71 v _8942_/Y (sky130_fd_sc_hd__a31oi_2)
     3    0.01                           _3909_ (net)
                  0.14    0.00    8.71 v _8992_/A2 (sky130_fd_sc_hd__o41a_2)
                  0.10    0.58    9.29 v _8992_/X (sky130_fd_sc_hd__o41a_2)
     3    0.02                           _3961_ (net)
                  0.10    0.01    9.29 v _9019_/A2 (sky130_fd_sc_hd__o31ai_2)
                  0.30    0.34    9.64 ^ _9019_/Y (sky130_fd_sc_hd__o31ai_2)
     2    0.01                           _3989_ (net)
                  0.30    0.00    9.64 ^ _9022_/A2 (sky130_fd_sc_hd__a21bo_2)
                  0.03    0.19    9.83 ^ _9022_/X (sky130_fd_sc_hd__a21bo_2)
     1    0.00                           _0075_ (net)
                  0.03    0.00    9.83 ^ _9082_/D (sky130_fd_sc_hd__dfxtp_2)
                                  9.83   data arrival time

                  0.15   10.00   10.00   clock clk (rise edge)
                          0.00   10.00   clock network delay (ideal)
                         -0.25    9.75   clock uncertainty
                          0.00    9.75   clock reconvergence pessimism
                                  9.75 ^ _9082_/CLK (sky130_fd_sc_hd__dfxtp_2)
                         -0.04    9.71   library setup time
                                  9.71   data required time
-----------------------------------------------------------------------------
                                  9.71   data required time
                                 -9.83   data arrival time
-----------------------------------------------------------------------------
                                 -0.12   slack (VIOLATED)



===========================================================================
report_checks --slack_max -0.01
============================================================================
Startpoint: _9165_ (rising edge-triggered flip-flop clocked by clk)
Endpoint: _9082_ (rising edge-triggered flip-flop clocked by clk)
Path Group: clk
Path Type: max

Fanout     Cap    Slew   Delay    Time   Description
-----------------------------------------------------------------------------
                  0.15    0.00    0.00   clock clk (rise edge)
                          0.00    0.00   clock network delay (ideal)
                  0.15    0.00    0.00 ^ _9165_/CLK (sky130_fd_sc_hd__dfxtp_2)
                  0.04    0.37    0.37 ^ _9165_/Q (sky130_fd_sc_hd__dfxtp_2)
     2    0.00                           P1[34] (net)
                  0.04    0.00    0.37 ^ _5786_/A (sky130_fd_sc_hd__buf_1)
                  0.17    0.17    0.54 ^ _5786_/X (sky130_fd_sc_hd__buf_1)
     5    0.01                           _0517_ (net)
                  0.17    0.00    0.55 ^ _5787_/A (sky130_fd_sc_hd__buf_1)
                  0.17    0.20    0.75 ^ _5787_/X (sky130_fd_sc_hd__buf_1)
     5    0.01                           _0518_ (net)
                  0.17    0.01    0.75 ^ _5829_/A2 (sky130_fd_sc_hd__a22oi_2)
                  0.10    0.13    0.88 v _5829_/Y (sky130_fd_sc_hd__a22oi_2)
     3    0.01                           _0560_ (net)
                  0.10    0.00    0.88 v _5830_/C (sky130_fd_sc_hd__or3_2)
                  0.08    0.45    1.33 v _5830_/X (sky130_fd_sc_hd__or3_2)
     2    0.00                           _0561_ (net)
                  0.08    0.00    1.33 v _5835_/A1 (sky130_fd_sc_hd__a21o_2)
                  0.04    0.21    1.54 v _5835_/X (sky130_fd_sc_hd__a21o_2)
     2    0.00                           _0566_ (net)
                  0.04    0.00    1.55 v _5836_/B (sky130_fd_sc_hd__and2b_2)
                  0.05    0.21    1.76 v _5836_/X (sky130_fd_sc_hd__and2b_2)
     1    0.01                           _0567_ (net)
                  0.06    0.01    1.77 v _5837_/B (sky130_fd_sc_hd__xor2_2)
                  0.06    0.15    1.92 v _5837_/X (sky130_fd_sc_hd__xor2_2)
     2    0.00                           _0568_ (net)
                  0.06    0.00    1.92 v _5839_/A (sky130_fd_sc_hd__or3_2)
                  0.08    0.50    2.42 v _5839_/X (sky130_fd_sc_hd__or3_2)
     2    0.00                           _0570_ (net)
                  0.08    0.00    2.42 v _5875_/B (sky130_fd_sc_hd__and3b_2)
                  0.05    0.23    2.65 v _5875_/X (sky130_fd_sc_hd__and3b_2)
     2    0.01                           _0606_ (net)
                  0.05    0.01    2.65 v _5912_/A2 (sky130_fd_sc_hd__o211ai_2)
                  0.21    0.21    2.86 ^ _5912_/Y (sky130_fd_sc_hd__o211ai_2)
     5    0.01                           _0643_ (net)
                  0.21    0.00    2.86 ^ _5915_/C_N (sky130_fd_sc_hd__or4bb_2)
                  0.14    0.73    3.60 v _5915_/X (sky130_fd_sc_hd__or4bb_2)
     5    0.01                           _0646_ (net)
                  0.14    0.00    3.60 v _6025_/A (sky130_fd_sc_hd__or4_2)
                  0.10    0.72    4.32 v _6025_/X (sky130_fd_sc_hd__or4_2)
     2    0.00                           _0754_ (net)
                  0.10    0.00    4.32 v _6027_/A (sky130_fd_sc_hd__buf_1)
                  0.11    0.18    4.50 v _6027_/X (sky130_fd_sc_hd__buf_1)
     5    0.02                           _0756_ (net)
                  0.11    0.00    4.51 v _6112_/A1 (sky130_fd_sc_hd__a2111o_2)
                  0.07    0.47    4.98 v _6112_/X (sky130_fd_sc_hd__a2111o_2)
     2    0.01                           _0839_ (net)
                  0.08    0.00    4.98 v _6190_/A1 (sky130_fd_sc_hd__a21o_2)
                  0.06    0.24    5.22 v _6190_/X (sky130_fd_sc_hd__a21o_2)
     4    0.01                           _0917_ (net)
                  0.06    0.01    5.23 v _6356_/A2 (sky130_fd_sc_hd__a311oi_2)
                  0.25    0.29    5.52 ^ _6356_/Y (sky130_fd_sc_hd__a311oi_2)
     2    0.01                           _1093_ (net)
                  0.25    0.01    5.53 ^ _6446_/A1 (sky130_fd_sc_hd__o21ai_2)
                  0.07    0.12    5.65 v _6446_/Y (sky130_fd_sc_hd__o21ai_2)
     3    0.01                           _1192_ (net)
                  0.07    0.01    5.65 v _6528_/A1 (sky130_fd_sc_hd__a21oi_2)
                  0.17    0.20    5.85 ^ _6528_/Y (sky130_fd_sc_hd__a21oi_2)
     3    0.01                           _1281_ (net)
                  0.17    0.01    5.86 ^ _6624_/A1 (sky130_fd_sc_hd__o21ai_2)
                  0.05    0.09    5.95 v _6624_/Y (sky130_fd_sc_hd__o21ai_2)
     3    0.01                           _1386_ (net)
                  0.05    0.00    5.96 v _7039_/A2 (sky130_fd_sc_hd__a211o_2)
                  0.06    0.36    6.31 v _7039_/X (sky130_fd_sc_hd__a211o_2)
     2    0.01                           _1838_ (net)
                  0.06    0.00    6.32 v _7528_/A1 (sky130_fd_sc_hd__a311o_2)
                  0.06    0.34    6.66 v _7528_/X (sky130_fd_sc_hd__a311o_2)
     2    0.01                           _2371_ (net)
                  0.07    0.01    6.67 v _7650_/A2 (sky130_fd_sc_hd__a21oi_2)
                  0.23    0.25    6.92 ^ _7650_/Y (sky130_fd_sc_hd__a21oi_2)
     4    0.02                           _2506_ (net)
                  0.23    0.01    6.93 ^ _7997_/A2 (sky130_fd_sc_hd__o311ai_2)
                  0.12    0.17    7.10 v _7997_/Y (sky130_fd_sc_hd__o311ai_2)
     3    0.01                           _2883_ (net)
                  0.12    0.01    7.10 v _8101_/A2 (sky130_fd_sc_hd__a311oi_2)
                  0.40    0.45    7.55 ^ _8101_/Y (sky130_fd_sc_hd__a311oi_2)
     4    0.02                           _2997_ (net)
                  0.40    0.01    7.56 ^ _8402_/A2 (sky130_fd_sc_hd__o311ai_2)
                  0.11    0.17    7.73 v _8402_/Y (sky130_fd_sc_hd__o311ai_2)
     3    0.01                           _3324_ (net)
                  0.11    0.00    7.74 v _8623_/A1 (sky130_fd_sc_hd__a2111o_2)
                  0.08    0.48    8.22 v _8623_/X (sky130_fd_sc_hd__a2111o_2)
     3    0.01                           _3564_ (net)
                  0.08    0.01    8.22 v _8746_/A1 (sky130_fd_sc_hd__a22oi_2)
                  0.29    0.29    8.52 ^ _8746_/Y (sky130_fd_sc_hd__a22oi_2)
     4    0.02                           _3697_ (net)
                  0.29    0.01    8.52 ^ _8942_/A1 (sky130_fd_sc_hd__a31oi_2)
                  0.14    0.19    8.71 v _8942_/Y (sky130_fd_sc_hd__a31oi_2)
     3    0.01                           _3909_ (net)
                  0.14    0.00    8.71 v _8992_/A2 (sky130_fd_sc_hd__o41a_2)
                  0.10    0.58    9.29 v _8992_/X (sky130_fd_sc_hd__o41a_2)
     3    0.02                           _3961_ (net)
                  0.10    0.01    9.29 v _9019_/A2 (sky130_fd_sc_hd__o31ai_2)
                  0.30    0.34    9.64 ^ _9019_/Y (sky130_fd_sc_hd__o31ai_2)
     2    0.01                           _3989_ (net)
                  0.30    0.00    9.64 ^ _9022_/A2 (sky130_fd_sc_hd__a21bo_2)
                  0.03    0.19    9.83 ^ _9022_/X (sky130_fd_sc_hd__a21bo_2)
     1    0.00                           _0075_ (net)
                  0.03    0.00    9.83 ^ _9082_/D (sky130_fd_sc_hd__dfxtp_2)
                                  9.83   data arrival time

                  0.15   10.00   10.00   clock clk (rise edge)
                          0.00   10.00   clock network delay (ideal)
                         -0.25    9.75   clock uncertainty
                          0.00    9.75   clock reconvergence pessimism
                                  9.75 ^ _9082_/CLK (sky130_fd_sc_hd__dfxtp_2)
                         -0.04    9.71   library setup time
                                  9.71   data required time
-----------------------------------------------------------------------------
                                  9.71   data required time
                                 -9.83   data arrival time
-----------------------------------------------------------------------------
                                 -0.12   slack (VIOLATED)


