
===========================================================================
report_checks -path_delay min (Hold)
============================================================================
Startpoint: _9161_ (rising edge-triggered flip-flop clocked by clk)
Endpoint: _9066_ (rising edge-triggered flip-flop clocked by clk)
Path Group: clk
Path Type: min

Fanout     Cap    Slew   Delay    Time   Description
-----------------------------------------------------------------------------
                  0.15    0.00    0.00   clock clk (rise edge)
                          0.00    0.00   clock network delay (ideal)
                  0.15    0.00    0.00 ^ _9161_/CLK (sky130_fd_sc_hd__dfxtp_2)
                  0.02    0.32    0.32 v _9161_/Q (sky130_fd_sc_hd__dfxtp_2)
     1    0.00                           P1[0] (net)
                  0.02    0.00    0.32 v _9066_/D (sky130_fd_sc_hd__dfxtp_2)
                                  0.32   data arrival time

                  0.15    0.00    0.00   clock clk (rise edge)
                          0.00    0.00   clock network delay (ideal)
                          0.25    0.25   clock uncertainty
                          0.00    0.25   clock reconvergence pessimism
                                  0.25 ^ _9066_/CLK (sky130_fd_sc_hd__dfxtp_2)
                         -0.01    0.24   library hold time
                                  0.24   data required time
-----------------------------------------------------------------------------
                                  0.24   data required time
                                 -0.32   data arrival time
-----------------------------------------------------------------------------
                                  0.08   slack (MET)


Startpoint: _9066_ (rising edge-triggered flip-flop clocked by clk)
Endpoint: _9224_ (rising edge-triggered flip-flop clocked by clk)
Path Group: clk
Path Type: min

Fanout     Cap    Slew   Delay    Time   Description
-----------------------------------------------------------------------------
                  0.15    0.00    0.00   clock clk (rise edge)
                          0.00    0.00   clock network delay (ideal)
                  0.15    0.00    0.00 ^ _9066_/CLK (sky130_fd_sc_hd__dfxtp_2)
                  0.02    0.32    0.32 v _9066_/Q (sky130_fd_sc_hd__dfxtp_2)
     1    0.00                           P2[0] (net)
                  0.02    0.00    0.32 v _9224_/D (sky130_fd_sc_hd__dfxtp_2)
                                  0.32   data arrival time

                  0.15    0.00    0.00   clock clk (rise edge)
                          0.00    0.00   clock network delay (ideal)
                          0.25    0.25   clock uncertainty
                          0.00    0.25   clock reconvergence pessimism
                                  0.25 ^ _9224_/CLK (sky130_fd_sc_hd__dfxtp_2)
                         -0.01    0.24   library hold time
                                  0.24   data required time
-----------------------------------------------------------------------------
                                  0.24   data required time
                                 -0.32   data arrival time
-----------------------------------------------------------------------------
                                  0.08   slack (MET)


Startpoint: _9222_ (rising edge-triggered flip-flop clocked by clk)
Endpoint: _9127_ (rising edge-triggered flip-flop clocked by clk)
Path Group: clk
Path Type: min

Fanout     Cap    Slew   Delay    Time   Description
-----------------------------------------------------------------------------
                  0.15    0.00    0.00   clock clk (rise edge)
                          0.00    0.00   clock network delay (ideal)
                  0.15    0.00    0.00 ^ _9222_/CLK (sky130_fd_sc_hd__dfxtp_2)
                  0.02    0.32    0.32 v _9222_/Q (sky130_fd_sc_hd__dfxtp_2)
     1    0.00                           P1[61] (net)
                  0.02    0.00    0.32 v _9127_/D (sky130_fd_sc_hd__dfxtp_2)
                                  0.32   data arrival time

                  0.15    0.00    0.00   clock clk (rise edge)
                          0.00    0.00   clock network delay (ideal)
                          0.25    0.25   clock uncertainty
                          0.00    0.25   clock reconvergence pessimism
                                  0.25 ^ _9127_/CLK (sky130_fd_sc_hd__dfxtp_2)
                         -0.01    0.24   library hold time
                                  0.24   data required time
-----------------------------------------------------------------------------
                                  0.24   data required time
                                 -0.32   data arrival time
-----------------------------------------------------------------------------
                                  0.08   slack (MET)


Startpoint: _9188_ (rising edge-triggered flip-flop clocked by clk)
Endpoint: _9116_ (rising edge-triggered flip-flop clocked by clk)
Path Group: clk
Path Type: min

Fanout     Cap    Slew   Delay    Time   Description
-----------------------------------------------------------------------------
                  0.15    0.00    0.00   clock clk (rise edge)
                          0.00    0.00   clock network delay (ideal)
                  0.15    0.00    0.00 ^ _9188_/CLK (sky130_fd_sc_hd__dfxtp_2)
                  0.02    0.32    0.32 v _9188_/Q (sky130_fd_sc_hd__dfxtp_2)
     1    0.00                           P1[27] (net)
                  0.02    0.00    0.32 v _9116_/D (sky130_fd_sc_hd__dfxtp_2)
                                  0.32   data arrival time

                  0.15    0.00    0.00   clock clk (rise edge)
                          0.00    0.00   clock network delay (ideal)
                          0.25    0.25   clock uncertainty
                          0.00    0.25   clock reconvergence pessimism
                                  0.25 ^ _9116_/CLK (sky130_fd_sc_hd__dfxtp_2)
                         -0.01    0.24   library hold time
                                  0.24   data required time
-----------------------------------------------------------------------------
                                  0.24   data required time
                                 -0.32   data arrival time
-----------------------------------------------------------------------------
                                  0.08   slack (MET)


Startpoint: _9189_ (rising edge-triggered flip-flop clocked by clk)
Endpoint: _9117_ (rising edge-triggered flip-flop clocked by clk)
Path Group: clk
Path Type: min

Fanout     Cap    Slew   Delay    Time   Description
-----------------------------------------------------------------------------
                  0.15    0.00    0.00   clock clk (rise edge)
                          0.00    0.00   clock network delay (ideal)
                  0.15    0.00    0.00 ^ _9189_/CLK (sky130_fd_sc_hd__dfxtp_2)
                  0.02    0.32    0.32 v _9189_/Q (sky130_fd_sc_hd__dfxtp_2)
     1    0.00                           P1[28] (net)
                  0.02    0.00    0.32 v _9117_/D (sky130_fd_sc_hd__dfxtp_2)
                                  0.32   data arrival time

                  0.15    0.00    0.00   clock clk (rise edge)
                          0.00    0.00   clock network delay (ideal)
                          0.25    0.25   clock uncertainty
                          0.00    0.25   clock reconvergence pessimism
                                  0.25 ^ _9117_/CLK (sky130_fd_sc_hd__dfxtp_2)
                         -0.01    0.24   library hold time
                                  0.24   data required time
-----------------------------------------------------------------------------
                                  0.24   data required time
                                 -0.32   data arrival time
-----------------------------------------------------------------------------
                                  0.08   slack (MET)


