First Layout: /openlane/designs/MULTI_32bit/runs/RUN_2022.04.02_18.32.36/results/finishing/MULTI_32bit.gds
Second Layout: /openlane/designs/MULTI_32bit/runs/RUN_2022.04.02_18.32.36/results/finishing/MULTI_32bit.klayout.gds
Design Name: MULTI_32bit
Output GDS will be: /openlane/designs/MULTI_32bit/runs/RUN_2022.04.02_18.32.36/reports/finishing/MULTI_32bit.xor.xml
Reading /openlane/designs/MULTI_32bit/runs/RUN_2022.04.02_18.32.36/results/finishing/MULTI_32bit.gds ..
Reading /openlane/designs/MULTI_32bit/runs/RUN_2022.04.02_18.32.36/results/finishing/MULTI_32bit.klayout.gds ..
--- Running XOR for 122/16 ---
"input" in: xor.drc:38
    Polygons (raw): 12758 (flat)  145 (hierarchical)
    Elapsed: 0.000s  Memory: 384.00M
"input" in: xor.drc:38
    Polygons (raw): 12758 (flat)  145 (hierarchical)
    Elapsed: 0.010s  Memory: 384.00M
"^" in: xor.drc:38
    Polygons (raw): 0 (flat)  0 (hierarchical)
    Elapsed: 0.110s  Memory: 384.00M
XOR differences: 0
"output" in: xor.drc:40
    Polygons (raw): 0 (flat)  0 (hierarchical)
    Elapsed: 0.000s  Memory: 384.00M
--- Running XOR for 235/4 ---
"input" in: xor.drc:38
    Polygons (raw): 1 (flat)  1 (hierarchical)
    Elapsed: 0.000s  Memory: 384.00M
"input" in: xor.drc:38
    Polygons (raw): 1 (flat)  1 (hierarchical)
    Elapsed: 0.000s  Memory: 384.00M
"^" in: xor.drc:38
    Polygons (raw): 0 (flat)  0 (hierarchical)
    Elapsed: 0.020s  Memory: 384.00M
XOR differences: 0
"output" in: xor.drc:40
    Polygons (raw): 0 (flat)  0 (hierarchical)
    Elapsed: 0.010s  Memory: 384.00M
--- Running XOR for 236/0 ---
"input" in: xor.drc:38
    Polygons (raw): 10810 (flat)  138 (hierarchical)
    Elapsed: 0.000s  Memory: 384.00M
"input" in: xor.drc:38
    Polygons (raw): 10810 (flat)  138 (hierarchical)
    Elapsed: 0.000s  Memory: 384.00M
"^" in: xor.drc:38
    Polygons (raw): 0 (flat)  0 (hierarchical)
    Elapsed: 0.100s  Memory: 390.00M
XOR differences: 0
"output" in: xor.drc:40
    Polygons (raw): 0 (flat)  0 (hierarchical)
    Elapsed: 0.000s  Memory: 390.00M
--- Running XOR for 64/16 ---
"input" in: xor.drc:38
    Polygons (raw): 12756 (flat)  144 (hierarchical)
    Elapsed: 0.010s  Memory: 390.00M
"input" in: xor.drc:38
    Polygons (raw): 12756 (flat)  144 (hierarchical)
    Elapsed: 0.000s  Memory: 390.00M
"^" in: xor.drc:38
    Polygons (raw): 0 (flat)  0 (hierarchical)
    Elapsed: 0.120s  Memory: 390.00M
XOR differences: 0
"output" in: xor.drc:40
    Polygons (raw): 0 (flat)  0 (hierarchical)
    Elapsed: 0.000s  Memory: 390.00M
--- Running XOR for 64/20 ---
"input" in: xor.drc:38
    Polygons (raw): 13784 (flat)  141 (hierarchical)
    Elapsed: 0.000s  Memory: 390.00M
"input" in: xor.drc:38
    Polygons (raw): 13784 (flat)  141 (hierarchical)
    Elapsed: 0.000s  Memory: 390.00M
"^" in: xor.drc:38
    Polygons (raw): 0 (flat)  0 (hierarchical)
    Elapsed: 0.140s  Memory: 390.00M
XOR differences: 0
"output" in: xor.drc:40
    Polygons (raw): 0 (flat)  0 (hierarchical)
    Elapsed: 0.010s  Memory: 390.00M
--- Running XOR for 64/5 ---
"input" in: xor.drc:38
    Polygons (raw): 0 (flat)  0 (hierarchical)
    Elapsed: 0.000s  Memory: 390.00M
"input" in: xor.drc:38
    Polygons (raw): 0 (flat)  0 (hierarchical)
    Elapsed: 0.010s  Memory: 390.00M
"^" in: xor.drc:38
    Polygons (raw): 0 (flat)  0 (hierarchical)
    Elapsed: 0.030s  Memory: 390.00M
XOR differences: 0
"output" in: xor.drc:40
    Polygons (raw): 0 (flat)  0 (hierarchical)
    Elapsed: 0.000s  Memory: 390.00M
--- Running XOR for 64/59 ---
"input" in: xor.drc:38
    Polygons (raw): 0 (flat)  0 (hierarchical)
    Elapsed: 0.010s  Memory: 390.00M
"input" in: xor.drc:38
    Polygons (raw): 0 (flat)  0 (hierarchical)
    Elapsed: 0.000s  Memory: 390.00M
"^" in: xor.drc:38
    Polygons (raw): 0 (flat)  0 (hierarchical)
    Elapsed: 0.040s  Memory: 390.00M
XOR differences: 0
"output" in: xor.drc:40
    Polygons (raw): 0 (flat)  0 (hierarchical)
    Elapsed: 0.000s  Memory: 390.00M
--- Running XOR for 65/20 ---
"input" in: xor.drc:38
    Polygons (raw): 25815 (flat)  408 (hierarchical)
    Elapsed: 0.000s  Memory: 390.00M
"input" in: xor.drc:38
    Polygons (raw): 25815 (flat)  408 (hierarchical)
    Elapsed: 0.000s  Memory: 390.00M
"^" in: xor.drc:38
    Polygons (raw): 0 (flat)  0 (hierarchical)
    Elapsed: 0.170s  Memory: 390.00M
XOR differences: 0
"output" in: xor.drc:40
    Polygons (raw): 0 (flat)  0 (hierarchical)
    Elapsed: 0.010s  Memory: 390.00M
--- Running XOR for 65/44 ---
"input" in: xor.drc:38
    Polygons (raw): 2376 (flat)  2 (hierarchical)
    Elapsed: 0.000s  Memory: 390.00M
"input" in: xor.drc:38
    Polygons (raw): 2376 (flat)  2 (hierarchical)
    Elapsed: 0.000s  Memory: 390.00M
"^" in: xor.drc:38
    Polygons (raw): 0 (flat)  0 (hierarchical)
    Elapsed: 0.030s  Memory: 390.00M
XOR differences: 0
"output" in: xor.drc:40
    Polygons (raw): 0 (flat)  0 (hierarchical)
    Elapsed: 0.010s  Memory: 390.00M
--- Running XOR for 66/20 ---
"input" in: xor.drc:38
    Polygons (raw): 32532 (flat)  675 (hierarchical)
    Elapsed: 0.000s  Memory: 390.00M
"input" in: xor.drc:38
    Polygons (raw): 32532 (flat)  675 (hierarchical)
    Elapsed: 0.000s  Memory: 390.00M
"^" in: xor.drc:38
    Polygons (raw): 0 (flat)  0 (hierarchical)
    Elapsed: 0.430s  Memory: 390.00M
XOR differences: 0
"output" in: xor.drc:40
    Polygons (raw): 0 (flat)  0 (hierarchical)
    Elapsed: 0.000s  Memory: 390.00M
--- Running XOR for 66/44 ---
"input" in: xor.drc:38
    Polygons (raw): 160654 (flat)  4205 (hierarchical)
    Elapsed: 0.000s  Memory: 390.00M
"input" in: xor.drc:38
    Polygons (raw): 160654 (flat)  4205 (hierarchical)
    Elapsed: 0.000s  Memory: 390.00M
"^" in: xor.drc:38
    Polygons (raw): 0 (flat)  0 (hierarchical)
    Elapsed: 1.060s  Memory: 390.00M
XOR differences: 0
"output" in: xor.drc:40
    Polygons (raw): 0 (flat)  0 (hierarchical)
    Elapsed: 0.000s  Memory: 390.00M
--- Running XOR for 67/16 ---
"input" in: xor.drc:38
    Polygons (raw): 32627 (flat)  1115 (hierarchical)
    Elapsed: 0.010s  Memory: 390.00M
"input" in: xor.drc:38
    Polygons (raw): 32627 (flat)  1115 (hierarchical)
    Elapsed: 0.000s  Memory: 390.00M
"^" in: xor.drc:38
    Polygons (raw): 0 (flat)  0 (hierarchical)
    Elapsed: 0.170s  Memory: 392.00M
XOR differences: 0
"output" in: xor.drc:40
    Polygons (raw): 0 (flat)  0 (hierarchical)
    Elapsed: 0.000s  Memory: 392.00M
--- Running XOR for 67/20 ---
"input" in: xor.drc:38
    Polygons (raw): 74207 (flat)  17769 (hierarchical)
    Elapsed: 0.010s  Memory: 392.00M
"input" in: xor.drc:38
    Polygons (raw): 74207 (flat)  1171 (hierarchical)
    Elapsed: 0.000s  Memory: 392.00M
"^" in: xor.drc:38
    Polygons (raw): 0 (flat)  0 (hierarchical)
    Elapsed: 1.020s  Memory: 412.00M
XOR differences: 0
"output" in: xor.drc:40
    Polygons (raw): 0 (flat)  0 (hierarchical)
    Elapsed: 0.000s  Memory: 412.00M
--- Running XOR for 67/44 ---
"input" in: xor.drc:38
    Polygons (raw): 151395 (flat)  19069 (hierarchical)
    Elapsed: 0.000s  Memory: 412.00M
"input" in: xor.drc:38
    Polygons (raw): 151395 (flat)  2471 (hierarchical)
    Elapsed: 0.010s  Memory: 412.00M
"^" in: xor.drc:38
    Polygons (raw): 0 (flat)  0 (hierarchical)
    Elapsed: 0.710s  Memory: 412.00M
XOR differences: 0
"output" in: xor.drc:40
    Polygons (raw): 0 (flat)  0 (hierarchical)
    Elapsed: 0.000s  Memory: 412.00M
--- Running XOR for 67/5 ---
"input" in: xor.drc:38
    Polygons (raw): 0 (flat)  0 (hierarchical)
    Elapsed: 0.000s  Memory: 412.00M
"input" in: xor.drc:38
    Polygons (raw): 0 (flat)  0 (hierarchical)
    Elapsed: 0.000s  Memory: 412.00M
"^" in: xor.drc:38
    Polygons (raw): 0 (flat)  0 (hierarchical)
    Elapsed: 0.020s  Memory: 412.00M
XOR differences: 0
"output" in: xor.drc:40
    Polygons (raw): 0 (flat)  0 (hierarchical)
    Elapsed: 0.000s  Memory: 412.00M
--- Running XOR for 68/16 ---
"input" in: xor.drc:38
    Polygons (raw): 28459 (flat)  287 (hierarchical)
    Elapsed: 0.000s  Memory: 412.00M
"input" in: xor.drc:38
    Polygons (raw): 28459 (flat)  287 (hierarchical)
    Elapsed: 0.000s  Memory: 412.00M
"^" in: xor.drc:38
    Polygons (raw): 0 (flat)  0 (hierarchical)
    Elapsed: 0.180s  Memory: 412.00M
XOR differences: 0
"output" in: xor.drc:40
    Polygons (raw): 0 (flat)  0 (hierarchical)
    Elapsed: 0.000s  Memory: 412.00M
--- Running XOR for 68/20 ---
"input" in: xor.drc:38
    Polygons (raw): 112264 (flat)  84535 (hierarchical)
    Elapsed: 0.000s  Memory: 412.00M
"input" in: xor.drc:38
    Polygons (raw): 92148 (flat)  28465 (hierarchical)
    Elapsed: 0.000s  Memory: 412.00M
"^" in: xor.drc:38
    Polygons (raw): 0 (flat)  0 (hierarchical)
    Elapsed: 0.750s  Memory: 437.00M
XOR differences: 0
"output" in: xor.drc:40
    Polygons (raw): 0 (flat)  0 (hierarchical)
    Elapsed: 0.010s  Memory: 437.00M
--- Running XOR for 68/44 ---
"input" in: xor.drc:38
    Polygons (raw): 20215 (flat)  20215 (hierarchical)
    Elapsed: 0.000s  Memory: 437.00M
"input" in: xor.drc:38
    Polygons (raw): 20215 (flat)  7 (hierarchical)
    Elapsed: 0.000s  Memory: 437.00M
"^" in: xor.drc:38
    Polygons (raw): 0 (flat)  0 (hierarchical)
    Elapsed: 0.110s  Memory: 437.00M
XOR differences: 0
"output" in: xor.drc:40
    Polygons (raw): 0 (flat)  0 (hierarchical)
    Elapsed: 0.000s  Memory: 437.00M
--- Running XOR for 68/5 ---
"input" in: xor.drc:38
    Polygons (raw): 0 (flat)  0 (hierarchical)
    Elapsed: 0.000s  Memory: 437.00M
"input" in: xor.drc:38
    Polygons (raw): 0 (flat)  0 (hierarchical)
    Elapsed: 0.000s  Memory: 437.00M
"^" in: xor.drc:38
    Polygons (raw): 0 (flat)  0 (hierarchical)
    Elapsed: 0.040s  Memory: 437.00M
XOR differences: 0
"output" in: xor.drc:40
    Polygons (raw): 0 (flat)  0 (hierarchical)
    Elapsed: 0.000s  Memory: 437.00M
--- Running XOR for 69/16 ---
"input" in: xor.drc:38
    Polygons (raw): 50 (flat)  50 (hierarchical)
    Elapsed: 0.010s  Memory: 437.00M
"input" in: xor.drc:38
    Polygons (raw): 50 (flat)  50 (hierarchical)
    Elapsed: 0.000s  Memory: 437.00M
"^" in: xor.drc:38
    Polygons (raw): 0 (flat)  0 (hierarchical)
    Elapsed: 0.020s  Memory: 437.00M
XOR differences: 0
"output" in: xor.drc:40
    Polygons (raw): 0 (flat)  0 (hierarchical)
    Elapsed: 0.000s  Memory: 437.00M
--- Running XOR for 69/20 ---
"input" in: xor.drc:38
    Polygons (raw): 37525 (flat)  37525 (hierarchical)
    Elapsed: 0.000s  Memory: 437.00M
"input" in: xor.drc:38
    Polygons (raw): 37700 (flat)  15529 (hierarchical)
    Elapsed: 0.000s  Memory: 437.00M
"^" in: xor.drc:38
    Polygons (raw): 50 (flat)  50 (hierarchical)
    Elapsed: 0.380s  Memory: 437.00M
XOR differences: 50
"output" in: xor.drc:40
    Polygons (raw): 50 (flat)  50 (hierarchical)
    Elapsed: 0.000s  Memory: 437.00M
--- Running XOR for 69/44 ---
"input" in: xor.drc:38
    Polygons (raw): 3459 (flat)  3459 (hierarchical)
    Elapsed: 0.000s  Memory: 437.00M
"input" in: xor.drc:38
    Polygons (raw): 3459 (flat)  5 (hierarchical)
    Elapsed: 0.000s  Memory: 437.00M
"^" in: xor.drc:38
    Polygons (raw): 0 (flat)  0 (hierarchical)
    Elapsed: 0.040s  Memory: 437.00M
XOR differences: 0
"output" in: xor.drc:40
    Polygons (raw): 0 (flat)  0 (hierarchical)
    Elapsed: 0.000s  Memory: 437.00M
--- Running XOR for 69/5 ---
"input" in: xor.drc:38
    Polygons (raw): 0 (flat)  0 (hierarchical)
    Elapsed: 0.000s  Memory: 437.00M
"input" in: xor.drc:38
    Polygons (raw): 0 (flat)  0 (hierarchical)
    Elapsed: 0.000s  Memory: 437.00M
"^" in: xor.drc:38
    Polygons (raw): 0 (flat)  0 (hierarchical)
    Elapsed: 0.000s  Memory: 437.00M
XOR differences: 0
"output" in: xor.drc:40
    Polygons (raw): 0 (flat)  0 (hierarchical)
    Elapsed: 0.010s  Memory: 437.00M
--- Running XOR for 70/16 ---
"input" in: xor.drc:38
    Polygons (raw): 48 (flat)  48 (hierarchical)
    Elapsed: 0.000s  Memory: 437.00M
"input" in: xor.drc:38
    Polygons (raw): 48 (flat)  48 (hierarchical)
    Elapsed: 0.000s  Memory: 437.00M
"^" in: xor.drc:38
    Polygons (raw): 0 (flat)  0 (hierarchical)
    Elapsed: 0.020s  Memory: 437.00M
XOR differences: 0
"output" in: xor.drc:40
    Polygons (raw): 0 (flat)  0 (hierarchical)
    Elapsed: 0.000s  Memory: 437.00M
--- Running XOR for 70/20 ---
"input" in: xor.drc:38
    Polygons (raw): 8581 (flat)  8581 (hierarchical)
    Elapsed: 0.000s  Memory: 437.00M
"input" in: xor.drc:38
    Polygons (raw): 5913 (flat)  2267 (hierarchical)
    Elapsed: 0.000s  Memory: 437.00M
"^" in: xor.drc:38
    Polygons (raw): 48 (flat)  48 (hierarchical)
    Elapsed: 0.060s  Memory: 437.00M
XOR differences: 48
"output" in: xor.drc:40
    Polygons (raw): 48 (flat)  48 (hierarchical)
    Elapsed: 0.000s  Memory: 437.00M
--- Running XOR for 70/44 ---
"input" in: xor.drc:38
    Polygons (raw): 1475 (flat)  1475 (hierarchical)
    Elapsed: 0.000s  Memory: 437.00M
"input" in: xor.drc:38
    Polygons (raw): 1475 (flat)  5 (hierarchical)
    Elapsed: 0.010s  Memory: 437.00M
"^" in: xor.drc:38
    Polygons (raw): 0 (flat)  0 (hierarchical)
    Elapsed: 0.030s  Memory: 437.00M
XOR differences: 0
"output" in: xor.drc:40
    Polygons (raw): 0 (flat)  0 (hierarchical)
    Elapsed: 0.000s  Memory: 437.00M
--- Running XOR for 70/5 ---
"input" in: xor.drc:38
    Polygons (raw): 0 (flat)  0 (hierarchical)
    Elapsed: 0.000s  Memory: 437.00M
"input" in: xor.drc:38
    Polygons (raw): 0 (flat)  0 (hierarchical)
    Elapsed: 0.000s  Memory: 437.00M
"^" in: xor.drc:38
    Polygons (raw): 0 (flat)  0 (hierarchical)
    Elapsed: 0.000s  Memory: 437.00M
XOR differences: 0
"output" in: xor.drc:40
    Polygons (raw): 0 (flat)  0 (hierarchical)
    Elapsed: 0.010s  Memory: 437.00M
--- Running XOR for 71/16 ---
"input" in: xor.drc:38
    Polygons (raw): 4 (flat)  4 (hierarchical)
    Elapsed: 0.000s  Memory: 437.00M
"input" in: xor.drc:38
    Polygons (raw): 4 (flat)  4 (hierarchical)
    Elapsed: 0.010s  Memory: 437.00M
"^" in: xor.drc:38
    Polygons (raw): 0 (flat)  0 (hierarchical)
    Elapsed: 0.020s  Memory: 437.00M
XOR differences: 0
"output" in: xor.drc:40
    Polygons (raw): 0 (flat)  0 (hierarchical)
    Elapsed: 0.000s  Memory: 437.00M
--- Running XOR for 71/20 ---
"input" in: xor.drc:38
    Polygons (raw): 981 (flat)  981 (hierarchical)
    Elapsed: 0.000s  Memory: 437.00M
"input" in: xor.drc:38
    Polygons (raw): 1203 (flat)  360 (hierarchical)
    Elapsed: 0.010s  Memory: 437.00M
"^" in: xor.drc:38
    Polygons (raw): 0 (flat)  0 (hierarchical)
    Elapsed: 0.030s  Memory: 437.00M
XOR differences: 0
"output" in: xor.drc:40
    Polygons (raw): 0 (flat)  0 (hierarchical)
    Elapsed: 0.000s  Memory: 437.00M
--- Running XOR for 71/44 ---
"input" in: xor.drc:38
    Polygons (raw): 14 (flat)  14 (hierarchical)
    Elapsed: 0.000s  Memory: 437.00M
"input" in: xor.drc:38
    Polygons (raw): 14 (flat)  2 (hierarchical)
    Elapsed: 0.000s  Memory: 437.00M
"^" in: xor.drc:38
    Polygons (raw): 0 (flat)  0 (hierarchical)
    Elapsed: 0.020s  Memory: 437.00M
XOR differences: 0
"output" in: xor.drc:40
    Polygons (raw): 0 (flat)  0 (hierarchical)
    Elapsed: 0.000s  Memory: 437.00M
--- Running XOR for 71/5 ---
"input" in: xor.drc:38
    Polygons (raw): 0 (flat)  0 (hierarchical)
    Elapsed: 0.000s  Memory: 437.00M
"input" in: xor.drc:38
    Polygons (raw): 0 (flat)  0 (hierarchical)
    Elapsed: 0.000s  Memory: 437.00M
"^" in: xor.drc:38
    Polygons (raw): 0 (flat)  0 (hierarchical)
    Elapsed: 0.000s  Memory: 437.00M
XOR differences: 0
"output" in: xor.drc:40
    Polygons (raw): 0 (flat)  0 (hierarchical)
    Elapsed: 0.000s  Memory: 437.00M
--- Running XOR for 72/16 ---
"input" in: xor.drc:38
    Polygons (raw): 4 (flat)  4 (hierarchical)
    Elapsed: 0.000s  Memory: 437.00M
"input" in: xor.drc:38
    Polygons (raw): 4 (flat)  4 (hierarchical)
    Elapsed: 0.000s  Memory: 437.00M
"^" in: xor.drc:38
    Polygons (raw): 0 (flat)  0 (hierarchical)
    Elapsed: 0.020s  Memory: 437.00M
XOR differences: 0
"output" in: xor.drc:40
    Polygons (raw): 0 (flat)  0 (hierarchical)
    Elapsed: 0.000s  Memory: 437.00M
--- Running XOR for 72/20 ---
"input" in: xor.drc:38
    Polygons (raw): 7 (flat)  7 (hierarchical)
    Elapsed: 0.010s  Memory: 437.00M
"input" in: xor.drc:38
    Polygons (raw): 21 (flat)  9 (hierarchical)
    Elapsed: 0.000s  Memory: 437.00M
"^" in: xor.drc:38
    Polygons (raw): 0 (flat)  0 (hierarchical)
    Elapsed: 0.020s  Memory: 437.00M
XOR differences: 0
"output" in: xor.drc:40
    Polygons (raw): 0 (flat)  0 (hierarchical)
    Elapsed: 0.000s  Memory: 437.00M
--- Running XOR for 72/5 ---
"input" in: xor.drc:38
    Polygons (raw): 0 (flat)  0 (hierarchical)
    Elapsed: 0.000s  Memory: 437.00M
"input" in: xor.drc:38
    Polygons (raw): 0 (flat)  0 (hierarchical)
    Elapsed: 0.000s  Memory: 437.00M
"^" in: xor.drc:38
    Polygons (raw): 0 (flat)  0 (hierarchical)
    Elapsed: 0.000s  Memory: 437.00M
XOR differences: 0
"output" in: xor.drc:40
    Polygons (raw): 0 (flat)  0 (hierarchical)
    Elapsed: 0.010s  Memory: 437.00M
--- Running XOR for 78/44 ---
"input" in: xor.drc:38
    Polygons (raw): 14652 (flat)  143 (hierarchical)
    Elapsed: 0.000s  Memory: 437.00M
"input" in: xor.drc:38
    Polygons (raw): 14652 (flat)  143 (hierarchical)
    Elapsed: 0.000s  Memory: 437.00M
"^" in: xor.drc:38
    Polygons (raw): 0 (flat)  0 (hierarchical)
    Elapsed: 0.110s  Memory: 437.00M
XOR differences: 0
"output" in: xor.drc:40
    Polygons (raw): 0 (flat)  0 (hierarchical)
    Elapsed: 0.000s  Memory: 437.00M
--- Running XOR for 81/23 ---
"input" in: xor.drc:38
    Polygons (raw): 63 (flat)  1 (hierarchical)
    Elapsed: 0.000s  Memory: 437.00M
"input" in: xor.drc:38
    Polygons (raw): 63 (flat)  1 (hierarchical)
    Elapsed: 0.010s  Memory: 437.00M
"^" in: xor.drc:38
    Polygons (raw): 0 (flat)  0 (hierarchical)
    Elapsed: 0.010s  Memory: 437.00M
XOR differences: 0
"output" in: xor.drc:40
    Polygons (raw): 0 (flat)  0 (hierarchical)
    Elapsed: 0.000s  Memory: 437.00M
--- Running XOR for 81/4 ---
"input" in: xor.drc:38
    Polygons (raw): 13784 (flat)  141 (hierarchical)
    Elapsed: 0.000s  Memory: 437.00M
"input" in: xor.drc:38
    Polygons (raw): 13784 (flat)  141 (hierarchical)
    Elapsed: 0.010s  Memory: 437.00M
"^" in: xor.drc:38
    Polygons (raw): 0 (flat)  0 (hierarchical)
    Elapsed: 0.110s  Memory: 437.00M
XOR differences: 0
"output" in: xor.drc:40
    Polygons (raw): 0 (flat)  0 (hierarchical)
    Elapsed: 0.000s  Memory: 437.00M
--- Running XOR for 83/44 ---
"input" in: xor.drc:38
    Polygons (raw): 0 (flat)  0 (hierarchical)
    Elapsed: 0.000s  Memory: 437.00M
"input" in: xor.drc:38
    Polygons (raw): 0 (flat)  0 (hierarchical)
    Elapsed: 0.010s  Memory: 437.00M
"^" in: xor.drc:38
    Polygons (raw): 0 (flat)  0 (hierarchical)
    Elapsed: 0.030s  Memory: 437.00M
XOR differences: 0
"output" in: xor.drc:40
    Polygons (raw): 0 (flat)  0 (hierarchical)
    Elapsed: 0.000s  Memory: 437.00M
--- Running XOR for 93/44 ---
"input" in: xor.drc:38
    Polygons (raw): 14972 (flat)  142 (hierarchical)
    Elapsed: 0.000s  Memory: 437.00M
"input" in: xor.drc:38
    Polygons (raw): 14972 (flat)  142 (hierarchical)
    Elapsed: 0.000s  Memory: 437.00M
"^" in: xor.drc:38
    Polygons (raw): 0 (flat)  0 (hierarchical)
    Elapsed: 0.130s  Memory: 437.00M
XOR differences: 0
"output" in: xor.drc:40
    Polygons (raw): 0 (flat)  0 (hierarchical)
    Elapsed: 0.000s  Memory: 437.00M
--- Running XOR for 94/20 ---
"input" in: xor.drc:38
    Polygons (raw): 14972 (flat)  142 (hierarchical)
    Elapsed: 0.000s  Memory: 437.00M
"input" in: xor.drc:38
    Polygons (raw): 14972 (flat)  142 (hierarchical)
    Elapsed: 0.010s  Memory: 437.00M
"^" in: xor.drc:38
    Polygons (raw): 0 (flat)  0 (hierarchical)
    Elapsed: 0.150s  Memory: 437.00M
XOR differences: 0
"output" in: xor.drc:40
    Polygons (raw): 0 (flat)  0 (hierarchical)
    Elapsed: 0.000s  Memory: 437.00M
--- Running XOR for 95/20 ---
"input" in: xor.drc:38
    Polygons (raw): 11251 (flat)  150 (hierarchical)
    Elapsed: 0.000s  Memory: 437.00M
"input" in: xor.drc:38
    Polygons (raw): 11251 (flat)  150 (hierarchical)
    Elapsed: 0.000s  Memory: 437.00M
"^" in: xor.drc:38
    Polygons (raw): 0 (flat)  0 (hierarchical)
    Elapsed: 0.120s  Memory: 437.00M
XOR differences: 0
"output" in: xor.drc:40
    Polygons (raw): 0 (flat)  0 (hierarchical)
    Elapsed: 0.010s  Memory: 437.00M
Writing report database: /openlane/designs/MULTI_32bit/runs/RUN_2022.04.02_18.32.36/reports/finishing/MULTI_32bit.xor.xml ..
Total elapsed: 7.210s  Memory: 437.00M
