CVC: Log output to /openlane/designs/MULTI_32bit/runs/RUN_2022.04.02_18.32.36/reports/finishing/MULTI_32bit.rpt
CVC: Error output to /openlane/designs/MULTI_32bit/runs/RUN_2022.04.02_18.32.36/reports/finishing/MULTI_32bit.rpt.error.gz
CVC: Debug output to /openlane/designs/MULTI_32bit/runs/RUN_2022.04.02_18.32.36/reports/finishing/MULTI_32bit.rpt.debug.gz
CVC: Circuit Validation Check  Version 1.1.0
CVC: Start: Sat Apr  2 18:43:12 2022

Using the following parameters for CVC (Circuit Validation Check) from /openlane/scripts/cvc/sky130A/cvcrc.sky130A
CVC_TOP = 'MULTI_32bit'
CVC_NETLIST = '/openlane/designs/MULTI_32bit/runs/RUN_2022.04.02_18.32.36/tmp/finishing/MULTI_32bit.cdl'
CVC_MODE = 'MULTI_32bit'
CVC_MODEL_FILE = '/openlane/scripts/cvc/sky130A/cvc.sky130A.models'
CVC_POWER_FILE = '/openlane/designs/MULTI_32bit/runs/RUN_2022.04.02_18.32.36/tmp/finishing/MULTI_32bit.power'
CVC_FUSE_FILE = ''
CVC_REPORT_FILE = '/openlane/designs/MULTI_32bit/runs/RUN_2022.04.02_18.32.36/reports/finishing/MULTI_32bit.rpt'
CVC_REPORT_TITLE = 'CVC $CVC_TOP'
CVC_CIRCUIT_ERROR_LIMIT = '100'
CVC_SEARCH_LIMIT = '100'
CVC_LEAK_LIMIT = '0.0002'
CVC_SOI = 'false'
CVC_SCRC = 'false'
CVC_VTH_GATES = 'false'
CVC_MIN_VTH_GATES = 'false'
CVC_IGNORE_VTH_FLOATING = 'false'
CVC_IGNORE_NO_LEAK_FLOATING = 'false'
CVC_LEAK_OVERVOLTAGE = 'true'
CVC_LOGIC_DIODES = 'false'
CVC_ANALOG_GATES = 'true'
CVC_BACKUP_RESULTS = 'false'
CVC_MOS_DIODE_ERROR_THRESHOLD = '0'
CVC_SHORT_ERROR_THRESHOLD = '0'
CVC_BIAS_ERROR_THRESHOLD = '0'
CVC_FORWARD_ERROR_THRESHOLD = '0'
CVC_FLOATING_ERROR_THRESHOLD = '0'
CVC_GATE_ERROR_THRESHOLD = '0'
CVC_LEAK?_ERROR_THRESHOLD = '0'
CVC_EXPECTED_ERROR_THRESHOLD = '0'
CVC_OVERVOLTAGE_ERROR_THRESHOLD = '0'
CVC_PARALLEL_CIRCUIT_PORT_LIMIT = '0'
CVC_CELL_ERROR_LIMIT_FILE = ''
CVC_CELL_CHECKSUM_FILE = ''
CVC_LARGE_CIRCUIT_SIZE = '10000000'
CVC_NET_CHECK_FILE = ''
CVC_MODEL_CHECK_FILE = ''
End of parameters

CVC: Reading device model settings...
CVC: Reading power settings...
CVC: Parsing netlist /openlane/designs/MULTI_32bit/runs/RUN_2022.04.02_18.32.36/tmp/finishing/MULTI_32bit.cdl
Cdl fixed data size 223704
Usage CDL: Time: 0  Memory: 14328  I/O: 4544  Swap: 0
CVC: Counting and linking...
CVC: Assigning IDs ...
Usage DB: Time: 0  Memory: 15644  I/O: 4552  Swap: 0
CVC: 13785(13785) instances, 18990(18990) nets, 49378(49378) devices.
CVC: Setting models ...
Setting model tolerances...
CVC: Shorting switches...
	Shorted 0 short
Setting instance power...

ModelList> filename /openlane/scripts/cvc/sky130A/cvc.sky130A.models
 Model> sky130_fd_pr__cap_mim_m3_1         0 C->capacitor  Parameters>
 Model> sky130_fd_pr__cap_mim_m3_2         0 C->capacitor  Parameters>
 Model> sky130_fd_pr__cap_var         0 C->capacitor  Parameters>
 Model> condiode           0 D->diode      Parameters> Diodes> 1-2
 Model> sky130_fd_pr__diode_pd2nw_05v5         0 D->diode      Parameters> Diodes> 1-2
 Model> sky130_fd_pr__diode_pw2nd_05v5         0 D->diode      Parameters> Diodes> 1-2
 Model> sky130_fd_pr__diode_pw2nd_11v0         0 D->diode      Parameters> Diodes> 1-2
 Model> sky130_fd_pr__model__parasitic__diode_ps2dn         0 D->diode      Parameters> Diodes> 1-2
 Model> sky130_fd_pr__model__parasitic__diode_ps2nw         0 D->diode      Parameters> Diodes> 1-2
 Model> sky130_fd_pr__model__parasitic__diode_pw2dn         0 D->diode      Parameters> Diodes> 1-2
 Model> nfet_01v8      24689 M->nmos       Parameters> Vth=0.2 Vds=1.8 Vgs=1.8 R=L/W*7000 Diodes> 4-1 4-3
 Model> pfet_01v8_hvt     24689 M->pmos       Parameters> Vth=-0.2 Vds=1.8 Vgs=1.8 R=L/W*7000 Diodes> 1-4 3-4
 Model> sky130_fd_bs_flash__special_sonosfet_star         0 M->nmos       Parameters> Vth=0.2 R=L/W*7000 Diodes> 4-1 4-3
 Model> sky130_fd_pr__esd_nfet_g5v0d10v5         0 M->nmos       Parameters> Vth=0.2 R=L/W*7000 Diodes> 4-1 4-3
 Model> sky130_fd_pr__nfet_01v8         0 M->nmos       Parameters> Vth=0.2 Vds=1.8 Vgs=1.8 R=L/W*7000 Diodes> 4-1 4-3
 Model> sky130_fd_pr__nfet_01v8_lvt         0 M->nmos       Parameters> Vth=0.1 Vds=1.8 Vgs=1.8 R=L/W*7000 Diodes> 4-1 4-3
 Model> sky130_fd_pr__nfet_03v3_nvt         0 M->nmos       Parameters> Vth=0.2 Vds=3.3 Vgs=3.3 R=L/W*7000 Diodes> 4-1 4-3
 Model> sky130_fd_pr__nfet_05v0_nvt         0 M->nmos       Parameters> Vth=0.2 R=L/W*7000 Diodes> 4-1 4-3
 Model> sky130_fd_pr__nfet_g5v0d10v5         0 M->nmos       Parameters> Vth=0.2 R=L/W*7000 Diodes> 4-1 4-3
 Model> sky130_fd_pr__pfet_01v8         0 M->pmos       Parameters> Vth=-0.2 Vds=1.8 Vgs=1.8 R=L/W*7000 Diodes> 1-4 3-4
 Model> sky130_fd_pr__pfet_01v8_hvt         0 M->pmos       Parameters> Vth=-0.3 Vds=1.8 Vgs=1.8 R=L/W*7000 Diodes> 1-4 3-4
 Model> sky130_fd_pr__pfet_01v8_lvt         0 M->pmos       Parameters> Vth=-0.1 Vds=1.8 Vgs=1.8 R=L/W*7000 Diodes> 1-4 3-4
 Model> sky130_fd_pr__pfet_g5v0d10v5         0 M->pmos       Parameters> Vth=-0.2 R=L/W*7000 Diodes> 1-4 3-4
 Model> sky130_fd_pr__special_nfet_latch         0 M->nmos       Parameters> Vth=0.2 Vds=1.8 Vgs=1.8 R=L/W*7000 Diodes> 4-1 4-3
 Model> sky130_fd_pr__special_pfet_pass         0 M->pmos       Parameters> Vth=-0.2 Vds=1.8 Vgs=1.8 R=L/W*7000 Diodes> 1-4 3-4
 Model> sky130_fd_pr__pnp_05v5         0 Q->bipolar    Parameters>
 Model> short              0 R->switch_on  Parameters>
 Model> sky130_fd_pr__res_generic_m1         0 R->resistor   Parameters> R=l/w
 Model> sky130_fd_pr__res_generic_m2         0 R->resistor   Parameters> R=l/w
 Model> sky130_fd_pr__res_generic_m3         0 R->resistor   Parameters> R=l/w
 Model> sky130_fd_pr__res_generic_m4         0 R->resistor   Parameters> R=l/w
 Model> sky130_fd_pr__res_generic_m5         0 R->resistor   Parameters> R=l/w
 Model> sky130_fd_pr__res_generic_nd         0 R->resistor   Parameters> R=l/w*120
 Model> sky130_fd_pr__res_generic_nd__hv         0 R->resistor   Parameters> R=l/w*114
 Model> sky130_fd_pr__res_generic_pd__hv         0 R->resistor   Parameters> R=l/w*191
 Model> sky130_fd_pr__res_generic_po         0 R->resistor   Parameters> R=l/w*48
 Model> sky130_fd_pr__res_high_po         0 R->resistor   Parameters> R=l/w*2000
 Model> sky130_fd_pr__res_xhigh_po         0 R->resistor   Parameters> R=l/w*2000
ModelList> end

Power List> filename /openlane/designs/MULTI_32bit/runs/RUN_2022.04.02_18.32.36/tmp/finishing/MULTI_32bit.power
 VPWR power 1.8 -> 1.8 power
 VGND power 0.0 -> 0.0 power
 clk~>std_input input std_input -> min@0.0 max@1.8 input family(std_input;)
 rst~>std_input input std_input -> min@0.0 max@1.8 input family(std_input;)
A[31:0]~>std_input input std_input
 ->A[0] input std_input -> min@0.0 max@1.8 input family(std_input;)
 ->A[10] input std_input -> min@0.0 max@1.8 input family(std_input;)
 ->A[11] input std_input -> min@0.0 max@1.8 input family(std_input;)
 ->A[12] input std_input -> min@0.0 max@1.8 input family(std_input;)
 ->A[13] input std_input -> min@0.0 max@1.8 input family(std_input;)
 ->A[14] input std_input -> min@0.0 max@1.8 input family(std_input;)
 ->A[15] input std_input -> min@0.0 max@1.8 input family(std_input;)
 ->A[16] input std_input -> min@0.0 max@1.8 input family(std_input;)
 ->A[17] input std_input -> min@0.0 max@1.8 input family(std_input;)
 ->A[18] input std_input -> min@0.0 max@1.8 input family(std_input;)
 ->A[19] input std_input -> min@0.0 max@1.8 input family(std_input;)
 ->A[1] input std_input -> min@0.0 max@1.8 input family(std_input;)
 ->A[20] input std_input -> min@0.0 max@1.8 input family(std_input;)
 ->A[21] input std_input -> min@0.0 max@1.8 input family(std_input;)
 ->A[22] input std_input -> min@0.0 max@1.8 input family(std_input;)
 ->A[23] input std_input -> min@0.0 max@1.8 input family(std_input;)
 ->A[24] input std_input -> min@0.0 max@1.8 input family(std_input;)
 ->A[25] input std_input -> min@0.0 max@1.8 input family(std_input;)
 ->A[26] input std_input -> min@0.0 max@1.8 input family(std_input;)
 ->A[27] input std_input -> min@0.0 max@1.8 input family(std_input;)
 ->A[28] input std_input -> min@0.0 max@1.8 input family(std_input;)
 ->A[29] input std_input -> min@0.0 max@1.8 input family(std_input;)
 ->A[2] input std_input -> min@0.0 max@1.8 input family(std_input;)
 ->A[30] input std_input -> min@0.0 max@1.8 input family(std_input;)
 ->A[31] input std_input -> min@0.0 max@1.8 input family(std_input;)
 ->A[3] input std_input -> min@0.0 max@1.8 input family(std_input;)
 ->A[4] input std_input -> min@0.0 max@1.8 input family(std_input;)
 ->A[5] input std_input -> min@0.0 max@1.8 input family(std_input;)
 ->A[6] input std_input -> min@0.0 max@1.8 input family(std_input;)
 ->A[7] input std_input -> min@0.0 max@1.8 input family(std_input;)
 ->A[8] input std_input -> min@0.0 max@1.8 input family(std_input;)
 ->A[9] input std_input -> min@0.0 max@1.8 input family(std_input;)
B[31:0]~>std_input input std_input
 ->B[0] input std_input -> min@0.0 max@1.8 input family(std_input;)
 ->B[10] input std_input -> min@0.0 max@1.8 input family(std_input;)
 ->B[11] input std_input -> min@0.0 max@1.8 input family(std_input;)
 ->B[12] input std_input -> min@0.0 max@1.8 input family(std_input;)
 ->B[13] input std_input -> min@0.0 max@1.8 input family(std_input;)
 ->B[14] input std_input -> min@0.0 max@1.8 input family(std_input;)
 ->B[15] input std_input -> min@0.0 max@1.8 input family(std_input;)
 ->B[16] input std_input -> min@0.0 max@1.8 input family(std_input;)
 ->B[17] input std_input -> min@0.0 max@1.8 input family(std_input;)
 ->B[18] input std_input -> min@0.0 max@1.8 input family(std_input;)
 ->B[19] input std_input -> min@0.0 max@1.8 input family(std_input;)
 ->B[1] input std_input -> min@0.0 max@1.8 input family(std_input;)
 ->B[20] input std_input -> min@0.0 max@1.8 input family(std_input;)
 ->B[21] input std_input -> min@0.0 max@1.8 input family(std_input;)
 ->B[22] input std_input -> min@0.0 max@1.8 input family(std_input;)
 ->B[23] input std_input -> min@0.0 max@1.8 input family(std_input;)
 ->B[24] input std_input -> min@0.0 max@1.8 input family(std_input;)
 ->B[25] input std_input -> min@0.0 max@1.8 input family(std_input;)
 ->B[26] input std_input -> min@0.0 max@1.8 input family(std_input;)
 ->B[27] input std_input -> min@0.0 max@1.8 input family(std_input;)
 ->B[28] input std_input -> min@0.0 max@1.8 input family(std_input;)
 ->B[29] input std_input -> min@0.0 max@1.8 input family(std_input;)
 ->B[2] input std_input -> min@0.0 max@1.8 input family(std_input;)
 ->B[30] input std_input -> min@0.0 max@1.8 input family(std_input;)
 ->B[31] input std_input -> min@0.0 max@1.8 input family(std_input;)
 ->B[3] input std_input -> min@0.0 max@1.8 input family(std_input;)
 ->B[4] input std_input -> min@0.0 max@1.8 input family(std_input;)
 ->B[5] input std_input -> min@0.0 max@1.8 input family(std_input;)
 ->B[6] input std_input -> min@0.0 max@1.8 input family(std_input;)
 ->B[7] input std_input -> min@0.0 max@1.8 input family(std_input;)
 ->B[8] input std_input -> min@0.0 max@1.8 input family(std_input;)
 ->B[9] input std_input -> min@0.0 max@1.8 input family(std_input;)
> expected values
> macros
 #define std_input min@VGND max@VPWR -> min@0.0 max@1.8
Power List> end

CVC: Linking devices...
Usage EQUIV: Time: 0  Memory: 20816  I/O: 4624  Swap: 0
Power nets 73
Hash dump:parameter->resistance map
Contains 53 buckets, 40 elements
Element count 0, 21
Element count 1, 24
Element count 2, 8
Unused hash: 0.40, average depth 1.40
Hash dump:text->circuit map
Contains 337 buckets, 438 elements
Element count 0, 68
Element count 1, 135
Element count 2, 103
Element count 3, 27
Element count 4, 4
Unused hash: 0.20, average depth 1.95
Hash dump:string->text map
Contains 12983 buckets, 19823 elements
Element count 0, 2806
Element count 1, 4335
Element count 2, 3275
Element count 3, 1682
Element count 4, 625
Element count 5, 187
Element count 6, 58
Element count 7, 11
Element count 8, 4
Unused hash: 0.22, average depth 2.53
CVC: Shorting non conducting resistors...
CVC: Calculating resistor voltages...
Usage RES: Time: 0  Memory: 20816  I/O: 4624  Swap: 0
Power nets 73
CVC: Calculating min/max voltages...
Processing trivial nets found 5619 trivial nets
CVC: Ignoring invalid calculations...
CVC:   Removed 0 calculations
Copying master nets
CVC: Ignoring non-conducting devices...
CVC:   Ignored 0 devices
Usage MIN/MAX1: Time: 0  Memory: 21664  I/O: 4624  Swap: 0
Power nets 7459
! Checking forward bias diode errors: 

! Checking nmos source/drain vs bias errors: 

! Checking nmos gate vs source errors: 

! Checking pmos source/drain vs bias errors: 

! Checking pmos gate vs source errors: 

Usage ERROR: Time: 0  Memory: 21664  I/O: 4632  Swap: 0
CVC: Propagating Simulation voltages 1...
Usage SIM1: Time: 0  Memory: 21928  I/O: 4632  Swap: 0
Power nets 7459
CVC: Propagating Simulation voltages 3...
Usage SIM2: Time: 0  Memory: 22192  I/O: 4632  Swap: 0
Power nets 7459
Added 0 latch voltages
CVC: Calculating min/max voltages...
Processing trivial nets found 5619 trivial nets
CVC: Ignoring invalid calculations...
CVC:   Removed 0 calculations
Copying master nets
CVC: Ignoring non-conducting devices...
CVC:   Ignored 0 devices
Usage MIN/MAX2: Time: 0  Memory: 22720  I/O: 4632  Swap: 0
Power nets 14845
! Checking overvoltage errors

! Checking nmos possible leak errors: 

! Checking pmos possible leak errors: 

! Checking mos floating input errors:

! Checking expected values:

CVC: Error Counts
CVC: Fuse Problems:         0
CVC: Min Voltage Conflicts: 0
CVC: Max Voltage Conflicts: 0
CVC: Leaks:                 0
CVC: LDD drain->source:     0
CVC: HI-Z Inputs:           0
CVC: Forward Bias Diodes:   0
CVC: NMOS Source vs Bulk:   0
CVC: NMOS Gate vs Source:   0
CVC: NMOS Possible Leaks:   0
CVC: PMOS Source vs Bulk:   0
CVC: PMOS Gate vs Source:   0
CVC: PMOS Possible Leaks:   0
CVC: Overvoltage-VBG:       0
CVC: Overvoltage-VBS:       0
CVC: Overvoltage-VDS:       0
CVC: Overvoltage-VGS:       0
CVC: Model errors:          0
CVC: Unexpected voltage :   0
CVC: Total:                 0
Usage Total: Time: 0  Memory: 23360  I/O: 4672  Swap: 0
Virtual net update/access 184465/4923928
CVC: Log output to /openlane/designs/MULTI_32bit/runs/RUN_2022.04.02_18.32.36/reports/finishing/MULTI_32bit.rpt
CVC: End: Sat Apr  2 18:43:12 2022

