OpenROAD 944855835623e651e7b9c7c50efcce1fb04b4fee 
This program is licensed under the BSD-3 license. See the LICENSE file for details.
Components of this program may be licensed under more restrictive licenses which must be honored.
[INFO ODB-0222] Reading LEF file: /openlane/designs/MULTI_32bit/runs/RUN_2022.04.04_17.20.38/tmp/merged_unpadded.lef
[INFO ODB-0223]     Created 13 technology layers
[INFO ODB-0224]     Created 25 technology vias
[INFO ODB-0225]     Created 441 library cells
[INFO ODB-0226] Finished LEF file:  /openlane/designs/MULTI_32bit/runs/RUN_2022.04.04_17.20.38/tmp/merged_unpadded.lef
[WARNING ORD-1011] LEF master sky130_fd_sc_hd__xor2_2 has no liberty cell.
[WARNING ORD-1011] LEF master sky130_fd_sc_hd__buf_1 has no liberty cell.
[WARNING ORD-1011] LEF master sky130_fd_sc_hd__inv_2 has no liberty cell.
[WARNING ORD-1011] LEF master sky130_fd_sc_hd__nand2_2 has no liberty cell.
[WARNING ORD-1011] LEF master sky130_fd_sc_hd__a21o_2 has no liberty cell.
[WARNING ORD-1011] LEF master sky130_fd_sc_hd__a21oi_2 has no liberty cell.
[WARNING ORD-1011] LEF master sky130_fd_sc_hd__nor2_2 has no liberty cell.
[WARNING ORD-1011] LEF master sky130_fd_sc_hd__or2_2 has no liberty cell.
[WARNING ORD-1011] LEF master sky130_fd_sc_hd__o221a_2 has no liberty cell.
[WARNING ORD-1011] LEF master sky130_fd_sc_hd__o21a_2 has no liberty cell.
[WARNING ORD-1011] LEF master sky130_fd_sc_hd__or4_2 has no liberty cell.
[WARNING ORD-1011] LEF master sky130_fd_sc_hd__or3_2 has no liberty cell.
[WARNING ORD-1011] LEF master sky130_fd_sc_hd__o21ba_2 has no liberty cell.
[WARNING ORD-1011] LEF master sky130_fd_sc_hd__xnor2_2 has no liberty cell.
[WARNING ORD-1011] LEF master sky130_fd_sc_hd__o21ai_2 has no liberty cell.
[WARNING ORD-1011] LEF master sky130_fd_sc_hd__and2_2 has no liberty cell.
[WARNING ORD-1011] LEF master sky130_fd_sc_hd__mux2_2 has no liberty cell.
[WARNING ORD-1011] LEF master sky130_fd_sc_hd__a211o_2 has no liberty cell.
[WARNING ORD-1011] LEF master sky130_fd_sc_hd__a31o_2 has no liberty cell.
[WARNING ORD-1011] LEF master sky130_fd_sc_hd__o2bb2a_2 has no liberty cell.
[WARNING ORD-1011] LEF master sky130_fd_sc_hd__a221oi_2 has no liberty cell.
[WARNING ORD-1011] LEF master sky130_fd_sc_hd__a21boi_2 has no liberty cell.
[WARNING ORD-1011] LEF master sky130_fd_sc_hd__a221o_2 has no liberty cell.
[WARNING ORD-1011] LEF master sky130_fd_sc_hd__a22o_2 has no liberty cell.
[WARNING ORD-1011] LEF master sky130_fd_sc_hd__o211a_2 has no liberty cell.
[WARNING ORD-1011] LEF master sky130_fd_sc_hd__and3_2 has no liberty cell.
[WARNING ORD-1011] LEF master sky130_fd_sc_hd__or2b_2 has no liberty cell.
[WARNING ORD-1011] LEF master sky130_fd_sc_hd__a32o_2 has no liberty cell.
[WARNING ORD-1011] LEF master sky130_fd_sc_hd__a2bb2o_2 has no liberty cell.
[WARNING ORD-1011] LEF master sky130_fd_sc_hd__o22a_2 has no liberty cell.
[WARNING ORD-1011] LEF master sky130_fd_sc_hd__or3b_2 has no liberty cell.
[WARNING ORD-1011] LEF master sky130_fd_sc_hd__o31a_2 has no liberty cell.
[WARNING ORD-1011] LEF master sky130_fd_sc_hd__o211ai_2 has no liberty cell.
[WARNING ORD-1011] LEF master sky130_fd_sc_hd__a31oi_2 has no liberty cell.
[WARNING ORD-1011] LEF master sky130_fd_sc_hd__o32a_2 has no liberty cell.
[WARNING ORD-1011] LEF master sky130_fd_sc_hd__and2b_2 has no liberty cell.
[WARNING ORD-1011] LEF master sky130_fd_sc_hd__o31ai_2 has no liberty cell.
[WARNING ORD-1011] LEF master sky130_fd_sc_hd__o311a_2 has no liberty cell.
[WARNING ORD-1011] LEF master sky130_fd_sc_hd__nor3_2 has no liberty cell.
[WARNING ORD-1011] LEF master sky130_fd_sc_hd__a211oi_2 has no liberty cell.
[WARNING ORD-1011] LEF master sky130_fd_sc_hd__nor3b_2 has no liberty cell.
[WARNING ORD-1011] LEF master sky130_fd_sc_hd__a311oi_2 has no liberty cell.
[WARNING ORD-1011] LEF master sky130_fd_sc_hd__o221ai_2 has no liberty cell.
[WARNING ORD-1011] LEF master sky130_fd_sc_hd__and4_2 has no liberty cell.
[WARNING ORD-1011] LEF master sky130_fd_sc_hd__a21bo_2 has no liberty cell.
[WARNING ORD-1011] LEF master sky130_fd_sc_hd__a22oi_2 has no liberty cell.
[WARNING ORD-1011] LEF master sky130_fd_sc_hd__and3b_2 has no liberty cell.
[WARNING ORD-1011] LEF master sky130_fd_sc_hd__nand4_2 has no liberty cell.
[WARNING ORD-1011] LEF master sky130_fd_sc_hd__nand3_2 has no liberty cell.
[WARNING ORD-1011] LEF master sky130_fd_sc_hd__o21bai_2 has no liberty cell.
[WARNING ORD-1011] LEF master sky130_fd_sc_hd__or4bb_2 has no liberty cell.
[WARNING ORD-1011] LEF master sky130_fd_sc_hd__and4bb_2 has no liberty cell.
[WARNING ORD-1011] LEF master sky130_fd_sc_hd__o22ai_2 has no liberty cell.
[WARNING ORD-1011] LEF master sky130_fd_sc_hd__a2111o_2 has no liberty cell.
[WARNING ORD-1011] LEF master sky130_fd_sc_hd__nand2b_2 has no liberty cell.
[WARNING ORD-1011] LEF master sky130_fd_sc_hd__nor4_2 has no liberty cell.
[WARNING ORD-1011] LEF master sky130_fd_sc_hd__and4b_2 has no liberty cell.
[WARNING ORD-1011] LEF master sky130_fd_sc_hd__nand3b_2 has no liberty cell.
[WARNING ORD-1011] LEF master sky130_fd_sc_hd__a311o_2 has no liberty cell.
[WARNING ORD-1011] LEF master sky130_fd_sc_hd__o311ai_2 has no liberty cell.
[WARNING ORD-1011] LEF master sky130_fd_sc_hd__nor2b_2 has no liberty cell.
[WARNING ORD-1011] LEF master sky130_fd_sc_hd__o41a_2 has no liberty cell.
[WARNING ORD-1011] LEF master sky130_fd_sc_hd__dfxtp_2 has no liberty cell.
if {[info exists ::env(CLOCK_PORT)] && $::env(CLOCK_PORT) != ""} { 
    create_clock [get_ports $::env(CLOCK_PORT)]  -name $::env(CLOCK_PORT)  -period $::env(CLOCK_PERIOD)
} else {
    create_clock -name __VIRTUAL_CLK__ -period $::env(CLOCK_PERIOD)
    set ::env(CLOCK_PORT) __VIRTUAL_CLK__
}
set input_delay_value [expr $::env(CLOCK_PERIOD) * $::env(IO_PCT)]
set output_delay_value [expr $::env(CLOCK_PERIOD) * $::env(IO_PCT)]
puts "\[INFO\]: Setting output delay to: $output_delay_value"
[INFO]: Setting output delay to: 2.0
puts "\[INFO\]: Setting input delay to: $input_delay_value"
[INFO]: Setting input delay to: 2.0
set_max_fanout $::env(SYNTH_MAX_FANOUT) [current_design]
set clk_indx [lsearch [all_inputs] [get_port $::env(CLOCK_PORT)]]
#set rst_indx [lsearch [all_inputs] [get_port resetn]]
set all_inputs_wo_clk [lreplace [all_inputs] $clk_indx $clk_indx]
#set all_inputs_wo_clk_rst [lreplace $all_inputs_wo_clk $rst_indx $rst_indx]
set all_inputs_wo_clk_rst $all_inputs_wo_clk
# correct resetn
set_input_delay $input_delay_value  -clock [get_clocks $::env(CLOCK_PORT)] $all_inputs_wo_clk_rst
#set_input_delay 0.0 -clock [get_clocks $::env(CLOCK_PORT)] {resetn}
set_output_delay $output_delay_value  -clock [get_clocks $::env(CLOCK_PORT)] [all_outputs]
# TODO set this as parameter
set_driving_cell -lib_cell $::env(SYNTH_DRIVING_CELL) -pin $::env(SYNTH_DRIVING_CELL_PIN) [all_inputs]
set cap_load [expr $::env(SYNTH_CAP_LOAD) / 1000.0]
puts "\[INFO\]: Setting load to: $cap_load"
[INFO]: Setting load to: 0.01765
set_load  $cap_load [all_outputs]
puts "\[INFO\]: Setting clock uncertainity to: $::env(SYNTH_CLOCK_UNCERTAINITY)"
[INFO]: Setting clock uncertainity to: 0.25
set_clock_uncertainty $::env(SYNTH_CLOCK_UNCERTAINITY) [get_clocks $::env(CLOCK_PORT)]
puts "\[INFO\]: Setting clock transition to: $::env(SYNTH_CLOCK_TRANSITION)"
[INFO]: Setting clock transition to: 0.15
set_clock_transition $::env(SYNTH_CLOCK_TRANSITION) [get_clocks $::env(CLOCK_PORT)]
puts "\[INFO\]: Setting timing derate to: [expr {$::env(SYNTH_TIMING_DERATE) * 10}] %"
[INFO]: Setting timing derate to: 0.5 %
set_timing_derate -early [expr {1-$::env(SYNTH_TIMING_DERATE)}]
set_timing_derate -late [expr {1+$::env(SYNTH_TIMING_DERATE)}]
min_report

===========================================================================
report_checks -path_delay min (Hold)
============================================================================
Startpoint: _9131_ (rising edge-triggered flip-flop clocked by clk)
Endpoint: _9036_ (rising edge-triggered flip-flop clocked by clk)
Path Group: clk
Path Type: min

Fanout     Cap    Slew   Delay    Time   Description
-----------------------------------------------------------------------------
                  0.15    0.00    0.00   clock clk (rise edge)
                          0.00    0.00   clock network delay (ideal)
                  0.15    0.00    0.00 ^ _9131_/CLK (sky130_fd_sc_hd__dfxtp_2)
                  0.02    0.32    0.32 v _9131_/Q (sky130_fd_sc_hd__dfxtp_2)
     1    0.00                           P1[0] (net)
                  0.02    0.00    0.32 v _9036_/D (sky130_fd_sc_hd__dfxtp_2)
                                  0.32   data arrival time

                  0.15    0.00    0.00   clock clk (rise edge)
                          0.00    0.00   clock network delay (ideal)
                          0.25    0.25   clock uncertainty
                          0.00    0.25   clock reconvergence pessimism
                                  0.25 ^ _9036_/CLK (sky130_fd_sc_hd__dfxtp_2)
                         -0.01    0.24   library hold time
                                  0.24   data required time
-----------------------------------------------------------------------------
                                  0.24   data required time
                                 -0.32   data arrival time
-----------------------------------------------------------------------------
                                  0.09   slack (MET)


Startpoint: _9155_ (rising edge-triggered flip-flop clocked by clk)
Endpoint: _9083_ (rising edge-triggered flip-flop clocked by clk)
Path Group: clk
Path Type: min

Fanout     Cap    Slew   Delay    Time   Description
-----------------------------------------------------------------------------
                  0.15    0.00    0.00   clock clk (rise edge)
                          0.00    0.00   clock network delay (ideal)
                  0.15    0.00    0.00 ^ _9155_/CLK (sky130_fd_sc_hd__dfxtp_2)
                  0.02    0.32    0.32 v _9155_/Q (sky130_fd_sc_hd__dfxtp_2)
     1    0.00                           P1[24] (net)
                  0.02    0.00    0.32 v _9083_/D (sky130_fd_sc_hd__dfxtp_2)
                                  0.32   data arrival time

                  0.15    0.00    0.00   clock clk (rise edge)
                          0.00    0.00   clock network delay (ideal)
                          0.25    0.25   clock uncertainty
                          0.00    0.25   clock reconvergence pessimism
                                  0.25 ^ _9083_/CLK (sky130_fd_sc_hd__dfxtp_2)
                         -0.01    0.24   library hold time
                                  0.24   data required time
-----------------------------------------------------------------------------
                                  0.24   data required time
                                 -0.32   data arrival time
-----------------------------------------------------------------------------
                                  0.09   slack (MET)


Startpoint: _9156_ (rising edge-triggered flip-flop clocked by clk)
Endpoint: _9084_ (rising edge-triggered flip-flop clocked by clk)
Path Group: clk
Path Type: min

Fanout     Cap    Slew   Delay    Time   Description
-----------------------------------------------------------------------------
                  0.15    0.00    0.00   clock clk (rise edge)
                          0.00    0.00   clock network delay (ideal)
                  0.15    0.00    0.00 ^ _9156_/CLK (sky130_fd_sc_hd__dfxtp_2)
                  0.02    0.32    0.32 v _9156_/Q (sky130_fd_sc_hd__dfxtp_2)
     1    0.00                           P1[25] (net)
                  0.02    0.00    0.32 v _9084_/D (sky130_fd_sc_hd__dfxtp_2)
                                  0.32   data arrival time

                  0.15    0.00    0.00   clock clk (rise edge)
                          0.00    0.00   clock network delay (ideal)
                          0.25    0.25   clock uncertainty
                          0.00    0.25   clock reconvergence pessimism
                                  0.25 ^ _9084_/CLK (sky130_fd_sc_hd__dfxtp_2)
                         -0.01    0.24   library hold time
                                  0.24   data required time
-----------------------------------------------------------------------------
                                  0.24   data required time
                                 -0.32   data arrival time
-----------------------------------------------------------------------------
                                  0.09   slack (MET)


Startpoint: _9157_ (rising edge-triggered flip-flop clocked by clk)
Endpoint: _9085_ (rising edge-triggered flip-flop clocked by clk)
Path Group: clk
Path Type: min

Fanout     Cap    Slew   Delay    Time   Description
-----------------------------------------------------------------------------
                  0.15    0.00    0.00   clock clk (rise edge)
                          0.00    0.00   clock network delay (ideal)
                  0.15    0.00    0.00 ^ _9157_/CLK (sky130_fd_sc_hd__dfxtp_2)
                  0.02    0.32    0.32 v _9157_/Q (sky130_fd_sc_hd__dfxtp_2)
     1    0.00                           P1[26] (net)
                  0.02    0.00    0.32 v _9085_/D (sky130_fd_sc_hd__dfxtp_2)
                                  0.32   data arrival time

                  0.15    0.00    0.00   clock clk (rise edge)
                          0.00    0.00   clock network delay (ideal)
                          0.25    0.25   clock uncertainty
                          0.00    0.25   clock reconvergence pessimism
                                  0.25 ^ _9085_/CLK (sky130_fd_sc_hd__dfxtp_2)
                         -0.01    0.24   library hold time
                                  0.24   data required time
-----------------------------------------------------------------------------
                                  0.24   data required time
                                 -0.32   data arrival time
-----------------------------------------------------------------------------
                                  0.09   slack (MET)


Startpoint: _9158_ (rising edge-triggered flip-flop clocked by clk)
Endpoint: _9086_ (rising edge-triggered flip-flop clocked by clk)
Path Group: clk
Path Type: min

Fanout     Cap    Slew   Delay    Time   Description
-----------------------------------------------------------------------------
                  0.15    0.00    0.00   clock clk (rise edge)
                          0.00    0.00   clock network delay (ideal)
                  0.15    0.00    0.00 ^ _9158_/CLK (sky130_fd_sc_hd__dfxtp_2)
                  0.02    0.32    0.32 v _9158_/Q (sky130_fd_sc_hd__dfxtp_2)
     1    0.00                           P1[27] (net)
                  0.02    0.00    0.32 v _9086_/D (sky130_fd_sc_hd__dfxtp_2)
                                  0.32   data arrival time

                  0.15    0.00    0.00   clock clk (rise edge)
                          0.00    0.00   clock network delay (ideal)
                          0.25    0.25   clock uncertainty
                          0.00    0.25   clock reconvergence pessimism
                                  0.25 ^ _9086_/CLK (sky130_fd_sc_hd__dfxtp_2)
                         -0.01    0.24   library hold time
                                  0.24   data required time
-----------------------------------------------------------------------------
                                  0.24   data required time
                                 -0.32   data arrival time
-----------------------------------------------------------------------------
                                  0.09   slack (MET)


min_report_end
max_report

===========================================================================
report_checks -path_delay max (Setup)
============================================================================
Startpoint: _9165_ (rising edge-triggered flip-flop clocked by clk)
Endpoint: _9082_ (rising edge-triggered flip-flop clocked by clk)
Path Group: clk
Path Type: max

Fanout     Cap    Slew   Delay    Time   Description
-----------------------------------------------------------------------------
                  0.15    0.00    0.00   clock clk (rise edge)
                          0.00    0.00   clock network delay (ideal)
                  0.15    0.00    0.00 ^ _9165_/CLK (sky130_fd_sc_hd__dfxtp_2)
                  0.04    0.37    0.37 ^ _9165_/Q (sky130_fd_sc_hd__dfxtp_2)
     2    0.00                           P1[34] (net)
                  0.04    0.00    0.37 ^ _5786_/A (sky130_fd_sc_hd__buf_1)
                  0.17    0.17    0.54 ^ _5786_/X (sky130_fd_sc_hd__buf_1)
     5    0.01                           _0517_ (net)
                  0.17    0.00    0.55 ^ _5787_/A (sky130_fd_sc_hd__buf_1)
                  0.17    0.20    0.75 ^ _5787_/X (sky130_fd_sc_hd__buf_1)
     5    0.01                           _0518_ (net)
                  0.17    0.01    0.75 ^ _5829_/A2 (sky130_fd_sc_hd__a22oi_2)
                  0.10    0.13    0.88 v _5829_/Y (sky130_fd_sc_hd__a22oi_2)
     3    0.01                           _0560_ (net)
                  0.10    0.00    0.88 v _5830_/C (sky130_fd_sc_hd__or3_2)
                  0.08    0.45    1.33 v _5830_/X (sky130_fd_sc_hd__or3_2)
     2    0.00                           _0561_ (net)
                  0.08    0.00    1.33 v _5835_/A1 (sky130_fd_sc_hd__a21o_2)
                  0.04    0.21    1.54 v _5835_/X (sky130_fd_sc_hd__a21o_2)
     2    0.00                           _0566_ (net)
                  0.04    0.00    1.55 v _5836_/B (sky130_fd_sc_hd__and2b_2)
                  0.05    0.21    1.76 v _5836_/X (sky130_fd_sc_hd__and2b_2)
     1    0.01                           _0567_ (net)
                  0.06    0.01    1.77 v _5837_/B (sky130_fd_sc_hd__xor2_2)
                  0.06    0.15    1.92 v _5837_/X (sky130_fd_sc_hd__xor2_2)
     2    0.00                           _0568_ (net)
                  0.06    0.00    1.92 v _5839_/A (sky130_fd_sc_hd__or3_2)
                  0.08    0.50    2.42 v _5839_/X (sky130_fd_sc_hd__or3_2)
     2    0.00                           _0570_ (net)
                  0.08    0.00    2.42 v _5875_/B (sky130_fd_sc_hd__and3b_2)
                  0.05    0.23    2.65 v _5875_/X (sky130_fd_sc_hd__and3b_2)
     2    0.01                           _0606_ (net)
                  0.05    0.01    2.65 v _5912_/A2 (sky130_fd_sc_hd__o211ai_2)
                  0.21    0.21    2.86 ^ _5912_/Y (sky130_fd_sc_hd__o211ai_2)
     5    0.01                           _0643_ (net)
                  0.21    0.00    2.86 ^ _5915_/C_N (sky130_fd_sc_hd__or4bb_2)
                  0.14    0.73    3.60 v _5915_/X (sky130_fd_sc_hd__or4bb_2)
     5    0.01                           _0646_ (net)
                  0.14    0.00    3.60 v _6025_/A (sky130_fd_sc_hd__or4_2)
                  0.10    0.72    4.32 v _6025_/X (sky130_fd_sc_hd__or4_2)
     2    0.00                           _0754_ (net)
                  0.10    0.00    4.32 v _6027_/A (sky130_fd_sc_hd__buf_1)
                  0.11    0.18    4.50 v _6027_/X (sky130_fd_sc_hd__buf_1)
     5    0.02                           _0756_ (net)
                  0.11    0.00    4.51 v _6112_/A1 (sky130_fd_sc_hd__a2111o_2)
                  0.07    0.47    4.98 v _6112_/X (sky130_fd_sc_hd__a2111o_2)
     2    0.01                           _0839_ (net)
                  0.08    0.00    4.98 v _6190_/A1 (sky130_fd_sc_hd__a21o_2)
                  0.06    0.24    5.22 v _6190_/X (sky130_fd_sc_hd__a21o_2)
     4    0.01                           _0917_ (net)
                  0.06    0.01    5.23 v _6356_/A2 (sky130_fd_sc_hd__a311oi_2)
                  0.25    0.29    5.52 ^ _6356_/Y (sky130_fd_sc_hd__a311oi_2)
     2    0.01                           _1093_ (net)
                  0.25    0.01    5.53 ^ _6446_/A1 (sky130_fd_sc_hd__o21ai_2)
                  0.07    0.12    5.65 v _6446_/Y (sky130_fd_sc_hd__o21ai_2)
     3    0.01                           _1192_ (net)
                  0.07    0.01    5.65 v _6528_/A1 (sky130_fd_sc_hd__a21oi_2)
                  0.17    0.20    5.85 ^ _6528_/Y (sky130_fd_sc_hd__a21oi_2)
     3    0.01                           _1281_ (net)
                  0.17    0.01    5.86 ^ _6624_/A1 (sky130_fd_sc_hd__o21ai_2)
                  0.05    0.09    5.95 v _6624_/Y (sky130_fd_sc_hd__o21ai_2)
     3    0.01                           _1386_ (net)
                  0.05    0.00    5.96 v _7039_/A2 (sky130_fd_sc_hd__a211o_2)
                  0.06    0.36    6.31 v _7039_/X (sky130_fd_sc_hd__a211o_2)
     2    0.01                           _1838_ (net)
                  0.06    0.00    6.32 v _7528_/A1 (sky130_fd_sc_hd__a311o_2)
                  0.06    0.34    6.66 v _7528_/X (sky130_fd_sc_hd__a311o_2)
     2    0.01                           _2371_ (net)
                  0.07    0.01    6.67 v _7650_/A2 (sky130_fd_sc_hd__a21oi_2)
                  0.23    0.25    6.92 ^ _7650_/Y (sky130_fd_sc_hd__a21oi_2)
     4    0.02                           _2506_ (net)
                  0.23    0.01    6.93 ^ _7997_/A2 (sky130_fd_sc_hd__o311ai_2)
                  0.12    0.17    7.10 v _7997_/Y (sky130_fd_sc_hd__o311ai_2)
     3    0.01                           _2883_ (net)
                  0.12    0.01    7.10 v _8101_/A2 (sky130_fd_sc_hd__a311oi_2)
                  0.40    0.45    7.55 ^ _8101_/Y (sky130_fd_sc_hd__a311oi_2)
     4    0.02                           _2997_ (net)
                  0.40    0.01    7.56 ^ _8402_/A2 (sky130_fd_sc_hd__o311ai_2)
                  0.11    0.17    7.73 v _8402_/Y (sky130_fd_sc_hd__o311ai_2)
     3    0.01                           _3324_ (net)
                  0.11    0.00    7.74 v _8623_/A1 (sky130_fd_sc_hd__a2111o_2)
                  0.08    0.48    8.22 v _8623_/X (sky130_fd_sc_hd__a2111o_2)
     3    0.01                           _3564_ (net)
                  0.08    0.01    8.22 v _8746_/A1 (sky130_fd_sc_hd__a22oi_2)
                  0.29    0.29    8.52 ^ _8746_/Y (sky130_fd_sc_hd__a22oi_2)
     4    0.02                           _3697_ (net)
                  0.29    0.01    8.52 ^ _8942_/A1 (sky130_fd_sc_hd__a31oi_2)
                  0.14    0.19    8.71 v _8942_/Y (sky130_fd_sc_hd__a31oi_2)
     3    0.01                           _3909_ (net)
                  0.14    0.00    8.71 v _8992_/A2 (sky130_fd_sc_hd__o41a_2)
                  0.10    0.58    9.29 v _8992_/X (sky130_fd_sc_hd__o41a_2)
     3    0.02                           _3961_ (net)
                  0.10    0.01    9.29 v _9019_/A2 (sky130_fd_sc_hd__o31ai_2)
                  0.30    0.34    9.64 ^ _9019_/Y (sky130_fd_sc_hd__o31ai_2)
     2    0.01                           _3989_ (net)
                  0.30    0.00    9.64 ^ _9022_/A2 (sky130_fd_sc_hd__a21bo_2)
                  0.03    0.19    9.83 ^ _9022_/X (sky130_fd_sc_hd__a21bo_2)
     1    0.00                           _0075_ (net)
                  0.03    0.00    9.83 ^ _9082_/D (sky130_fd_sc_hd__dfxtp_2)
                                  9.83   data arrival time

                  0.15   10.00   10.00   clock clk (rise edge)
                          0.00   10.00   clock network delay (ideal)
                         -0.25    9.75   clock uncertainty
                          0.00    9.75   clock reconvergence pessimism
                                  9.75 ^ _9082_/CLK (sky130_fd_sc_hd__dfxtp_2)
                         -0.04    9.71   library setup time
                                  9.71   data required time
-----------------------------------------------------------------------------
                                  9.71   data required time
                                 -9.83   data arrival time
-----------------------------------------------------------------------------
                                 -0.12   slack (VIOLATED)


Startpoint: _9165_ (rising edge-triggered flip-flop clocked by clk)
Endpoint: _9081_ (rising edge-triggered flip-flop clocked by clk)
Path Group: clk
Path Type: max

Fanout     Cap    Slew   Delay    Time   Description
-----------------------------------------------------------------------------
                  0.15    0.00    0.00   clock clk (rise edge)
                          0.00    0.00   clock network delay (ideal)
                  0.15    0.00    0.00 ^ _9165_/CLK (sky130_fd_sc_hd__dfxtp_2)
                  0.04    0.37    0.37 ^ _9165_/Q (sky130_fd_sc_hd__dfxtp_2)
     2    0.00                           P1[34] (net)
                  0.04    0.00    0.37 ^ _5786_/A (sky130_fd_sc_hd__buf_1)
                  0.17    0.17    0.54 ^ _5786_/X (sky130_fd_sc_hd__buf_1)
     5    0.01                           _0517_ (net)
                  0.17    0.00    0.55 ^ _5787_/A (sky130_fd_sc_hd__buf_1)
                  0.17    0.20    0.75 ^ _5787_/X (sky130_fd_sc_hd__buf_1)
     5    0.01                           _0518_ (net)
                  0.17    0.01    0.75 ^ _5829_/A2 (sky130_fd_sc_hd__a22oi_2)
                  0.10    0.13    0.88 v _5829_/Y (sky130_fd_sc_hd__a22oi_2)
     3    0.01                           _0560_ (net)
                  0.10    0.00    0.88 v _5830_/C (sky130_fd_sc_hd__or3_2)
                  0.08    0.45    1.33 v _5830_/X (sky130_fd_sc_hd__or3_2)
     2    0.00                           _0561_ (net)
                  0.08    0.00    1.33 v _5835_/A1 (sky130_fd_sc_hd__a21o_2)
                  0.04    0.21    1.54 v _5835_/X (sky130_fd_sc_hd__a21o_2)
     2    0.00                           _0566_ (net)
                  0.04    0.00    1.55 v _5836_/B (sky130_fd_sc_hd__and2b_2)
                  0.05    0.21    1.76 v _5836_/X (sky130_fd_sc_hd__and2b_2)
     1    0.01                           _0567_ (net)
                  0.06    0.01    1.77 v _5837_/B (sky130_fd_sc_hd__xor2_2)
                  0.06    0.15    1.92 v _5837_/X (sky130_fd_sc_hd__xor2_2)
     2    0.00                           _0568_ (net)
                  0.06    0.00    1.92 v _5839_/A (sky130_fd_sc_hd__or3_2)
                  0.08    0.50    2.42 v _5839_/X (sky130_fd_sc_hd__or3_2)
     2    0.00                           _0570_ (net)
                  0.08    0.00    2.42 v _5875_/B (sky130_fd_sc_hd__and3b_2)
                  0.05    0.23    2.65 v _5875_/X (sky130_fd_sc_hd__and3b_2)
     2    0.01                           _0606_ (net)
                  0.05    0.01    2.65 v _5912_/A2 (sky130_fd_sc_hd__o211ai_2)
                  0.21    0.21    2.86 ^ _5912_/Y (sky130_fd_sc_hd__o211ai_2)
     5    0.01                           _0643_ (net)
                  0.21    0.00    2.86 ^ _5915_/C_N (sky130_fd_sc_hd__or4bb_2)
                  0.14    0.73    3.60 v _5915_/X (sky130_fd_sc_hd__or4bb_2)
     5    0.01                           _0646_ (net)
                  0.14    0.00    3.60 v _6025_/A (sky130_fd_sc_hd__or4_2)
                  0.10    0.72    4.32 v _6025_/X (sky130_fd_sc_hd__or4_2)
     2    0.00                           _0754_ (net)
                  0.10    0.00    4.32 v _6027_/A (sky130_fd_sc_hd__buf_1)
                  0.11    0.18    4.50 v _6027_/X (sky130_fd_sc_hd__buf_1)
     5    0.02                           _0756_ (net)
                  0.11    0.00    4.51 v _6112_/A1 (sky130_fd_sc_hd__a2111o_2)
                  0.07    0.47    4.98 v _6112_/X (sky130_fd_sc_hd__a2111o_2)
     2    0.01                           _0839_ (net)
                  0.08    0.00    4.98 v _6190_/A1 (sky130_fd_sc_hd__a21o_2)
                  0.06    0.24    5.22 v _6190_/X (sky130_fd_sc_hd__a21o_2)
     4    0.01                           _0917_ (net)
                  0.06    0.01    5.23 v _6356_/A2 (sky130_fd_sc_hd__a311oi_2)
                  0.25    0.29    5.52 ^ _6356_/Y (sky130_fd_sc_hd__a311oi_2)
     2    0.01                           _1093_ (net)
                  0.25    0.01    5.53 ^ _6446_/A1 (sky130_fd_sc_hd__o21ai_2)
                  0.07    0.12    5.65 v _6446_/Y (sky130_fd_sc_hd__o21ai_2)
     3    0.01                           _1192_ (net)
                  0.07    0.01    5.65 v _6528_/A1 (sky130_fd_sc_hd__a21oi_2)
                  0.17    0.20    5.85 ^ _6528_/Y (sky130_fd_sc_hd__a21oi_2)
     3    0.01                           _1281_ (net)
                  0.17    0.01    5.86 ^ _6624_/A1 (sky130_fd_sc_hd__o21ai_2)
                  0.05    0.09    5.95 v _6624_/Y (sky130_fd_sc_hd__o21ai_2)
     3    0.01                           _1386_ (net)
                  0.05    0.00    5.96 v _7039_/A2 (sky130_fd_sc_hd__a211o_2)
                  0.06    0.36    6.31 v _7039_/X (sky130_fd_sc_hd__a211o_2)
     2    0.01                           _1838_ (net)
                  0.06    0.00    6.32 v _7528_/A1 (sky130_fd_sc_hd__a311o_2)
                  0.06    0.34    6.66 v _7528_/X (sky130_fd_sc_hd__a311o_2)
     2    0.01                           _2371_ (net)
                  0.07    0.01    6.67 v _7650_/A2 (sky130_fd_sc_hd__a21oi_2)
                  0.23    0.25    6.92 ^ _7650_/Y (sky130_fd_sc_hd__a21oi_2)
     4    0.02                           _2506_ (net)
                  0.23    0.01    6.93 ^ _7997_/A2 (sky130_fd_sc_hd__o311ai_2)
                  0.12    0.17    7.10 v _7997_/Y (sky130_fd_sc_hd__o311ai_2)
     3    0.01                           _2883_ (net)
                  0.12    0.01    7.10 v _8101_/A2 (sky130_fd_sc_hd__a311oi_2)
                  0.40    0.45    7.55 ^ _8101_/Y (sky130_fd_sc_hd__a311oi_2)
     4    0.02                           _2997_ (net)
                  0.40    0.01    7.56 ^ _8402_/A2 (sky130_fd_sc_hd__o311ai_2)
                  0.11    0.17    7.73 v _8402_/Y (sky130_fd_sc_hd__o311ai_2)
     3    0.01                           _3324_ (net)
                  0.11    0.00    7.74 v _8623_/A1 (sky130_fd_sc_hd__a2111o_2)
                  0.08    0.48    8.22 v _8623_/X (sky130_fd_sc_hd__a2111o_2)
     3    0.01                           _3564_ (net)
                  0.08    0.01    8.22 v _8746_/A1 (sky130_fd_sc_hd__a22oi_2)
                  0.29    0.29    8.52 ^ _8746_/Y (sky130_fd_sc_hd__a22oi_2)
     4    0.02                           _3697_ (net)
                  0.29    0.01    8.52 ^ _8942_/A1 (sky130_fd_sc_hd__a31oi_2)
                  0.14    0.19    8.71 v _8942_/Y (sky130_fd_sc_hd__a31oi_2)
     3    0.01                           _3909_ (net)
                  0.14    0.00    8.71 v _8992_/A2 (sky130_fd_sc_hd__o41a_2)
                  0.10    0.58    9.29 v _8992_/X (sky130_fd_sc_hd__o41a_2)
     3    0.02                           _3961_ (net)
                  0.10    0.01    9.29 v _9019_/A2 (sky130_fd_sc_hd__o31ai_2)
                  0.30    0.34    9.64 ^ _9019_/Y (sky130_fd_sc_hd__o31ai_2)
     2    0.01                           _3989_ (net)
                  0.30    0.01    9.65 ^ _9020_/B (sky130_fd_sc_hd__xor2_2)
                  0.08    0.15    9.80 ^ _9020_/X (sky130_fd_sc_hd__xor2_2)
     1    0.00                           _0074_ (net)
                  0.08    0.00    9.80 ^ _9081_/D (sky130_fd_sc_hd__dfxtp_2)
                                  9.80   data arrival time

                  0.15   10.00   10.00   clock clk (rise edge)
                          0.00   10.00   clock network delay (ideal)
                         -0.25    9.75   clock uncertainty
                          0.00    9.75   clock reconvergence pessimism
                                  9.75 ^ _9081_/CLK (sky130_fd_sc_hd__dfxtp_2)
                         -0.05    9.70   library setup time
                                  9.70   data required time
-----------------------------------------------------------------------------
                                  9.70   data required time
                                 -9.80   data arrival time
-----------------------------------------------------------------------------
                                 -0.10   slack (VIOLATED)


Startpoint: _9165_ (rising edge-triggered flip-flop clocked by clk)
Endpoint: _9080_ (rising edge-triggered flip-flop clocked by clk)
Path Group: clk
Path Type: max

Fanout     Cap    Slew   Delay    Time   Description
-----------------------------------------------------------------------------
                  0.15    0.00    0.00   clock clk (rise edge)
                          0.00    0.00   clock network delay (ideal)
                  0.15    0.00    0.00 ^ _9165_/CLK (sky130_fd_sc_hd__dfxtp_2)
                  0.04    0.37    0.37 ^ _9165_/Q (sky130_fd_sc_hd__dfxtp_2)
     2    0.00                           P1[34] (net)
                  0.04    0.00    0.37 ^ _5786_/A (sky130_fd_sc_hd__buf_1)
                  0.17    0.17    0.54 ^ _5786_/X (sky130_fd_sc_hd__buf_1)
     5    0.01                           _0517_ (net)
                  0.17    0.00    0.55 ^ _5787_/A (sky130_fd_sc_hd__buf_1)
                  0.17    0.20    0.75 ^ _5787_/X (sky130_fd_sc_hd__buf_1)
     5    0.01                           _0518_ (net)
                  0.17    0.01    0.75 ^ _5829_/A2 (sky130_fd_sc_hd__a22oi_2)
                  0.10    0.13    0.88 v _5829_/Y (sky130_fd_sc_hd__a22oi_2)
     3    0.01                           _0560_ (net)
                  0.10    0.00    0.88 v _5830_/C (sky130_fd_sc_hd__or3_2)
                  0.08    0.45    1.33 v _5830_/X (sky130_fd_sc_hd__or3_2)
     2    0.00                           _0561_ (net)
                  0.08    0.00    1.33 v _5835_/A1 (sky130_fd_sc_hd__a21o_2)
                  0.04    0.21    1.54 v _5835_/X (sky130_fd_sc_hd__a21o_2)
     2    0.00                           _0566_ (net)
                  0.04    0.00    1.55 v _5836_/B (sky130_fd_sc_hd__and2b_2)
                  0.05    0.21    1.76 v _5836_/X (sky130_fd_sc_hd__and2b_2)
     1    0.01                           _0567_ (net)
                  0.06    0.01    1.77 v _5837_/B (sky130_fd_sc_hd__xor2_2)
                  0.06    0.15    1.92 v _5837_/X (sky130_fd_sc_hd__xor2_2)
     2    0.00                           _0568_ (net)
                  0.06    0.00    1.92 v _5839_/A (sky130_fd_sc_hd__or3_2)
                  0.08    0.50    2.42 v _5839_/X (sky130_fd_sc_hd__or3_2)
     2    0.00                           _0570_ (net)
                  0.08    0.00    2.42 v _5875_/B (sky130_fd_sc_hd__and3b_2)
                  0.05    0.23    2.65 v _5875_/X (sky130_fd_sc_hd__and3b_2)
     2    0.01                           _0606_ (net)
                  0.05    0.01    2.65 v _5912_/A2 (sky130_fd_sc_hd__o211ai_2)
                  0.21    0.21    2.86 ^ _5912_/Y (sky130_fd_sc_hd__o211ai_2)
     5    0.01                           _0643_ (net)
                  0.21    0.00    2.86 ^ _5915_/C_N (sky130_fd_sc_hd__or4bb_2)
                  0.14    0.73    3.60 v _5915_/X (sky130_fd_sc_hd__or4bb_2)
     5    0.01                           _0646_ (net)
                  0.14    0.00    3.60 v _6025_/A (sky130_fd_sc_hd__or4_2)
                  0.10    0.72    4.32 v _6025_/X (sky130_fd_sc_hd__or4_2)
     2    0.00                           _0754_ (net)
                  0.10    0.00    4.32 v _6027_/A (sky130_fd_sc_hd__buf_1)
                  0.11    0.18    4.50 v _6027_/X (sky130_fd_sc_hd__buf_1)
     5    0.02                           _0756_ (net)
                  0.11    0.00    4.51 v _6112_/A1 (sky130_fd_sc_hd__a2111o_2)
                  0.07    0.47    4.98 v _6112_/X (sky130_fd_sc_hd__a2111o_2)
     2    0.01                           _0839_ (net)
                  0.08    0.00    4.98 v _6190_/A1 (sky130_fd_sc_hd__a21o_2)
                  0.06    0.24    5.22 v _6190_/X (sky130_fd_sc_hd__a21o_2)
     4    0.01                           _0917_ (net)
                  0.06    0.01    5.23 v _6356_/A2 (sky130_fd_sc_hd__a311oi_2)
                  0.25    0.29    5.52 ^ _6356_/Y (sky130_fd_sc_hd__a311oi_2)
     2    0.01                           _1093_ (net)
                  0.25    0.01    5.53 ^ _6446_/A1 (sky130_fd_sc_hd__o21ai_2)
                  0.07    0.12    5.65 v _6446_/Y (sky130_fd_sc_hd__o21ai_2)
     3    0.01                           _1192_ (net)
                  0.07    0.01    5.65 v _6528_/A1 (sky130_fd_sc_hd__a21oi_2)
                  0.17    0.20    5.85 ^ _6528_/Y (sky130_fd_sc_hd__a21oi_2)
     3    0.01                           _1281_ (net)
                  0.17    0.01    5.86 ^ _6624_/A1 (sky130_fd_sc_hd__o21ai_2)
                  0.05    0.09    5.95 v _6624_/Y (sky130_fd_sc_hd__o21ai_2)
     3    0.01                           _1386_ (net)
                  0.05    0.00    5.96 v _7039_/A2 (sky130_fd_sc_hd__a211o_2)
                  0.06    0.36    6.31 v _7039_/X (sky130_fd_sc_hd__a211o_2)
     2    0.01                           _1838_ (net)
                  0.06    0.00    6.32 v _7528_/A1 (sky130_fd_sc_hd__a311o_2)
                  0.06    0.34    6.66 v _7528_/X (sky130_fd_sc_hd__a311o_2)
     2    0.01                           _2371_ (net)
                  0.07    0.01    6.67 v _7650_/A2 (sky130_fd_sc_hd__a21oi_2)
                  0.23    0.25    6.92 ^ _7650_/Y (sky130_fd_sc_hd__a21oi_2)
     4    0.02                           _2506_ (net)
                  0.23    0.01    6.93 ^ _7997_/A2 (sky130_fd_sc_hd__o311ai_2)
                  0.12    0.17    7.10 v _7997_/Y (sky130_fd_sc_hd__o311ai_2)
     3    0.01                           _2883_ (net)
                  0.12    0.01    7.10 v _8101_/A2 (sky130_fd_sc_hd__a311oi_2)
                  0.40    0.45    7.55 ^ _8101_/Y (sky130_fd_sc_hd__a311oi_2)
     4    0.02                           _2997_ (net)
                  0.40    0.01    7.56 ^ _8402_/A2 (sky130_fd_sc_hd__o311ai_2)
                  0.11    0.17    7.73 v _8402_/Y (sky130_fd_sc_hd__o311ai_2)
     3    0.01                           _3324_ (net)
                  0.11    0.00    7.74 v _8623_/A1 (sky130_fd_sc_hd__a2111o_2)
                  0.08    0.48    8.22 v _8623_/X (sky130_fd_sc_hd__a2111o_2)
     3    0.01                           _3564_ (net)
                  0.08    0.01    8.22 v _8746_/A1 (sky130_fd_sc_hd__a22oi_2)
                  0.29    0.29    8.52 ^ _8746_/Y (sky130_fd_sc_hd__a22oi_2)
     4    0.02                           _3697_ (net)
                  0.29    0.01    8.52 ^ _8942_/A1 (sky130_fd_sc_hd__a31oi_2)
                  0.14    0.19    8.71 v _8942_/Y (sky130_fd_sc_hd__a31oi_2)
     3    0.01                           _3909_ (net)
                  0.14    0.00    8.71 v _8992_/A2 (sky130_fd_sc_hd__o41a_2)
                  0.10    0.58    9.29 v _8992_/X (sky130_fd_sc_hd__o41a_2)
     3    0.02                           _3961_ (net)
                  0.10    0.01    9.29 v _9010_/A2 (sky130_fd_sc_hd__o21ai_2)
                  0.15    0.17    9.47 ^ _9010_/Y (sky130_fd_sc_hd__o21ai_2)
     1    0.01                           _3980_ (net)
                  0.15    0.02    9.48 ^ _9011_/B (sky130_fd_sc_hd__xnor2_2)
                  0.09    0.12    9.60 ^ _9011_/Y (sky130_fd_sc_hd__xnor2_2)
     1    0.00                           _0073_ (net)
                  0.09    0.00    9.61 ^ _9080_/D (sky130_fd_sc_hd__dfxtp_2)
                                  9.61   data arrival time

                  0.15   10.00   10.00   clock clk (rise edge)
                          0.00   10.00   clock network delay (ideal)
                         -0.25    9.75   clock uncertainty
                          0.00    9.75   clock reconvergence pessimism
                                  9.75 ^ _9080_/CLK (sky130_fd_sc_hd__dfxtp_2)
                         -0.05    9.70   library setup time
                                  9.70   data required time
-----------------------------------------------------------------------------
                                  9.70   data required time
                                 -9.61   data arrival time
-----------------------------------------------------------------------------
                                  0.09   slack (MET)


Startpoint: _9165_ (rising edge-triggered flip-flop clocked by clk)
Endpoint: _9079_ (rising edge-triggered flip-flop clocked by clk)
Path Group: clk
Path Type: max

Fanout     Cap    Slew   Delay    Time   Description
-----------------------------------------------------------------------------
                  0.15    0.00    0.00   clock clk (rise edge)
                          0.00    0.00   clock network delay (ideal)
                  0.15    0.00    0.00 ^ _9165_/CLK (sky130_fd_sc_hd__dfxtp_2)
                  0.04    0.37    0.37 ^ _9165_/Q (sky130_fd_sc_hd__dfxtp_2)
     2    0.00                           P1[34] (net)
                  0.04    0.00    0.37 ^ _5786_/A (sky130_fd_sc_hd__buf_1)
                  0.17    0.17    0.54 ^ _5786_/X (sky130_fd_sc_hd__buf_1)
     5    0.01                           _0517_ (net)
                  0.17    0.00    0.55 ^ _5787_/A (sky130_fd_sc_hd__buf_1)
                  0.17    0.20    0.75 ^ _5787_/X (sky130_fd_sc_hd__buf_1)
     5    0.01                           _0518_ (net)
                  0.17    0.01    0.75 ^ _5829_/A2 (sky130_fd_sc_hd__a22oi_2)
                  0.10    0.13    0.88 v _5829_/Y (sky130_fd_sc_hd__a22oi_2)
     3    0.01                           _0560_ (net)
                  0.10    0.00    0.88 v _5830_/C (sky130_fd_sc_hd__or3_2)
                  0.08    0.45    1.33 v _5830_/X (sky130_fd_sc_hd__or3_2)
     2    0.00                           _0561_ (net)
                  0.08    0.00    1.33 v _5835_/A1 (sky130_fd_sc_hd__a21o_2)
                  0.04    0.21    1.54 v _5835_/X (sky130_fd_sc_hd__a21o_2)
     2    0.00                           _0566_ (net)
                  0.04    0.00    1.55 v _5836_/B (sky130_fd_sc_hd__and2b_2)
                  0.05    0.21    1.76 v _5836_/X (sky130_fd_sc_hd__and2b_2)
     1    0.01                           _0567_ (net)
                  0.06    0.01    1.77 v _5837_/B (sky130_fd_sc_hd__xor2_2)
                  0.06    0.15    1.92 v _5837_/X (sky130_fd_sc_hd__xor2_2)
     2    0.00                           _0568_ (net)
                  0.06    0.00    1.92 v _5839_/A (sky130_fd_sc_hd__or3_2)
                  0.08    0.50    2.42 v _5839_/X (sky130_fd_sc_hd__or3_2)
     2    0.00                           _0570_ (net)
                  0.08    0.00    2.42 v _5875_/B (sky130_fd_sc_hd__and3b_2)
                  0.05    0.23    2.65 v _5875_/X (sky130_fd_sc_hd__and3b_2)
     2    0.01                           _0606_ (net)
                  0.05    0.01    2.65 v _5912_/A2 (sky130_fd_sc_hd__o211ai_2)
                  0.21    0.21    2.86 ^ _5912_/Y (sky130_fd_sc_hd__o211ai_2)
     5    0.01                           _0643_ (net)
                  0.21    0.00    2.86 ^ _5915_/C_N (sky130_fd_sc_hd__or4bb_2)
                  0.14    0.73    3.60 v _5915_/X (sky130_fd_sc_hd__or4bb_2)
     5    0.01                           _0646_ (net)
                  0.14    0.00    3.60 v _6025_/A (sky130_fd_sc_hd__or4_2)
                  0.10    0.72    4.32 v _6025_/X (sky130_fd_sc_hd__or4_2)
     2    0.00                           _0754_ (net)
                  0.10    0.00    4.32 v _6027_/A (sky130_fd_sc_hd__buf_1)
                  0.11    0.18    4.50 v _6027_/X (sky130_fd_sc_hd__buf_1)
     5    0.02                           _0756_ (net)
                  0.11    0.00    4.51 v _6112_/A1 (sky130_fd_sc_hd__a2111o_2)
                  0.07    0.47    4.98 v _6112_/X (sky130_fd_sc_hd__a2111o_2)
     2    0.01                           _0839_ (net)
                  0.08    0.00    4.98 v _6190_/A1 (sky130_fd_sc_hd__a21o_2)
                  0.06    0.24    5.22 v _6190_/X (sky130_fd_sc_hd__a21o_2)
     4    0.01                           _0917_ (net)
                  0.06    0.01    5.23 v _6356_/A2 (sky130_fd_sc_hd__a311oi_2)
                  0.25    0.29    5.52 ^ _6356_/Y (sky130_fd_sc_hd__a311oi_2)
     2    0.01                           _1093_ (net)
                  0.25    0.01    5.53 ^ _6446_/A1 (sky130_fd_sc_hd__o21ai_2)
                  0.07    0.12    5.65 v _6446_/Y (sky130_fd_sc_hd__o21ai_2)
     3    0.01                           _1192_ (net)
                  0.07    0.01    5.65 v _6528_/A1 (sky130_fd_sc_hd__a21oi_2)
                  0.17    0.20    5.85 ^ _6528_/Y (sky130_fd_sc_hd__a21oi_2)
     3    0.01                           _1281_ (net)
                  0.17    0.01    5.86 ^ _6624_/A1 (sky130_fd_sc_hd__o21ai_2)
                  0.05    0.09    5.95 v _6624_/Y (sky130_fd_sc_hd__o21ai_2)
     3    0.01                           _1386_ (net)
                  0.05    0.00    5.96 v _7039_/A2 (sky130_fd_sc_hd__a211o_2)
                  0.06    0.36    6.31 v _7039_/X (sky130_fd_sc_hd__a211o_2)
     2    0.01                           _1838_ (net)
                  0.06    0.00    6.32 v _7528_/A1 (sky130_fd_sc_hd__a311o_2)
                  0.06    0.34    6.66 v _7528_/X (sky130_fd_sc_hd__a311o_2)
     2    0.01                           _2371_ (net)
                  0.07    0.01    6.67 v _7650_/A2 (sky130_fd_sc_hd__a21oi_2)
                  0.23    0.25    6.92 ^ _7650_/Y (sky130_fd_sc_hd__a21oi_2)
     4    0.02                           _2506_ (net)
                  0.23    0.01    6.93 ^ _7997_/A2 (sky130_fd_sc_hd__o311ai_2)
                  0.12    0.17    7.10 v _7997_/Y (sky130_fd_sc_hd__o311ai_2)
     3    0.01                           _2883_ (net)
                  0.12    0.01    7.10 v _8101_/A2 (sky130_fd_sc_hd__a311oi_2)
                  0.40    0.45    7.55 ^ _8101_/Y (sky130_fd_sc_hd__a311oi_2)
     4    0.02                           _2997_ (net)
                  0.40    0.01    7.56 ^ _8402_/A2 (sky130_fd_sc_hd__o311ai_2)
                  0.11    0.17    7.73 v _8402_/Y (sky130_fd_sc_hd__o311ai_2)
     3    0.01                           _3324_ (net)
                  0.11    0.00    7.74 v _8623_/A1 (sky130_fd_sc_hd__a2111o_2)
                  0.08    0.48    8.22 v _8623_/X (sky130_fd_sc_hd__a2111o_2)
     3    0.01                           _3564_ (net)
                  0.08    0.01    8.22 v _8746_/A1 (sky130_fd_sc_hd__a22oi_2)
                  0.29    0.29    8.52 ^ _8746_/Y (sky130_fd_sc_hd__a22oi_2)
     4    0.02                           _3697_ (net)
                  0.29    0.01    8.52 ^ _8942_/A1 (sky130_fd_sc_hd__a31oi_2)
                  0.14    0.19    8.71 v _8942_/Y (sky130_fd_sc_hd__a31oi_2)
     3    0.01                           _3909_ (net)
                  0.14    0.00    8.71 v _8992_/A2 (sky130_fd_sc_hd__o41a_2)
                  0.10    0.58    9.29 v _8992_/X (sky130_fd_sc_hd__o41a_2)
     3    0.02                           _3961_ (net)
                  0.10    0.01    9.30 v _8993_/B (sky130_fd_sc_hd__xor2_2)
                  0.06    0.16    9.46 v _8993_/X (sky130_fd_sc_hd__xor2_2)
     1    0.00                           _0072_ (net)
                  0.06    0.00    9.46 v _9079_/D (sky130_fd_sc_hd__dfxtp_2)
                                  9.46   data arrival time

                  0.15   10.00   10.00   clock clk (rise edge)
                          0.00   10.00   clock network delay (ideal)
                         -0.25    9.75   clock uncertainty
                          0.00    9.75   clock reconvergence pessimism
                                  9.75 ^ _9079_/CLK (sky130_fd_sc_hd__dfxtp_2)
                         -0.10    9.65   library setup time
                                  9.65   data required time
-----------------------------------------------------------------------------
                                  9.65   data required time
                                 -9.46   data arrival time
-----------------------------------------------------------------------------
                                  0.19   slack (MET)


Startpoint: _9165_ (rising edge-triggered flip-flop clocked by clk)
Endpoint: _9078_ (rising edge-triggered flip-flop clocked by clk)
Path Group: clk
Path Type: max

Fanout     Cap    Slew   Delay    Time   Description
-----------------------------------------------------------------------------
                  0.15    0.00    0.00   clock clk (rise edge)
                          0.00    0.00   clock network delay (ideal)
                  0.15    0.00    0.00 ^ _9165_/CLK (sky130_fd_sc_hd__dfxtp_2)
                  0.04    0.37    0.37 ^ _9165_/Q (sky130_fd_sc_hd__dfxtp_2)
     2    0.00                           P1[34] (net)
                  0.04    0.00    0.37 ^ _5786_/A (sky130_fd_sc_hd__buf_1)
                  0.17    0.17    0.54 ^ _5786_/X (sky130_fd_sc_hd__buf_1)
     5    0.01                           _0517_ (net)
                  0.17    0.00    0.55 ^ _5787_/A (sky130_fd_sc_hd__buf_1)
                  0.17    0.20    0.75 ^ _5787_/X (sky130_fd_sc_hd__buf_1)
     5    0.01                           _0518_ (net)
                  0.17    0.01    0.75 ^ _5829_/A2 (sky130_fd_sc_hd__a22oi_2)
                  0.10    0.13    0.88 v _5829_/Y (sky130_fd_sc_hd__a22oi_2)
     3    0.01                           _0560_ (net)
                  0.10    0.00    0.88 v _5830_/C (sky130_fd_sc_hd__or3_2)
                  0.08    0.45    1.33 v _5830_/X (sky130_fd_sc_hd__or3_2)
     2    0.00                           _0561_ (net)
                  0.08    0.00    1.33 v _5835_/A1 (sky130_fd_sc_hd__a21o_2)
                  0.04    0.21    1.54 v _5835_/X (sky130_fd_sc_hd__a21o_2)
     2    0.00                           _0566_ (net)
                  0.04    0.00    1.55 v _5836_/B (sky130_fd_sc_hd__and2b_2)
                  0.05    0.21    1.76 v _5836_/X (sky130_fd_sc_hd__and2b_2)
     1    0.01                           _0567_ (net)
                  0.06    0.01    1.77 v _5837_/B (sky130_fd_sc_hd__xor2_2)
                  0.06    0.15    1.92 v _5837_/X (sky130_fd_sc_hd__xor2_2)
     2    0.00                           _0568_ (net)
                  0.06    0.00    1.92 v _5839_/A (sky130_fd_sc_hd__or3_2)
                  0.08    0.50    2.42 v _5839_/X (sky130_fd_sc_hd__or3_2)
     2    0.00                           _0570_ (net)
                  0.08    0.00    2.42 v _5875_/B (sky130_fd_sc_hd__and3b_2)
                  0.05    0.23    2.65 v _5875_/X (sky130_fd_sc_hd__and3b_2)
     2    0.01                           _0606_ (net)
                  0.05    0.01    2.65 v _5912_/A2 (sky130_fd_sc_hd__o211ai_2)
                  0.21    0.21    2.86 ^ _5912_/Y (sky130_fd_sc_hd__o211ai_2)
     5    0.01                           _0643_ (net)
                  0.21    0.00    2.86 ^ _5915_/C_N (sky130_fd_sc_hd__or4bb_2)
                  0.14    0.73    3.60 v _5915_/X (sky130_fd_sc_hd__or4bb_2)
     5    0.01                           _0646_ (net)
                  0.14    0.00    3.60 v _6025_/A (sky130_fd_sc_hd__or4_2)
                  0.10    0.72    4.32 v _6025_/X (sky130_fd_sc_hd__or4_2)
     2    0.00                           _0754_ (net)
                  0.10    0.00    4.32 v _6027_/A (sky130_fd_sc_hd__buf_1)
                  0.11    0.18    4.50 v _6027_/X (sky130_fd_sc_hd__buf_1)
     5    0.02                           _0756_ (net)
                  0.11    0.00    4.51 v _6112_/A1 (sky130_fd_sc_hd__a2111o_2)
                  0.07    0.47    4.98 v _6112_/X (sky130_fd_sc_hd__a2111o_2)
     2    0.01                           _0839_ (net)
                  0.08    0.00    4.98 v _6190_/A1 (sky130_fd_sc_hd__a21o_2)
                  0.06    0.24    5.22 v _6190_/X (sky130_fd_sc_hd__a21o_2)
     4    0.01                           _0917_ (net)
                  0.06    0.01    5.23 v _6356_/A2 (sky130_fd_sc_hd__a311oi_2)
                  0.25    0.29    5.52 ^ _6356_/Y (sky130_fd_sc_hd__a311oi_2)
     2    0.01                           _1093_ (net)
                  0.25    0.01    5.53 ^ _6446_/A1 (sky130_fd_sc_hd__o21ai_2)
                  0.07    0.12    5.65 v _6446_/Y (sky130_fd_sc_hd__o21ai_2)
     3    0.01                           _1192_ (net)
                  0.07    0.01    5.65 v _6528_/A1 (sky130_fd_sc_hd__a21oi_2)
                  0.17    0.20    5.85 ^ _6528_/Y (sky130_fd_sc_hd__a21oi_2)
     3    0.01                           _1281_ (net)
                  0.17    0.01    5.86 ^ _6624_/A1 (sky130_fd_sc_hd__o21ai_2)
                  0.05    0.09    5.95 v _6624_/Y (sky130_fd_sc_hd__o21ai_2)
     3    0.01                           _1386_ (net)
                  0.05    0.00    5.96 v _7039_/A2 (sky130_fd_sc_hd__a211o_2)
                  0.06    0.36    6.31 v _7039_/X (sky130_fd_sc_hd__a211o_2)
     2    0.01                           _1838_ (net)
                  0.06    0.00    6.32 v _7528_/A1 (sky130_fd_sc_hd__a311o_2)
                  0.06    0.34    6.66 v _7528_/X (sky130_fd_sc_hd__a311o_2)
     2    0.01                           _2371_ (net)
                  0.07    0.01    6.67 v _7650_/A2 (sky130_fd_sc_hd__a21oi_2)
                  0.23    0.25    6.92 ^ _7650_/Y (sky130_fd_sc_hd__a21oi_2)
     4    0.02                           _2506_ (net)
                  0.23    0.01    6.93 ^ _7997_/A2 (sky130_fd_sc_hd__o311ai_2)
                  0.12    0.17    7.10 v _7997_/Y (sky130_fd_sc_hd__o311ai_2)
     3    0.01                           _2883_ (net)
                  0.12    0.01    7.10 v _8101_/A2 (sky130_fd_sc_hd__a311oi_2)
                  0.40    0.45    7.55 ^ _8101_/Y (sky130_fd_sc_hd__a311oi_2)
     4    0.02                           _2997_ (net)
                  0.40    0.01    7.56 ^ _8402_/A2 (sky130_fd_sc_hd__o311ai_2)
                  0.11    0.17    7.73 v _8402_/Y (sky130_fd_sc_hd__o311ai_2)
     3    0.01                           _3324_ (net)
                  0.11    0.00    7.74 v _8623_/A1 (sky130_fd_sc_hd__a2111o_2)
                  0.08    0.48    8.22 v _8623_/X (sky130_fd_sc_hd__a2111o_2)
     3    0.01                           _3564_ (net)
                  0.08    0.01    8.22 v _8746_/A1 (sky130_fd_sc_hd__a22oi_2)
                  0.29    0.29    8.52 ^ _8746_/Y (sky130_fd_sc_hd__a22oi_2)
     4    0.02                           _3697_ (net)
                  0.29    0.01    8.52 ^ _8942_/A1 (sky130_fd_sc_hd__a31oi_2)
                  0.14    0.19    8.71 v _8942_/Y (sky130_fd_sc_hd__a31oi_2)
     3    0.01                           _3909_ (net)
                  0.14    0.00    8.71 v _8971_/A2 (sky130_fd_sc_hd__o21ba_2)
                  0.05    0.25    8.97 v _8971_/X (sky130_fd_sc_hd__o21ba_2)
     1    0.01                           _3940_ (net)
                  0.06    0.01    8.98 v _8972_/B (sky130_fd_sc_hd__xnor2_2)
                  0.04    0.13    9.11 v _8972_/Y (sky130_fd_sc_hd__xnor2_2)
     1    0.00                           _0071_ (net)
                  0.04    0.00    9.12 v _9078_/D (sky130_fd_sc_hd__dfxtp_2)
                                  9.12   data arrival time

                  0.15   10.00   10.00   clock clk (rise edge)
                          0.00   10.00   clock network delay (ideal)
                         -0.25    9.75   clock uncertainty
                          0.00    9.75   clock reconvergence pessimism
                                  9.75 ^ _9078_/CLK (sky130_fd_sc_hd__dfxtp_2)
                         -0.09    9.66   library setup time
                                  9.66   data required time
-----------------------------------------------------------------------------
                                  9.66   data required time
                                 -9.12   data arrival time
-----------------------------------------------------------------------------
                                  0.55   slack (MET)


max_report_end
check_report

===========================================================================
report_checks -unconstrained
============================================================================
Startpoint: _9165_ (rising edge-triggered flip-flop clocked by clk)
Endpoint: _9082_ (rising edge-triggered flip-flop clocked by clk)
Path Group: clk
Path Type: max

Fanout     Cap    Slew   Delay    Time   Description
-----------------------------------------------------------------------------
                  0.15    0.00    0.00   clock clk (rise edge)
                          0.00    0.00   clock network delay (ideal)
                  0.15    0.00    0.00 ^ _9165_/CLK (sky130_fd_sc_hd__dfxtp_2)
                  0.04    0.37    0.37 ^ _9165_/Q (sky130_fd_sc_hd__dfxtp_2)
     2    0.00                           P1[34] (net)
                  0.04    0.00    0.37 ^ _5786_/A (sky130_fd_sc_hd__buf_1)
                  0.17    0.17    0.54 ^ _5786_/X (sky130_fd_sc_hd__buf_1)
     5    0.01                           _0517_ (net)
                  0.17    0.00    0.55 ^ _5787_/A (sky130_fd_sc_hd__buf_1)
                  0.17    0.20    0.75 ^ _5787_/X (sky130_fd_sc_hd__buf_1)
     5    0.01                           _0518_ (net)
                  0.17    0.01    0.75 ^ _5829_/A2 (sky130_fd_sc_hd__a22oi_2)
                  0.10    0.13    0.88 v _5829_/Y (sky130_fd_sc_hd__a22oi_2)
     3    0.01                           _0560_ (net)
                  0.10    0.00    0.88 v _5830_/C (sky130_fd_sc_hd__or3_2)
                  0.08    0.45    1.33 v _5830_/X (sky130_fd_sc_hd__or3_2)
     2    0.00                           _0561_ (net)
                  0.08    0.00    1.33 v _5835_/A1 (sky130_fd_sc_hd__a21o_2)
                  0.04    0.21    1.54 v _5835_/X (sky130_fd_sc_hd__a21o_2)
     2    0.00                           _0566_ (net)
                  0.04    0.00    1.55 v _5836_/B (sky130_fd_sc_hd__and2b_2)
                  0.05    0.21    1.76 v _5836_/X (sky130_fd_sc_hd__and2b_2)
     1    0.01                           _0567_ (net)
                  0.06    0.01    1.77 v _5837_/B (sky130_fd_sc_hd__xor2_2)
                  0.06    0.15    1.92 v _5837_/X (sky130_fd_sc_hd__xor2_2)
     2    0.00                           _0568_ (net)
                  0.06    0.00    1.92 v _5839_/A (sky130_fd_sc_hd__or3_2)
                  0.08    0.50    2.42 v _5839_/X (sky130_fd_sc_hd__or3_2)
     2    0.00                           _0570_ (net)
                  0.08    0.00    2.42 v _5875_/B (sky130_fd_sc_hd__and3b_2)
                  0.05    0.23    2.65 v _5875_/X (sky130_fd_sc_hd__and3b_2)
     2    0.01                           _0606_ (net)
                  0.05    0.01    2.65 v _5912_/A2 (sky130_fd_sc_hd__o211ai_2)
                  0.21    0.21    2.86 ^ _5912_/Y (sky130_fd_sc_hd__o211ai_2)
     5    0.01                           _0643_ (net)
                  0.21    0.00    2.86 ^ _5915_/C_N (sky130_fd_sc_hd__or4bb_2)
                  0.14    0.73    3.60 v _5915_/X (sky130_fd_sc_hd__or4bb_2)
     5    0.01                           _0646_ (net)
                  0.14    0.00    3.60 v _6025_/A (sky130_fd_sc_hd__or4_2)
                  0.10    0.72    4.32 v _6025_/X (sky130_fd_sc_hd__or4_2)
     2    0.00                           _0754_ (net)
                  0.10    0.00    4.32 v _6027_/A (sky130_fd_sc_hd__buf_1)
                  0.11    0.18    4.50 v _6027_/X (sky130_fd_sc_hd__buf_1)
     5    0.02                           _0756_ (net)
                  0.11    0.00    4.51 v _6112_/A1 (sky130_fd_sc_hd__a2111o_2)
                  0.07    0.47    4.98 v _6112_/X (sky130_fd_sc_hd__a2111o_2)
     2    0.01                           _0839_ (net)
                  0.08    0.00    4.98 v _6190_/A1 (sky130_fd_sc_hd__a21o_2)
                  0.06    0.24    5.22 v _6190_/X (sky130_fd_sc_hd__a21o_2)
     4    0.01                           _0917_ (net)
                  0.06    0.01    5.23 v _6356_/A2 (sky130_fd_sc_hd__a311oi_2)
                  0.25    0.29    5.52 ^ _6356_/Y (sky130_fd_sc_hd__a311oi_2)
     2    0.01                           _1093_ (net)
                  0.25    0.01    5.53 ^ _6446_/A1 (sky130_fd_sc_hd__o21ai_2)
                  0.07    0.12    5.65 v _6446_/Y (sky130_fd_sc_hd__o21ai_2)
     3    0.01                           _1192_ (net)
                  0.07    0.01    5.65 v _6528_/A1 (sky130_fd_sc_hd__a21oi_2)
                  0.17    0.20    5.85 ^ _6528_/Y (sky130_fd_sc_hd__a21oi_2)
     3    0.01                           _1281_ (net)
                  0.17    0.01    5.86 ^ _6624_/A1 (sky130_fd_sc_hd__o21ai_2)
                  0.05    0.09    5.95 v _6624_/Y (sky130_fd_sc_hd__o21ai_2)
     3    0.01                           _1386_ (net)
                  0.05    0.00    5.96 v _7039_/A2 (sky130_fd_sc_hd__a211o_2)
                  0.06    0.36    6.31 v _7039_/X (sky130_fd_sc_hd__a211o_2)
     2    0.01                           _1838_ (net)
                  0.06    0.00    6.32 v _7528_/A1 (sky130_fd_sc_hd__a311o_2)
                  0.06    0.34    6.66 v _7528_/X (sky130_fd_sc_hd__a311o_2)
     2    0.01                           _2371_ (net)
                  0.07    0.01    6.67 v _7650_/A2 (sky130_fd_sc_hd__a21oi_2)
                  0.23    0.25    6.92 ^ _7650_/Y (sky130_fd_sc_hd__a21oi_2)
     4    0.02                           _2506_ (net)
                  0.23    0.01    6.93 ^ _7997_/A2 (sky130_fd_sc_hd__o311ai_2)
                  0.12    0.17    7.10 v _7997_/Y (sky130_fd_sc_hd__o311ai_2)
     3    0.01                           _2883_ (net)
                  0.12    0.01    7.10 v _8101_/A2 (sky130_fd_sc_hd__a311oi_2)
                  0.40    0.45    7.55 ^ _8101_/Y (sky130_fd_sc_hd__a311oi_2)
     4    0.02                           _2997_ (net)
                  0.40    0.01    7.56 ^ _8402_/A2 (sky130_fd_sc_hd__o311ai_2)
                  0.11    0.17    7.73 v _8402_/Y (sky130_fd_sc_hd__o311ai_2)
     3    0.01                           _3324_ (net)
                  0.11    0.00    7.74 v _8623_/A1 (sky130_fd_sc_hd__a2111o_2)
                  0.08    0.48    8.22 v _8623_/X (sky130_fd_sc_hd__a2111o_2)
     3    0.01                           _3564_ (net)
                  0.08    0.01    8.22 v _8746_/A1 (sky130_fd_sc_hd__a22oi_2)
                  0.29    0.29    8.52 ^ _8746_/Y (sky130_fd_sc_hd__a22oi_2)
     4    0.02                           _3697_ (net)
                  0.29    0.01    8.52 ^ _8942_/A1 (sky130_fd_sc_hd__a31oi_2)
                  0.14    0.19    8.71 v _8942_/Y (sky130_fd_sc_hd__a31oi_2)
     3    0.01                           _3909_ (net)
                  0.14    0.00    8.71 v _8992_/A2 (sky130_fd_sc_hd__o41a_2)
                  0.10    0.58    9.29 v _8992_/X (sky130_fd_sc_hd__o41a_2)
     3    0.02                           _3961_ (net)
                  0.10    0.01    9.29 v _9019_/A2 (sky130_fd_sc_hd__o31ai_2)
                  0.30    0.34    9.64 ^ _9019_/Y (sky130_fd_sc_hd__o31ai_2)
     2    0.01                           _3989_ (net)
                  0.30    0.00    9.64 ^ _9022_/A2 (sky130_fd_sc_hd__a21bo_2)
                  0.03    0.19    9.83 ^ _9022_/X (sky130_fd_sc_hd__a21bo_2)
     1    0.00                           _0075_ (net)
                  0.03    0.00    9.83 ^ _9082_/D (sky130_fd_sc_hd__dfxtp_2)
                                  9.83   data arrival time

                  0.15   10.00   10.00   clock clk (rise edge)
                          0.00   10.00   clock network delay (ideal)
                         -0.25    9.75   clock uncertainty
                          0.00    9.75   clock reconvergence pessimism
                                  9.75 ^ _9082_/CLK (sky130_fd_sc_hd__dfxtp_2)
                         -0.04    9.71   library setup time
                                  9.71   data required time
-----------------------------------------------------------------------------
                                  9.71   data required time
                                 -9.83   data arrival time
-----------------------------------------------------------------------------
                                 -0.12   slack (VIOLATED)



===========================================================================
report_checks --slack_max -0.01
============================================================================
Startpoint: _9165_ (rising edge-triggered flip-flop clocked by clk)
Endpoint: _9082_ (rising edge-triggered flip-flop clocked by clk)
Path Group: clk
Path Type: max

Fanout     Cap    Slew   Delay    Time   Description
-----------------------------------------------------------------------------
                  0.15    0.00    0.00   clock clk (rise edge)
                          0.00    0.00   clock network delay (ideal)
                  0.15    0.00    0.00 ^ _9165_/CLK (sky130_fd_sc_hd__dfxtp_2)
                  0.04    0.37    0.37 ^ _9165_/Q (sky130_fd_sc_hd__dfxtp_2)
     2    0.00                           P1[34] (net)
                  0.04    0.00    0.37 ^ _5786_/A (sky130_fd_sc_hd__buf_1)
                  0.17    0.17    0.54 ^ _5786_/X (sky130_fd_sc_hd__buf_1)
     5    0.01                           _0517_ (net)
                  0.17    0.00    0.55 ^ _5787_/A (sky130_fd_sc_hd__buf_1)
                  0.17    0.20    0.75 ^ _5787_/X (sky130_fd_sc_hd__buf_1)
     5    0.01                           _0518_ (net)
                  0.17    0.01    0.75 ^ _5829_/A2 (sky130_fd_sc_hd__a22oi_2)
                  0.10    0.13    0.88 v _5829_/Y (sky130_fd_sc_hd__a22oi_2)
     3    0.01                           _0560_ (net)
                  0.10    0.00    0.88 v _5830_/C (sky130_fd_sc_hd__or3_2)
                  0.08    0.45    1.33 v _5830_/X (sky130_fd_sc_hd__or3_2)
     2    0.00                           _0561_ (net)
                  0.08    0.00    1.33 v _5835_/A1 (sky130_fd_sc_hd__a21o_2)
                  0.04    0.21    1.54 v _5835_/X (sky130_fd_sc_hd__a21o_2)
     2    0.00                           _0566_ (net)
                  0.04    0.00    1.55 v _5836_/B (sky130_fd_sc_hd__and2b_2)
                  0.05    0.21    1.76 v _5836_/X (sky130_fd_sc_hd__and2b_2)
     1    0.01                           _0567_ (net)
                  0.06    0.01    1.77 v _5837_/B (sky130_fd_sc_hd__xor2_2)
                  0.06    0.15    1.92 v _5837_/X (sky130_fd_sc_hd__xor2_2)
     2    0.00                           _0568_ (net)
                  0.06    0.00    1.92 v _5839_/A (sky130_fd_sc_hd__or3_2)
                  0.08    0.50    2.42 v _5839_/X (sky130_fd_sc_hd__or3_2)
     2    0.00                           _0570_ (net)
                  0.08    0.00    2.42 v _5875_/B (sky130_fd_sc_hd__and3b_2)
                  0.05    0.23    2.65 v _5875_/X (sky130_fd_sc_hd__and3b_2)
     2    0.01                           _0606_ (net)
                  0.05    0.01    2.65 v _5912_/A2 (sky130_fd_sc_hd__o211ai_2)
                  0.21    0.21    2.86 ^ _5912_/Y (sky130_fd_sc_hd__o211ai_2)
     5    0.01                           _0643_ (net)
                  0.21    0.00    2.86 ^ _5915_/C_N (sky130_fd_sc_hd__or4bb_2)
                  0.14    0.73    3.60 v _5915_/X (sky130_fd_sc_hd__or4bb_2)
     5    0.01                           _0646_ (net)
                  0.14    0.00    3.60 v _6025_/A (sky130_fd_sc_hd__or4_2)
                  0.10    0.72    4.32 v _6025_/X (sky130_fd_sc_hd__or4_2)
     2    0.00                           _0754_ (net)
                  0.10    0.00    4.32 v _6027_/A (sky130_fd_sc_hd__buf_1)
                  0.11    0.18    4.50 v _6027_/X (sky130_fd_sc_hd__buf_1)
     5    0.02                           _0756_ (net)
                  0.11    0.00    4.51 v _6112_/A1 (sky130_fd_sc_hd__a2111o_2)
                  0.07    0.47    4.98 v _6112_/X (sky130_fd_sc_hd__a2111o_2)
     2    0.01                           _0839_ (net)
                  0.08    0.00    4.98 v _6190_/A1 (sky130_fd_sc_hd__a21o_2)
                  0.06    0.24    5.22 v _6190_/X (sky130_fd_sc_hd__a21o_2)
     4    0.01                           _0917_ (net)
                  0.06    0.01    5.23 v _6356_/A2 (sky130_fd_sc_hd__a311oi_2)
                  0.25    0.29    5.52 ^ _6356_/Y (sky130_fd_sc_hd__a311oi_2)
     2    0.01                           _1093_ (net)
                  0.25    0.01    5.53 ^ _6446_/A1 (sky130_fd_sc_hd__o21ai_2)
                  0.07    0.12    5.65 v _6446_/Y (sky130_fd_sc_hd__o21ai_2)
     3    0.01                           _1192_ (net)
                  0.07    0.01    5.65 v _6528_/A1 (sky130_fd_sc_hd__a21oi_2)
                  0.17    0.20    5.85 ^ _6528_/Y (sky130_fd_sc_hd__a21oi_2)
     3    0.01                           _1281_ (net)
                  0.17    0.01    5.86 ^ _6624_/A1 (sky130_fd_sc_hd__o21ai_2)
                  0.05    0.09    5.95 v _6624_/Y (sky130_fd_sc_hd__o21ai_2)
     3    0.01                           _1386_ (net)
                  0.05    0.00    5.96 v _7039_/A2 (sky130_fd_sc_hd__a211o_2)
                  0.06    0.36    6.31 v _7039_/X (sky130_fd_sc_hd__a211o_2)
     2    0.01                           _1838_ (net)
                  0.06    0.00    6.32 v _7528_/A1 (sky130_fd_sc_hd__a311o_2)
                  0.06    0.34    6.66 v _7528_/X (sky130_fd_sc_hd__a311o_2)
     2    0.01                           _2371_ (net)
                  0.07    0.01    6.67 v _7650_/A2 (sky130_fd_sc_hd__a21oi_2)
                  0.23    0.25    6.92 ^ _7650_/Y (sky130_fd_sc_hd__a21oi_2)
     4    0.02                           _2506_ (net)
                  0.23    0.01    6.93 ^ _7997_/A2 (sky130_fd_sc_hd__o311ai_2)
                  0.12    0.17    7.10 v _7997_/Y (sky130_fd_sc_hd__o311ai_2)
     3    0.01                           _2883_ (net)
                  0.12    0.01    7.10 v _8101_/A2 (sky130_fd_sc_hd__a311oi_2)
                  0.40    0.45    7.55 ^ _8101_/Y (sky130_fd_sc_hd__a311oi_2)
     4    0.02                           _2997_ (net)
                  0.40    0.01    7.56 ^ _8402_/A2 (sky130_fd_sc_hd__o311ai_2)
                  0.11    0.17    7.73 v _8402_/Y (sky130_fd_sc_hd__o311ai_2)
     3    0.01                           _3324_ (net)
                  0.11    0.00    7.74 v _8623_/A1 (sky130_fd_sc_hd__a2111o_2)
                  0.08    0.48    8.22 v _8623_/X (sky130_fd_sc_hd__a2111o_2)
     3    0.01                           _3564_ (net)
                  0.08    0.01    8.22 v _8746_/A1 (sky130_fd_sc_hd__a22oi_2)
                  0.29    0.29    8.52 ^ _8746_/Y (sky130_fd_sc_hd__a22oi_2)
     4    0.02                           _3697_ (net)
                  0.29    0.01    8.52 ^ _8942_/A1 (sky130_fd_sc_hd__a31oi_2)
                  0.14    0.19    8.71 v _8942_/Y (sky130_fd_sc_hd__a31oi_2)
     3    0.01                           _3909_ (net)
                  0.14    0.00    8.71 v _8992_/A2 (sky130_fd_sc_hd__o41a_2)
                  0.10    0.58    9.29 v _8992_/X (sky130_fd_sc_hd__o41a_2)
     3    0.02                           _3961_ (net)
                  0.10    0.01    9.29 v _9019_/A2 (sky130_fd_sc_hd__o31ai_2)
                  0.30    0.34    9.64 ^ _9019_/Y (sky130_fd_sc_hd__o31ai_2)
     2    0.01                           _3989_ (net)
                  0.30    0.00    9.64 ^ _9022_/A2 (sky130_fd_sc_hd__a21bo_2)
                  0.03    0.19    9.83 ^ _9022_/X (sky130_fd_sc_hd__a21bo_2)
     1    0.00                           _0075_ (net)
                  0.03    0.00    9.83 ^ _9082_/D (sky130_fd_sc_hd__dfxtp_2)
                                  9.83   data arrival time

                  0.15   10.00   10.00   clock clk (rise edge)
                          0.00   10.00   clock network delay (ideal)
                         -0.25    9.75   clock uncertainty
                          0.00    9.75   clock reconvergence pessimism
                                  9.75 ^ _9082_/CLK (sky130_fd_sc_hd__dfxtp_2)
                         -0.04    9.71   library setup time
                                  9.71   data required time
-----------------------------------------------------------------------------
                                  9.71   data required time
                                 -9.83   data arrival time
-----------------------------------------------------------------------------
                                 -0.12   slack (VIOLATED)


check_report_end
check_slew

===========================================================================
 report_check_types -max_slew -max_cap -max_fanout -violators
============================================================================

===========================================================================
max slew violation count 0
max fanout violation count 0
max cap violation count 0
============================================================================
check_slew_end
tns_report

===========================================================================
 report_tns
============================================================================
tns -0.22
tns_report_end
wns_report

===========================================================================
 report_wns
============================================================================
wns -0.12
wns_report_end
worst_slack

===========================================================================
 report_worst_slack -max (Setup)
============================================================================
worst slack -0.12

===========================================================================
 report_worst_slack -min (Hold)
============================================================================
worst slack 0.09
worst_slack_end
clock_skew

===========================================================================
 report_clock_skew
============================================================================
Clock clk
Latency      CRPR       Skew
_9036_/CLK ^
   0.34
_9194_/CLK ^
   0.31      0.00       0.03

clock_skew_end
power_report

===========================================================================
 report_power
============================================================================
Group                  Internal  Switching    Leakage      Total
                          Power      Power      Power      Power
----------------------------------------------------------------
Sequential             1.58e-03   8.02e-04   1.34e-09   2.38e-03   9.6%
Combinational          1.27e-02   9.85e-03   1.40e-08   2.25e-02  90.4%
Macro                  0.00e+00   0.00e+00   0.00e+00   0.00e+00   0.0%
Pad                    0.00e+00   0.00e+00   0.00e+00   0.00e+00   0.0%
----------------------------------------------------------------
Total                  1.42e-02   1.07e-02   1.54e-08   2.49e-02 100.0%
                          57.2%      42.8%       0.0%
power_report_end
area_report

===========================================================================
 report_design_area
============================================================================
Design area 42067 u^2 100% utilization.
area_report_end
