OpenROAD 944855835623e651e7b9c7c50efcce1fb04b4fee 
This program is licensed under the BSD-3 license. See the LICENSE file for details.
Components of this program may be licensed under more restrictive licenses which must be honored.
[INFO ODB-0222] Reading LEF file: /openlane/designs/MULTI_32bit/runs/RUN_2022.04.02_18.32.36/tmp/merged_unpadded.lef
[INFO ODB-0223]     Created 13 technology layers
[INFO ODB-0224]     Created 25 technology vias
[INFO ODB-0225]     Created 441 library cells
[INFO ODB-0226] Finished LEF file:  /openlane/designs/MULTI_32bit/runs/RUN_2022.04.02_18.32.36/tmp/merged_unpadded.lef
[WARNING ORD-0033] -order_wires is deprecated.
[INFO ODB-0127] Reading DEF file: /openlane/designs/MULTI_32bit/runs/RUN_2022.04.02_18.32.36/results/routing/MULTI_32bit.def
[INFO ODB-0128] Design: MULTI_32bit
[INFO ODB-0130]     Created 100 pins.
[INFO ODB-0131]     Created 13784 components and 69390 component-terminals.
[INFO ODB-0132]     Created 2 special nets and 52760 connections.
[INFO ODB-0133]     Created 4906 nets and 16630 connections.
[INFO ODB-0134] Finished DEF file: /openlane/designs/MULTI_32bit/runs/RUN_2022.04.02_18.32.36/results/routing/MULTI_32bit.def
[INFO]: Setting RC values...
[INFO RCX-0431] Defined process_corner X with ext_model_index 0
[INFO RCX-0029] Defined extraction corner X
[INFO RCX-0008] extracting parasitics of MULTI_32bit ...
Notice 0: Split top of 1545 T shapes.
[INFO RCX-0435] Reading extraction model file /home/adithi/OpenLane/pdks/sky130A/libs.tech/openlane/rcx_rules.info ...
[INFO RCX-0436] RC segment generation MULTI_32bit (max_merge_res 50.0) ...
[INFO RCX-0040] Final 20833 rc segments
[INFO RCX-0439] Coupling Cap extraction MULTI_32bit ...
[INFO RCX-0440] Coupling threshhold is 0.1000 fF, coupling capacitance less than 0.1000 fF will be grounded.
[INFO RCX-0043] 41356 wires to be extracted
[INFO RCX-0442] 50% completion -- 21011 wires have been extracted
[INFO RCX-0442] 100% completion -- 41356 wires have been extracted
[INFO RCX-0045] Extract 4906 nets, 25738 rsegs, 25738 caps, 55546 ccs
[INFO RCX-0015] Finished extracting MULTI_32bit.
[INFO RCX-0016] Writing SPEF ...
[INFO RCX-0443] 4906 nets finished
[INFO RCX-0017] Finished writing SPEF ...
