
===========================================================================
report_checks -path_delay min (Hold)
============================================================================
Startpoint: _9224_ (rising edge-triggered flip-flop clocked by clk)
Endpoint: _9160_ (rising edge-triggered flip-flop clocked by clk)
Path Group: clk
Path Type: min

Fanout     Cap    Slew   Delay    Time   Description
-----------------------------------------------------------------------------
                          0.00    0.00   clock clk (rise edge)
                          0.00    0.00   clock source latency
                  0.20    0.13    0.13 ^ clk (in)
     1    0.04                           clk (net)
                  0.20    0.00    0.13 ^ clkbuf_0_clk/A (sky130_fd_sc_hd__clkbuf_16)
                  0.04    0.17    0.30 ^ clkbuf_0_clk/X (sky130_fd_sc_hd__clkbuf_16)
     2    0.02                           clknet_0_clk (net)
                  0.04    0.00    0.30 ^ clkbuf_1_1_0_clk/A (sky130_fd_sc_hd__clkbuf_2)
                  0.17    0.18    0.48 ^ clkbuf_1_1_0_clk/X (sky130_fd_sc_hd__clkbuf_2)
     2    0.03                           clknet_1_1_0_clk (net)
                  0.17    0.00    0.48 ^ clkbuf_2_2_0_clk/A (sky130_fd_sc_hd__clkbuf_2)
                  0.09    0.17    0.66 ^ clkbuf_2_2_0_clk/X (sky130_fd_sc_hd__clkbuf_2)
     2    0.02                           clknet_2_2_0_clk (net)
                  0.09    0.00    0.66 ^ clkbuf_3_5_0_clk/A (sky130_fd_sc_hd__clkbuf_2)
                  0.07    0.13    0.79 ^ clkbuf_3_5_0_clk/X (sky130_fd_sc_hd__clkbuf_2)
     2    0.01                           clknet_3_5_0_clk (net)
                  0.07    0.00    0.79 ^ clkbuf_4_11_0_clk/A (sky130_fd_sc_hd__clkbuf_2)
                  0.21    0.22    1.01 ^ clkbuf_4_11_0_clk/X (sky130_fd_sc_hd__clkbuf_2)
     9    0.04                           clknet_4_11_0_clk (net)
                  0.21    0.00    1.01 ^ _9224_/CLK (sky130_fd_sc_hd__dfxtp_1)
                  0.03    0.33    1.33 v _9224_/Q (sky130_fd_sc_hd__dfxtp_1)
     1    0.00                           P3[0] (net)
                  0.03    0.00    1.33 v hold2/A (sky130_fd_sc_hd__clkbuf_2)
                  0.02    0.09    1.42 v hold2/X (sky130_fd_sc_hd__clkbuf_2)
     1    0.00                           net98 (net)
                  0.02    0.00    1.42 v hold15/A (sky130_fd_sc_hd__clkbuf_2)
                  0.08    0.13    1.55 v hold15/X (sky130_fd_sc_hd__clkbuf_2)
     1    0.02                           net111 (net)
                  0.08    0.00    1.55 v _9160_/D (sky130_fd_sc_hd__dfxtp_1)
                                  1.55   data arrival time

                          0.00    0.00   clock clk (rise edge)
                          0.00    0.00   clock source latency
                  0.20    0.15    0.15 ^ clk (in)
     1    0.04                           clk (net)
                  0.20    0.00    0.15 ^ clkbuf_0_clk/A (sky130_fd_sc_hd__clkbuf_16)
                  0.04    0.18    0.33 ^ clkbuf_0_clk/X (sky130_fd_sc_hd__clkbuf_16)
     2    0.02                           clknet_0_clk (net)
                  0.04    0.00    0.33 ^ clkbuf_1_1_0_clk/A (sky130_fd_sc_hd__clkbuf_2)
                  0.17    0.20    0.53 ^ clkbuf_1_1_0_clk/X (sky130_fd_sc_hd__clkbuf_2)
     2    0.03                           clknet_1_1_0_clk (net)
                  0.17    0.00    0.54 ^ clkbuf_2_3_0_clk/A (sky130_fd_sc_hd__clkbuf_2)
                  0.09    0.19    0.72 ^ clkbuf_2_3_0_clk/X (sky130_fd_sc_hd__clkbuf_2)
     2    0.02                           clknet_2_3_0_clk (net)
                  0.09    0.00    0.72 ^ clkbuf_3_7_0_clk/A (sky130_fd_sc_hd__clkbuf_2)
                  0.11    0.18    0.90 ^ clkbuf_3_7_0_clk/X (sky130_fd_sc_hd__clkbuf_2)
     2    0.02                           clknet_3_7_0_clk (net)
                  0.11    0.00    0.90 ^ clkbuf_4_14_0_clk/A (sky130_fd_sc_hd__clkbuf_2)
                  0.29    0.32    1.22 ^ clkbuf_4_14_0_clk/X (sky130_fd_sc_hd__clkbuf_2)
     9    0.05                           clknet_4_14_0_clk (net)
                  0.29    0.00    1.22 ^ _9160_/CLK (sky130_fd_sc_hd__dfxtp_1)
                          0.25    1.47   clock uncertainty
                         -0.05    1.42   clock reconvergence pessimism
                         -0.01    1.41   library hold time
                                  1.41   data required time
-----------------------------------------------------------------------------
                                  1.41   data required time
                                 -1.55   data arrival time
-----------------------------------------------------------------------------
                                  0.14   slack (MET)


Startpoint: _9216_ (rising edge-triggered flip-flop clocked by clk)
Endpoint: _9121_ (rising edge-triggered flip-flop clocked by clk)
Path Group: clk
Path Type: min

Fanout     Cap    Slew   Delay    Time   Description
-----------------------------------------------------------------------------
                          0.00    0.00   clock clk (rise edge)
                          0.00    0.00   clock source latency
                  0.20    0.13    0.13 ^ clk (in)
     1    0.04                           clk (net)
                  0.20    0.00    0.13 ^ clkbuf_0_clk/A (sky130_fd_sc_hd__clkbuf_16)
                  0.04    0.17    0.30 ^ clkbuf_0_clk/X (sky130_fd_sc_hd__clkbuf_16)
     2    0.02                           clknet_0_clk (net)
                  0.04    0.00    0.30 ^ clkbuf_1_1_0_clk/A (sky130_fd_sc_hd__clkbuf_2)
                  0.17    0.18    0.48 ^ clkbuf_1_1_0_clk/X (sky130_fd_sc_hd__clkbuf_2)
     2    0.03                           clknet_1_1_0_clk (net)
                  0.17    0.00    0.48 ^ clkbuf_2_3_0_clk/A (sky130_fd_sc_hd__clkbuf_2)
                  0.09    0.17    0.65 ^ clkbuf_2_3_0_clk/X (sky130_fd_sc_hd__clkbuf_2)
     2    0.02                           clknet_2_3_0_clk (net)
                  0.09    0.00    0.65 ^ clkbuf_3_7_0_clk/A (sky130_fd_sc_hd__clkbuf_2)
                  0.11    0.16    0.82 ^ clkbuf_3_7_0_clk/X (sky130_fd_sc_hd__clkbuf_2)
     2    0.02                           clknet_3_7_0_clk (net)
                  0.11    0.00    0.82 ^ clkbuf_4_14_0_clk/A (sky130_fd_sc_hd__clkbuf_2)
                  0.29    0.29    1.10 ^ clkbuf_4_14_0_clk/X (sky130_fd_sc_hd__clkbuf_2)
     9    0.05                           clknet_4_14_0_clk (net)
                  0.30    0.00    1.11 ^ _9216_/CLK (sky130_fd_sc_hd__dfxtp_2)
                  0.02    0.36    1.47 v _9216_/Q (sky130_fd_sc_hd__dfxtp_2)
     1    0.00                           P1[55] (net)
                  0.02    0.00    1.47 v hold16/A (sky130_fd_sc_hd__buf_2)
                  0.11    0.18    1.65 v hold16/X (sky130_fd_sc_hd__buf_2)
     1    0.04                           net112 (net)
                  0.11    0.00    1.65 v _9121_/D (sky130_fd_sc_hd__dfxtp_2)
                                  1.65   data arrival time

                          0.00    0.00   clock clk (rise edge)
                          0.00    0.00   clock source latency
                  0.20    0.15    0.15 ^ clk (in)
     1    0.04                           clk (net)
                  0.20    0.00    0.15 ^ clkbuf_0_clk/A (sky130_fd_sc_hd__clkbuf_16)
                  0.04    0.18    0.33 ^ clkbuf_0_clk/X (sky130_fd_sc_hd__clkbuf_16)
     2    0.02                           clknet_0_clk (net)
                  0.04    0.00    0.33 ^ clkbuf_1_0_0_clk/A (sky130_fd_sc_hd__clkbuf_2)
                  0.12    0.17    0.50 ^ clkbuf_1_0_0_clk/X (sky130_fd_sc_hd__clkbuf_2)
     2    0.02                           clknet_1_0_0_clk (net)
                  0.12    0.00    0.50 ^ clkbuf_2_0_0_clk/A (sky130_fd_sc_hd__clkbuf_2)
                  0.09    0.17    0.67 ^ clkbuf_2_0_0_clk/X (sky130_fd_sc_hd__clkbuf_2)
     2    0.02                           clknet_2_0_0_clk (net)
                  0.09    0.00    0.67 ^ clkbuf_3_1_0_clk/A (sky130_fd_sc_hd__clkbuf_2)
                  0.13    0.19    0.86 ^ clkbuf_3_1_0_clk/X (sky130_fd_sc_hd__clkbuf_2)
     2    0.02                           clknet_3_1_0_clk (net)
                  0.13    0.00    0.86 ^ clkbuf_4_2_0_clk/A (sky130_fd_sc_hd__clkbuf_2)
                  0.41    0.40    1.27 ^ clkbuf_4_2_0_clk/X (sky130_fd_sc_hd__clkbuf_2)
     7    0.08                           clknet_4_2_0_clk (net)
                  0.41    0.00    1.27 ^ _9121_/CLK (sky130_fd_sc_hd__dfxtp_2)
                          0.25    1.52   clock uncertainty
                         -0.03    1.49   clock reconvergence pessimism
                          0.01    1.50   library hold time
                                  1.50   data required time
-----------------------------------------------------------------------------
                                  1.50   data required time
                                 -1.65   data arrival time
-----------------------------------------------------------------------------
                                  0.15   slack (MET)


Startpoint: _9191_ (rising edge-triggered flip-flop clocked by clk)
Endpoint: _9119_ (rising edge-triggered flip-flop clocked by clk)
Path Group: clk
Path Type: min

Fanout     Cap    Slew   Delay    Time   Description
-----------------------------------------------------------------------------
                          0.00    0.00   clock clk (rise edge)
                          0.00    0.00   clock source latency
                  0.20    0.13    0.13 ^ clk (in)
     1    0.04                           clk (net)
                  0.20    0.00    0.13 ^ clkbuf_0_clk/A (sky130_fd_sc_hd__clkbuf_16)
                  0.04    0.17    0.30 ^ clkbuf_0_clk/X (sky130_fd_sc_hd__clkbuf_16)
     2    0.02                           clknet_0_clk (net)
                  0.04    0.00    0.30 ^ clkbuf_1_1_0_clk/A (sky130_fd_sc_hd__clkbuf_2)
                  0.17    0.18    0.48 ^ clkbuf_1_1_0_clk/X (sky130_fd_sc_hd__clkbuf_2)
     2    0.03                           clknet_1_1_0_clk (net)
                  0.17    0.00    0.48 ^ clkbuf_2_3_0_clk/A (sky130_fd_sc_hd__clkbuf_2)
                  0.09    0.17    0.65 ^ clkbuf_2_3_0_clk/X (sky130_fd_sc_hd__clkbuf_2)
     2    0.02                           clknet_2_3_0_clk (net)
                  0.09    0.00    0.65 ^ clkbuf_3_7_0_clk/A (sky130_fd_sc_hd__clkbuf_2)
                  0.11    0.16    0.82 ^ clkbuf_3_7_0_clk/X (sky130_fd_sc_hd__clkbuf_2)
     2    0.02                           clknet_3_7_0_clk (net)
                  0.11    0.00    0.82 ^ clkbuf_4_14_0_clk/A (sky130_fd_sc_hd__clkbuf_2)
                  0.29    0.29    1.10 ^ clkbuf_4_14_0_clk/X (sky130_fd_sc_hd__clkbuf_2)
     9    0.05                           clknet_4_14_0_clk (net)
                  0.30    0.00    1.11 ^ _9191_/CLK (sky130_fd_sc_hd__dfxtp_4)
                  0.09    0.45    1.56 v _9191_/Q (sky130_fd_sc_hd__dfxtp_4)
     1    0.06                           P1[30] (net)
                  0.09    0.01    1.57 v _9119_/D (sky130_fd_sc_hd__dfxtp_1)
                                  1.57   data arrival time

                          0.00    0.00   clock clk (rise edge)
                          0.00    0.00   clock source latency
                  0.20    0.15    0.15 ^ clk (in)
     1    0.04                           clk (net)
                  0.20    0.00    0.15 ^ clkbuf_0_clk/A (sky130_fd_sc_hd__clkbuf_16)
                  0.04    0.18    0.33 ^ clkbuf_0_clk/X (sky130_fd_sc_hd__clkbuf_16)
     2    0.02                           clknet_0_clk (net)
                  0.04    0.00    0.33 ^ clkbuf_1_0_0_clk/A (sky130_fd_sc_hd__clkbuf_2)
                  0.12    0.17    0.50 ^ clkbuf_1_0_0_clk/X (sky130_fd_sc_hd__clkbuf_2)
     2    0.02                           clknet_1_0_0_clk (net)
                  0.12    0.00    0.50 ^ clkbuf_2_0_0_clk/A (sky130_fd_sc_hd__clkbuf_2)
                  0.09    0.17    0.67 ^ clkbuf_2_0_0_clk/X (sky130_fd_sc_hd__clkbuf_2)
     2    0.02                           clknet_2_0_0_clk (net)
                  0.09    0.00    0.67 ^ clkbuf_3_1_0_clk/A (sky130_fd_sc_hd__clkbuf_2)
                  0.13    0.19    0.86 ^ clkbuf_3_1_0_clk/X (sky130_fd_sc_hd__clkbuf_2)
     2    0.02                           clknet_3_1_0_clk (net)
                  0.13    0.00    0.86 ^ clkbuf_4_3_0_clk/A (sky130_fd_sc_hd__clkbuf_2)
                  0.21    0.27    1.13 ^ clkbuf_4_3_0_clk/X (sky130_fd_sc_hd__clkbuf_2)
    10    0.04                           clknet_4_3_0_clk (net)
                  0.21    0.00    1.13 ^ _9119_/CLK (sky130_fd_sc_hd__dfxtp_1)
                          0.25    1.38   clock uncertainty
                         -0.03    1.35   clock reconvergence pessimism
                         -0.03    1.32   library hold time
                                  1.32   data required time
-----------------------------------------------------------------------------
                                  1.32   data required time
                                 -1.57   data arrival time
-----------------------------------------------------------------------------
                                  0.25   slack (MET)


Startpoint: _9067_ (rising edge-triggered flip-flop clocked by clk)
Endpoint: _9129_ (rising edge-triggered flip-flop clocked by clk)
Path Group: clk
Path Type: min

Fanout     Cap    Slew   Delay    Time   Description
-----------------------------------------------------------------------------
                          0.00    0.00   clock clk (rise edge)
                          0.00    0.00   clock source latency
                  0.20    0.13    0.13 ^ clk (in)
     1    0.04                           clk (net)
                  0.20    0.00    0.13 ^ clkbuf_0_clk/A (sky130_fd_sc_hd__clkbuf_16)
                  0.04    0.17    0.30 ^ clkbuf_0_clk/X (sky130_fd_sc_hd__clkbuf_16)
     2    0.02                           clknet_0_clk (net)
                  0.04    0.00    0.30 ^ clkbuf_1_0_0_clk/A (sky130_fd_sc_hd__clkbuf_2)
                  0.12    0.15    0.45 ^ clkbuf_1_0_0_clk/X (sky130_fd_sc_hd__clkbuf_2)
     2    0.02                           clknet_1_0_0_clk (net)
                  0.12    0.00    0.45 ^ clkbuf_2_0_0_clk/A (sky130_fd_sc_hd__clkbuf_2)
                  0.09    0.16    0.61 ^ clkbuf_2_0_0_clk/X (sky130_fd_sc_hd__clkbuf_2)
     2    0.02                           clknet_2_0_0_clk (net)
                  0.09    0.00    0.61 ^ clkbuf_3_0_0_clk/A (sky130_fd_sc_hd__clkbuf_2)
                  0.05    0.12    0.73 ^ clkbuf_3_0_0_clk/X (sky130_fd_sc_hd__clkbuf_2)
     2    0.01                           clknet_3_0_0_clk (net)
                  0.05    0.00    0.73 ^ clkbuf_4_0_0_clk/A (sky130_fd_sc_hd__clkbuf_2)
                  0.23    0.22    0.95 ^ clkbuf_4_0_0_clk/X (sky130_fd_sc_hd__clkbuf_2)
    10    0.04                           clknet_4_0_0_clk (net)
                  0.23    0.00    0.96 ^ _9067_/CLK (sky130_fd_sc_hd__dfxtp_1)
                  0.04    0.34    1.29 ^ _9067_/Q (sky130_fd_sc_hd__dfxtp_1)
     1    0.00                           P2[1] (net)
                  0.04    0.00    1.30 ^ _5198_/A0 (sky130_fd_sc_hd__mux2_1)
                  0.10    0.15    1.44 ^ _5198_/X (sky130_fd_sc_hd__mux2_1)
     1    0.01                           _4392_ (net)
                  0.10    0.00    1.45 ^ _5199_/A (sky130_fd_sc_hd__clkbuf_1)
                  0.04    0.08    1.53 ^ _5199_/X (sky130_fd_sc_hd__clkbuf_1)
     1    0.00                           _0000_ (net)
                  0.04    0.00    1.53 ^ _9129_/D (sky130_fd_sc_hd__dfxtp_1)
                                  1.53   data arrival time

                          0.00    0.00   clock clk (rise edge)
                          0.00    0.00   clock source latency
                  0.20    0.15    0.15 ^ clk (in)
     1    0.04                           clk (net)
                  0.20    0.00    0.15 ^ clkbuf_0_clk/A (sky130_fd_sc_hd__clkbuf_16)
                  0.04    0.18    0.33 ^ clkbuf_0_clk/X (sky130_fd_sc_hd__clkbuf_16)
     2    0.02                           clknet_0_clk (net)
                  0.04    0.00    0.33 ^ clkbuf_1_0_0_clk/A (sky130_fd_sc_hd__clkbuf_2)
                  0.12    0.17    0.50 ^ clkbuf_1_0_0_clk/X (sky130_fd_sc_hd__clkbuf_2)
     2    0.02                           clknet_1_0_0_clk (net)
                  0.12    0.00    0.50 ^ clkbuf_2_1_0_clk/A (sky130_fd_sc_hd__clkbuf_2)
                  0.10    0.18    0.68 ^ clkbuf_2_1_0_clk/X (sky130_fd_sc_hd__clkbuf_2)
     2    0.02                           clknet_2_1_0_clk (net)
                  0.10    0.00    0.68 ^ clkbuf_3_2_0_clk/A (sky130_fd_sc_hd__clkbuf_2)
                  0.08    0.16    0.84 ^ clkbuf_3_2_0_clk/X (sky130_fd_sc_hd__clkbuf_2)
     2    0.01                           clknet_3_2_0_clk (net)
                  0.08    0.00    0.84 ^ clkbuf_4_4_0_clk/A (sky130_fd_sc_hd__clkbuf_2)
                  0.18    0.23    1.06 ^ clkbuf_4_4_0_clk/X (sky130_fd_sc_hd__clkbuf_2)
     8    0.03                           clknet_4_4_0_clk (net)
                  0.18    0.00    1.07 ^ _9129_/CLK (sky130_fd_sc_hd__dfxtp_1)
                          0.25    1.32   clock uncertainty
                         -0.05    1.27   clock reconvergence pessimism
                         -0.01    1.26   library hold time
                                  1.26   data required time
-----------------------------------------------------------------------------
                                  1.26   data required time
                                 -1.53   data arrival time
-----------------------------------------------------------------------------
                                  0.27   slack (MET)


Startpoint: _9188_ (rising edge-triggered flip-flop clocked by clk)
Endpoint: _9116_ (rising edge-triggered flip-flop clocked by clk)
Path Group: clk
Path Type: min

Fanout     Cap    Slew   Delay    Time   Description
-----------------------------------------------------------------------------
                          0.00    0.00   clock clk (rise edge)
                          0.00    0.00   clock source latency
                  0.20    0.13    0.13 ^ clk (in)
     1    0.04                           clk (net)
                  0.20    0.00    0.13 ^ clkbuf_0_clk/A (sky130_fd_sc_hd__clkbuf_16)
                  0.04    0.17    0.30 ^ clkbuf_0_clk/X (sky130_fd_sc_hd__clkbuf_16)
     2    0.02                           clknet_0_clk (net)
                  0.04    0.00    0.30 ^ clkbuf_1_0_0_clk/A (sky130_fd_sc_hd__clkbuf_2)
                  0.12    0.15    0.45 ^ clkbuf_1_0_0_clk/X (sky130_fd_sc_hd__clkbuf_2)
     2    0.02                           clknet_1_0_0_clk (net)
                  0.12    0.00    0.45 ^ clkbuf_2_1_0_clk/A (sky130_fd_sc_hd__clkbuf_2)
                  0.10    0.16    0.61 ^ clkbuf_2_1_0_clk/X (sky130_fd_sc_hd__clkbuf_2)
     2    0.02                           clknet_2_1_0_clk (net)
                  0.10    0.00    0.61 ^ clkbuf_3_3_0_clk/A (sky130_fd_sc_hd__clkbuf_2)
                  0.07    0.14    0.75 ^ clkbuf_3_3_0_clk/X (sky130_fd_sc_hd__clkbuf_2)
     2    0.01                           clknet_3_3_0_clk (net)
                  0.07    0.00    0.75 ^ clkbuf_4_7_0_clk/A (sky130_fd_sc_hd__clkbuf_2)
                  0.18    0.20    0.96 ^ clkbuf_4_7_0_clk/X (sky130_fd_sc_hd__clkbuf_2)
     6    0.03                           clknet_4_7_0_clk (net)
                  0.18    0.00    0.96 ^ _9188_/CLK (sky130_fd_sc_hd__dfxtp_1)
                  0.03    0.32    1.28 v _9188_/Q (sky130_fd_sc_hd__dfxtp_1)
     1    0.00                           P1[27] (net)
                  0.03    0.00    1.28 v hold4/A (sky130_fd_sc_hd__clkdlybuf4s25_1)
                  0.04    0.22    1.51 v hold4/X (sky130_fd_sc_hd__clkdlybuf4s25_1)
     1    0.00                           net100 (net)
                  0.04    0.00    1.51 v _9116_/D (sky130_fd_sc_hd__dfxtp_2)
                                  1.51   data arrival time

                          0.00    0.00   clock clk (rise edge)
                          0.00    0.00   clock source latency
                  0.20    0.15    0.15 ^ clk (in)
     1    0.04                           clk (net)
                  0.20    0.00    0.15 ^ clkbuf_0_clk/A (sky130_fd_sc_hd__clkbuf_16)
                  0.04    0.18    0.33 ^ clkbuf_0_clk/X (sky130_fd_sc_hd__clkbuf_16)
     2    0.02                           clknet_0_clk (net)
                  0.04    0.00    0.33 ^ clkbuf_1_0_0_clk/A (sky130_fd_sc_hd__clkbuf_2)
                  0.12    0.17    0.50 ^ clkbuf_1_0_0_clk/X (sky130_fd_sc_hd__clkbuf_2)
     2    0.02                           clknet_1_0_0_clk (net)
                  0.12    0.00    0.50 ^ clkbuf_2_1_0_clk/A (sky130_fd_sc_hd__clkbuf_2)
                  0.10    0.18    0.68 ^ clkbuf_2_1_0_clk/X (sky130_fd_sc_hd__clkbuf_2)
     2    0.02                           clknet_2_1_0_clk (net)
                  0.10    0.00    0.68 ^ clkbuf_3_3_0_clk/A (sky130_fd_sc_hd__clkbuf_2)
                  0.07    0.15    0.83 ^ clkbuf_3_3_0_clk/X (sky130_fd_sc_hd__clkbuf_2)
     2    0.01                           clknet_3_3_0_clk (net)
                  0.07    0.00    0.83 ^ clkbuf_4_6_0_clk/A (sky130_fd_sc_hd__clkbuf_2)
                  0.17    0.22    1.05 ^ clkbuf_4_6_0_clk/X (sky130_fd_sc_hd__clkbuf_2)
     4    0.03                           clknet_4_6_0_clk (net)
                  0.17    0.00    1.05 ^ _9116_/CLK (sky130_fd_sc_hd__dfxtp_2)
                          0.25    1.30   clock uncertainty
                         -0.08    1.22   clock reconvergence pessimism
                         -0.02    1.21   library hold time
                                  1.21   data required time
-----------------------------------------------------------------------------
                                  1.21   data required time
                                 -1.51   data arrival time
-----------------------------------------------------------------------------
                                  0.30   slack (MET)


