
===========================================================================
 report_power
============================================================================


======================= Slowest Corner =================================

Group                  Internal  Switching    Leakage      Total
                          Power      Power      Power      Power
----------------------------------------------------------------
Sequential             1.03e-03   6.43e-04   2.40e-06   1.68e-03   6.7%
Combinational          9.25e-03   1.43e-02   2.15e-05   2.35e-02  93.3%
Macro                  0.00e+00   0.00e+00   0.00e+00   0.00e+00   0.0%
Pad                    0.00e+00   0.00e+00   0.00e+00   0.00e+00   0.0%
----------------------------------------------------------------
Total                  1.03e-02   1.49e-02   2.39e-05   2.52e-02 100.0%
                          40.8%      59.1%       0.1%

======================= Typical Corner ===================================

Group                  Internal  Switching    Leakage      Total
                          Power      Power      Power      Power
----------------------------------------------------------------
Sequential             1.29e-03   8.17e-04   1.35e-09   2.11e-03   6.7%
Combinational          1.13e-02   1.81e-02   3.62e-08   2.94e-02  93.3%
Macro                  0.00e+00   0.00e+00   0.00e+00   0.00e+00   0.0%
Pad                    0.00e+00   0.00e+00   0.00e+00   0.00e+00   0.0%
----------------------------------------------------------------
Total                  1.26e-02   1.90e-02   3.75e-08   3.15e-02 100.0%
                          39.9%      60.1%       0.0%


======================= Fastest Corner =================================

Group                  Internal  Switching    Leakage      Total
                          Power      Power      Power      Power
----------------------------------------------------------------
Sequential             1.49e-03   9.65e-04   2.60e-09   2.45e-03   6.8%
Combinational          1.22e-02   2.14e-02   5.06e-08   3.37e-02  93.2%
Macro                  0.00e+00   0.00e+00   0.00e+00   0.00e+00   0.0%
Pad                    0.00e+00   0.00e+00   0.00e+00   0.00e+00   0.0%
----------------------------------------------------------------
Total                  1.37e-02   2.24e-02   5.32e-08   3.61e-02 100.0%
                          38.0%      62.0%       0.0%
