
===========================================================================
report_checks -unconstrained
============================================================================

======================= Slowest Corner ===================================

Startpoint: _9195_ (rising edge-triggered flip-flop clocked by clk)
Endpoint: _9111_ (rising edge-triggered flip-flop clocked by clk)
Path Group: clk
Path Type: max
Corner: ss

Fanout     Cap    Slew   Delay    Time   Description
-----------------------------------------------------------------------------
                          0.00    0.00   clock clk (rise edge)
                          0.00    0.00   clock source latency
                  0.31    0.23    0.23 ^ clk (in)
     1    0.04                           clk (net)
                  0.31    0.00    0.23 ^ clkbuf_0_clk/A (sky130_fd_sc_hd__clkbuf_16)
                  0.07    0.34    0.57 ^ clkbuf_0_clk/X (sky130_fd_sc_hd__clkbuf_16)
     2    0.02                           clknet_0_clk (net)
                  0.07    0.00    0.57 ^ clkbuf_1_1_0_clk/A (sky130_fd_sc_hd__clkbuf_2)
                  0.27    0.35    0.92 ^ clkbuf_1_1_0_clk/X (sky130_fd_sc_hd__clkbuf_2)
     2    0.03                           clknet_1_1_0_clk (net)
                  0.27    0.00    0.92 ^ clkbuf_2_2_0_clk/A (sky130_fd_sc_hd__clkbuf_2)
                  0.15    0.35    1.28 ^ clkbuf_2_2_0_clk/X (sky130_fd_sc_hd__clkbuf_2)
     2    0.02                           clknet_2_2_0_clk (net)
                  0.15    0.00    1.28 ^ clkbuf_3_5_0_clk/A (sky130_fd_sc_hd__clkbuf_2)
                  0.10    0.26    1.54 ^ clkbuf_3_5_0_clk/X (sky130_fd_sc_hd__clkbuf_2)
     2    0.01                           clknet_3_5_0_clk (net)
                  0.10    0.00    1.54 ^ clkbuf_4_10_0_clk/A (sky130_fd_sc_hd__clkbuf_2)
                  0.36    0.44    1.98 ^ clkbuf_4_10_0_clk/X (sky130_fd_sc_hd__clkbuf_2)
    13    0.04                           clknet_4_10_0_clk (net)
                  0.36    0.00    1.98 ^ _9195_/CLK (sky130_fd_sc_hd__dfxtp_1)
                  0.27    0.96    2.94 ^ _9195_/Q (sky130_fd_sc_hd__dfxtp_1)
     2    0.02                           P1[34] (net)
                  0.27    0.00    2.94 ^ _5806_/A (sky130_fd_sc_hd__dlymetal6s2s_1)
                  0.37    0.49    3.43 ^ _5806_/X (sky130_fd_sc_hd__dlymetal6s2s_1)
     5    0.02                           _0522_ (net)
                  0.37    0.00    3.43 ^ _5852_/A (sky130_fd_sc_hd__buf_2)
                  0.30    0.52    3.94 ^ _5852_/X (sky130_fd_sc_hd__buf_2)
     5    0.04                           _0568_ (net)
                  0.30    0.00    3.95 ^ _5853_/A2 (sky130_fd_sc_hd__a22oi_2)
                  0.16    0.29    4.24 v _5853_/Y (sky130_fd_sc_hd__a22oi_2)
     3    0.01                           _0569_ (net)
                  0.16    0.00    4.24 v _5854_/C (sky130_fd_sc_hd__or3_1)
                  0.16    0.82    5.06 v _5854_/X (sky130_fd_sc_hd__or3_1)
     2    0.01                           _0570_ (net)
                  0.16    0.00    5.06 v _5858_/A (sky130_fd_sc_hd__and3_1)
                  0.13    0.42    5.48 v _5858_/X (sky130_fd_sc_hd__and3_1)
     2    0.01                           _0574_ (net)
                  0.13    0.00    5.48 v _5860_/A_N (sky130_fd_sc_hd__and2b_1)
                  0.15    0.48    5.97 ^ _5860_/X (sky130_fd_sc_hd__and2b_1)
     1    0.01                           _0576_ (net)
                  0.15    0.00    5.97 ^ _5861_/B (sky130_fd_sc_hd__xor2_2)
                  0.21    0.25    6.21 v _5861_/X (sky130_fd_sc_hd__xor2_2)
     2    0.02                           _0577_ (net)
                  0.21    0.00    6.22 v _5863_/A (sky130_fd_sc_hd__or3_1)
                  0.16    0.97    7.19 v _5863_/X (sky130_fd_sc_hd__or3_1)
     2    0.00                           _0579_ (net)
                  0.16    0.00    7.19 v _5898_/B (sky130_fd_sc_hd__and3b_1)
                  0.15    0.47    7.66 v _5898_/X (sky130_fd_sc_hd__and3b_1)
     2    0.01                           _0614_ (net)
                  0.15    0.00    7.66 v _5931_/A2 (sky130_fd_sc_hd__o211ai_4)
                  0.35    0.41    8.07 ^ _5931_/Y (sky130_fd_sc_hd__o211ai_4)
     5    0.02                           _0647_ (net)
                  0.35    0.00    8.07 ^ _5934_/C_N (sky130_fd_sc_hd__or4bb_2)
                  0.27    1.71    9.78 v _5934_/X (sky130_fd_sc_hd__or4bb_2)
     5    0.01                           _0650_ (net)
                  0.27    0.00    9.78 v _6047_/A (sky130_fd_sc_hd__or4_1)
                  0.21    1.40   11.17 v _6047_/X (sky130_fd_sc_hd__or4_1)
     2    0.01                           _0761_ (net)
                  0.21    0.00   11.17 v _6048_/A (sky130_fd_sc_hd__dlymetal6s2s_1)
                  0.17    0.46   11.64 v _6048_/X (sky130_fd_sc_hd__dlymetal6s2s_1)
     5    0.02                           _0762_ (net)
                  0.17    0.00   11.64 v _6049_/D (sky130_fd_sc_hd__and4bb_1)
                  0.11    0.51   12.15 v _6049_/X (sky130_fd_sc_hd__and4bb_1)
     2    0.01                           _0763_ (net)
                  0.11    0.00   12.15 v _6129_/D1 (sky130_fd_sc_hd__a2111o_1)
                  0.14    0.66   12.81 v _6129_/X (sky130_fd_sc_hd__a2111o_1)
     2    0.01                           _0841_ (net)
                  0.14    0.00   12.81 v _6217_/A1 (sky130_fd_sc_hd__a21o_1)
                  0.14    0.43   13.24 v _6217_/X (sky130_fd_sc_hd__a21o_1)
     4    0.01                           _0929_ (net)
                  0.14    0.00   13.24 v _6384_/A2 (sky130_fd_sc_hd__a311oi_2)
                  0.40    0.53   13.77 ^ _6384_/Y (sky130_fd_sc_hd__a311oi_2)
     2    0.01                           _1108_ (net)
                  0.40    0.00   13.77 ^ _6477_/A1 (sky130_fd_sc_hd__o21ai_1)
                  0.20    0.35   14.12 v _6477_/Y (sky130_fd_sc_hd__o21ai_1)
     3    0.01                           _1210_ (net)
                  0.20    0.00   14.12 v _6559_/A1 (sky130_fd_sc_hd__a21oi_1)
                  0.34    0.41   14.54 ^ _6559_/Y (sky130_fd_sc_hd__a21oi_1)
     3    0.01                           _1299_ (net)
                  0.34    0.00   14.54 ^ _6650_/A1 (sky130_fd_sc_hd__o21ai_1)
                  0.22    0.35   14.89 v _6650_/Y (sky130_fd_sc_hd__o21ai_1)
     3    0.01                           _1398_ (net)
                  0.22    0.00   14.89 v _7067_/A2 (sky130_fd_sc_hd__a211o_1)
                  0.16    0.72   15.60 v _7067_/X (sky130_fd_sc_hd__a211o_1)
     2    0.01                           _1852_ (net)
                  0.16    0.00   15.60 v _7554_/A1 (sky130_fd_sc_hd__a311o_2)
                  0.18    0.79   16.40 v _7554_/X (sky130_fd_sc_hd__a311o_2)
     2    0.02                           _2384_ (net)
                  0.18    0.00   16.40 v _7676_/A2 (sky130_fd_sc_hd__a21oi_4)
                  0.43    0.52   16.92 ^ _7676_/Y (sky130_fd_sc_hd__a21oi_4)
     4    0.03                           _2518_ (net)
                  0.43    0.00   16.92 ^ _8023_/A2 (sky130_fd_sc_hd__o311ai_4)
                  0.24    0.39   17.31 v _8023_/Y (sky130_fd_sc_hd__o311ai_4)
     3    0.02                           _2895_ (net)
                  0.24    0.00   17.31 v _8127_/A2 (sky130_fd_sc_hd__a311oi_4)
                  0.56    0.72   18.03 ^ _8127_/Y (sky130_fd_sc_hd__a311oi_4)
     4    0.02                           _3009_ (net)
                  0.56    0.00   18.03 ^ _8428_/A2 (sky130_fd_sc_hd__o311ai_4)
                  0.19    0.38   18.41 v _8428_/Y (sky130_fd_sc_hd__o311ai_4)
     3    0.01                           _3336_ (net)
                  0.19    0.00   18.41 v _8650_/A1 (sky130_fd_sc_hd__a2111o_1)
                  0.21    0.94   19.35 v _8650_/X (sky130_fd_sc_hd__a2111o_1)
     3    0.01                           _3577_ (net)
                  0.21    0.00   19.35 v _8774_/A1 (sky130_fd_sc_hd__a22oi_4)
                  0.37    0.49   19.83 ^ _8774_/Y (sky130_fd_sc_hd__a22oi_4)
     4    0.02                           _3712_ (net)
                  0.37    0.00   19.83 ^ _8971_/A1 (sky130_fd_sc_hd__a31oi_4)
                  0.20    0.32   20.16 v _8971_/Y (sky130_fd_sc_hd__a31oi_4)
     3    0.02                           _3924_ (net)
                  0.20    0.00   20.16 v _9021_/A2 (sky130_fd_sc_hd__o41a_1)
                  0.22    1.00   21.16 v _9021_/X (sky130_fd_sc_hd__o41a_1)
     3    0.01                           _3976_ (net)
                  0.22    0.00   21.16 v _9048_/A2 (sky130_fd_sc_hd__o31ai_2)
                  0.40    0.54   21.69 ^ _9048_/Y (sky130_fd_sc_hd__o31ai_2)
     2    0.01                           _4004_ (net)
                  0.40    0.00   21.69 ^ _9049_/B (sky130_fd_sc_hd__xor2_1)
                  0.28    0.45   22.14 ^ _9049_/X (sky130_fd_sc_hd__xor2_1)
     1    0.01                           _0074_ (net)
                  0.28    0.00   22.14 ^ _9111_/D (sky130_fd_sc_hd__dfxtp_2)
                                 22.14   data arrival time

                         11.00   11.00   clock clk (rise edge)
                          0.00   11.00   clock source latency
                  0.31    0.21   11.21 ^ clk (in)
     1    0.04                           clk (net)
                  0.31    0.00   11.21 ^ clkbuf_0_clk/A (sky130_fd_sc_hd__clkbuf_16)
                  0.07    0.31   11.52 ^ clkbuf_0_clk/X (sky130_fd_sc_hd__clkbuf_16)
     2    0.02                           clknet_0_clk (net)
                  0.07    0.00   11.52 ^ clkbuf_1_0_0_clk/A (sky130_fd_sc_hd__clkbuf_2)
                  0.19    0.26   11.78 ^ clkbuf_1_0_0_clk/X (sky130_fd_sc_hd__clkbuf_2)
     2    0.02                           clknet_1_0_0_clk (net)
                  0.19    0.00   11.78 ^ clkbuf_2_0_0_clk/A (sky130_fd_sc_hd__clkbuf_2)
                  0.14    0.28   12.07 ^ clkbuf_2_0_0_clk/X (sky130_fd_sc_hd__clkbuf_2)
     2    0.02                           clknet_2_0_0_clk (net)
                  0.14    0.00   12.07 ^ clkbuf_3_0_0_clk/A (sky130_fd_sc_hd__clkbuf_2)
                  0.08    0.22   12.29 ^ clkbuf_3_0_0_clk/X (sky130_fd_sc_hd__clkbuf_2)
     2    0.01                           clknet_3_0_0_clk (net)
                  0.08    0.00   12.29 ^ clkbuf_4_1_0_clk/A (sky130_fd_sc_hd__clkbuf_2)
                  0.38    0.40   12.68 ^ clkbuf_4_1_0_clk/X (sky130_fd_sc_hd__clkbuf_2)
    15    0.04                           clknet_4_1_0_clk (net)
                  0.38    0.00   12.68 ^ _9111_/CLK (sky130_fd_sc_hd__dfxtp_2)
                         -0.25   12.43   clock uncertainty
                          0.05   12.49   clock reconvergence pessimism
                         -0.14   12.35   library setup time
                                 12.35   data required time
-----------------------------------------------------------------------------
                                 12.35   data required time
                                -22.14   data arrival time
-----------------------------------------------------------------------------
                                 -9.79   slack (VIOLATED)



======================= Typical Corner ===================================

Startpoint: _9195_ (rising edge-triggered flip-flop clocked by clk)
Endpoint: _9111_ (rising edge-triggered flip-flop clocked by clk)
Path Group: clk
Path Type: max
Corner: tt

Fanout     Cap    Slew   Delay    Time   Description
-----------------------------------------------------------------------------
                          0.00    0.00   clock clk (rise edge)
                          0.00    0.00   clock source latency
                  0.20    0.15    0.15 ^ clk (in)
     1    0.04                           clk (net)
                  0.20    0.00    0.15 ^ clkbuf_0_clk/A (sky130_fd_sc_hd__clkbuf_16)
                  0.04    0.18    0.33 ^ clkbuf_0_clk/X (sky130_fd_sc_hd__clkbuf_16)
     2    0.02                           clknet_0_clk (net)
                  0.04    0.00    0.33 ^ clkbuf_1_1_0_clk/A (sky130_fd_sc_hd__clkbuf_2)
                  0.17    0.20    0.53 ^ clkbuf_1_1_0_clk/X (sky130_fd_sc_hd__clkbuf_2)
     2    0.03                           clknet_1_1_0_clk (net)
                  0.17    0.00    0.54 ^ clkbuf_2_2_0_clk/A (sky130_fd_sc_hd__clkbuf_2)
                  0.09    0.19    0.73 ^ clkbuf_2_2_0_clk/X (sky130_fd_sc_hd__clkbuf_2)
     2    0.02                           clknet_2_2_0_clk (net)
                  0.09    0.00    0.73 ^ clkbuf_3_5_0_clk/A (sky130_fd_sc_hd__clkbuf_2)
                  0.07    0.15    0.87 ^ clkbuf_3_5_0_clk/X (sky130_fd_sc_hd__clkbuf_2)
     2    0.01                           clknet_3_5_0_clk (net)
                  0.07    0.00    0.87 ^ clkbuf_4_10_0_clk/A (sky130_fd_sc_hd__clkbuf_2)
                  0.24    0.26    1.14 ^ clkbuf_4_10_0_clk/X (sky130_fd_sc_hd__clkbuf_2)
    13    0.04                           clknet_4_10_0_clk (net)
                  0.24    0.00    1.14 ^ _9195_/CLK (sky130_fd_sc_hd__dfxtp_1)
                  0.17    0.49    1.62 ^ _9195_/Q (sky130_fd_sc_hd__dfxtp_1)
     2    0.02                           P1[34] (net)
                  0.17    0.00    1.63 ^ _5806_/A (sky130_fd_sc_hd__dlymetal6s2s_1)
                  0.25    0.28    1.91 ^ _5806_/X (sky130_fd_sc_hd__dlymetal6s2s_1)
     5    0.02                           _0522_ (net)
                  0.25    0.00    1.91 ^ _5852_/A (sky130_fd_sc_hd__buf_2)
                  0.19    0.29    2.19 ^ _5852_/X (sky130_fd_sc_hd__buf_2)
     5    0.04                           _0568_ (net)
                  0.19    0.00    2.20 ^ _5853_/A2 (sky130_fd_sc_hd__a22oi_2)
                  0.08    0.14    2.33 v _5853_/Y (sky130_fd_sc_hd__a22oi_2)
     3    0.01                           _0569_ (net)
                  0.08    0.00    2.33 v _5854_/C (sky130_fd_sc_hd__or3_1)
                  0.08    0.35    2.68 v _5854_/X (sky130_fd_sc_hd__or3_1)
     2    0.01                           _0570_ (net)
                  0.08    0.00    2.68 v _5858_/A (sky130_fd_sc_hd__and3_1)
                  0.07    0.20    2.88 v _5858_/X (sky130_fd_sc_hd__and3_1)
     2    0.01                           _0574_ (net)
                  0.07    0.00    2.88 v _5860_/A_N (sky130_fd_sc_hd__and2b_1)
                  0.09    0.24    3.12 ^ _5860_/X (sky130_fd_sc_hd__and2b_1)
     1    0.01                           _0576_ (net)
                  0.09    0.00    3.12 ^ _5861_/B (sky130_fd_sc_hd__xor2_2)
                  0.26    0.27    3.39 ^ _5861_/X (sky130_fd_sc_hd__xor2_2)
     2    0.02                           _0577_ (net)
                  0.26    0.00    3.39 ^ _5862_/B1 (sky130_fd_sc_hd__o21a_1)
                  0.18    0.28    3.67 ^ _5862_/X (sky130_fd_sc_hd__o21a_1)
     4    0.02                           _0578_ (net)
                  0.18    0.00    3.67 ^ _5898_/A_N (sky130_fd_sc_hd__and3b_1)
                  0.07    0.25    3.93 v _5898_/X (sky130_fd_sc_hd__and3b_1)
     2    0.01                           _0614_ (net)
                  0.07    0.00    3.93 v _5931_/A2 (sky130_fd_sc_hd__o211ai_4)
                  0.22    0.24    4.17 ^ _5931_/Y (sky130_fd_sc_hd__o211ai_4)
     5    0.02                           _0647_ (net)
                  0.22    0.00    4.17 ^ _5934_/C_N (sky130_fd_sc_hd__or4bb_2)
                  0.13    0.73    4.90 v _5934_/X (sky130_fd_sc_hd__or4bb_2)
     5    0.01                           _0650_ (net)
                  0.13    0.00    4.90 v _6047_/A (sky130_fd_sc_hd__or4_1)
                  0.10    0.59    5.49 v _6047_/X (sky130_fd_sc_hd__or4_1)
     2    0.01                           _0761_ (net)
                  0.10    0.00    5.49 v _6048_/A (sky130_fd_sc_hd__dlymetal6s2s_1)
                  0.09    0.22    5.71 v _6048_/X (sky130_fd_sc_hd__dlymetal6s2s_1)
     5    0.02                           _0762_ (net)
                  0.09    0.00    5.71 v _6049_/D (sky130_fd_sc_hd__and4bb_1)
                  0.06    0.25    5.95 v _6049_/X (sky130_fd_sc_hd__and4bb_1)
     2    0.01                           _0763_ (net)
                  0.06    0.00    5.95 v _6129_/D1 (sky130_fd_sc_hd__a2111o_1)
                  0.08    0.32    6.28 v _6129_/X (sky130_fd_sc_hd__a2111o_1)
     2    0.01                           _0841_ (net)
                  0.08    0.00    6.28 v _6217_/A1 (sky130_fd_sc_hd__a21o_1)
                  0.08    0.22    6.50 v _6217_/X (sky130_fd_sc_hd__a21o_1)
     4    0.01                           _0929_ (net)
                  0.08    0.00    6.50 v _6384_/A2 (sky130_fd_sc_hd__a311oi_2)
                  0.25    0.31    6.81 ^ _6384_/Y (sky130_fd_sc_hd__a311oi_2)
     2    0.01                           _1108_ (net)
                  0.25    0.00    6.81 ^ _6477_/A1 (sky130_fd_sc_hd__o21ai_1)
                  0.10    0.16    6.97 v _6477_/Y (sky130_fd_sc_hd__o21ai_1)
     3    0.01                           _1210_ (net)
                  0.10    0.00    6.97 v _6559_/A1 (sky130_fd_sc_hd__a21oi_1)
                  0.21    0.23    7.20 ^ _6559_/Y (sky130_fd_sc_hd__a21oi_1)
     3    0.01                           _1299_ (net)
                  0.21    0.00    7.20 ^ _6650_/A1 (sky130_fd_sc_hd__o21ai_1)
                  0.11    0.16    7.36 v _6650_/Y (sky130_fd_sc_hd__o21ai_1)
     3    0.01                           _1398_ (net)
                  0.11    0.00    7.36 v _7067_/A2 (sky130_fd_sc_hd__a211o_1)
                  0.08    0.38    7.74 v _7067_/X (sky130_fd_sc_hd__a211o_1)
     2    0.01                           _1852_ (net)
                  0.08    0.00    7.74 v _7554_/A1 (sky130_fd_sc_hd__a311o_2)
                  0.10    0.40    8.15 v _7554_/X (sky130_fd_sc_hd__a311o_2)
     2    0.02                           _2384_ (net)
                  0.10    0.00    8.15 v _7676_/A2 (sky130_fd_sc_hd__a21oi_4)
                  0.28    0.31    8.46 ^ _7676_/Y (sky130_fd_sc_hd__a21oi_4)
     4    0.03                           _2518_ (net)
                  0.28    0.00    8.46 ^ _8023_/A2 (sky130_fd_sc_hd__o311ai_4)
                  0.13    0.17    8.63 v _8023_/Y (sky130_fd_sc_hd__o311ai_4)
     3    0.02                           _2895_ (net)
                  0.13    0.00    8.63 v _8127_/A2 (sky130_fd_sc_hd__a311oi_4)
                  0.36    0.42    9.06 ^ _8127_/Y (sky130_fd_sc_hd__a311oi_4)
     4    0.02                           _3009_ (net)
                  0.36    0.00    9.06 ^ _8428_/A2 (sky130_fd_sc_hd__o311ai_4)
                  0.11    0.16    9.21 v _8428_/Y (sky130_fd_sc_hd__o311ai_4)
     3    0.01                           _3336_ (net)
                  0.11    0.00    9.21 v _8650_/A1 (sky130_fd_sc_hd__a2111o_1)
                  0.11    0.47    9.68 v _8650_/X (sky130_fd_sc_hd__a2111o_1)
     3    0.01                           _3577_ (net)
                  0.11    0.00    9.68 v _8774_/A1 (sky130_fd_sc_hd__a22oi_4)
                  0.24    0.29    9.97 ^ _8774_/Y (sky130_fd_sc_hd__a22oi_4)
     4    0.02                           _3712_ (net)
                  0.24    0.00    9.97 ^ _8971_/A1 (sky130_fd_sc_hd__a31oi_4)
                  0.11    0.15   10.13 v _8971_/Y (sky130_fd_sc_hd__a31oi_4)
     3    0.02                           _3924_ (net)
                  0.11    0.00   10.13 v _9021_/A2 (sky130_fd_sc_hd__o41a_1)
                  0.12    0.51   10.64 v _9021_/X (sky130_fd_sc_hd__o41a_1)
     3    0.01                           _3976_ (net)
                  0.12    0.00   10.64 v _9048_/A2 (sky130_fd_sc_hd__o31ai_2)
                  0.26    0.31   10.95 ^ _9048_/Y (sky130_fd_sc_hd__o31ai_2)
     2    0.01                           _4004_ (net)
                  0.26    0.00   10.95 ^ _9049_/B (sky130_fd_sc_hd__xor2_1)
                  0.17    0.23   11.18 ^ _9049_/X (sky130_fd_sc_hd__xor2_1)
     1    0.01                           _0074_ (net)
                  0.17    0.00   11.18 ^ _9111_/D (sky130_fd_sc_hd__dfxtp_2)
                                 11.18   data arrival time

                         11.00   11.00   clock clk (rise edge)
                          0.00   11.00   clock source latency
                  0.20    0.13   11.13 ^ clk (in)
     1    0.04                           clk (net)
                  0.20    0.00   11.13 ^ clkbuf_0_clk/A (sky130_fd_sc_hd__clkbuf_16)
                  0.04    0.17   11.30 ^ clkbuf_0_clk/X (sky130_fd_sc_hd__clkbuf_16)
     2    0.02                           clknet_0_clk (net)
                  0.04    0.00   11.30 ^ clkbuf_1_0_0_clk/A (sky130_fd_sc_hd__clkbuf_2)
                  0.12    0.15   11.45 ^ clkbuf_1_0_0_clk/X (sky130_fd_sc_hd__clkbuf_2)
     2    0.02                           clknet_1_0_0_clk (net)
                  0.12    0.00   11.45 ^ clkbuf_2_0_0_clk/A (sky130_fd_sc_hd__clkbuf_2)
                  0.09    0.16   11.61 ^ clkbuf_2_0_0_clk/X (sky130_fd_sc_hd__clkbuf_2)
     2    0.02                           clknet_2_0_0_clk (net)
                  0.09    0.00   11.61 ^ clkbuf_3_0_0_clk/A (sky130_fd_sc_hd__clkbuf_2)
                  0.05    0.12   11.73 ^ clkbuf_3_0_0_clk/X (sky130_fd_sc_hd__clkbuf_2)
     2    0.01                           clknet_3_0_0_clk (net)
                  0.05    0.00   11.73 ^ clkbuf_4_1_0_clk/A (sky130_fd_sc_hd__clkbuf_2)
                  0.26    0.24   11.97 ^ clkbuf_4_1_0_clk/X (sky130_fd_sc_hd__clkbuf_2)
    15    0.05                           clknet_4_1_0_clk (net)
                  0.26    0.00   11.97 ^ _9111_/CLK (sky130_fd_sc_hd__dfxtp_2)
                         -0.25   11.72   clock uncertainty
                          0.03   11.75   clock reconvergence pessimism
                         -0.06   11.70   library setup time
                                 11.70   data required time
-----------------------------------------------------------------------------
                                 11.70   data required time
                                -11.18   data arrival time
-----------------------------------------------------------------------------
                                  0.51   slack (MET)



======================= Fastest Corner ===================================

Startpoint: _9195_ (rising edge-triggered flip-flop clocked by clk)
Endpoint: _9111_ (rising edge-triggered flip-flop clocked by clk)
Path Group: clk
Path Type: max
Corner: ff

Fanout     Cap    Slew   Delay    Time   Description
-----------------------------------------------------------------------------
                          0.00    0.00   clock clk (rise edge)
                          0.00    0.00   clock source latency
                  0.15    0.11    0.11 ^ clk (in)
     1    0.04                           clk (net)
                  0.15    0.00    0.11 ^ clkbuf_0_clk/A (sky130_fd_sc_hd__clkbuf_16)
                  0.03    0.12    0.23 ^ clkbuf_0_clk/X (sky130_fd_sc_hd__clkbuf_16)
     2    0.02                           clknet_0_clk (net)
                  0.03    0.00    0.23 ^ clkbuf_1_1_0_clk/A (sky130_fd_sc_hd__clkbuf_2)
                  0.13    0.14    0.37 ^ clkbuf_1_1_0_clk/X (sky130_fd_sc_hd__clkbuf_2)
     2    0.03                           clknet_1_1_0_clk (net)
                  0.13    0.00    0.37 ^ clkbuf_2_2_0_clk/A (sky130_fd_sc_hd__clkbuf_2)
                  0.07    0.12    0.50 ^ clkbuf_2_2_0_clk/X (sky130_fd_sc_hd__clkbuf_2)
     2    0.02                           clknet_2_2_0_clk (net)
                  0.07    0.00    0.50 ^ clkbuf_3_5_0_clk/A (sky130_fd_sc_hd__clkbuf_2)
                  0.05    0.10    0.60 ^ clkbuf_3_5_0_clk/X (sky130_fd_sc_hd__clkbuf_2)
     2    0.01                           clknet_3_5_0_clk (net)
                  0.05    0.00    0.60 ^ clkbuf_4_10_0_clk/A (sky130_fd_sc_hd__clkbuf_2)
                  0.19    0.19    0.79 ^ clkbuf_4_10_0_clk/X (sky130_fd_sc_hd__clkbuf_2)
    13    0.05                           clknet_4_10_0_clk (net)
                  0.19    0.00    0.79 ^ _9195_/CLK (sky130_fd_sc_hd__dfxtp_1)
                  0.13    0.31    1.09 ^ _9195_/Q (sky130_fd_sc_hd__dfxtp_1)
     2    0.02                           P1[34] (net)
                  0.13    0.00    1.10 ^ _5806_/A (sky130_fd_sc_hd__dlymetal6s2s_1)
                  0.19    0.19    1.29 ^ _5806_/X (sky130_fd_sc_hd__dlymetal6s2s_1)
     5    0.02                           _0522_ (net)
                  0.19    0.00    1.29 ^ _5807_/A (sky130_fd_sc_hd__buf_2)
                  0.14    0.18    1.48 ^ _5807_/X (sky130_fd_sc_hd__buf_2)
     5    0.04                           _0523_ (net)
                  0.14    0.00    1.48 ^ _5824_/A (sky130_fd_sc_hd__buf_2)
                  0.13    0.17    1.65 ^ _5824_/X (sky130_fd_sc_hd__buf_2)
     5    0.04                           _0540_ (net)
                  0.13    0.00    1.66 ^ _5825_/B (sky130_fd_sc_hd__and4_1)
                  0.12    0.19    1.85 ^ _5825_/X (sky130_fd_sc_hd__and4_1)
     2    0.02                           _0541_ (net)
                  0.12    0.00    1.85 ^ _5826_/B1 (sky130_fd_sc_hd__a31o_1)
                  0.12    0.13    1.98 ^ _5826_/X (sky130_fd_sc_hd__a31o_1)
     2    0.02                           _0542_ (net)
                  0.12    0.00    1.99 ^ _5834_/B (sky130_fd_sc_hd__xor2_1)
                  0.17    0.17    2.15 ^ _5834_/X (sky130_fd_sc_hd__xor2_1)
     2    0.01                           _0550_ (net)
                  0.17    0.00    2.15 ^ _5835_/B (sky130_fd_sc_hd__and2_1)
                  0.05    0.11    2.27 ^ _5835_/X (sky130_fd_sc_hd__and2_1)
     2    0.01                           _0551_ (net)
                  0.05    0.00    2.27 ^ _5862_/A2 (sky130_fd_sc_hd__o21a_1)
                  0.14    0.15    2.42 ^ _5862_/X (sky130_fd_sc_hd__o21a_1)
     4    0.02                           _0578_ (net)
                  0.14    0.00    2.42 ^ _5898_/A_N (sky130_fd_sc_hd__and3b_1)
                  0.05    0.15    2.57 v _5898_/X (sky130_fd_sc_hd__and3b_1)
     2    0.01                           _0614_ (net)
                  0.05    0.00    2.57 v _5931_/A2 (sky130_fd_sc_hd__o211ai_4)
                  0.17    0.17    2.74 ^ _5931_/Y (sky130_fd_sc_hd__o211ai_4)
     5    0.02                           _0647_ (net)
                  0.17    0.00    2.74 ^ _5934_/C_N (sky130_fd_sc_hd__or4bb_2)
                  0.09    0.40    3.15 v _5934_/X (sky130_fd_sc_hd__or4bb_2)
     5    0.01                           _0650_ (net)
                  0.09    0.00    3.15 v _6047_/A (sky130_fd_sc_hd__or4_1)
                  0.07    0.34    3.48 v _6047_/X (sky130_fd_sc_hd__or4_1)
     2    0.01                           _0761_ (net)
                  0.07    0.00    3.48 v _6048_/A (sky130_fd_sc_hd__dlymetal6s2s_1)
                  0.06    0.14    3.62 v _6048_/X (sky130_fd_sc_hd__dlymetal6s2s_1)
     5    0.02                           _0762_ (net)
                  0.06    0.00    3.62 v _6049_/D (sky130_fd_sc_hd__and4bb_1)
                  0.04    0.16    3.78 v _6049_/X (sky130_fd_sc_hd__and4bb_1)
     2    0.01                           _0763_ (net)
                  0.04    0.00    3.78 v _6129_/D1 (sky130_fd_sc_hd__a2111o_1)
                  0.05    0.15    3.93 v _6129_/X (sky130_fd_sc_hd__a2111o_1)
     2    0.01                           _0841_ (net)
                  0.05    0.00    3.93 v _6217_/A1 (sky130_fd_sc_hd__a21o_1)
                  0.06    0.14    4.08 v _6217_/X (sky130_fd_sc_hd__a21o_1)
     4    0.01                           _0929_ (net)
                  0.06    0.00    4.08 v _6384_/A2 (sky130_fd_sc_hd__a311oi_2)
                  0.19    0.21    4.29 ^ _6384_/Y (sky130_fd_sc_hd__a311oi_2)
     2    0.01                           _1108_ (net)
                  0.19    0.00    4.29 ^ _6477_/A1 (sky130_fd_sc_hd__o21ai_1)
                  0.07    0.09    4.38 v _6477_/Y (sky130_fd_sc_hd__o21ai_1)
     3    0.01                           _1210_ (net)
                  0.07    0.00    4.38 v _6559_/A1 (sky130_fd_sc_hd__a21oi_1)
                  0.16    0.16    4.54 ^ _6559_/Y (sky130_fd_sc_hd__a21oi_1)
     3    0.01                           _1299_ (net)
                  0.16    0.00    4.54 ^ _6650_/A1 (sky130_fd_sc_hd__o21ai_1)
                  0.08    0.09    4.63 v _6650_/Y (sky130_fd_sc_hd__o21ai_1)
     3    0.01                           _1398_ (net)
                  0.08    0.00    4.63 v _7067_/A2 (sky130_fd_sc_hd__a211o_1)
                  0.06    0.24    4.87 v _7067_/X (sky130_fd_sc_hd__a211o_1)
     2    0.01                           _1852_ (net)
                  0.06    0.00    4.87 v _7554_/A1 (sky130_fd_sc_hd__a311o_2)
                  0.07    0.25    5.12 v _7554_/X (sky130_fd_sc_hd__a311o_2)
     2    0.02                           _2384_ (net)
                  0.07    0.00    5.13 v _7676_/A2 (sky130_fd_sc_hd__a21oi_4)
                  0.21    0.22    5.35 ^ _7676_/Y (sky130_fd_sc_hd__a21oi_4)
     4    0.03                           _2518_ (net)
                  0.21    0.00    5.35 ^ _8023_/A2 (sky130_fd_sc_hd__o311ai_4)
                  0.09    0.09    5.44 v _8023_/Y (sky130_fd_sc_hd__o311ai_4)
     3    0.02                           _2895_ (net)
                  0.09    0.00    5.44 v _8127_/A2 (sky130_fd_sc_hd__a311oi_4)
                  0.27    0.29    5.73 ^ _8127_/Y (sky130_fd_sc_hd__a311oi_4)
     4    0.02                           _3009_ (net)
                  0.27    0.00    5.74 ^ _8428_/A2 (sky130_fd_sc_hd__o311ai_4)
                  0.07    0.08    5.81 v _8428_/Y (sky130_fd_sc_hd__o311ai_4)
     3    0.01                           _3336_ (net)
                  0.07    0.00    5.81 v _8650_/A1 (sky130_fd_sc_hd__a2111o_1)
                  0.08    0.29    6.10 v _8650_/X (sky130_fd_sc_hd__a2111o_1)
     3    0.01                           _3577_ (net)
                  0.08    0.00    6.10 v _8774_/A1 (sky130_fd_sc_hd__a22oi_4)
                  0.13    0.15    6.26 ^ _8774_/Y (sky130_fd_sc_hd__a22oi_4)
     4    0.02                           _3712_ (net)
                  0.13    0.00    6.26 ^ _8971_/A1 (sky130_fd_sc_hd__a31oi_4)
                  0.08    0.08    6.34 v _8971_/Y (sky130_fd_sc_hd__a31oi_4)
     3    0.02                           _3924_ (net)
                  0.08    0.00    6.34 v _9021_/A2 (sky130_fd_sc_hd__o41a_1)
                  0.08    0.32    6.66 v _9021_/X (sky130_fd_sc_hd__o41a_1)
     3    0.01                           _3976_ (net)
                  0.08    0.00    6.66 v _9048_/A2 (sky130_fd_sc_hd__o31ai_2)
                  0.19    0.22    6.87 ^ _9048_/Y (sky130_fd_sc_hd__o31ai_2)
     2    0.01                           _4004_ (net)
                  0.19    0.00    6.87 ^ _9049_/B (sky130_fd_sc_hd__xor2_1)
                  0.13    0.13    7.01 ^ _9049_/X (sky130_fd_sc_hd__xor2_1)
     1    0.01                           _0074_ (net)
                  0.13    0.00    7.01 ^ _9111_/D (sky130_fd_sc_hd__dfxtp_2)
                                  7.01   data arrival time

                         11.00   11.00   clock clk (rise edge)
                          0.00   11.00   clock source latency
                  0.15    0.10   11.10 ^ clk (in)
     1    0.04                           clk (net)
                  0.15    0.00   11.10 ^ clkbuf_0_clk/A (sky130_fd_sc_hd__clkbuf_16)
                  0.03    0.11   11.20 ^ clkbuf_0_clk/X (sky130_fd_sc_hd__clkbuf_16)
     2    0.02                           clknet_0_clk (net)
                  0.03    0.00   11.21 ^ clkbuf_1_0_0_clk/A (sky130_fd_sc_hd__clkbuf_2)
                  0.09    0.10   11.31 ^ clkbuf_1_0_0_clk/X (sky130_fd_sc_hd__clkbuf_2)
     2    0.02                           clknet_1_0_0_clk (net)
                  0.09    0.00   11.31 ^ clkbuf_2_0_0_clk/A (sky130_fd_sc_hd__clkbuf_2)
                  0.07    0.10   11.42 ^ clkbuf_2_0_0_clk/X (sky130_fd_sc_hd__clkbuf_2)
     2    0.02                           clknet_2_0_0_clk (net)
                  0.07    0.00   11.42 ^ clkbuf_3_0_0_clk/A (sky130_fd_sc_hd__clkbuf_2)
                  0.04    0.08   11.50 ^ clkbuf_3_0_0_clk/X (sky130_fd_sc_hd__clkbuf_2)
     2    0.01                           clknet_3_0_0_clk (net)
                  0.04    0.00   11.50 ^ clkbuf_4_1_0_clk/A (sky130_fd_sc_hd__clkbuf_2)
                  0.20    0.18   11.67 ^ clkbuf_4_1_0_clk/X (sky130_fd_sc_hd__clkbuf_2)
    15    0.05                           clknet_4_1_0_clk (net)
                  0.20    0.00   11.67 ^ _9111_/CLK (sky130_fd_sc_hd__dfxtp_2)
                         -0.25   11.42   clock uncertainty
                          0.02   11.44   clock reconvergence pessimism
                         -0.03   11.41   library setup time
                                 11.41   data required time
-----------------------------------------------------------------------------
                                 11.41   data required time
                                 -7.01   data arrival time
-----------------------------------------------------------------------------
                                  4.40   slack (MET)



===========================================================================
report_checks --slack_max -0.01
============================================================================

======================= Slowest Corner ===================================

Startpoint: _9195_ (rising edge-triggered flip-flop clocked by clk)
Endpoint: _9111_ (rising edge-triggered flip-flop clocked by clk)
Path Group: clk
Path Type: max
Corner: ss

Fanout     Cap    Slew   Delay    Time   Description
-----------------------------------------------------------------------------
                          0.00    0.00   clock clk (rise edge)
                          0.00    0.00   clock source latency
                  0.31    0.23    0.23 ^ clk (in)
     1    0.04                           clk (net)
                  0.31    0.00    0.23 ^ clkbuf_0_clk/A (sky130_fd_sc_hd__clkbuf_16)
                  0.07    0.34    0.57 ^ clkbuf_0_clk/X (sky130_fd_sc_hd__clkbuf_16)
     2    0.02                           clknet_0_clk (net)
                  0.07    0.00    0.57 ^ clkbuf_1_1_0_clk/A (sky130_fd_sc_hd__clkbuf_2)
                  0.27    0.35    0.92 ^ clkbuf_1_1_0_clk/X (sky130_fd_sc_hd__clkbuf_2)
     2    0.03                           clknet_1_1_0_clk (net)
                  0.27    0.00    0.92 ^ clkbuf_2_2_0_clk/A (sky130_fd_sc_hd__clkbuf_2)
                  0.15    0.35    1.28 ^ clkbuf_2_2_0_clk/X (sky130_fd_sc_hd__clkbuf_2)
     2    0.02                           clknet_2_2_0_clk (net)
                  0.15    0.00    1.28 ^ clkbuf_3_5_0_clk/A (sky130_fd_sc_hd__clkbuf_2)
                  0.10    0.26    1.54 ^ clkbuf_3_5_0_clk/X (sky130_fd_sc_hd__clkbuf_2)
     2    0.01                           clknet_3_5_0_clk (net)
                  0.10    0.00    1.54 ^ clkbuf_4_10_0_clk/A (sky130_fd_sc_hd__clkbuf_2)
                  0.36    0.44    1.98 ^ clkbuf_4_10_0_clk/X (sky130_fd_sc_hd__clkbuf_2)
    13    0.04                           clknet_4_10_0_clk (net)
                  0.36    0.00    1.98 ^ _9195_/CLK (sky130_fd_sc_hd__dfxtp_1)
                  0.27    0.96    2.94 ^ _9195_/Q (sky130_fd_sc_hd__dfxtp_1)
     2    0.02                           P1[34] (net)
                  0.27    0.00    2.94 ^ _5806_/A (sky130_fd_sc_hd__dlymetal6s2s_1)
                  0.37    0.49    3.43 ^ _5806_/X (sky130_fd_sc_hd__dlymetal6s2s_1)
     5    0.02                           _0522_ (net)
                  0.37    0.00    3.43 ^ _5852_/A (sky130_fd_sc_hd__buf_2)
                  0.30    0.52    3.94 ^ _5852_/X (sky130_fd_sc_hd__buf_2)
     5    0.04                           _0568_ (net)
                  0.30    0.00    3.95 ^ _5853_/A2 (sky130_fd_sc_hd__a22oi_2)
                  0.16    0.29    4.24 v _5853_/Y (sky130_fd_sc_hd__a22oi_2)
     3    0.01                           _0569_ (net)
                  0.16    0.00    4.24 v _5854_/C (sky130_fd_sc_hd__or3_1)
                  0.16    0.82    5.06 v _5854_/X (sky130_fd_sc_hd__or3_1)
     2    0.01                           _0570_ (net)
                  0.16    0.00    5.06 v _5858_/A (sky130_fd_sc_hd__and3_1)
                  0.13    0.42    5.48 v _5858_/X (sky130_fd_sc_hd__and3_1)
     2    0.01                           _0574_ (net)
                  0.13    0.00    5.48 v _5860_/A_N (sky130_fd_sc_hd__and2b_1)
                  0.15    0.48    5.97 ^ _5860_/X (sky130_fd_sc_hd__and2b_1)
     1    0.01                           _0576_ (net)
                  0.15    0.00    5.97 ^ _5861_/B (sky130_fd_sc_hd__xor2_2)
                  0.21    0.25    6.21 v _5861_/X (sky130_fd_sc_hd__xor2_2)
     2    0.02                           _0577_ (net)
                  0.21    0.00    6.22 v _5863_/A (sky130_fd_sc_hd__or3_1)
                  0.16    0.97    7.19 v _5863_/X (sky130_fd_sc_hd__or3_1)
     2    0.00                           _0579_ (net)
                  0.16    0.00    7.19 v _5898_/B (sky130_fd_sc_hd__and3b_1)
                  0.15    0.47    7.66 v _5898_/X (sky130_fd_sc_hd__and3b_1)
     2    0.01                           _0614_ (net)
                  0.15    0.00    7.66 v _5931_/A2 (sky130_fd_sc_hd__o211ai_4)
                  0.35    0.41    8.07 ^ _5931_/Y (sky130_fd_sc_hd__o211ai_4)
     5    0.02                           _0647_ (net)
                  0.35    0.00    8.07 ^ _5934_/C_N (sky130_fd_sc_hd__or4bb_2)
                  0.27    1.71    9.78 v _5934_/X (sky130_fd_sc_hd__or4bb_2)
     5    0.01                           _0650_ (net)
                  0.27    0.00    9.78 v _6047_/A (sky130_fd_sc_hd__or4_1)
                  0.21    1.40   11.17 v _6047_/X (sky130_fd_sc_hd__or4_1)
     2    0.01                           _0761_ (net)
                  0.21    0.00   11.17 v _6048_/A (sky130_fd_sc_hd__dlymetal6s2s_1)
                  0.17    0.46   11.64 v _6048_/X (sky130_fd_sc_hd__dlymetal6s2s_1)
     5    0.02                           _0762_ (net)
                  0.17    0.00   11.64 v _6049_/D (sky130_fd_sc_hd__and4bb_1)
                  0.11    0.51   12.15 v _6049_/X (sky130_fd_sc_hd__and4bb_1)
     2    0.01                           _0763_ (net)
                  0.11    0.00   12.15 v _6129_/D1 (sky130_fd_sc_hd__a2111o_1)
                  0.14    0.66   12.81 v _6129_/X (sky130_fd_sc_hd__a2111o_1)
     2    0.01                           _0841_ (net)
                  0.14    0.00   12.81 v _6217_/A1 (sky130_fd_sc_hd__a21o_1)
                  0.14    0.43   13.24 v _6217_/X (sky130_fd_sc_hd__a21o_1)
     4    0.01                           _0929_ (net)
                  0.14    0.00   13.24 v _6384_/A2 (sky130_fd_sc_hd__a311oi_2)
                  0.40    0.53   13.77 ^ _6384_/Y (sky130_fd_sc_hd__a311oi_2)
     2    0.01                           _1108_ (net)
                  0.40    0.00   13.77 ^ _6477_/A1 (sky130_fd_sc_hd__o21ai_1)
                  0.20    0.35   14.12 v _6477_/Y (sky130_fd_sc_hd__o21ai_1)
     3    0.01                           _1210_ (net)
                  0.20    0.00   14.12 v _6559_/A1 (sky130_fd_sc_hd__a21oi_1)
                  0.34    0.41   14.54 ^ _6559_/Y (sky130_fd_sc_hd__a21oi_1)
     3    0.01                           _1299_ (net)
                  0.34    0.00   14.54 ^ _6650_/A1 (sky130_fd_sc_hd__o21ai_1)
                  0.22    0.35   14.89 v _6650_/Y (sky130_fd_sc_hd__o21ai_1)
     3    0.01                           _1398_ (net)
                  0.22    0.00   14.89 v _7067_/A2 (sky130_fd_sc_hd__a211o_1)
                  0.16    0.72   15.60 v _7067_/X (sky130_fd_sc_hd__a211o_1)
     2    0.01                           _1852_ (net)
                  0.16    0.00   15.60 v _7554_/A1 (sky130_fd_sc_hd__a311o_2)
                  0.18    0.79   16.40 v _7554_/X (sky130_fd_sc_hd__a311o_2)
     2    0.02                           _2384_ (net)
                  0.18    0.00   16.40 v _7676_/A2 (sky130_fd_sc_hd__a21oi_4)
                  0.43    0.52   16.92 ^ _7676_/Y (sky130_fd_sc_hd__a21oi_4)
     4    0.03                           _2518_ (net)
                  0.43    0.00   16.92 ^ _8023_/A2 (sky130_fd_sc_hd__o311ai_4)
                  0.24    0.39   17.31 v _8023_/Y (sky130_fd_sc_hd__o311ai_4)
     3    0.02                           _2895_ (net)
                  0.24    0.00   17.31 v _8127_/A2 (sky130_fd_sc_hd__a311oi_4)
                  0.56    0.72   18.03 ^ _8127_/Y (sky130_fd_sc_hd__a311oi_4)
     4    0.02                           _3009_ (net)
                  0.56    0.00   18.03 ^ _8428_/A2 (sky130_fd_sc_hd__o311ai_4)
                  0.19    0.38   18.41 v _8428_/Y (sky130_fd_sc_hd__o311ai_4)
     3    0.01                           _3336_ (net)
                  0.19    0.00   18.41 v _8650_/A1 (sky130_fd_sc_hd__a2111o_1)
                  0.21    0.94   19.35 v _8650_/X (sky130_fd_sc_hd__a2111o_1)
     3    0.01                           _3577_ (net)
                  0.21    0.00   19.35 v _8774_/A1 (sky130_fd_sc_hd__a22oi_4)
                  0.37    0.49   19.83 ^ _8774_/Y (sky130_fd_sc_hd__a22oi_4)
     4    0.02                           _3712_ (net)
                  0.37    0.00   19.83 ^ _8971_/A1 (sky130_fd_sc_hd__a31oi_4)
                  0.20    0.32   20.16 v _8971_/Y (sky130_fd_sc_hd__a31oi_4)
     3    0.02                           _3924_ (net)
                  0.20    0.00   20.16 v _9021_/A2 (sky130_fd_sc_hd__o41a_1)
                  0.22    1.00   21.16 v _9021_/X (sky130_fd_sc_hd__o41a_1)
     3    0.01                           _3976_ (net)
                  0.22    0.00   21.16 v _9048_/A2 (sky130_fd_sc_hd__o31ai_2)
                  0.40    0.54   21.69 ^ _9048_/Y (sky130_fd_sc_hd__o31ai_2)
     2    0.01                           _4004_ (net)
                  0.40    0.00   21.69 ^ _9049_/B (sky130_fd_sc_hd__xor2_1)
                  0.28    0.45   22.14 ^ _9049_/X (sky130_fd_sc_hd__xor2_1)
     1    0.01                           _0074_ (net)
                  0.28    0.00   22.14 ^ _9111_/D (sky130_fd_sc_hd__dfxtp_2)
                                 22.14   data arrival time

                         11.00   11.00   clock clk (rise edge)
                          0.00   11.00   clock source latency
                  0.31    0.21   11.21 ^ clk (in)
     1    0.04                           clk (net)
                  0.31    0.00   11.21 ^ clkbuf_0_clk/A (sky130_fd_sc_hd__clkbuf_16)
                  0.07    0.31   11.52 ^ clkbuf_0_clk/X (sky130_fd_sc_hd__clkbuf_16)
     2    0.02                           clknet_0_clk (net)
                  0.07    0.00   11.52 ^ clkbuf_1_0_0_clk/A (sky130_fd_sc_hd__clkbuf_2)
                  0.19    0.26   11.78 ^ clkbuf_1_0_0_clk/X (sky130_fd_sc_hd__clkbuf_2)
     2    0.02                           clknet_1_0_0_clk (net)
                  0.19    0.00   11.78 ^ clkbuf_2_0_0_clk/A (sky130_fd_sc_hd__clkbuf_2)
                  0.14    0.28   12.07 ^ clkbuf_2_0_0_clk/X (sky130_fd_sc_hd__clkbuf_2)
     2    0.02                           clknet_2_0_0_clk (net)
                  0.14    0.00   12.07 ^ clkbuf_3_0_0_clk/A (sky130_fd_sc_hd__clkbuf_2)
                  0.08    0.22   12.29 ^ clkbuf_3_0_0_clk/X (sky130_fd_sc_hd__clkbuf_2)
     2    0.01                           clknet_3_0_0_clk (net)
                  0.08    0.00   12.29 ^ clkbuf_4_1_0_clk/A (sky130_fd_sc_hd__clkbuf_2)
                  0.38    0.40   12.68 ^ clkbuf_4_1_0_clk/X (sky130_fd_sc_hd__clkbuf_2)
    15    0.04                           clknet_4_1_0_clk (net)
                  0.38    0.00   12.68 ^ _9111_/CLK (sky130_fd_sc_hd__dfxtp_2)
                         -0.25   12.43   clock uncertainty
                          0.05   12.49   clock reconvergence pessimism
                         -0.14   12.35   library setup time
                                 12.35   data required time
-----------------------------------------------------------------------------
                                 12.35   data required time
                                -22.14   data arrival time
-----------------------------------------------------------------------------
                                 -9.79   slack (VIOLATED)



======================= Typical Corner ===================================

No paths found.

======================= Fastest Corner ===================================

No paths found.
