
===========================================================================
 report_clock_skew
============================================================================

======================== Slowest Corner ==================================

Clock clk
Latency      CRPR       Skew
_9091_/CLK ^
   2.21
_9148_/CLK ^
   1.67     -0.05       0.49


======================= Typical Corner ===================================

Clock clk
Latency      CRPR       Skew
_9212_/CLK ^
   1.28
_9103_/CLK ^
   0.95     -0.03       0.29


======================= Fastest Corner ===================================

Clock clk
Latency      CRPR       Skew
_9212_/CLK ^
   0.89
_9103_/CLK ^
   0.65     -0.02       0.22

