First Layout: /openlane/designs/MULTI_32bit/runs/RUN_2022.04.05_08.50.19/results/finishing/MULTI_32bit.gds
Second Layout: /openlane/designs/MULTI_32bit/runs/RUN_2022.04.05_08.50.19/results/finishing/MULTI_32bit.klayout.gds
Design Name: MULTI_32bit
Output GDS will be: /openlane/designs/MULTI_32bit/runs/RUN_2022.04.05_08.50.19/reports/finishing/MULTI_32bit.xor.xml
Reading /openlane/designs/MULTI_32bit/runs/RUN_2022.04.05_08.50.19/results/finishing/MULTI_32bit.gds ..
Reading /openlane/designs/MULTI_32bit/runs/RUN_2022.04.05_08.50.19/results/finishing/MULTI_32bit.klayout.gds ..
--- Running XOR for 122/16 ---
"input" in: xor.drc:38
    Polygons (raw): 12726 (flat)  144 (hierarchical)
    Elapsed: 0.010s  Memory: 384.00M
"input" in: xor.drc:38
    Polygons (raw): 12726 (flat)  144 (hierarchical)
    Elapsed: 0.000s  Memory: 384.00M
"^" in: xor.drc:38
    Polygons (raw): 0 (flat)  0 (hierarchical)
    Elapsed: 0.130s  Memory: 384.00M
XOR differences: 0
"output" in: xor.drc:40
    Polygons (raw): 0 (flat)  0 (hierarchical)
    Elapsed: 0.000s  Memory: 384.00M
--- Running XOR for 235/4 ---
"input" in: xor.drc:38
    Polygons (raw): 1 (flat)  1 (hierarchical)
    Elapsed: 0.000s  Memory: 384.00M
"input" in: xor.drc:38
    Polygons (raw): 1 (flat)  1 (hierarchical)
    Elapsed: 0.010s  Memory: 384.00M
"^" in: xor.drc:38
    Polygons (raw): 0 (flat)  0 (hierarchical)
    Elapsed: 0.020s  Memory: 384.00M
XOR differences: 0
"output" in: xor.drc:40
    Polygons (raw): 0 (flat)  0 (hierarchical)
    Elapsed: 0.000s  Memory: 384.00M
--- Running XOR for 236/0 ---
"input" in: xor.drc:38
    Polygons (raw): 10803 (flat)  137 (hierarchical)
    Elapsed: 0.010s  Memory: 384.00M
"input" in: xor.drc:38
    Polygons (raw): 10803 (flat)  137 (hierarchical)
    Elapsed: 0.000s  Memory: 384.00M
"^" in: xor.drc:38
    Polygons (raw): 0 (flat)  0 (hierarchical)
    Elapsed: 0.110s  Memory: 390.00M
XOR differences: 0
"output" in: xor.drc:40
    Polygons (raw): 0 (flat)  0 (hierarchical)
    Elapsed: 0.010s  Memory: 390.00M
--- Running XOR for 64/16 ---
"input" in: xor.drc:38
    Polygons (raw): 12724 (flat)  143 (hierarchical)
    Elapsed: 0.000s  Memory: 390.00M
"input" in: xor.drc:38
    Polygons (raw): 12724 (flat)  143 (hierarchical)
    Elapsed: 0.000s  Memory: 390.00M
"^" in: xor.drc:38
    Polygons (raw): 0 (flat)  0 (hierarchical)
    Elapsed: 0.120s  Memory: 390.00M
XOR differences: 0
"output" in: xor.drc:40
    Polygons (raw): 0 (flat)  0 (hierarchical)
    Elapsed: 0.000s  Memory: 390.00M
--- Running XOR for 64/20 ---
"input" in: xor.drc:38
    Polygons (raw): 13752 (flat)  140 (hierarchical)
    Elapsed: 0.000s  Memory: 390.00M
"input" in: xor.drc:38
    Polygons (raw): 13752 (flat)  140 (hierarchical)
    Elapsed: 0.000s  Memory: 390.00M
"^" in: xor.drc:38
    Polygons (raw): 0 (flat)  0 (hierarchical)
    Elapsed: 0.160s  Memory: 390.00M
XOR differences: 0
"output" in: xor.drc:40
    Polygons (raw): 0 (flat)  0 (hierarchical)
    Elapsed: 0.000s  Memory: 390.00M
--- Running XOR for 64/5 ---
"input" in: xor.drc:38
    Polygons (raw): 0 (flat)  0 (hierarchical)
    Elapsed: 0.000s  Memory: 390.00M
"input" in: xor.drc:38
    Polygons (raw): 0 (flat)  0 (hierarchical)
    Elapsed: 0.000s  Memory: 390.00M
"^" in: xor.drc:38
    Polygons (raw): 0 (flat)  0 (hierarchical)
    Elapsed: 0.040s  Memory: 390.00M
XOR differences: 0
"output" in: xor.drc:40
    Polygons (raw): 0 (flat)  0 (hierarchical)
    Elapsed: 0.000s  Memory: 390.00M
--- Running XOR for 64/59 ---
"input" in: xor.drc:38
    Polygons (raw): 0 (flat)  0 (hierarchical)
    Elapsed: 0.000s  Memory: 390.00M
"input" in: xor.drc:38
    Polygons (raw): 0 (flat)  0 (hierarchical)
    Elapsed: 0.000s  Memory: 390.00M
"^" in: xor.drc:38
    Polygons (raw): 0 (flat)  0 (hierarchical)
    Elapsed: 0.030s  Memory: 390.00M
XOR differences: 0
"output" in: xor.drc:40
    Polygons (raw): 0 (flat)  0 (hierarchical)
    Elapsed: 0.000s  Memory: 390.00M
--- Running XOR for 65/20 ---
"input" in: xor.drc:38
    Polygons (raw): 25815 (flat)  404 (hierarchical)
    Elapsed: 0.000s  Memory: 390.00M
"input" in: xor.drc:38
    Polygons (raw): 25815 (flat)  404 (hierarchical)
    Elapsed: 0.000s  Memory: 390.00M
"^" in: xor.drc:38
    Polygons (raw): 0 (flat)  0 (hierarchical)
    Elapsed: 0.210s  Memory: 390.00M
XOR differences: 0
"output" in: xor.drc:40
    Polygons (raw): 0 (flat)  0 (hierarchical)
    Elapsed: 0.010s  Memory: 390.00M
--- Running XOR for 65/44 ---
"input" in: xor.drc:38
    Polygons (raw): 2376 (flat)  2 (hierarchical)
    Elapsed: 0.000s  Memory: 390.00M
"input" in: xor.drc:38
    Polygons (raw): 2376 (flat)  2 (hierarchical)
    Elapsed: 0.000s  Memory: 390.00M
"^" in: xor.drc:38
    Polygons (raw): 0 (flat)  0 (hierarchical)
    Elapsed: 0.030s  Memory: 390.00M
XOR differences: 0
"output" in: xor.drc:40
    Polygons (raw): 0 (flat)  0 (hierarchical)
    Elapsed: 0.010s  Memory: 390.00M
--- Running XOR for 66/20 ---
"input" in: xor.drc:38
    Polygons (raw): 32546 (flat)  666 (hierarchical)
    Elapsed: 0.000s  Memory: 390.00M
"input" in: xor.drc:38
    Polygons (raw): 32546 (flat)  666 (hierarchical)
    Elapsed: 0.000s  Memory: 390.00M
"^" in: xor.drc:38
    Polygons (raw): 0 (flat)  0 (hierarchical)
    Elapsed: 0.500s  Memory: 390.00M
XOR differences: 0
"output" in: xor.drc:40
    Polygons (raw): 0 (flat)  0 (hierarchical)
    Elapsed: 0.000s  Memory: 390.00M
--- Running XOR for 66/44 ---
"input" in: xor.drc:38
    Polygons (raw): 160658 (flat)  4166 (hierarchical)
    Elapsed: 0.000s  Memory: 390.00M
"input" in: xor.drc:38
    Polygons (raw): 160658 (flat)  4166 (hierarchical)
    Elapsed: 0.000s  Memory: 390.00M
"^" in: xor.drc:38
    Polygons (raw): 0 (flat)  0 (hierarchical)
    Elapsed: 1.070s  Memory: 390.00M
XOR differences: 0
"output" in: xor.drc:40
    Polygons (raw): 0 (flat)  0 (hierarchical)
    Elapsed: 0.000s  Memory: 390.00M
--- Running XOR for 67/16 ---
"input" in: xor.drc:38
    Polygons (raw): 32395 (flat)  1108 (hierarchical)
    Elapsed: 0.010s  Memory: 390.00M
"input" in: xor.drc:38
    Polygons (raw): 32395 (flat)  1108 (hierarchical)
    Elapsed: 0.000s  Memory: 390.00M
"^" in: xor.drc:38
    Polygons (raw): 0 (flat)  0 (hierarchical)
    Elapsed: 0.190s  Memory: 392.00M
XOR differences: 0
"output" in: xor.drc:40
    Polygons (raw): 0 (flat)  0 (hierarchical)
    Elapsed: 0.000s  Memory: 392.00M
--- Running XOR for 67/20 ---
"input" in: xor.drc:38
    Polygons (raw): 74093 (flat)  17737 (hierarchical)
    Elapsed: 0.000s  Memory: 392.00M
"input" in: xor.drc:38
    Polygons (raw): 74093 (flat)  1161 (hierarchical)
    Elapsed: 0.010s  Memory: 392.00M
"^" in: xor.drc:38
    Polygons (raw): 0 (flat)  0 (hierarchical)
    Elapsed: 1.240s  Memory: 412.00M
XOR differences: 0
"output" in: xor.drc:40
    Polygons (raw): 0 (flat)  0 (hierarchical)
    Elapsed: 0.000s  Memory: 412.00M
--- Running XOR for 67/44 ---
"input" in: xor.drc:38
    Polygons (raw): 151373 (flat)  19023 (hierarchical)
    Elapsed: 0.000s  Memory: 412.00M
"input" in: xor.drc:38
    Polygons (raw): 151373 (flat)  2447 (hierarchical)
    Elapsed: 0.010s  Memory: 412.00M
"^" in: xor.drc:38
    Polygons (raw): 0 (flat)  0 (hierarchical)
    Elapsed: 0.840s  Memory: 412.00M
XOR differences: 0
"output" in: xor.drc:40
    Polygons (raw): 0 (flat)  0 (hierarchical)
    Elapsed: 0.010s  Memory: 412.00M
--- Running XOR for 67/5 ---
"input" in: xor.drc:38
    Polygons (raw): 0 (flat)  0 (hierarchical)
    Elapsed: 0.000s  Memory: 412.00M
"input" in: xor.drc:38
    Polygons (raw): 0 (flat)  0 (hierarchical)
    Elapsed: 0.000s  Memory: 412.00M
"^" in: xor.drc:38
    Polygons (raw): 0 (flat)  0 (hierarchical)
    Elapsed: 0.040s  Memory: 412.00M
XOR differences: 0
"output" in: xor.drc:40
    Polygons (raw): 0 (flat)  0 (hierarchical)
    Elapsed: 0.000s  Memory: 412.00M
--- Running XOR for 68/16 ---
"input" in: xor.drc:38
    Polygons (raw): 28393 (flat)  285 (hierarchical)
    Elapsed: 0.000s  Memory: 412.00M
"input" in: xor.drc:38
    Polygons (raw): 28393 (flat)  285 (hierarchical)
    Elapsed: 0.000s  Memory: 412.00M
"^" in: xor.drc:38
    Polygons (raw): 0 (flat)  0 (hierarchical)
    Elapsed: 0.220s  Memory: 412.00M
XOR differences: 0
"output" in: xor.drc:40
    Polygons (raw): 0 (flat)  0 (hierarchical)
    Elapsed: 0.000s  Memory: 412.00M
--- Running XOR for 68/20 ---
"input" in: xor.drc:38
    Polygons (raw): 112047 (flat)  84380 (hierarchical)
    Elapsed: 0.000s  Memory: 412.00M
"input" in: xor.drc:38
    Polygons (raw): 92141 (flat)  28705 (hierarchical)
    Elapsed: 0.000s  Memory: 412.00M
"^" in: xor.drc:38
    Polygons (raw): 0 (flat)  0 (hierarchical)
    Elapsed: 0.910s  Memory: 437.00M
XOR differences: 0
"output" in: xor.drc:40
    Polygons (raw): 0 (flat)  0 (hierarchical)
    Elapsed: 0.000s  Memory: 437.00M
--- Running XOR for 68/44 ---
"input" in: xor.drc:38
    Polygons (raw): 20052 (flat)  20052 (hierarchical)
    Elapsed: 0.010s  Memory: 437.00M
"input" in: xor.drc:38
    Polygons (raw): 20052 (flat)  7 (hierarchical)
    Elapsed: 0.000s  Memory: 437.00M
"^" in: xor.drc:38
    Polygons (raw): 0 (flat)  0 (hierarchical)
    Elapsed: 0.140s  Memory: 437.00M
XOR differences: 0
"output" in: xor.drc:40
    Polygons (raw): 0 (flat)  0 (hierarchical)
    Elapsed: 0.000s  Memory: 437.00M
--- Running XOR for 68/5 ---
"input" in: xor.drc:38
    Polygons (raw): 0 (flat)  0 (hierarchical)
    Elapsed: 0.000s  Memory: 437.00M
"input" in: xor.drc:38
    Polygons (raw): 0 (flat)  0 (hierarchical)
    Elapsed: 0.000s  Memory: 437.00M
"^" in: xor.drc:38
    Polygons (raw): 0 (flat)  0 (hierarchical)
    Elapsed: 0.040s  Memory: 437.00M
XOR differences: 0
"output" in: xor.drc:40
    Polygons (raw): 0 (flat)  0 (hierarchical)
    Elapsed: 0.010s  Memory: 437.00M
--- Running XOR for 69/16 ---
"input" in: xor.drc:38
    Polygons (raw): 50 (flat)  50 (hierarchical)
    Elapsed: 0.000s  Memory: 437.00M
"input" in: xor.drc:38
    Polygons (raw): 50 (flat)  50 (hierarchical)
    Elapsed: 0.000s  Memory: 437.00M
"^" in: xor.drc:38
    Polygons (raw): 0 (flat)  0 (hierarchical)
    Elapsed: 0.030s  Memory: 437.00M
XOR differences: 0
"output" in: xor.drc:40
    Polygons (raw): 0 (flat)  0 (hierarchical)
    Elapsed: 0.000s  Memory: 437.00M
--- Running XOR for 69/20 ---
"input" in: xor.drc:38
    Polygons (raw): 37499 (flat)  37499 (hierarchical)
    Elapsed: 0.000s  Memory: 437.00M
"input" in: xor.drc:38
    Polygons (raw): 37669 (flat)  15590 (hierarchical)
    Elapsed: 0.000s  Memory: 437.00M
"^" in: xor.drc:38
    Polygons (raw): 50 (flat)  50 (hierarchical)
    Elapsed: 0.470s  Memory: 437.00M
XOR differences: 50
"output" in: xor.drc:40
    Polygons (raw): 50 (flat)  50 (hierarchical)
    Elapsed: 0.000s  Memory: 437.00M
--- Running XOR for 69/44 ---
"input" in: xor.drc:38
    Polygons (raw): 3530 (flat)  3530 (hierarchical)
    Elapsed: 0.000s  Memory: 437.00M
"input" in: xor.drc:38
    Polygons (raw): 3530 (flat)  5 (hierarchical)
    Elapsed: 0.010s  Memory: 437.00M
"^" in: xor.drc:38
    Polygons (raw): 0 (flat)  0 (hierarchical)
    Elapsed: 0.040s  Memory: 437.00M
XOR differences: 0
"output" in: xor.drc:40
    Polygons (raw): 0 (flat)  0 (hierarchical)
    Elapsed: 0.000s  Memory: 437.00M
--- Running XOR for 69/5 ---
"input" in: xor.drc:38
    Polygons (raw): 0 (flat)  0 (hierarchical)
    Elapsed: 0.010s  Memory: 437.00M
"input" in: xor.drc:38
    Polygons (raw): 0 (flat)  0 (hierarchical)
    Elapsed: 0.000s  Memory: 437.00M
"^" in: xor.drc:38
    Polygons (raw): 0 (flat)  0 (hierarchical)
    Elapsed: 0.000s  Memory: 437.00M
XOR differences: 0
"output" in: xor.drc:40
    Polygons (raw): 0 (flat)  0 (hierarchical)
    Elapsed: 0.010s  Memory: 437.00M
--- Running XOR for 70/16 ---
"input" in: xor.drc:38
    Polygons (raw): 48 (flat)  48 (hierarchical)
    Elapsed: 0.000s  Memory: 437.00M
"input" in: xor.drc:38
    Polygons (raw): 48 (flat)  48 (hierarchical)
    Elapsed: 0.000s  Memory: 437.00M
"^" in: xor.drc:38
    Polygons (raw): 0 (flat)  0 (hierarchical)
    Elapsed: 0.020s  Memory: 437.00M
XOR differences: 0
"output" in: xor.drc:40
    Polygons (raw): 0 (flat)  0 (hierarchical)
    Elapsed: 0.000s  Memory: 437.00M
--- Running XOR for 70/20 ---
"input" in: xor.drc:38
    Polygons (raw): 8863 (flat)  8863 (hierarchical)
    Elapsed: 0.010s  Memory: 437.00M
"input" in: xor.drc:38
    Polygons (raw): 6054 (flat)  2290 (hierarchical)
    Elapsed: 0.000s  Memory: 437.00M
"^" in: xor.drc:38
    Polygons (raw): 48 (flat)  48 (hierarchical)
    Elapsed: 0.080s  Memory: 437.00M
XOR differences: 48
"output" in: xor.drc:40
    Polygons (raw): 48 (flat)  48 (hierarchical)
    Elapsed: 0.000s  Memory: 437.00M
--- Running XOR for 70/44 ---
"input" in: xor.drc:38
    Polygons (raw): 1522 (flat)  1522 (hierarchical)
    Elapsed: 0.010s  Memory: 437.00M
"input" in: xor.drc:38
    Polygons (raw): 1522 (flat)  5 (hierarchical)
    Elapsed: 0.000s  Memory: 437.00M
"^" in: xor.drc:38
    Polygons (raw): 0 (flat)  0 (hierarchical)
    Elapsed: 0.030s  Memory: 437.00M
XOR differences: 0
"output" in: xor.drc:40
    Polygons (raw): 0 (flat)  0 (hierarchical)
    Elapsed: 0.000s  Memory: 437.00M
--- Running XOR for 70/5 ---
"input" in: xor.drc:38
    Polygons (raw): 0 (flat)  0 (hierarchical)
    Elapsed: 0.000s  Memory: 437.00M
"input" in: xor.drc:38
    Polygons (raw): 0 (flat)  0 (hierarchical)
    Elapsed: 0.000s  Memory: 437.00M
"^" in: xor.drc:38
    Polygons (raw): 0 (flat)  0 (hierarchical)
    Elapsed: 0.000s  Memory: 437.00M
XOR differences: 0
"output" in: xor.drc:40
    Polygons (raw): 0 (flat)  0 (hierarchical)
    Elapsed: 0.010s  Memory: 437.00M
--- Running XOR for 71/16 ---
"input" in: xor.drc:38
    Polygons (raw): 4 (flat)  4 (hierarchical)
    Elapsed: 0.000s  Memory: 437.00M
"input" in: xor.drc:38
    Polygons (raw): 4 (flat)  4 (hierarchical)
    Elapsed: 0.000s  Memory: 437.00M
"^" in: xor.drc:38
    Polygons (raw): 0 (flat)  0 (hierarchical)
    Elapsed: 0.020s  Memory: 437.00M
XOR differences: 0
"output" in: xor.drc:40
    Polygons (raw): 0 (flat)  0 (hierarchical)
    Elapsed: 0.000s  Memory: 437.00M
--- Running XOR for 71/20 ---
"input" in: xor.drc:38
    Polygons (raw): 1085 (flat)  1085 (hierarchical)
    Elapsed: 0.000s  Memory: 437.00M
"input" in: xor.drc:38
    Polygons (raw): 1300 (flat)  412 (hierarchical)
    Elapsed: 0.000s  Memory: 437.00M
"^" in: xor.drc:38
    Polygons (raw): 0 (flat)  0 (hierarchical)
    Elapsed: 0.040s  Memory: 437.00M
XOR differences: 0
"output" in: xor.drc:40
    Polygons (raw): 0 (flat)  0 (hierarchical)
    Elapsed: 0.000s  Memory: 437.00M
--- Running XOR for 71/44 ---
"input" in: xor.drc:38
    Polygons (raw): 12 (flat)  12 (hierarchical)
    Elapsed: 0.000s  Memory: 437.00M
"input" in: xor.drc:38
    Polygons (raw): 12 (flat)  2 (hierarchical)
    Elapsed: 0.000s  Memory: 437.00M
"^" in: xor.drc:38
    Polygons (raw): 0 (flat)  0 (hierarchical)
    Elapsed: 0.020s  Memory: 437.00M
XOR differences: 0
"output" in: xor.drc:40
    Polygons (raw): 0 (flat)  0 (hierarchical)
    Elapsed: 0.000s  Memory: 437.00M
--- Running XOR for 71/5 ---
"input" in: xor.drc:38
    Polygons (raw): 0 (flat)  0 (hierarchical)
    Elapsed: 0.000s  Memory: 437.00M
"input" in: xor.drc:38
    Polygons (raw): 0 (flat)  0 (hierarchical)
    Elapsed: 0.000s  Memory: 437.00M
"^" in: xor.drc:38
    Polygons (raw): 0 (flat)  0 (hierarchical)
    Elapsed: 0.000s  Memory: 437.00M
XOR differences: 0
"output" in: xor.drc:40
    Polygons (raw): 0 (flat)  0 (hierarchical)
    Elapsed: 0.010s  Memory: 437.00M
--- Running XOR for 72/16 ---
"input" in: xor.drc:38
    Polygons (raw): 4 (flat)  4 (hierarchical)
    Elapsed: 0.000s  Memory: 437.00M
"input" in: xor.drc:38
    Polygons (raw): 4 (flat)  4 (hierarchical)
    Elapsed: 0.000s  Memory: 437.00M
"^" in: xor.drc:38
    Polygons (raw): 0 (flat)  0 (hierarchical)
    Elapsed: 0.030s  Memory: 437.00M
XOR differences: 0
"output" in: xor.drc:40
    Polygons (raw): 0 (flat)  0 (hierarchical)
    Elapsed: 0.000s  Memory: 437.00M
--- Running XOR for 72/20 ---
"input" in: xor.drc:38
    Polygons (raw): 6 (flat)  6 (hierarchical)
    Elapsed: 0.000s  Memory: 437.00M
"input" in: xor.drc:38
    Polygons (raw): 18 (flat)  8 (hierarchical)
    Elapsed: 0.000s  Memory: 437.00M
"^" in: xor.drc:38
    Polygons (raw): 0 (flat)  0 (hierarchical)
    Elapsed: 0.020s  Memory: 437.00M
XOR differences: 0
"output" in: xor.drc:40
    Polygons (raw): 0 (flat)  0 (hierarchical)
    Elapsed: 0.000s  Memory: 437.00M
--- Running XOR for 72/5 ---
"input" in: xor.drc:38
    Polygons (raw): 0 (flat)  0 (hierarchical)
    Elapsed: 0.000s  Memory: 437.00M
"input" in: xor.drc:38
    Polygons (raw): 0 (flat)  0 (hierarchical)
    Elapsed: 0.010s  Memory: 437.00M
"^" in: xor.drc:38
    Polygons (raw): 0 (flat)  0 (hierarchical)
    Elapsed: 0.000s  Memory: 437.00M
XOR differences: 0
"output" in: xor.drc:40
    Polygons (raw): 0 (flat)  0 (hierarchical)
    Elapsed: 0.000s  Memory: 437.00M
--- Running XOR for 78/44 ---
"input" in: xor.drc:38
    Polygons (raw): 14618 (flat)  142 (hierarchical)
    Elapsed: 0.000s  Memory: 437.00M
"input" in: xor.drc:38
    Polygons (raw): 14618 (flat)  142 (hierarchical)
    Elapsed: 0.000s  Memory: 437.00M
"^" in: xor.drc:38
    Polygons (raw): 0 (flat)  0 (hierarchical)
    Elapsed: 0.140s  Memory: 437.00M
XOR differences: 0
"output" in: xor.drc:40
    Polygons (raw): 0 (flat)  0 (hierarchical)
    Elapsed: 0.000s  Memory: 437.00M
--- Running XOR for 81/23 ---
"input" in: xor.drc:38
    Polygons (raw): 45 (flat)  1 (hierarchical)
    Elapsed: 0.000s  Memory: 437.00M
"input" in: xor.drc:38
    Polygons (raw): 45 (flat)  1 (hierarchical)
    Elapsed: 0.010s  Memory: 437.00M
"^" in: xor.drc:38
    Polygons (raw): 0 (flat)  0 (hierarchical)
    Elapsed: 0.010s  Memory: 437.00M
XOR differences: 0
"output" in: xor.drc:40
    Polygons (raw): 0 (flat)  0 (hierarchical)
    Elapsed: 0.000s  Memory: 437.00M
--- Running XOR for 81/4 ---
"input" in: xor.drc:38
    Polygons (raw): 13752 (flat)  140 (hierarchical)
    Elapsed: 0.000s  Memory: 437.00M
"input" in: xor.drc:38
    Polygons (raw): 13752 (flat)  140 (hierarchical)
    Elapsed: 0.000s  Memory: 437.00M
"^" in: xor.drc:38
    Polygons (raw): 0 (flat)  0 (hierarchical)
    Elapsed: 0.140s  Memory: 437.00M
XOR differences: 0
"output" in: xor.drc:40
    Polygons (raw): 0 (flat)  0 (hierarchical)
    Elapsed: 0.000s  Memory: 437.00M
--- Running XOR for 83/44 ---
"input" in: xor.drc:38
    Polygons (raw): 0 (flat)  0 (hierarchical)
    Elapsed: 0.000s  Memory: 437.00M
"input" in: xor.drc:38
    Polygons (raw): 0 (flat)  0 (hierarchical)
    Elapsed: 0.010s  Memory: 437.00M
"^" in: xor.drc:38
    Polygons (raw): 0 (flat)  0 (hierarchical)
    Elapsed: 0.040s  Memory: 437.00M
XOR differences: 0
"output" in: xor.drc:40
    Polygons (raw): 0 (flat)  0 (hierarchical)
    Elapsed: 0.000s  Memory: 437.00M
--- Running XOR for 93/44 ---
"input" in: xor.drc:38
    Polygons (raw): 14940 (flat)  141 (hierarchical)
    Elapsed: 0.000s  Memory: 437.00M
"input" in: xor.drc:38
    Polygons (raw): 14940 (flat)  141 (hierarchical)
    Elapsed: 0.000s  Memory: 437.00M
"^" in: xor.drc:38
    Polygons (raw): 0 (flat)  0 (hierarchical)
    Elapsed: 0.160s  Memory: 437.00M
XOR differences: 0
"output" in: xor.drc:40
    Polygons (raw): 0 (flat)  0 (hierarchical)
    Elapsed: 0.000s  Memory: 437.00M
--- Running XOR for 94/20 ---
"input" in: xor.drc:38
    Polygons (raw): 14940 (flat)  141 (hierarchical)
    Elapsed: 0.010s  Memory: 437.00M
"input" in: xor.drc:38
    Polygons (raw): 14940 (flat)  141 (hierarchical)
    Elapsed: 0.000s  Memory: 437.00M
"^" in: xor.drc:38
    Polygons (raw): 0 (flat)  0 (hierarchical)
    Elapsed: 0.190s  Memory: 437.00M
XOR differences: 0
"output" in: xor.drc:40
    Polygons (raw): 0 (flat)  0 (hierarchical)
    Elapsed: 0.000s  Memory: 437.00M
--- Running XOR for 95/20 ---
"input" in: xor.drc:38
    Polygons (raw): 11263 (flat)  149 (hierarchical)
    Elapsed: 0.000s  Memory: 437.00M
"input" in: xor.drc:38
    Polygons (raw): 11263 (flat)  149 (hierarchical)
    Elapsed: 0.000s  Memory: 437.00M
"^" in: xor.drc:38
    Polygons (raw): 0 (flat)  0 (hierarchical)
    Elapsed: 0.150s  Memory: 437.00M
XOR differences: 0
"output" in: xor.drc:40
    Polygons (raw): 0 (flat)  0 (hierarchical)
    Elapsed: 0.000s  Memory: 437.00M
Writing report database: /openlane/designs/MULTI_32bit/runs/RUN_2022.04.05_08.50.19/reports/finishing/MULTI_32bit.xor.xml ..
Total elapsed: 8.410s  Memory: 437.00M
