OpenROAD 944855835623e651e7b9c7c50efcce1fb04b4fee 
This program is licensed under the BSD-3 license. See the LICENSE file for details.
Components of this program may be licensed under more restrictive licenses which must be honored.
[INFO ODB-0222] Reading LEF file: /openlane/designs/MULTI_32bit/runs/RUN_2022.04.05_08.50.19/tmp/merged.lef
[INFO ODB-0223]     Created 13 technology layers
[INFO ODB-0224]     Created 25 technology vias
[INFO ODB-0225]     Created 441 library cells
[INFO ODB-0226] Finished LEF file:  /openlane/designs/MULTI_32bit/runs/RUN_2022.04.05_08.50.19/tmp/merged.lef
[INFO ODB-0127] Reading DEF file: /openlane/designs/MULTI_32bit/runs/RUN_2022.04.05_08.50.19/results/routing/MULTI_32bit.def
[INFO ODB-0128] Design: MULTI_32bit
[INFO ODB-0130]     Created 100 pins.
[INFO ODB-0131]     Created 13752 components and 69240 component-terminals.
[INFO ODB-0132]     Created 2 special nets and 52632 connections.
[INFO ODB-0133]     Created 4904 nets and 16608 connections.
[INFO ODB-0134] Finished DEF file: /openlane/designs/MULTI_32bit/runs/RUN_2022.04.05_08.50.19/results/routing/MULTI_32bit.def
Top-level design name: MULTI_32bit
Default power net:  VPWR
Default ground net: VGND
Found a total of 1 power ports.
Found a total of 1 ground ports.
Modified power connections of 13752 cells (Remaining: 0 ).
