Netgen 1.5.219 compiled on Wed Feb  9 05:50:10 UTC 2022
Warning: netgen command 'format' use fully-qualified name '::netgen::format'
Warning: netgen command 'global' use fully-qualified name '::netgen::global'
Generating JSON file result
Reading netlist file /openlane/designs/MULTI_32bit/runs/RUN_2022.04.05_08.50.19/results/finishing/MULTI_32bit.spice
Reading netlist file /openlane/designs/MULTI_32bit/runs/RUN_2022.04.05_08.50.19/tmp/finishing/29-powered_netlist.v
Warning:  A case-insensitive file has been read and so the	verilog file must be treated case-insensitive to match.
Creating placeholder cell definition for module sky130_fd_sc_hd__diode_2.
Creating placeholder cell definition for module sky130_fd_sc_hd__decap_4.
Creating placeholder cell definition for module sky130_fd_sc_hd__decap_3.
Creating placeholder cell definition for module sky130_fd_sc_hd__decap_8.
Creating placeholder cell definition for module sky130_fd_sc_hd__fill_1.
Creating placeholder cell definition for module sky130_fd_sc_hd__fill_2.
Creating placeholder cell definition for module sky130_fd_sc_hd__decap_6.
Creating placeholder cell definition for module sky130_fd_sc_hd__decap_12.
Creating placeholder cell definition for module sky130_fd_sc_hd__tapvpwrvgnd_1.
Creating placeholder cell definition for module sky130_fd_sc_hd__xor2_4.
Creating placeholder cell definition for module sky130_fd_sc_hd__clkbuf_2.
Creating placeholder cell definition for module sky130_fd_sc_hd__dlymetal6s2s_1.
Creating placeholder cell definition for module sky130_fd_sc_hd__buf_2.
Creating placeholder cell definition for module sky130_fd_sc_hd__clkinv_2.
Creating placeholder cell definition for module sky130_fd_sc_hd__inv_2.
Creating placeholder cell definition for module sky130_fd_sc_hd__nand2_1.
Creating placeholder cell definition for module sky130_fd_sc_hd__a21o_1.
Creating placeholder cell definition for module sky130_fd_sc_hd__a21oi_1.
Creating placeholder cell definition for module sky130_fd_sc_hd__nor2_1.
Creating placeholder cell definition for module sky130_fd_sc_hd__or2_1.
Creating placeholder cell definition for module sky130_fd_sc_hd__o221a_1.
Creating placeholder cell definition for module sky130_fd_sc_hd__o21a_1.
Creating placeholder cell definition for module sky130_fd_sc_hd__or4_1.
Creating placeholder cell definition for module sky130_fd_sc_hd__or3_2.
Creating placeholder cell definition for module sky130_fd_sc_hd__nand2_2.
Creating placeholder cell definition for module sky130_fd_sc_hd__o21ba_2.
Creating placeholder cell definition for module sky130_fd_sc_hd__xnor2_4.
Creating placeholder cell definition for module sky130_fd_sc_hd__xor2_1.
Creating placeholder cell definition for module sky130_fd_sc_hd__o21ai_1.
Creating placeholder cell definition for module sky130_fd_sc_hd__or3_1.
Creating placeholder cell definition for module sky130_fd_sc_hd__and2_2.
Creating placeholder cell definition for module sky130_fd_sc_hd__nand2_4.
Creating placeholder cell definition for module sky130_fd_sc_hd__xnor2_1.
Creating placeholder cell definition for module sky130_fd_sc_hd__mux2_1.
Creating placeholder cell definition for module sky130_fd_sc_hd__a211o_1.
Creating placeholder cell definition for module sky130_fd_sc_hd__a31o_1.
Creating placeholder cell definition for module sky130_fd_sc_hd__o2bb2a_1.
Creating placeholder cell definition for module sky130_fd_sc_hd__a221oi_1.
Creating placeholder cell definition for module sky130_fd_sc_hd__mux2_4.
Creating placeholder cell definition for module sky130_fd_sc_hd__clkbuf_1.
Creating placeholder cell definition for module sky130_fd_sc_hd__a21boi_1.
Creating placeholder cell definition for module sky130_fd_sc_hd__or2_2.
Creating placeholder cell definition for module sky130_fd_sc_hd__and2_1.
Creating placeholder cell definition for module sky130_fd_sc_hd__nor2_2.
Creating placeholder cell definition for module sky130_fd_sc_hd__nor2_4.
Creating placeholder cell definition for module sky130_fd_sc_hd__a221o_1.
Creating placeholder cell definition for module sky130_fd_sc_hd__a22o_1.
Creating placeholder cell definition for module sky130_fd_sc_hd__o211a_1.
Creating placeholder cell definition for module sky130_fd_sc_hd__buf_4.
Creating placeholder cell definition for module sky130_fd_sc_hd__xor2_2.
Creating placeholder cell definition for module sky130_fd_sc_hd__and3_1.
Creating placeholder cell definition for module sky130_fd_sc_hd__or2b_4.
Creating placeholder cell definition for module sky130_fd_sc_hd__a32o_1.
Creating placeholder cell definition for module sky130_fd_sc_hd__a2bb2o_4.
Creating placeholder cell definition for module sky130_fd_sc_hd__a21oi_4.
Creating placeholder cell definition for module sky130_fd_sc_hd__xnor2_2.
Creating placeholder cell definition for module sky130_fd_sc_hd__o22a_1.
Creating placeholder cell definition for module sky130_fd_sc_hd__a2bb2o_1.
Creating placeholder cell definition for module sky130_fd_sc_hd__or3b_1.
Creating placeholder cell definition for module sky130_fd_sc_hd__o31a_1.
Creating placeholder cell definition for module sky130_fd_sc_hd__o211ai_1.
Creating placeholder cell definition for module sky130_fd_sc_hd__a31oi_1.
Creating placeholder cell definition for module sky130_fd_sc_hd__o32a_1.
Creating placeholder cell definition for module sky130_fd_sc_hd__and2b_1.
Creating placeholder cell definition for module sky130_fd_sc_hd__o31ai_1.
Creating placeholder cell definition for module sky130_fd_sc_hd__o311a_1.
Creating placeholder cell definition for module sky130_fd_sc_hd__nor3_1.
Creating placeholder cell definition for module sky130_fd_sc_hd__a211oi_1.
Creating placeholder cell definition for module sky130_fd_sc_hd__o21ba_1.
Creating placeholder cell definition for module sky130_fd_sc_hd__mux2_2.
Creating placeholder cell definition for module sky130_fd_sc_hd__nor3b_1.
Creating placeholder cell definition for module sky130_fd_sc_hd__o211a_2.
Creating placeholder cell definition for module sky130_fd_sc_hd__a311oi_4.
Creating placeholder cell definition for module sky130_fd_sc_hd__clkbuf_4.
Creating placeholder cell definition for module sky130_fd_sc_hd__o221a_4.
Creating placeholder cell definition for module sky130_fd_sc_hd__o221a_2.
Creating placeholder cell definition for module sky130_fd_sc_hd__o21ai_4.
Creating placeholder cell definition for module sky130_fd_sc_hd__o221ai_1.
Creating placeholder cell definition for module sky130_fd_sc_hd__a221oi_2.
Creating placeholder cell definition for module sky130_fd_sc_hd__and4_2.
Creating placeholder cell definition for module sky130_fd_sc_hd__a21bo_1.
Creating placeholder cell definition for module sky130_fd_sc_hd__and4_1.
Creating placeholder cell definition for module sky130_fd_sc_hd__a22oi_1.
Creating placeholder cell definition for module sky130_fd_sc_hd__a22oi_2.
Creating placeholder cell definition for module sky130_fd_sc_hd__a21oi_2.
Creating placeholder cell definition for module sky130_fd_sc_hd__and3b_1.
Creating placeholder cell definition for module sky130_fd_sc_hd__nand4_2.
Creating placeholder cell definition for module sky130_fd_sc_hd__nand3_1.
Creating placeholder cell definition for module sky130_fd_sc_hd__o21bai_1.
Creating placeholder cell definition for module sky130_fd_sc_hd__nand3_2.
Creating placeholder cell definition for module sky130_fd_sc_hd__o211ai_4.
Creating placeholder cell definition for module sky130_fd_sc_hd__or4bb_2.
Creating placeholder cell definition for module sky130_fd_sc_hd__or4bb_1.
Creating placeholder cell definition for module sky130_fd_sc_hd__nor3_2.
Creating placeholder cell definition for module sky130_fd_sc_hd__o211ai_2.
Creating placeholder cell definition for module sky130_fd_sc_hd__a211o_2.
Creating placeholder cell definition for module sky130_fd_sc_hd__and4bb_1.
Creating placeholder cell definition for module sky130_fd_sc_hd__o22ai_1.
Creating placeholder cell definition for module sky130_fd_sc_hd__a2111o_1.
Creating placeholder cell definition for module sky130_fd_sc_hd__nand4_4.
Creating placeholder cell definition for module sky130_fd_sc_hd__or2b_1.
Creating placeholder cell definition for module sky130_fd_sc_hd__nand2b_1.
Creating placeholder cell definition for module sky130_fd_sc_hd__a22oi_4.
Creating placeholder cell definition for module sky130_fd_sc_hd__a311oi_2.
Creating placeholder cell definition for module sky130_fd_sc_hd__o21ai_2.
Creating placeholder cell definition for module sky130_fd_sc_hd__a21o_2.
Creating placeholder cell definition for module sky130_fd_sc_hd__nor3_4.
Creating placeholder cell definition for module sky130_fd_sc_hd__and3_2.
Creating placeholder cell definition for module sky130_fd_sc_hd__o22ai_4.
Creating placeholder cell definition for module sky130_fd_sc_hd__or4_2.
Creating placeholder cell definition for module sky130_fd_sc_hd__a31o_2.
Creating placeholder cell definition for module sky130_fd_sc_hd__o21bai_2.
Creating placeholder cell definition for module sky130_fd_sc_hd__nand2b_2.
Creating placeholder cell definition for module sky130_fd_sc_hd__o21a_2.
Creating placeholder cell definition for module sky130_fd_sc_hd__nor4_1.
Creating placeholder cell definition for module sky130_fd_sc_hd__a211oi_4.
Creating placeholder cell definition for module sky130_fd_sc_hd__or3_4.
Creating placeholder cell definition for module sky130_fd_sc_hd__a211oi_2.
Creating placeholder cell definition for module sky130_fd_sc_hd__nor4_2.
Creating placeholder cell definition for module sky130_fd_sc_hd__nand3_4.
Creating placeholder cell definition for module sky130_fd_sc_hd__and4b_1.
Creating placeholder cell definition for module sky130_fd_sc_hd__nand3b_2.
Creating placeholder cell definition for module sky130_fd_sc_hd__nand4_1.
Creating placeholder cell definition for module sky130_fd_sc_hd__nor4_4.
Creating placeholder cell definition for module sky130_fd_sc_hd__a31oi_2.
Creating placeholder cell definition for module sky130_fd_sc_hd__a21o_4.
Creating placeholder cell definition for module sky130_fd_sc_hd__nor3b_2.
Creating placeholder cell definition for module sky130_fd_sc_hd__a311o_2.
Creating placeholder cell definition for module sky130_fd_sc_hd__and2b_2.
Creating placeholder cell definition for module sky130_fd_sc_hd__o311ai_4.
Creating placeholder cell definition for module sky130_fd_sc_hd__a31oi_4.
Creating placeholder cell definition for module sky130_fd_sc_hd__or4_4.
Creating placeholder cell definition for module sky130_fd_sc_hd__o41a_1.
Creating placeholder cell definition for module sky130_fd_sc_hd__o31ai_2.
Creating placeholder cell definition for module sky130_fd_sc_hd__dfxtp_1.
Creating placeholder cell definition for module sky130_fd_sc_hd__dfxtp_2.
Creating placeholder cell definition for module sky130_fd_sc_hd__dfxtp_4.
Creating placeholder cell definition for module sky130_fd_sc_hd__clkbuf_16.
Creating placeholder cell definition for module sky130_fd_sc_hd__clkdlybuf4s50_1.
Creating placeholder cell definition for module sky130_fd_sc_hd__clkdlybuf4s25_1.
Reading setup file /home/adithi/OpenLane/pdks/sky130A/libs.tech/netgen/sky130A_setup.tcl
Comparison output logged to file /openlane/designs/MULTI_32bit/runs/RUN_2022.04.05_08.50.19/logs/finishing/32-MULTI_32bit.lef.log
Logging to file "/openlane/designs/MULTI_32bit/runs/RUN_2022.04.05_08.50.19/logs/finishing/32-MULTI_32bit.lef.log" enabled
Circuit sky130_fd_sc_hd__decap_4 contains no devices.
Circuit sky130_fd_sc_hd__decap_6 contains no devices.
Circuit sky130_fd_sc_hd__xnor2_1 contains no devices.
Circuit sky130_fd_sc_hd__inv_2 contains no devices.
Circuit sky130_fd_sc_hd__xnor2_2 contains no devices.
Circuit sky130_fd_sc_hd__fill_1 contains no devices.
Circuit sky130_fd_sc_hd__decap_12 contains no devices.
Circuit sky130_fd_sc_hd__decap_8 contains no devices.
Circuit sky130_fd_sc_hd__and3_1 contains no devices.
Circuit sky130_fd_sc_hd__dlymetal6s2s_1 contains no devices.
Circuit sky130_fd_sc_hd__a22oi_1 contains no devices.
Circuit sky130_fd_sc_hd__mux2_1 contains no devices.
Circuit sky130_fd_sc_hd__o21a_1 contains no devices.
Circuit sky130_fd_sc_hd__a221o_1 contains no devices.
Circuit sky130_fd_sc_hd__xor2_1 contains no devices.
Circuit sky130_fd_sc_hd__a21oi_1 contains no devices.
Circuit sky130_fd_sc_hd__nor2_1 contains no devices.
Circuit sky130_fd_sc_hd__and4_1 contains no devices.
Circuit sky130_fd_sc_hd__decap_3 contains no devices.
Circuit sky130_fd_sc_hd__fill_2 contains no devices.
Circuit sky130_fd_sc_hd__clkbuf_2 contains no devices.
Circuit sky130_fd_sc_hd__buf_4 contains no devices.
Circuit sky130_fd_sc_hd__o211a_1 contains no devices.
Circuit sky130_fd_sc_hd__or2_1 contains no devices.
Circuit sky130_fd_sc_hd__nand2_1 contains no devices.
Circuit sky130_fd_sc_hd__o211ai_2 contains no devices.
Circuit sky130_fd_sc_hd__tapvpwrvgnd_1 contains no devices.
Circuit sky130_fd_sc_hd__or3b_1 contains no devices.
Circuit sky130_fd_sc_hd__nand2_2 contains no devices.
Circuit sky130_fd_sc_hd__and2b_1 contains no devices.
Circuit sky130_fd_sc_hd__a31o_1 contains no devices.
Circuit sky130_fd_sc_hd__a21o_1 contains no devices.
Circuit sky130_fd_sc_hd__and2_2 contains no devices.
Circuit sky130_fd_sc_hd__o21ba_2 contains no devices.
Circuit sky130_fd_sc_hd__and2_1 contains no devices.
Circuit sky130_fd_sc_hd__buf_2 contains no devices.
Circuit sky130_fd_sc_hd__a22o_1 contains no devices.
Circuit sky130_fd_sc_hd__dfxtp_4 contains no devices.
Circuit sky130_fd_sc_hd__nand3_2 contains no devices.
Circuit sky130_fd_sc_hd__o21ai_1 contains no devices.
Circuit sky130_fd_sc_hd__a211o_1 contains no devices.
Circuit sky130_fd_sc_hd__nand3_1 contains no devices.
Circuit sky130_fd_sc_hd__o21bai_2 contains no devices.
Circuit sky130_fd_sc_hd__o31a_1 contains no devices.
Circuit sky130_fd_sc_hd__and4bb_1 contains no devices.
Circuit sky130_fd_sc_hd__dfxtp_1 contains no devices.
Circuit sky130_fd_sc_hd__clkinv_2 contains no devices.
Circuit sky130_fd_sc_hd__a22oi_2 contains no devices.
Circuit sky130_fd_sc_hd__clkbuf_1 contains no devices.
Circuit sky130_fd_sc_hd__nor3b_1 contains no devices.
Circuit sky130_fd_sc_hd__diode_2 contains no devices.
Circuit sky130_fd_sc_hd__o21ba_1 contains no devices.
Circuit sky130_fd_sc_hd__xor2_4 contains no devices.
Circuit sky130_fd_sc_hd__o2bb2a_1 contains no devices.
Circuit sky130_fd_sc_hd__clkbuf_4 contains no devices.
Circuit sky130_fd_sc_hd__a211oi_2 contains no devices.
Circuit sky130_fd_sc_hd__a21oi_4 contains no devices.
Circuit sky130_fd_sc_hd__nor2_2 contains no devices.
Circuit sky130_fd_sc_hd__a21bo_1 contains no devices.
Circuit sky130_fd_sc_hd__or2b_1 contains no devices.
Circuit sky130_fd_sc_hd__o221a_1 contains no devices.
Circuit sky130_fd_sc_hd__and4b_1 contains no devices.
Circuit sky130_fd_sc_hd__nor3_1 contains no devices.
Circuit sky130_fd_sc_hd__and3b_1 contains no devices.
Circuit sky130_fd_sc_hd__o311ai_4 contains no devices.
Circuit sky130_fd_sc_hd__nor3b_2 contains no devices.
Circuit sky130_fd_sc_hd__o21bai_1 contains no devices.
Circuit sky130_fd_sc_hd__a311oi_4 contains no devices.
Circuit sky130_fd_sc_hd__a21oi_2 contains no devices.
Circuit sky130_fd_sc_hd__or3_1 contains no devices.
Circuit sky130_fd_sc_hd__o22ai_1 contains no devices.
Circuit sky130_fd_sc_hd__dfxtp_2 contains no devices.
Circuit sky130_fd_sc_hd__o221a_4 contains no devices.
Circuit sky130_fd_sc_hd__a22oi_4 contains no devices.
Circuit sky130_fd_sc_hd__xor2_2 contains no devices.
Circuit sky130_fd_sc_hd__nor2_4 contains no devices.
Circuit sky130_fd_sc_hd__clkdlybuf4s25_1 contains no devices.
Circuit sky130_fd_sc_hd__nand4_4 contains no devices.
Circuit sky130_fd_sc_hd__o211ai_4 contains no devices.
Circuit sky130_fd_sc_hd__or4_4 contains no devices.
Circuit sky130_fd_sc_hd__nor3_4 contains no devices.
Circuit sky130_fd_sc_hd__a2bb2o_1 contains no devices.
Circuit sky130_fd_sc_hd__o21ai_2 contains no devices.
Circuit sky130_fd_sc_hd__xnor2_4 contains no devices.
Circuit sky130_fd_sc_hd__nand4_1 contains no devices.
Circuit sky130_fd_sc_hd__nand2b_1 contains no devices.
Circuit sky130_fd_sc_hd__o221ai_1 contains no devices.
Circuit sky130_fd_sc_hd__o31ai_1 contains no devices.
Circuit sky130_fd_sc_hd__a211oi_4 contains no devices.
Circuit sky130_fd_sc_hd__a21boi_1 contains no devices.
Circuit sky130_fd_sc_hd__a311oi_2 contains no devices.
Circuit sky130_fd_sc_hd__a311o_2 contains no devices.
Circuit sky130_fd_sc_hd__a211o_2 contains no devices.
Circuit sky130_fd_sc_hd__and4_2 contains no devices.
Circuit sky130_fd_sc_hd__a21o_2 contains no devices.
Circuit sky130_fd_sc_hd__or4bb_1 contains no devices.
Circuit sky130_fd_sc_hd__a211oi_1 contains no devices.
Circuit sky130_fd_sc_hd__o221a_2 contains no devices.
Circuit sky130_fd_sc_hd__or3_2 contains no devices.
Circuit sky130_fd_sc_hd__a31oi_4 contains no devices.
Circuit sky130_fd_sc_hd__nand3_4 contains no devices.
Circuit sky130_fd_sc_hd__or2_2 contains no devices.
Circuit sky130_fd_sc_hd__mux2_2 contains no devices.
Circuit sky130_fd_sc_hd__or4bb_2 contains no devices.
Circuit sky130_fd_sc_hd__clkbuf_16 contains no devices.
Circuit sky130_fd_sc_hd__or4_1 contains no devices.
Circuit sky130_fd_sc_hd__a31oi_1 contains no devices.
Circuit sky130_fd_sc_hd__mux2_4 contains no devices.
Circuit sky130_fd_sc_hd__and3_2 contains no devices.
Circuit sky130_fd_sc_hd__nor3_2 contains no devices.
Circuit sky130_fd_sc_hd__a2bb2o_4 contains no devices.
Circuit sky130_fd_sc_hd__nand2_4 contains no devices.
Circuit sky130_fd_sc_hd__o31ai_2 contains no devices.
Circuit sky130_fd_sc_hd__o21ai_4 contains no devices.
Circuit sky130_fd_sc_hd__o211a_2 contains no devices.
Circuit sky130_fd_sc_hd__or2b_4 contains no devices.
Circuit sky130_fd_sc_hd__o22a_1 contains no devices.
Circuit sky130_fd_sc_hd__a2111o_1 contains no devices.
Circuit sky130_fd_sc_hd__nand4_2 contains no devices.
Circuit sky130_fd_sc_hd__nor4_2 contains no devices.
Circuit sky130_fd_sc_hd__nand3b_2 contains no devices.
Circuit sky130_fd_sc_hd__a221oi_1 contains no devices.
Circuit sky130_fd_sc_hd__a31oi_2 contains no devices.
Circuit sky130_fd_sc_hd__a32o_1 contains no devices.
Circuit sky130_fd_sc_hd__o21a_2 contains no devices.
Circuit sky130_fd_sc_hd__o311a_1 contains no devices.
Circuit sky130_fd_sc_hd__o211ai_1 contains no devices.
Circuit sky130_fd_sc_hd__nor4_1 contains no devices.
Circuit sky130_fd_sc_hd__o32a_1 contains no devices.
Circuit sky130_fd_sc_hd__a31o_2 contains no devices.
Circuit sky130_fd_sc_hd__o41a_1 contains no devices.
Circuit sky130_fd_sc_hd__clkdlybuf4s50_1 contains no devices.
Circuit sky130_fd_sc_hd__nand2b_2 contains no devices.
Circuit sky130_fd_sc_hd__or4_2 contains no devices.
Circuit sky130_fd_sc_hd__a21o_4 contains no devices.
Circuit sky130_fd_sc_hd__o22ai_4 contains no devices.
Circuit sky130_fd_sc_hd__and2b_2 contains no devices.
Circuit sky130_fd_sc_hd__or3_4 contains no devices.
Circuit sky130_fd_sc_hd__a221oi_2 contains no devices.
Circuit sky130_fd_sc_hd__nor4_4 contains no devices.

Contents of circuit 1:  Circuit: 'MULTI_32bit'
Circuit MULTI_32bit contains 13752 device instances.
  Class: sky130_fd_sc_hd__clkdlybuf4s25_1 instances:  15
  Class: sky130_fd_sc_hd__a31o_1 instances:  69
  Class: sky130_fd_sc_hd__a31o_2 instances:   2
  Class: sky130_fd_sc_hd__a21o_1 instances: 110
  Class: sky130_fd_sc_hd__a21o_2 instances:  15
  Class: sky130_fd_sc_hd__a21o_4 instances:   1
  Class: sky130_fd_sc_hd__clkbuf_16 instances:   1
  Class: sky130_fd_sc_hd__dfxtp_1 instances:  96
  Class: sky130_fd_sc_hd__dfxtp_2 instances:  48
  Class: sky130_fd_sc_hd__o31ai_1 instances:   1
  Class: sky130_fd_sc_hd__dfxtp_4 instances:  15
  Class: sky130_fd_sc_hd__o31ai_2 instances:   1
  Class: sky130_fd_sc_hd__or4_1 instances:   7
  Class: sky130_fd_sc_hd__or4_2 instances:   1
  Class: sky130_fd_sc_hd__or4_4 instances:   1
  Class: sky130_fd_sc_hd__a31oi_1 instances:  11
  Class: sky130_fd_sc_hd__a31oi_2 instances:   4
  Class: sky130_fd_sc_hd__nand4_1 instances:   1
  Class: sky130_fd_sc_hd__nand4_2 instances:   3
  Class: sky130_fd_sc_hd__a31oi_4 instances:   4
  Class: sky130_fd_sc_hd__buf_2 instances: 196
  Class: sky130_fd_sc_hd__nand4_4 instances:   3
  Class: sky130_fd_sc_hd__buf_4 instances:  18
  Class: sky130_fd_sc_hd__a2bb2o_1 instances:  11
  Class: sky130_fd_sc_hd__a2bb2o_4 instances:   1
  Class: sky130_fd_sc_hd__and3b_1 instances:   4
  Class: sky130_fd_sc_hd__xor2_1 instances:  63
  Class: sky130_fd_sc_hd__xor2_2 instances:  16
  Class: sky130_fd_sc_hd__o221ai_1 instances:   1
  Class: sky130_fd_sc_hd__xor2_4 instances:   4
  Class: sky130_fd_sc_hd__and4_1 instances: 123
  Class: sky130_fd_sc_hd__and4_2 instances:   4
  Class: sky130_fd_sc_hd__inv_2 instances:  70
  Class: sky130_fd_sc_hd__clkbuf_1 instances:  66
  Class: sky130_fd_sc_hd__clkbuf_2 instances: 433
  Class: sky130_fd_sc_hd__clkbuf_4 instances:  42
  Class: sky130_fd_sc_hd__or3_1 instances:  44
  Class: sky130_fd_sc_hd__or3_2 instances:   9
  Class: sky130_fd_sc_hd__or3_4 instances:   2
  Class: sky130_fd_sc_hd__nand3_1 instances:  57
  Class: sky130_fd_sc_hd__nand3_2 instances:  22
  Class: sky130_fd_sc_hd__nand3_4 instances:   2
  Class: sky130_fd_sc_hd__o21ba_1 instances:  97
  Class: sky130_fd_sc_hd__o21ba_2 instances:   7
  Class: sky130_fd_sc_hd__and2b_1 instances:  78
  Class: sky130_fd_sc_hd__and2b_2 instances:   2
  Class: sky130_fd_sc_hd__a21boi_1 instances:   5
  Class: sky130_fd_sc_hd__a21bo_1 instances:  25
  Class: sky130_fd_sc_hd__a221oi_1 instances:   2
  Class: sky130_fd_sc_hd__a221oi_2 instances:   1
  Class: sky130_fd_sc_hd__clkinv_2 instances:  20
  Class: sky130_fd_sc_hd__and3_1 instances: 116
  Class: sky130_fd_sc_hd__and3_2 instances:   6
  Class: sky130_fd_sc_hd__clkdlybuf4s50_1 instances:   1
  Class: sky130_fd_sc_hd__a2111o_1 instances:   2
  Class: sky130_fd_sc_hd__decap_3 instances: 429
  Class: sky130_fd_sc_hd__decap_4 instances: 3170
  Class: sky130_fd_sc_hd__decap_6 instances: 855
  Class: sky130_fd_sc_hd__decap_8 instances: 985
  Class: sky130_fd_sc_hd__or2_1 instances: 155
  Class: sky130_fd_sc_hd__or2_2 instances:  19
  Class: sky130_fd_sc_hd__nand2_1 instances: 355
  Class: sky130_fd_sc_hd__nand2_2 instances:  25
  Class: sky130_fd_sc_hd__nand2_4 instances:   3
  Class: sky130_fd_sc_hd__o311ai_4 instances:   2
  Class: sky130_fd_sc_hd__nand3b_2 instances:   1
  Class: sky130_fd_sc_hd__mux2_1 instances: 138
  Class: sky130_fd_sc_hd__mux2_2 instances:   1
  Class: sky130_fd_sc_hd__mux2_4 instances:   1
  Class: sky130_fd_sc_hd__a211oi_1 instances:  12
  Class: sky130_fd_sc_hd__and2_1 instances: 121
  Class: sky130_fd_sc_hd__a211oi_2 instances:  17
  Class: sky130_fd_sc_hd__and2_2 instances:  10
  Class: sky130_fd_sc_hd__a211oi_4 instances:  11
  Class: sky130_fd_sc_hd__nor4_1 instances:   2
  Class: sky130_fd_sc_hd__nor4_2 instances:   2
  Class: sky130_fd_sc_hd__nor4_4 instances:   1
  Class: sky130_fd_sc_hd__o32a_1 instances:   5
  Class: sky130_fd_sc_hd__o22a_1 instances:  14
  Class: sky130_fd_sc_hd__xnor2_1 instances: 290
  Class: sky130_fd_sc_hd__xnor2_2 instances:  61
  Class: sky130_fd_sc_hd__xnor2_4 instances:  15
  Class: sky130_fd_sc_hd__nor3b_1 instances:  14
  Class: sky130_fd_sc_hd__nor3b_2 instances:   2
  Class: sky130_fd_sc_hd__o221a_1 instances:  38
  Class: sky130_fd_sc_hd__o221a_2 instances:   4
  Class: sky130_fd_sc_hd__o221a_4 instances:   9
  Class: sky130_fd_sc_hd__o21bai_1 instances:   8
  Class: sky130_fd_sc_hd__o21bai_2 instances:   8
  Class: sky130_fd_sc_hd__o211a_1 instances:  39
  Class: sky130_fd_sc_hd__o211a_2 instances:   4
  Class: sky130_fd_sc_hd__nand2b_1 instances:   1
  Class: sky130_fd_sc_hd__nand2b_2 instances:   1
  Class: sky130_fd_sc_hd__diode_2 instances:  45
  Class: sky130_fd_sc_hd__a311oi_2 instances:   1
  Class: sky130_fd_sc_hd__a311oi_4 instances:   3
  Class: sky130_fd_sc_hd__a221o_1 instances: 119
  Class: sky130_fd_sc_hd__a211o_1 instances:  54
  Class: sky130_fd_sc_hd__a211o_2 instances:   3
  Class: sky130_fd_sc_hd__or3b_1 instances:  13
  Class: sky130_fd_sc_hd__dlymetal6s2s_1 instances: 176
  Class: sky130_fd_sc_hd__or4bb_1 instances:   5
  Class: sky130_fd_sc_hd__or4bb_2 instances:   2
  Class: sky130_fd_sc_hd__nor3_1 instances:  30
  Class: sky130_fd_sc_hd__nor3_2 instances:   6
  Class: sky130_fd_sc_hd__nor3_4 instances:   1
  Class: sky130_fd_sc_hd__a32o_1 instances:   3
  Class: sky130_fd_sc_hd__o41a_1 instances:   1
  Class: sky130_fd_sc_hd__a22o_1 instances:  44
  Class: sky130_fd_sc_hd__o31a_1 instances:   8
  Class: sky130_fd_sc_hd__o2bb2a_1 instances:  23
  Class: sky130_fd_sc_hd__o21a_1 instances:  81
  Class: sky130_fd_sc_hd__o21a_2 instances:   2
  Class: sky130_fd_sc_hd__o311a_1 instances:   2
  Class: sky130_fd_sc_hd__o22ai_1 instances:   2
  Class: sky130_fd_sc_hd__o22ai_4 instances:   1
  Class: sky130_fd_sc_hd__a22oi_1 instances:  85
  Class: sky130_fd_sc_hd__a22oi_2 instances:  31
  Class: sky130_fd_sc_hd__and4b_1 instances:   8
  Class: sky130_fd_sc_hd__a22oi_4 instances:   2
  Class: sky130_fd_sc_hd__o21ai_1 instances:  51
  Class: sky130_fd_sc_hd__o21ai_2 instances:  12
  Class: sky130_fd_sc_hd__tapvpwrvgnd_1 instances: 1188
  Class: sky130_fd_sc_hd__o21ai_4 instances:   2
  Class: sky130_fd_sc_hd__a21oi_1 instances: 237
  Class: sky130_fd_sc_hd__a21oi_2 instances:  37
  Class: sky130_fd_sc_hd__a21oi_4 instances:  12
  Class: sky130_fd_sc_hd__a311o_2 instances:   1
  Class: sky130_fd_sc_hd__fill_1 instances: 1303
  Class: sky130_fd_sc_hd__fill_2 instances: 458
  Class: sky130_fd_sc_hd__o211ai_1 instances:  13
  Class: sky130_fd_sc_hd__o211ai_2 instances:  12
  Class: sky130_fd_sc_hd__decap_12 instances: 481
  Class: sky130_fd_sc_hd__o211ai_4 instances:  12
  Class: sky130_fd_sc_hd__or2b_1 instances:  66
  Class: sky130_fd_sc_hd__and4bb_1 instances:   9
  Class: sky130_fd_sc_hd__or2b_4 instances:   1
  Class: sky130_fd_sc_hd__nor2_1 instances: 295
  Class: sky130_fd_sc_hd__nor2_2 instances:  21
  Class: sky130_fd_sc_hd__nor2_4 instances:   3
Circuit contains 4905 nets, and 1 disconnected pin.
Contents of circuit 2:  Circuit: 'MULTI_32bit'
Circuit MULTI_32bit contains 13752 device instances.
  Class: sky130_fd_sc_hd__clkdlybuf4s25_1 instances:  15
  Class: sky130_fd_sc_hd__a31o_1 instances:  69
  Class: sky130_fd_sc_hd__a31o_2 instances:   2
  Class: sky130_fd_sc_hd__a21o_1 instances: 110
  Class: sky130_fd_sc_hd__a21o_2 instances:  15
  Class: sky130_fd_sc_hd__a21o_4 instances:   1
  Class: sky130_fd_sc_hd__clkbuf_16 instances:   1
  Class: sky130_fd_sc_hd__dfxtp_1 instances:  96
  Class: sky130_fd_sc_hd__dfxtp_2 instances:  48
  Class: sky130_fd_sc_hd__dfxtp_4 instances:  15
  Class: sky130_fd_sc_hd__o31ai_1 instances:   1
  Class: sky130_fd_sc_hd__o31ai_2 instances:   1
  Class: sky130_fd_sc_hd__or4_1 instances:   7
  Class: sky130_fd_sc_hd__or4_2 instances:   1
  Class: sky130_fd_sc_hd__or4_4 instances:   1
  Class: sky130_fd_sc_hd__a31oi_1 instances:  11
  Class: sky130_fd_sc_hd__a31oi_2 instances:   4
  Class: sky130_fd_sc_hd__nand4_1 instances:   1
  Class: sky130_fd_sc_hd__a31oi_4 instances:   4
  Class: sky130_fd_sc_hd__nand4_2 instances:   3
  Class: sky130_fd_sc_hd__buf_2 instances: 196
  Class: sky130_fd_sc_hd__nand4_4 instances:   3
  Class: sky130_fd_sc_hd__buf_4 instances:  18
  Class: sky130_fd_sc_hd__a2bb2o_1 instances:  11
  Class: sky130_fd_sc_hd__a2bb2o_4 instances:   1
  Class: sky130_fd_sc_hd__and3b_1 instances:   4
  Class: sky130_fd_sc_hd__xor2_1 instances:  63
  Class: sky130_fd_sc_hd__xor2_2 instances:  16
  Class: sky130_fd_sc_hd__o221ai_1 instances:   1
  Class: sky130_fd_sc_hd__xor2_4 instances:   4
  Class: sky130_fd_sc_hd__and4_1 instances: 123
  Class: sky130_fd_sc_hd__and4_2 instances:   4
  Class: sky130_fd_sc_hd__inv_2 instances:  70
  Class: sky130_fd_sc_hd__clkbuf_1 instances:  66
  Class: sky130_fd_sc_hd__clkbuf_2 instances: 433
  Class: sky130_fd_sc_hd__clkbuf_4 instances:  42
  Class: sky130_fd_sc_hd__or3_1 instances:  44
  Class: sky130_fd_sc_hd__or3_2 instances:   9
  Class: sky130_fd_sc_hd__or3_4 instances:   2
  Class: sky130_fd_sc_hd__nand3_1 instances:  57
  Class: sky130_fd_sc_hd__nand3_2 instances:  22
  Class: sky130_fd_sc_hd__nand3_4 instances:   2
  Class: sky130_fd_sc_hd__o21ba_1 instances:  97
  Class: sky130_fd_sc_hd__o21ba_2 instances:   7
  Class: sky130_fd_sc_hd__and2b_1 instances:  78
  Class: sky130_fd_sc_hd__and2b_2 instances:   2
  Class: sky130_fd_sc_hd__a21boi_1 instances:   5
  Class: sky130_fd_sc_hd__a21bo_1 instances:  25
  Class: sky130_fd_sc_hd__a221oi_1 instances:   2
  Class: sky130_fd_sc_hd__a221oi_2 instances:   1
  Class: sky130_fd_sc_hd__clkinv_2 instances:  20
  Class: sky130_fd_sc_hd__and3_1 instances: 116
  Class: sky130_fd_sc_hd__and3_2 instances:   6
  Class: sky130_fd_sc_hd__clkdlybuf4s50_1 instances:   1
  Class: sky130_fd_sc_hd__a2111o_1 instances:   2
  Class: sky130_fd_sc_hd__decap_3 instances: 429
  Class: sky130_fd_sc_hd__decap_4 instances: 3170
  Class: sky130_fd_sc_hd__decap_6 instances: 855
  Class: sky130_fd_sc_hd__decap_8 instances: 985
  Class: sky130_fd_sc_hd__or2_1 instances: 155
  Class: sky130_fd_sc_hd__or2_2 instances:  19
  Class: sky130_fd_sc_hd__nand2_1 instances: 355
  Class: sky130_fd_sc_hd__nand2_2 instances:  25
  Class: sky130_fd_sc_hd__nand2_4 instances:   3
  Class: sky130_fd_sc_hd__o311ai_4 instances:   2
  Class: sky130_fd_sc_hd__nand3b_2 instances:   1
  Class: sky130_fd_sc_hd__mux2_1 instances: 138
  Class: sky130_fd_sc_hd__mux2_2 instances:   1
  Class: sky130_fd_sc_hd__mux2_4 instances:   1
  Class: sky130_fd_sc_hd__a211oi_1 instances:  12
  Class: sky130_fd_sc_hd__and2_1 instances: 121
  Class: sky130_fd_sc_hd__a211oi_2 instances:  17
  Class: sky130_fd_sc_hd__and2_2 instances:  10
  Class: sky130_fd_sc_hd__a211oi_4 instances:  11
  Class: sky130_fd_sc_hd__nor4_1 instances:   2
  Class: sky130_fd_sc_hd__nor4_2 instances:   2
  Class: sky130_fd_sc_hd__nor4_4 instances:   1
  Class: sky130_fd_sc_hd__o32a_1 instances:   5
  Class: sky130_fd_sc_hd__o22a_1 instances:  14
  Class: sky130_fd_sc_hd__xnor2_1 instances: 290
  Class: sky130_fd_sc_hd__xnor2_2 instances:  61
  Class: sky130_fd_sc_hd__xnor2_4 instances:  15
  Class: sky130_fd_sc_hd__nor3b_1 instances:  14
  Class: sky130_fd_sc_hd__nor3b_2 instances:   2
  Class: sky130_fd_sc_hd__o221a_1 instances:  38
  Class: sky130_fd_sc_hd__o221a_2 instances:   4
  Class: sky130_fd_sc_hd__o221a_4 instances:   9
  Class: sky130_fd_sc_hd__o21bai_1 instances:   8
  Class: sky130_fd_sc_hd__o21bai_2 instances:   8
  Class: sky130_fd_sc_hd__o211a_1 instances:  39
  Class: sky130_fd_sc_hd__o211a_2 instances:   4
  Class: sky130_fd_sc_hd__nand2b_1 instances:   1
  Class: sky130_fd_sc_hd__nand2b_2 instances:   1
  Class: sky130_fd_sc_hd__diode_2 instances:  45
  Class: sky130_fd_sc_hd__a311oi_2 instances:   1
  Class: sky130_fd_sc_hd__a311oi_4 instances:   3
  Class: sky130_fd_sc_hd__a221o_1 instances: 119
  Class: sky130_fd_sc_hd__a211o_1 instances:  54
  Class: sky130_fd_sc_hd__a211o_2 instances:   3
  Class: sky130_fd_sc_hd__or3b_1 instances:  13
  Class: sky130_fd_sc_hd__dlymetal6s2s_1 instances: 176
  Class: sky130_fd_sc_hd__or4bb_1 instances:   5
  Class: sky130_fd_sc_hd__or4bb_2 instances:   2
  Class: sky130_fd_sc_hd__nor3_1 instances:  30
  Class: sky130_fd_sc_hd__nor3_2 instances:   6
  Class: sky130_fd_sc_hd__nor3_4 instances:   1
  Class: sky130_fd_sc_hd__a32o_1 instances:   3
  Class: sky130_fd_sc_hd__o41a_1 instances:   1
  Class: sky130_fd_sc_hd__a22o_1 instances:  44
  Class: sky130_fd_sc_hd__o31a_1 instances:   8
  Class: sky130_fd_sc_hd__o2bb2a_1 instances:  23
  Class: sky130_fd_sc_hd__o21a_1 instances:  81
  Class: sky130_fd_sc_hd__o21a_2 instances:   2
  Class: sky130_fd_sc_hd__o311a_1 instances:   2
  Class: sky130_fd_sc_hd__o22ai_1 instances:   2
  Class: sky130_fd_sc_hd__o22ai_4 instances:   1
  Class: sky130_fd_sc_hd__a22oi_1 instances:  85
  Class: sky130_fd_sc_hd__a22oi_2 instances:  31
  Class: sky130_fd_sc_hd__and4b_1 instances:   8
  Class: sky130_fd_sc_hd__a22oi_4 instances:   2
  Class: sky130_fd_sc_hd__o21ai_1 instances:  51
  Class: sky130_fd_sc_hd__o21ai_2 instances:  12
  Class: sky130_fd_sc_hd__tapvpwrvgnd_1 instances: 1188
  Class: sky130_fd_sc_hd__o21ai_4 instances:   2
  Class: sky130_fd_sc_hd__a21oi_1 instances: 237
  Class: sky130_fd_sc_hd__a21oi_2 instances:  37
  Class: sky130_fd_sc_hd__a21oi_4 instances:  12
  Class: sky130_fd_sc_hd__a311o_2 instances:   1
  Class: sky130_fd_sc_hd__fill_1 instances: 1303
  Class: sky130_fd_sc_hd__fill_2 instances: 458
  Class: sky130_fd_sc_hd__o211ai_1 instances:  13
  Class: sky130_fd_sc_hd__o211ai_2 instances:  12
  Class: sky130_fd_sc_hd__decap_12 instances: 481
  Class: sky130_fd_sc_hd__o211ai_4 instances:  12
  Class: sky130_fd_sc_hd__or2b_1 instances:  66
  Class: sky130_fd_sc_hd__and4bb_1 instances:   9
  Class: sky130_fd_sc_hd__or2b_4 instances:   1
  Class: sky130_fd_sc_hd__nor2_1 instances: 295
  Class: sky130_fd_sc_hd__nor2_2 instances:  21
  Class: sky130_fd_sc_hd__nor2_4 instances:   3
Circuit contains 4905 nets, and 1 disconnected pin.

Circuit was modified by parallel/series device merging.
New circuit summary:

Contents of circuit 1:  Circuit: 'MULTI_32bit'
Circuit MULTI_32bit contains 4877 device instances.
  Class: sky130_fd_sc_hd__clkdlybuf4s25_1 instances:  15
  Class: sky130_fd_sc_hd__a31o_1 instances:  69
  Class: sky130_fd_sc_hd__a31o_2 instances:   2
  Class: sky130_fd_sc_hd__a21o_1 instances: 110
  Class: sky130_fd_sc_hd__a21o_2 instances:  15
  Class: sky130_fd_sc_hd__a21o_4 instances:   1
  Class: sky130_fd_sc_hd__clkbuf_16 instances:   1
  Class: sky130_fd_sc_hd__dfxtp_1 instances:  96
  Class: sky130_fd_sc_hd__dfxtp_2 instances:  48
  Class: sky130_fd_sc_hd__o31ai_1 instances:   1
  Class: sky130_fd_sc_hd__dfxtp_4 instances:  15
  Class: sky130_fd_sc_hd__o31ai_2 instances:   1
  Class: sky130_fd_sc_hd__or4_1 instances:   7
  Class: sky130_fd_sc_hd__or4_2 instances:   1
  Class: sky130_fd_sc_hd__or4_4 instances:   1
  Class: sky130_fd_sc_hd__a31oi_1 instances:  11
  Class: sky130_fd_sc_hd__a31oi_2 instances:   4
  Class: sky130_fd_sc_hd__nand4_1 instances:   1
  Class: sky130_fd_sc_hd__nand4_2 instances:   3
  Class: sky130_fd_sc_hd__a31oi_4 instances:   4
  Class: sky130_fd_sc_hd__buf_2 instances: 196
  Class: sky130_fd_sc_hd__nand4_4 instances:   3
  Class: sky130_fd_sc_hd__buf_4 instances:  18
  Class: sky130_fd_sc_hd__a2bb2o_1 instances:  11
  Class: sky130_fd_sc_hd__a2bb2o_4 instances:   1
  Class: sky130_fd_sc_hd__and3b_1 instances:   4
  Class: sky130_fd_sc_hd__xor2_1 instances:  63
  Class: sky130_fd_sc_hd__xor2_2 instances:  16
  Class: sky130_fd_sc_hd__o221ai_1 instances:   1
  Class: sky130_fd_sc_hd__xor2_4 instances:   4
  Class: sky130_fd_sc_hd__and4_1 instances: 123
  Class: sky130_fd_sc_hd__and4_2 instances:   4
  Class: sky130_fd_sc_hd__inv_2 instances:  70
  Class: sky130_fd_sc_hd__clkbuf_1 instances:  66
  Class: sky130_fd_sc_hd__clkbuf_2 instances: 433
  Class: sky130_fd_sc_hd__clkbuf_4 instances:  42
  Class: sky130_fd_sc_hd__or3_1 instances:  44
  Class: sky130_fd_sc_hd__or3_2 instances:   9
  Class: sky130_fd_sc_hd__or3_4 instances:   2
  Class: sky130_fd_sc_hd__nand3_1 instances:  57
  Class: sky130_fd_sc_hd__nand3_2 instances:  22
  Class: sky130_fd_sc_hd__nand3_4 instances:   2
  Class: sky130_fd_sc_hd__o21ba_1 instances:  97
  Class: sky130_fd_sc_hd__o21ba_2 instances:   7
  Class: sky130_fd_sc_hd__and2b_1 instances:  78
  Class: sky130_fd_sc_hd__and2b_2 instances:   2
  Class: sky130_fd_sc_hd__a21boi_1 instances:   5
  Class: sky130_fd_sc_hd__a21bo_1 instances:  25
  Class: sky130_fd_sc_hd__a221oi_1 instances:   2
  Class: sky130_fd_sc_hd__a221oi_2 instances:   1
  Class: sky130_fd_sc_hd__clkinv_2 instances:  20
  Class: sky130_fd_sc_hd__and3_1 instances: 116
  Class: sky130_fd_sc_hd__and3_2 instances:   6
  Class: sky130_fd_sc_hd__clkdlybuf4s50_1 instances:   1
  Class: sky130_fd_sc_hd__a2111o_1 instances:   2
  Class: sky130_fd_sc_hd__decap_3 instances:   1
  Class: sky130_fd_sc_hd__decap_4 instances:   1
  Class: sky130_fd_sc_hd__decap_6 instances:   1
  Class: sky130_fd_sc_hd__decap_8 instances:   1
  Class: sky130_fd_sc_hd__or2_1 instances: 155
  Class: sky130_fd_sc_hd__or2_2 instances:  19
  Class: sky130_fd_sc_hd__nand2_1 instances: 355
  Class: sky130_fd_sc_hd__nand2_2 instances:  25
  Class: sky130_fd_sc_hd__nand2_4 instances:   3
  Class: sky130_fd_sc_hd__o311ai_4 instances:   2
  Class: sky130_fd_sc_hd__nand3b_2 instances:   1
  Class: sky130_fd_sc_hd__mux2_1 instances: 138
  Class: sky130_fd_sc_hd__mux2_2 instances:   1
  Class: sky130_fd_sc_hd__mux2_4 instances:   1
  Class: sky130_fd_sc_hd__a211oi_1 instances:  12
  Class: sky130_fd_sc_hd__and2_1 instances: 121
  Class: sky130_fd_sc_hd__a211oi_2 instances:  17
  Class: sky130_fd_sc_hd__and2_2 instances:  10
  Class: sky130_fd_sc_hd__a211oi_4 instances:  11
  Class: sky130_fd_sc_hd__nor4_1 instances:   2
  Class: sky130_fd_sc_hd__nor4_2 instances:   2
  Class: sky130_fd_sc_hd__nor4_4 instances:   1
  Class: sky130_fd_sc_hd__o32a_1 instances:   5
  Class: sky130_fd_sc_hd__o22a_1 instances:  14
  Class: sky130_fd_sc_hd__xnor2_1 instances: 290
  Class: sky130_fd_sc_hd__xnor2_2 instances:  61
  Class: sky130_fd_sc_hd__xnor2_4 instances:  15
  Class: sky130_fd_sc_hd__nor3b_1 instances:  14
  Class: sky130_fd_sc_hd__nor3b_2 instances:   2
  Class: sky130_fd_sc_hd__o221a_1 instances:  38
  Class: sky130_fd_sc_hd__o221a_2 instances:   4
  Class: sky130_fd_sc_hd__o221a_4 instances:   9
  Class: sky130_fd_sc_hd__o21bai_1 instances:   8
  Class: sky130_fd_sc_hd__o21bai_2 instances:   8
  Class: sky130_fd_sc_hd__o211a_1 instances:  39
  Class: sky130_fd_sc_hd__o211a_2 instances:   4
  Class: sky130_fd_sc_hd__nand2b_1 instances:   1
  Class: sky130_fd_sc_hd__nand2b_2 instances:   1
  Class: sky130_fd_sc_hd__diode_2 instances:  31
  Class: sky130_fd_sc_hd__a311oi_2 instances:   1
  Class: sky130_fd_sc_hd__a311oi_4 instances:   3
  Class: sky130_fd_sc_hd__a221o_1 instances: 119
  Class: sky130_fd_sc_hd__a211o_1 instances:  54
  Class: sky130_fd_sc_hd__a211o_2 instances:   3
  Class: sky130_fd_sc_hd__or3b_1 instances:  13
  Class: sky130_fd_sc_hd__dlymetal6s2s_1 instances: 176
  Class: sky130_fd_sc_hd__or4bb_1 instances:   5
  Class: sky130_fd_sc_hd__or4bb_2 instances:   2
  Class: sky130_fd_sc_hd__nor3_1 instances:  30
  Class: sky130_fd_sc_hd__nor3_2 instances:   6
  Class: sky130_fd_sc_hd__nor3_4 instances:   1
  Class: sky130_fd_sc_hd__a32o_1 instances:   3
  Class: sky130_fd_sc_hd__o41a_1 instances:   1
  Class: sky130_fd_sc_hd__a22o_1 instances:  44
  Class: sky130_fd_sc_hd__o31a_1 instances:   8
  Class: sky130_fd_sc_hd__o2bb2a_1 instances:  23
  Class: sky130_fd_sc_hd__o21a_1 instances:  81
  Class: sky130_fd_sc_hd__o21a_2 instances:   2
  Class: sky130_fd_sc_hd__o311a_1 instances:   2
  Class: sky130_fd_sc_hd__o22ai_1 instances:   2
  Class: sky130_fd_sc_hd__o22ai_4 instances:   1
  Class: sky130_fd_sc_hd__a22oi_1 instances:  85
  Class: sky130_fd_sc_hd__a22oi_2 instances:  31
  Class: sky130_fd_sc_hd__and4b_1 instances:   8
  Class: sky130_fd_sc_hd__a22oi_4 instances:   2
  Class: sky130_fd_sc_hd__o21ai_1 instances:  51
  Class: sky130_fd_sc_hd__o21ai_2 instances:  12
  Class: sky130_fd_sc_hd__tapvpwrvgnd_1 instances:   1
  Class: sky130_fd_sc_hd__o21ai_4 instances:   2
  Class: sky130_fd_sc_hd__a21oi_1 instances: 237
  Class: sky130_fd_sc_hd__a21oi_2 instances:  37
  Class: sky130_fd_sc_hd__a21oi_4 instances:  12
  Class: sky130_fd_sc_hd__a311o_2 instances:   1
  Class: sky130_fd_sc_hd__fill_1 instances:   1
  Class: sky130_fd_sc_hd__fill_2 instances:   1
  Class: sky130_fd_sc_hd__o211ai_1 instances:  13
  Class: sky130_fd_sc_hd__o211ai_2 instances:  12
  Class: sky130_fd_sc_hd__decap_12 instances:   1
  Class: sky130_fd_sc_hd__o211ai_4 instances:  12
  Class: sky130_fd_sc_hd__or2b_1 instances:  66
  Class: sky130_fd_sc_hd__and4bb_1 instances:   9
  Class: sky130_fd_sc_hd__or2b_4 instances:   1
  Class: sky130_fd_sc_hd__nor2_1 instances: 295
  Class: sky130_fd_sc_hd__nor2_2 instances:  21
  Class: sky130_fd_sc_hd__nor2_4 instances:   3
Circuit contains 4905 nets, and 1 disconnected pin.
Contents of circuit 2:  Circuit: 'MULTI_32bit'
Circuit MULTI_32bit contains 4877 device instances.
  Class: sky130_fd_sc_hd__clkdlybuf4s25_1 instances:  15
  Class: sky130_fd_sc_hd__a31o_1 instances:  69
  Class: sky130_fd_sc_hd__a31o_2 instances:   2
  Class: sky130_fd_sc_hd__a21o_1 instances: 110
  Class: sky130_fd_sc_hd__a21o_2 instances:  15
  Class: sky130_fd_sc_hd__a21o_4 instances:   1
  Class: sky130_fd_sc_hd__clkbuf_16 instances:   1
  Class: sky130_fd_sc_hd__dfxtp_1 instances:  96
  Class: sky130_fd_sc_hd__dfxtp_2 instances:  48
  Class: sky130_fd_sc_hd__dfxtp_4 instances:  15
  Class: sky130_fd_sc_hd__o31ai_1 instances:   1
  Class: sky130_fd_sc_hd__o31ai_2 instances:   1
  Class: sky130_fd_sc_hd__or4_1 instances:   7
  Class: sky130_fd_sc_hd__or4_2 instances:   1
  Class: sky130_fd_sc_hd__or4_4 instances:   1
  Class: sky130_fd_sc_hd__a31oi_1 instances:  11
  Class: sky130_fd_sc_hd__a31oi_2 instances:   4
  Class: sky130_fd_sc_hd__nand4_1 instances:   1
  Class: sky130_fd_sc_hd__a31oi_4 instances:   4
  Class: sky130_fd_sc_hd__nand4_2 instances:   3
  Class: sky130_fd_sc_hd__buf_2 instances: 196
  Class: sky130_fd_sc_hd__nand4_4 instances:   3
  Class: sky130_fd_sc_hd__buf_4 instances:  18
  Class: sky130_fd_sc_hd__a2bb2o_1 instances:  11
  Class: sky130_fd_sc_hd__a2bb2o_4 instances:   1
  Class: sky130_fd_sc_hd__and3b_1 instances:   4
  Class: sky130_fd_sc_hd__xor2_1 instances:  63
  Class: sky130_fd_sc_hd__xor2_2 instances:  16
  Class: sky130_fd_sc_hd__o221ai_1 instances:   1
  Class: sky130_fd_sc_hd__xor2_4 instances:   4
  Class: sky130_fd_sc_hd__and4_1 instances: 123
  Class: sky130_fd_sc_hd__and4_2 instances:   4
  Class: sky130_fd_sc_hd__inv_2 instances:  70
  Class: sky130_fd_sc_hd__clkbuf_1 instances:  66
  Class: sky130_fd_sc_hd__clkbuf_2 instances: 433
  Class: sky130_fd_sc_hd__clkbuf_4 instances:  42
  Class: sky130_fd_sc_hd__or3_1 instances:  44
  Class: sky130_fd_sc_hd__or3_2 instances:   9
  Class: sky130_fd_sc_hd__or3_4 instances:   2
  Class: sky130_fd_sc_hd__nand3_1 instances:  57
  Class: sky130_fd_sc_hd__nand3_2 instances:  22
  Class: sky130_fd_sc_hd__nand3_4 instances:   2
  Class: sky130_fd_sc_hd__o21ba_1 instances:  97
  Class: sky130_fd_sc_hd__o21ba_2 instances:   7
  Class: sky130_fd_sc_hd__and2b_1 instances:  78
  Class: sky130_fd_sc_hd__and2b_2 instances:   2
  Class: sky130_fd_sc_hd__a21boi_1 instances:   5
  Class: sky130_fd_sc_hd__a21bo_1 instances:  25
  Class: sky130_fd_sc_hd__a221oi_1 instances:   2
  Class: sky130_fd_sc_hd__a221oi_2 instances:   1
  Class: sky130_fd_sc_hd__clkinv_2 instances:  20
  Class: sky130_fd_sc_hd__and3_1 instances: 116
  Class: sky130_fd_sc_hd__and3_2 instances:   6
  Class: sky130_fd_sc_hd__clkdlybuf4s50_1 instances:   1
  Class: sky130_fd_sc_hd__a2111o_1 instances:   2
  Class: sky130_fd_sc_hd__decap_3 instances:   1
  Class: sky130_fd_sc_hd__decap_4 instances:   1
  Class: sky130_fd_sc_hd__decap_6 instances:   1
  Class: sky130_fd_sc_hd__decap_8 instances:   1
  Class: sky130_fd_sc_hd__or2_1 instances: 155
  Class: sky130_fd_sc_hd__or2_2 instances:  19
  Class: sky130_fd_sc_hd__nand2_1 instances: 355
  Class: sky130_fd_sc_hd__nand2_2 instances:  25
  Class: sky130_fd_sc_hd__nand2_4 instances:   3
  Class: sky130_fd_sc_hd__o311ai_4 instances:   2
  Class: sky130_fd_sc_hd__nand3b_2 instances:   1
  Class: sky130_fd_sc_hd__mux2_1 instances: 138
  Class: sky130_fd_sc_hd__mux2_2 instances:   1
  Class: sky130_fd_sc_hd__mux2_4 instances:   1
  Class: sky130_fd_sc_hd__a211oi_1 instances:  12
  Class: sky130_fd_sc_hd__and2_1 instances: 121
  Class: sky130_fd_sc_hd__a211oi_2 instances:  17
  Class: sky130_fd_sc_hd__and2_2 instances:  10
  Class: sky130_fd_sc_hd__a211oi_4 instances:  11
  Class: sky130_fd_sc_hd__nor4_1 instances:   2
  Class: sky130_fd_sc_hd__nor4_2 instances:   2
  Class: sky130_fd_sc_hd__nor4_4 instances:   1
  Class: sky130_fd_sc_hd__o32a_1 instances:   5
  Class: sky130_fd_sc_hd__o22a_1 instances:  14
  Class: sky130_fd_sc_hd__xnor2_1 instances: 290
  Class: sky130_fd_sc_hd__xnor2_2 instances:  61
  Class: sky130_fd_sc_hd__xnor2_4 instances:  15
  Class: sky130_fd_sc_hd__nor3b_1 instances:  14
  Class: sky130_fd_sc_hd__nor3b_2 instances:   2
  Class: sky130_fd_sc_hd__o221a_1 instances:  38
  Class: sky130_fd_sc_hd__o221a_2 instances:   4
  Class: sky130_fd_sc_hd__o221a_4 instances:   9
  Class: sky130_fd_sc_hd__o21bai_1 instances:   8
  Class: sky130_fd_sc_hd__o21bai_2 instances:   8
  Class: sky130_fd_sc_hd__o211a_1 instances:  39
  Class: sky130_fd_sc_hd__o211a_2 instances:   4
  Class: sky130_fd_sc_hd__nand2b_1 instances:   1
  Class: sky130_fd_sc_hd__nand2b_2 instances:   1
  Class: sky130_fd_sc_hd__diode_2 instances:  31
  Class: sky130_fd_sc_hd__a311oi_2 instances:   1
  Class: sky130_fd_sc_hd__a311oi_4 instances:   3
  Class: sky130_fd_sc_hd__a221o_1 instances: 119
  Class: sky130_fd_sc_hd__a211o_1 instances:  54
  Class: sky130_fd_sc_hd__a211o_2 instances:   3
  Class: sky130_fd_sc_hd__or3b_1 instances:  13
  Class: sky130_fd_sc_hd__dlymetal6s2s_1 instances: 176
  Class: sky130_fd_sc_hd__or4bb_1 instances:   5
  Class: sky130_fd_sc_hd__or4bb_2 instances:   2
  Class: sky130_fd_sc_hd__nor3_1 instances:  30
  Class: sky130_fd_sc_hd__nor3_2 instances:   6
  Class: sky130_fd_sc_hd__nor3_4 instances:   1
  Class: sky130_fd_sc_hd__a32o_1 instances:   3
  Class: sky130_fd_sc_hd__o41a_1 instances:   1
  Class: sky130_fd_sc_hd__a22o_1 instances:  44
  Class: sky130_fd_sc_hd__o31a_1 instances:   8
  Class: sky130_fd_sc_hd__o2bb2a_1 instances:  23
  Class: sky130_fd_sc_hd__o21a_1 instances:  81
  Class: sky130_fd_sc_hd__o21a_2 instances:   2
  Class: sky130_fd_sc_hd__o311a_1 instances:   2
  Class: sky130_fd_sc_hd__o22ai_1 instances:   2
  Class: sky130_fd_sc_hd__o22ai_4 instances:   1
  Class: sky130_fd_sc_hd__a22oi_1 instances:  85
  Class: sky130_fd_sc_hd__a22oi_2 instances:  31
  Class: sky130_fd_sc_hd__and4b_1 instances:   8
  Class: sky130_fd_sc_hd__a22oi_4 instances:   2
  Class: sky130_fd_sc_hd__o21ai_1 instances:  51
  Class: sky130_fd_sc_hd__o21ai_2 instances:  12
  Class: sky130_fd_sc_hd__tapvpwrvgnd_1 instances:   1
  Class: sky130_fd_sc_hd__o21ai_4 instances:   2
  Class: sky130_fd_sc_hd__a21oi_1 instances: 237
  Class: sky130_fd_sc_hd__a21oi_2 instances:  37
  Class: sky130_fd_sc_hd__a21oi_4 instances:  12
  Class: sky130_fd_sc_hd__a311o_2 instances:   1
  Class: sky130_fd_sc_hd__fill_1 instances:   1
  Class: sky130_fd_sc_hd__fill_2 instances:   1
  Class: sky130_fd_sc_hd__o211ai_1 instances:  13
  Class: sky130_fd_sc_hd__o211ai_2 instances:  12
  Class: sky130_fd_sc_hd__decap_12 instances:   1
  Class: sky130_fd_sc_hd__o211ai_4 instances:  12
  Class: sky130_fd_sc_hd__or2b_1 instances:  66
  Class: sky130_fd_sc_hd__and4bb_1 instances:   9
  Class: sky130_fd_sc_hd__or2b_4 instances:   1
  Class: sky130_fd_sc_hd__nor2_1 instances: 295
  Class: sky130_fd_sc_hd__nor2_2 instances:  21
  Class: sky130_fd_sc_hd__nor2_4 instances:   3
Circuit contains 4905 nets, and 1 disconnected pin.

Circuit 1 contains 4877 devices, Circuit 2 contains 4877 devices.
Circuit 1 contains 4905 nets,    Circuit 2 contains 4905 nets.

Netlists match uniquely.
Result: Circuits match uniquely.
Logging to file "/openlane/designs/MULTI_32bit/runs/RUN_2022.04.05_08.50.19/logs/finishing/32-MULTI_32bit.lef.log" disabled
LVS Done.
