OpenROAD 944855835623e651e7b9c7c50efcce1fb04b4fee 
This program is licensed under the BSD-3 license. See the LICENSE file for details.
Components of this program may be licensed under more restrictive licenses which must be honored.
[INFO ODB-0222] Reading LEF file: /openlane/designs/MULTI_32bit/runs/RUN_2022.04.04_17.20.38/tmp/merged_unpadded.lef
[INFO ODB-0223]     Created 13 technology layers
[INFO ODB-0224]     Created 25 technology vias
[INFO ODB-0225]     Created 441 library cells
[INFO ODB-0226] Finished LEF file:  /openlane/designs/MULTI_32bit/runs/RUN_2022.04.04_17.20.38/tmp/merged_unpadded.lef
[INFO ODB-0127] Reading DEF file: /openlane/designs/MULTI_32bit/runs/RUN_2022.04.04_17.20.38/tmp/floorplan/4-io.def
[INFO ODB-0128] Design: MULTI_32bit
[INFO ODB-0130]     Created 98 pins.
[INFO ODB-0131]     Created 4677 components and 34949 component-terminals.
[INFO ODB-0133]     Created 4743 nets and 16241 connections.
[INFO ODB-0134] Finished DEF file: /openlane/designs/MULTI_32bit/runs/RUN_2022.04.04_17.20.38/tmp/floorplan/4-io.def
[WARNING TAP-0014] endcap_cpp option is deprecated.
[INFO TAP-0001] Found 0 macro blocks.
[INFO TAP-0002] Original rows: 106
[INFO TAP-0003] Created 0 rows for a total of 106 rows.
[INFO TAP-0004] Inserted 212 endcaps.
[INFO TAP-0005] Inserted 1080 tapcells.
