OpenROAD 944855835623e651e7b9c7c50efcce1fb04b4fee 
This program is licensed under the BSD-3 license. See the LICENSE file for details.
Components of this program may be licensed under more restrictive licenses which must be honored.
[INFO ODB-0222] Reading LEF file: /openlane/designs/MULTI_32bit/runs/RUN_2022.04.05_08.50.19/tmp/merged_unpadded.lef
[INFO ODB-0223]     Created 13 technology layers
[INFO ODB-0224]     Created 25 technology vias
[INFO ODB-0225]     Created 441 library cells
[INFO ODB-0226] Finished LEF file:  /openlane/designs/MULTI_32bit/runs/RUN_2022.04.05_08.50.19/tmp/merged_unpadded.lef
[INFO ODB-0127] Reading DEF file: /openlane/designs/MULTI_32bit/runs/RUN_2022.04.05_08.50.19/tmp/cts/13-resizer_timing.def
[INFO ODB-0128] Design: MULTI_32bit
[INFO ODB-0130]     Created 100 pins.
[INFO ODB-0131]     Created 6238 components and 39139 component-terminals.
[INFO ODB-0132]     Created 2 special nets and 22576 connections.
[INFO ODB-0133]     Created 4904 nets and 16563 connections.
[INFO ODB-0134] Finished DEF file: /openlane/designs/MULTI_32bit/runs/RUN_2022.04.05_08.50.19/tmp/cts/13-resizer_timing.def
Placement Analysis
---------------------------------
total displacement          0.0 u
average displacement        0.0 u
max displacement            0.0 u
original HPWL          166767.9 u
legalized HPWL         170546.0 u
delta HPWL                    2 %

[INFO DPL-0020] Mirrored 2174 instances
[INFO DPL-0021] HPWL before          170546.0 u
[INFO DPL-0022] HPWL after           166767.9 u
[INFO DPL-0023] HPWL delta               -2.2 %
