
96. Printing statistics.

=== MULTI_32bit ===

   Number of wires:               7028
   Number of wire bits:           7121
   Number of public wires:         132
   Number of public wire bits:     225
   Number of memories:               0
   Number of memory bits:            0
   Number of processes:              0
   Number of cells:               7055
     sky130_fd_sc_hd__a2111oi_2      1
     sky130_fd_sc_hd__a211o_2       10
     sky130_fd_sc_hd__a21bo_2        8
     sky130_fd_sc_hd__a21boi_2      25
     sky130_fd_sc_hd__a21boi_4       2
     sky130_fd_sc_hd__a21o_2       111
     sky130_fd_sc_hd__a21oi_2      194
     sky130_fd_sc_hd__a21oi_4       65
     sky130_fd_sc_hd__a221o_2       99
     sky130_fd_sc_hd__a221oi_2       2
     sky130_fd_sc_hd__a22o_2        23
     sky130_fd_sc_hd__a311o_2        5
     sky130_fd_sc_hd__a31o_2        26
     sky130_fd_sc_hd__a31oi_2        3
     sky130_fd_sc_hd__a32o_2         7
     sky130_fd_sc_hd__a41o_2        38
     sky130_fd_sc_hd__and2_2        44
     sky130_fd_sc_hd__and2_4        10
     sky130_fd_sc_hd__and2b_2        7
     sky130_fd_sc_hd__and3_2        11
     sky130_fd_sc_hd__and4_2         4
     sky130_fd_sc_hd__buf_1        380
     sky130_fd_sc_hd__buf_12         1
     sky130_fd_sc_hd__buf_2         71
     sky130_fd_sc_hd__buf_4         47
     sky130_fd_sc_hd__buf_6         94
     sky130_fd_sc_hd__buf_8          3
     sky130_fd_sc_hd__bufinv_8       1
     sky130_fd_sc_hd__dfxtp_2      159
     sky130_fd_sc_hd__inv_2        837
     sky130_fd_sc_hd__nand2_2     2876
     sky130_fd_sc_hd__nand2_4       53
     sky130_fd_sc_hd__nand2b_2      23
     sky130_fd_sc_hd__nand2b_4       1
     sky130_fd_sc_hd__nand3_2      655
     sky130_fd_sc_hd__nand3_4       13
     sky130_fd_sc_hd__nand3b_2     163
     sky130_fd_sc_hd__nand3b_4      15
     sky130_fd_sc_hd__nor2_2       388
     sky130_fd_sc_hd__nor2_4        15
     sky130_fd_sc_hd__nor2b_2        4
     sky130_fd_sc_hd__nor3_2         6
     sky130_fd_sc_hd__o2111a_2       5
     sky130_fd_sc_hd__o2111ai_2      4
     sky130_fd_sc_hd__o211a_2        3
     sky130_fd_sc_hd__o211ai_2       1
     sky130_fd_sc_hd__o21a_2        26
     sky130_fd_sc_hd__o21ai_2      190
     sky130_fd_sc_hd__o21bai_2       7
     sky130_fd_sc_hd__o21bai_4       1
     sky130_fd_sc_hd__o221a_2       80
     sky130_fd_sc_hd__o22a_2        19
     sky130_fd_sc_hd__o22ai_2        2
     sky130_fd_sc_hd__o311a_2        1
     sky130_fd_sc_hd__o31a_2         3
     sky130_fd_sc_hd__o31ai_2        2
     sky130_fd_sc_hd__o32a_2         1
     sky130_fd_sc_hd__or2_2         91
     sky130_fd_sc_hd__or2_4         27
     sky130_fd_sc_hd__or2b_2        11
     sky130_fd_sc_hd__or2b_4         1
     sky130_fd_sc_hd__or3_2         13
     sky130_fd_sc_hd__or3_4          9
     sky130_fd_sc_hd__or3b_2         3
     sky130_fd_sc_hd__or3b_4         1
     sky130_fd_sc_hd__or4_2          1
     sky130_fd_sc_hd__xnor2_2       14
     sky130_fd_sc_hd__xnor2_4        4
     sky130_fd_sc_hd__xor2_2        31
     sky130_fd_sc_hd__xor2_4         4

   Chip area for module '\MULTI_32bit': 52721.814400

