
24. Printing statistics.

=== MULTI_32bit ===

   Number of wires:               6497
   Number of wire bits:           6590
   Number of public wires:         132
   Number of public wire bits:     225
   Number of memories:               0
   Number of memory bits:            0
   Number of processes:              0
   Number of cells:               6524
     sky130_fd_sc_hd__a2111oi_2      2
     sky130_fd_sc_hd__a211o_2       81
     sky130_fd_sc_hd__a211oi_2      22
     sky130_fd_sc_hd__a21bo_2       21
     sky130_fd_sc_hd__a21boi_2      33
     sky130_fd_sc_hd__a21o_2       250
     sky130_fd_sc_hd__a21oi_2      393
     sky130_fd_sc_hd__a221o_2      113
     sky130_fd_sc_hd__a221oi_2      15
     sky130_fd_sc_hd__a22o_2       238
     sky130_fd_sc_hd__a22oi_2      160
     sky130_fd_sc_hd__a2bb2o_2      29
     sky130_fd_sc_hd__a2bb2oi_2     16
     sky130_fd_sc_hd__a311o_2       13
     sky130_fd_sc_hd__a311oi_2       2
     sky130_fd_sc_hd__a31o_2       107
     sky130_fd_sc_hd__a31oi_2       29
     sky130_fd_sc_hd__a32o_2        24
     sky130_fd_sc_hd__a32oi_2       20
     sky130_fd_sc_hd__a41o_2        13
     sky130_fd_sc_hd__a41oi_2        2
     sky130_fd_sc_hd__and2_2        43
     sky130_fd_sc_hd__and2b_2       10
     sky130_fd_sc_hd__and3_2       161
     sky130_fd_sc_hd__and3b_2        4
     sky130_fd_sc_hd__and4_2       139
     sky130_fd_sc_hd__and4b_2       10
     sky130_fd_sc_hd__and4bb_2       2
     sky130_fd_sc_hd__buf_1       1344
     sky130_fd_sc_hd__dfxtp_2      159
     sky130_fd_sc_hd__inv_2        105
     sky130_fd_sc_hd__mux2_2        43
     sky130_fd_sc_hd__nand2_2      465
     sky130_fd_sc_hd__nand3_2      422
     sky130_fd_sc_hd__nand3b_2      44
     sky130_fd_sc_hd__nand4_2      296
     sky130_fd_sc_hd__nand4b_2      20
     sky130_fd_sc_hd__nor2_2       142
     sky130_fd_sc_hd__nor2b_2        1
     sky130_fd_sc_hd__nor3_2        20
     sky130_fd_sc_hd__nor3b_2        4
     sky130_fd_sc_hd__nor4_2         7
     sky130_fd_sc_hd__nor4b_2        1
     sky130_fd_sc_hd__o2111a_2      20
     sky130_fd_sc_hd__o2111ai_2     70
     sky130_fd_sc_hd__o211a_2       88
     sky130_fd_sc_hd__o211ai_2     219
     sky130_fd_sc_hd__o21a_2       105
     sky130_fd_sc_hd__o21ai_2      313
     sky130_fd_sc_hd__o21ba_2       12
     sky130_fd_sc_hd__o21bai_2      47
     sky130_fd_sc_hd__o221a_2       38
     sky130_fd_sc_hd__o221ai_2      32
     sky130_fd_sc_hd__o22a_2        34
     sky130_fd_sc_hd__o22ai_2       78
     sky130_fd_sc_hd__o2bb2a_2      48
     sky130_fd_sc_hd__o2bb2ai_2     95
     sky130_fd_sc_hd__o311a_2       21
     sky130_fd_sc_hd__o31a_2        44
     sky130_fd_sc_hd__o31ai_2       10
     sky130_fd_sc_hd__o32a_2        14
     sky130_fd_sc_hd__o32ai_2        2
     sky130_fd_sc_hd__o41a_2         5
     sky130_fd_sc_hd__o41ai_2        2
     sky130_fd_sc_hd__or2_2         39
     sky130_fd_sc_hd__or2b_2         8
     sky130_fd_sc_hd__or3_2         28
     sky130_fd_sc_hd__or3b_2        10
     sky130_fd_sc_hd__or4_2         15
     sky130_fd_sc_hd__or4b_2         2
     sky130_fd_sc_hd__or4bb_2        3
     sky130_fd_sc_hd__xnor2_2       55
     sky130_fd_sc_hd__xor2_2        42

   Chip area for module '\MULTI_32bit': 58294.659200

