
51. Printing statistics.

=== MULTI_32bit ===

   Number of wires:               6489
   Number of wire bits:           6582
   Number of public wires:         132
   Number of public wire bits:     225
   Number of memories:               0
   Number of memory bits:            0
   Number of processes:              0
   Number of cells:               6516
     sky130_fd_sc_hd__a2111o_2       1
     sky130_fd_sc_hd__a2111oi_2      3
     sky130_fd_sc_hd__a211o_2       68
     sky130_fd_sc_hd__a211oi_2      21
     sky130_fd_sc_hd__a21bo_2       26
     sky130_fd_sc_hd__a21boi_2      30
     sky130_fd_sc_hd__a21o_2       214
     sky130_fd_sc_hd__a21oi_2      468
     sky130_fd_sc_hd__a221o_2      182
     sky130_fd_sc_hd__a221oi_2      17
     sky130_fd_sc_hd__a22o_2       281
     sky130_fd_sc_hd__a22oi_2      181
     sky130_fd_sc_hd__a2bb2o_2      26
     sky130_fd_sc_hd__a2bb2oi_2     19
     sky130_fd_sc_hd__a311o_2       10
     sky130_fd_sc_hd__a311oi_2       1
     sky130_fd_sc_hd__a31o_2        85
     sky130_fd_sc_hd__a31oi_2       32
     sky130_fd_sc_hd__a32o_2        28
     sky130_fd_sc_hd__a32oi_2       19
     sky130_fd_sc_hd__a41o_2        14
     sky130_fd_sc_hd__a41oi_2        2
     sky130_fd_sc_hd__and2_2        41
     sky130_fd_sc_hd__and2b_2        8
     sky130_fd_sc_hd__and3_2       118
     sky130_fd_sc_hd__and3b_2        4
     sky130_fd_sc_hd__and4_2       149
     sky130_fd_sc_hd__and4b_2       14
     sky130_fd_sc_hd__and4bb_2       4
     sky130_fd_sc_hd__buf_1       1431
     sky130_fd_sc_hd__dfxtp_2      159
     sky130_fd_sc_hd__inv_2         96
     sky130_fd_sc_hd__mux2_2        10
     sky130_fd_sc_hd__nand2_2      447
     sky130_fd_sc_hd__nand3_2      337
     sky130_fd_sc_hd__nand3b_2      65
     sky130_fd_sc_hd__nand4_2      310
     sky130_fd_sc_hd__nand4b_2      17
     sky130_fd_sc_hd__nor2_2       117
     sky130_fd_sc_hd__nor2b_2        1
     sky130_fd_sc_hd__nor3_2        23
     sky130_fd_sc_hd__nor3b_2        2
     sky130_fd_sc_hd__nor4_2         2
     sky130_fd_sc_hd__o2111a_2      14
     sky130_fd_sc_hd__o2111ai_2     65
     sky130_fd_sc_hd__o211a_2       76
     sky130_fd_sc_hd__o211ai_2     194
     sky130_fd_sc_hd__o21a_2        95
     sky130_fd_sc_hd__o21ai_2      230
     sky130_fd_sc_hd__o21ba_2       16
     sky130_fd_sc_hd__o21bai_2      42
     sky130_fd_sc_hd__o221a_2       30
     sky130_fd_sc_hd__o221ai_2      33
     sky130_fd_sc_hd__o22a_2        55
     sky130_fd_sc_hd__o22ai_2       68
     sky130_fd_sc_hd__o2bb2a_2      48
     sky130_fd_sc_hd__o2bb2ai_2    139
     sky130_fd_sc_hd__o311a_2       18
     sky130_fd_sc_hd__o311ai_2       1
     sky130_fd_sc_hd__o31a_2        59
     sky130_fd_sc_hd__o31ai_2        7
     sky130_fd_sc_hd__o32a_2        21
     sky130_fd_sc_hd__o32ai_2        1
     sky130_fd_sc_hd__o41a_2         2
     sky130_fd_sc_hd__or2_2         42
     sky130_fd_sc_hd__or2b_2         7
     sky130_fd_sc_hd__or3_2         30
     sky130_fd_sc_hd__or3b_2         9
     sky130_fd_sc_hd__or4_2         18
     sky130_fd_sc_hd__or4b_2         4
     sky130_fd_sc_hd__or4bb_2        5
     sky130_fd_sc_hd__xnor2_2       54
     sky130_fd_sc_hd__xor2_2        50

   Chip area for module '\MULTI_32bit': 58340.953600

